[2022-07-02 00:24:25,347] {processor.py:153} INFO - Started process (PID=49) to work on /home/airflow/.local/lib/python3.7/site-packages/airflow/example_dags/example_task_group.py
[2022-07-02 00:24:25,347] {processor.py:641} INFO - Processing file /home/airflow/.local/lib/python3.7/site-packages/airflow/example_dags/example_task_group.py for tasks to queue
[2022-07-02 00:24:25,348] {logging_mixin.py:115} INFO - [2022-07-02 00:24:25,348] {dagbag.py:507} INFO - Filling up the DagBag from /home/airflow/.local/lib/python3.7/site-packages/airflow/example_dags/example_task_group.py
[2022-07-02 00:24:25,365] {processor.py:651} INFO - DAG(s) dict_keys(['example_task_group']) retrieved from /home/airflow/.local/lib/python3.7/site-packages/airflow/example_dags/example_task_group.py
[2022-07-02 00:24:26,024] {logging_mixin.py:115} INFO - [2022-07-02 00:24:26,024] {manager.py:508} INFO - Created Permission View: can edit on DAG:example_task_group
[2022-07-02 00:24:26,041] {logging_mixin.py:115} INFO - [2022-07-02 00:24:26,041] {manager.py:508} INFO - Created Permission View: can read on DAG:example_task_group
[2022-07-02 00:24:26,056] {logging_mixin.py:115} INFO - [2022-07-02 00:24:26,056] {manager.py:508} INFO - Created Permission View: can delete on DAG:example_task_group
[2022-07-02 00:24:26,056] {logging_mixin.py:115} INFO - [2022-07-02 00:24:26,056] {dag.py:2379} INFO - Sync 1 DAGs
[2022-07-02 00:24:26,068] {logging_mixin.py:115} INFO - [2022-07-02 00:24:26,068] {dag.py:2398} INFO - Creating ORM DAG for example_task_group
[2022-07-02 00:24:26,085] {logging_mixin.py:115} INFO - [2022-07-02 00:24:26,085] {dag.py:2931} INFO - Setting next_dagrun for example_task_group to 2022-07-01T00:24:26.085032+00:00, run_after=2022-07-02T00:24:26.085032+00:00
[2022-07-02 00:24:26,112] {processor.py:161} INFO - Processing /home/airflow/.local/lib/python3.7/site-packages/airflow/example_dags/example_task_group.py took 0.771 seconds
[2022-07-02 00:24:56,539] {processor.py:153} INFO - Started process (PID=102) to work on /home/airflow/.local/lib/python3.7/site-packages/airflow/example_dags/example_task_group.py
[2022-07-02 00:24:56,540] {processor.py:641} INFO - Processing file /home/airflow/.local/lib/python3.7/site-packages/airflow/example_dags/example_task_group.py for tasks to queue
[2022-07-02 00:24:56,540] {logging_mixin.py:115} INFO - [2022-07-02 00:24:56,540] {dagbag.py:507} INFO - Filling up the DagBag from /home/airflow/.local/lib/python3.7/site-packages/airflow/example_dags/example_task_group.py
[2022-07-02 00:24:56,546] {processor.py:651} INFO - DAG(s) dict_keys(['example_task_group']) retrieved from /home/airflow/.local/lib/python3.7/site-packages/airflow/example_dags/example_task_group.py
[2022-07-02 00:24:56,569] {logging_mixin.py:115} INFO - [2022-07-02 00:24:56,569] {dag.py:2379} INFO - Sync 1 DAGs
[2022-07-02 00:24:56,700] {logging_mixin.py:115} INFO - [2022-07-02 00:24:56,700] {dag.py:2931} INFO - Setting next_dagrun for example_task_group to 2022-07-01T00:24:56.700558+00:00, run_after=2022-07-02T00:24:56.700558+00:00
[2022-07-02 00:24:56,715] {processor.py:161} INFO - Processing /home/airflow/.local/lib/python3.7/site-packages/airflow/example_dags/example_task_group.py took 0.178 seconds
[2022-07-02 00:25:27,715] {processor.py:153} INFO - Started process (PID=163) to work on /home/airflow/.local/lib/python3.7/site-packages/airflow/example_dags/example_task_group.py
[2022-07-02 00:25:27,721] {processor.py:641} INFO - Processing file /home/airflow/.local/lib/python3.7/site-packages/airflow/example_dags/example_task_group.py for tasks to queue
[2022-07-02 00:25:27,722] {logging_mixin.py:115} INFO - [2022-07-02 00:25:27,722] {dagbag.py:507} INFO - Filling up the DagBag from /home/airflow/.local/lib/python3.7/site-packages/airflow/example_dags/example_task_group.py
[2022-07-02 00:25:27,736] {processor.py:651} INFO - DAG(s) dict_keys(['example_task_group']) retrieved from /home/airflow/.local/lib/python3.7/site-packages/airflow/example_dags/example_task_group.py
[2022-07-02 00:25:27,777] {logging_mixin.py:115} INFO - [2022-07-02 00:25:27,777] {dag.py:2379} INFO - Sync 1 DAGs
[2022-07-02 00:25:27,989] {logging_mixin.py:115} INFO - [2022-07-02 00:25:27,988] {dag.py:2931} INFO - Setting next_dagrun for example_task_group to 2022-07-01T00:25:27.988545+00:00, run_after=2022-07-02T00:25:27.988545+00:00
[2022-07-02 00:25:28,008] {processor.py:161} INFO - Processing /home/airflow/.local/lib/python3.7/site-packages/airflow/example_dags/example_task_group.py took 0.297 seconds
[2022-07-02 00:25:58,857] {processor.py:153} INFO - Started process (PID=216) to work on /home/airflow/.local/lib/python3.7/site-packages/airflow/example_dags/example_task_group.py
[2022-07-02 00:25:58,857] {processor.py:641} INFO - Processing file /home/airflow/.local/lib/python3.7/site-packages/airflow/example_dags/example_task_group.py for tasks to queue
[2022-07-02 00:25:58,858] {logging_mixin.py:115} INFO - [2022-07-02 00:25:58,858] {dagbag.py:507} INFO - Filling up the DagBag from /home/airflow/.local/lib/python3.7/site-packages/airflow/example_dags/example_task_group.py
[2022-07-02 00:25:58,863] {processor.py:651} INFO - DAG(s) dict_keys(['example_task_group']) retrieved from /home/airflow/.local/lib/python3.7/site-packages/airflow/example_dags/example_task_group.py
[2022-07-02 00:25:58,884] {logging_mixin.py:115} INFO - [2022-07-02 00:25:58,884] {dag.py:2379} INFO - Sync 1 DAGs
[2022-07-02 00:25:59,011] {logging_mixin.py:115} INFO - [2022-07-02 00:25:59,011] {dag.py:2931} INFO - Setting next_dagrun for example_task_group to 2022-07-01T00:25:59.010945+00:00, run_after=2022-07-02T00:25:59.010945+00:00
[2022-07-02 00:25:59,020] {processor.py:161} INFO - Processing /home/airflow/.local/lib/python3.7/site-packages/airflow/example_dags/example_task_group.py took 0.165 seconds
[2022-07-02 00:26:29,154] {processor.py:153} INFO - Started process (PID=277) to work on /home/airflow/.local/lib/python3.7/site-packages/airflow/example_dags/example_task_group.py
[2022-07-02 00:26:29,155] {processor.py:641} INFO - Processing file /home/airflow/.local/lib/python3.7/site-packages/airflow/example_dags/example_task_group.py for tasks to queue
[2022-07-02 00:26:29,155] {logging_mixin.py:115} INFO - [2022-07-02 00:26:29,155] {dagbag.py:507} INFO - Filling up the DagBag from /home/airflow/.local/lib/python3.7/site-packages/airflow/example_dags/example_task_group.py
[2022-07-02 00:26:29,160] {processor.py:651} INFO - DAG(s) dict_keys(['example_task_group']) retrieved from /home/airflow/.local/lib/python3.7/site-packages/airflow/example_dags/example_task_group.py
[2022-07-02 00:26:29,181] {logging_mixin.py:115} INFO - [2022-07-02 00:26:29,181] {dag.py:2379} INFO - Sync 1 DAGs
[2022-07-02 00:26:29,309] {logging_mixin.py:115} INFO - [2022-07-02 00:26:29,309] {dag.py:2931} INFO - Setting next_dagrun for example_task_group to 2022-07-01T00:26:29.309716+00:00, run_after=2022-07-02T00:26:29.309716+00:00
[2022-07-02 00:26:29,326] {processor.py:161} INFO - Processing /home/airflow/.local/lib/python3.7/site-packages/airflow/example_dags/example_task_group.py took 0.174 seconds
[2022-07-02 00:26:59,380] {processor.py:153} INFO - Started process (PID=339) to work on /home/airflow/.local/lib/python3.7/site-packages/airflow/example_dags/example_task_group.py
[2022-07-02 00:26:59,381] {processor.py:641} INFO - Processing file /home/airflow/.local/lib/python3.7/site-packages/airflow/example_dags/example_task_group.py for tasks to queue
[2022-07-02 00:26:59,381] {logging_mixin.py:115} INFO - [2022-07-02 00:26:59,381] {dagbag.py:507} INFO - Filling up the DagBag from /home/airflow/.local/lib/python3.7/site-packages/airflow/example_dags/example_task_group.py
[2022-07-02 00:26:59,386] {processor.py:651} INFO - DAG(s) dict_keys(['example_task_group']) retrieved from /home/airflow/.local/lib/python3.7/site-packages/airflow/example_dags/example_task_group.py
[2022-07-02 00:26:59,407] {logging_mixin.py:115} INFO - [2022-07-02 00:26:59,407] {dag.py:2379} INFO - Sync 1 DAGs
[2022-07-02 00:26:59,521] {logging_mixin.py:115} INFO - [2022-07-02 00:26:59,520] {dag.py:2931} INFO - Setting next_dagrun for example_task_group to 2022-07-01T00:26:59.520759+00:00, run_after=2022-07-02T00:26:59.520759+00:00
[2022-07-02 00:26:59,529] {processor.py:161} INFO - Processing /home/airflow/.local/lib/python3.7/site-packages/airflow/example_dags/example_task_group.py took 0.151 seconds
[2022-07-02 00:27:30,071] {processor.py:153} INFO - Started process (PID=392) to work on /home/airflow/.local/lib/python3.7/site-packages/airflow/example_dags/example_task_group.py
[2022-07-02 00:27:30,071] {processor.py:641} INFO - Processing file /home/airflow/.local/lib/python3.7/site-packages/airflow/example_dags/example_task_group.py for tasks to queue
[2022-07-02 00:27:30,072] {logging_mixin.py:115} INFO - [2022-07-02 00:27:30,072] {dagbag.py:507} INFO - Filling up the DagBag from /home/airflow/.local/lib/python3.7/site-packages/airflow/example_dags/example_task_group.py
[2022-07-02 00:27:30,078] {processor.py:651} INFO - DAG(s) dict_keys(['example_task_group']) retrieved from /home/airflow/.local/lib/python3.7/site-packages/airflow/example_dags/example_task_group.py
[2022-07-02 00:27:30,106] {logging_mixin.py:115} INFO - [2022-07-02 00:27:30,106] {dag.py:2379} INFO - Sync 1 DAGs
[2022-07-02 00:27:30,256] {logging_mixin.py:115} INFO - [2022-07-02 00:27:30,256] {dag.py:2931} INFO - Setting next_dagrun for example_task_group to 2022-07-01T00:27:30.255930+00:00, run_after=2022-07-02T00:27:30.255930+00:00
[2022-07-02 00:27:30,263] {processor.py:161} INFO - Processing /home/airflow/.local/lib/python3.7/site-packages/airflow/example_dags/example_task_group.py took 0.195 seconds
[2022-07-02 00:28:00,313] {processor.py:153} INFO - Started process (PID=455) to work on /home/airflow/.local/lib/python3.7/site-packages/airflow/example_dags/example_task_group.py
[2022-07-02 00:28:00,314] {processor.py:641} INFO - Processing file /home/airflow/.local/lib/python3.7/site-packages/airflow/example_dags/example_task_group.py for tasks to queue
[2022-07-02 00:28:00,314] {logging_mixin.py:115} INFO - [2022-07-02 00:28:00,314] {dagbag.py:507} INFO - Filling up the DagBag from /home/airflow/.local/lib/python3.7/site-packages/airflow/example_dags/example_task_group.py
[2022-07-02 00:28:00,319] {processor.py:651} INFO - DAG(s) dict_keys(['example_task_group']) retrieved from /home/airflow/.local/lib/python3.7/site-packages/airflow/example_dags/example_task_group.py
[2022-07-02 00:28:00,344] {logging_mixin.py:115} INFO - [2022-07-02 00:28:00,344] {dag.py:2379} INFO - Sync 1 DAGs
[2022-07-02 00:28:00,495] {logging_mixin.py:115} INFO - [2022-07-02 00:28:00,495] {dag.py:2931} INFO - Setting next_dagrun for example_task_group to 2022-07-01T00:28:00.494891+00:00, run_after=2022-07-02T00:28:00.494891+00:00
[2022-07-02 00:28:00,504] {processor.py:161} INFO - Processing /home/airflow/.local/lib/python3.7/site-packages/airflow/example_dags/example_task_group.py took 0.193 seconds
[2022-07-02 00:28:31,211] {processor.py:153} INFO - Started process (PID=516) to work on /home/airflow/.local/lib/python3.7/site-packages/airflow/example_dags/example_task_group.py
[2022-07-02 00:28:31,211] {processor.py:641} INFO - Processing file /home/airflow/.local/lib/python3.7/site-packages/airflow/example_dags/example_task_group.py for tasks to queue
[2022-07-02 00:28:31,211] {logging_mixin.py:115} INFO - [2022-07-02 00:28:31,211] {dagbag.py:507} INFO - Filling up the DagBag from /home/airflow/.local/lib/python3.7/site-packages/airflow/example_dags/example_task_group.py
[2022-07-02 00:28:31,217] {processor.py:651} INFO - DAG(s) dict_keys(['example_task_group']) retrieved from /home/airflow/.local/lib/python3.7/site-packages/airflow/example_dags/example_task_group.py
[2022-07-02 00:28:31,238] {logging_mixin.py:115} INFO - [2022-07-02 00:28:31,238] {dag.py:2379} INFO - Sync 1 DAGs
[2022-07-02 00:28:31,357] {logging_mixin.py:115} INFO - [2022-07-02 00:28:31,357] {dag.py:2931} INFO - Setting next_dagrun for example_task_group to 2022-07-01T00:28:31.357532+00:00, run_after=2022-07-02T00:28:31.357532+00:00
[2022-07-02 00:28:31,364] {processor.py:161} INFO - Processing /home/airflow/.local/lib/python3.7/site-packages/airflow/example_dags/example_task_group.py took 0.156 seconds
[2022-07-02 00:29:01,604] {processor.py:153} INFO - Started process (PID=576) to work on /home/airflow/.local/lib/python3.7/site-packages/airflow/example_dags/example_task_group.py
[2022-07-02 00:29:01,604] {processor.py:641} INFO - Processing file /home/airflow/.local/lib/python3.7/site-packages/airflow/example_dags/example_task_group.py for tasks to queue
[2022-07-02 00:29:01,605] {logging_mixin.py:115} INFO - [2022-07-02 00:29:01,604] {dagbag.py:507} INFO - Filling up the DagBag from /home/airflow/.local/lib/python3.7/site-packages/airflow/example_dags/example_task_group.py
[2022-07-02 00:29:01,611] {processor.py:651} INFO - DAG(s) dict_keys(['example_task_group']) retrieved from /home/airflow/.local/lib/python3.7/site-packages/airflow/example_dags/example_task_group.py
[2022-07-02 00:29:01,634] {logging_mixin.py:115} INFO - [2022-07-02 00:29:01,634] {dag.py:2379} INFO - Sync 1 DAGs
[2022-07-02 00:29:01,772] {logging_mixin.py:115} INFO - [2022-07-02 00:29:01,772] {dag.py:2931} INFO - Setting next_dagrun for example_task_group to 2022-07-01T00:29:01.771986+00:00, run_after=2022-07-02T00:29:01.771986+00:00
[2022-07-02 00:29:01,781] {processor.py:161} INFO - Processing /home/airflow/.local/lib/python3.7/site-packages/airflow/example_dags/example_task_group.py took 0.180 seconds
[2022-07-02 00:29:32,134] {processor.py:153} INFO - Started process (PID=630) to work on /home/airflow/.local/lib/python3.7/site-packages/airflow/example_dags/example_task_group.py
[2022-07-02 00:29:32,134] {processor.py:641} INFO - Processing file /home/airflow/.local/lib/python3.7/site-packages/airflow/example_dags/example_task_group.py for tasks to queue
[2022-07-02 00:29:32,135] {logging_mixin.py:115} INFO - [2022-07-02 00:29:32,135] {dagbag.py:507} INFO - Filling up the DagBag from /home/airflow/.local/lib/python3.7/site-packages/airflow/example_dags/example_task_group.py
[2022-07-02 00:29:32,143] {processor.py:651} INFO - DAG(s) dict_keys(['example_task_group']) retrieved from /home/airflow/.local/lib/python3.7/site-packages/airflow/example_dags/example_task_group.py
[2022-07-02 00:29:32,169] {logging_mixin.py:115} INFO - [2022-07-02 00:29:32,169] {dag.py:2379} INFO - Sync 1 DAGs
[2022-07-02 00:29:32,363] {logging_mixin.py:115} INFO - [2022-07-02 00:29:32,363] {dag.py:2931} INFO - Setting next_dagrun for example_task_group to 2022-07-01T00:29:32.363395+00:00, run_after=2022-07-02T00:29:32.363395+00:00
[2022-07-02 00:29:32,372] {processor.py:161} INFO - Processing /home/airflow/.local/lib/python3.7/site-packages/airflow/example_dags/example_task_group.py took 0.241 seconds
[2022-07-02 00:31:21,010] {processor.py:153} INFO - Started process (PID=54) to work on /home/airflow/.local/lib/python3.7/site-packages/airflow/example_dags/example_task_group.py
[2022-07-02 00:31:21,011] {processor.py:641} INFO - Processing file /home/airflow/.local/lib/python3.7/site-packages/airflow/example_dags/example_task_group.py for tasks to queue
[2022-07-02 00:31:21,011] {logging_mixin.py:115} INFO - [2022-07-02 00:31:21,011] {dagbag.py:507} INFO - Filling up the DagBag from /home/airflow/.local/lib/python3.7/site-packages/airflow/example_dags/example_task_group.py
[2022-07-02 00:31:21,025] {processor.py:651} INFO - DAG(s) dict_keys(['example_task_group']) retrieved from /home/airflow/.local/lib/python3.7/site-packages/airflow/example_dags/example_task_group.py
[2022-07-02 00:31:21,340] {logging_mixin.py:115} INFO - [2022-07-02 00:31:21,340] {manager.py:508} INFO - Created Permission View: can delete on DAG:example_task_group
[2022-07-02 00:31:21,351] {logging_mixin.py:115} INFO - [2022-07-02 00:31:21,351] {manager.py:508} INFO - Created Permission View: can edit on DAG:example_task_group
[2022-07-02 00:31:21,360] {logging_mixin.py:115} INFO - [2022-07-02 00:31:21,360] {manager.py:508} INFO - Created Permission View: can read on DAG:example_task_group
[2022-07-02 00:31:21,360] {logging_mixin.py:115} INFO - [2022-07-02 00:31:21,360] {dag.py:2379} INFO - Sync 1 DAGs
[2022-07-02 00:31:21,371] {logging_mixin.py:115} INFO - [2022-07-02 00:31:21,371] {dag.py:2398} INFO - Creating ORM DAG for example_task_group
[2022-07-02 00:31:21,385] {logging_mixin.py:115} INFO - [2022-07-02 00:31:21,385] {dag.py:2931} INFO - Setting next_dagrun for example_task_group to 2022-07-01T00:31:21.384862+00:00, run_after=2022-07-02T00:31:21.384862+00:00
[2022-07-02 00:31:21,399] {processor.py:161} INFO - Processing /home/airflow/.local/lib/python3.7/site-packages/airflow/example_dags/example_task_group.py took 0.393 seconds
[2022-07-02 00:31:51,740] {processor.py:153} INFO - Started process (PID=106) to work on /home/airflow/.local/lib/python3.7/site-packages/airflow/example_dags/example_task_group.py
[2022-07-02 00:31:51,740] {processor.py:641} INFO - Processing file /home/airflow/.local/lib/python3.7/site-packages/airflow/example_dags/example_task_group.py for tasks to queue
[2022-07-02 00:31:51,741] {logging_mixin.py:115} INFO - [2022-07-02 00:31:51,741] {dagbag.py:507} INFO - Filling up the DagBag from /home/airflow/.local/lib/python3.7/site-packages/airflow/example_dags/example_task_group.py
[2022-07-02 00:31:51,746] {processor.py:651} INFO - DAG(s) dict_keys(['example_task_group']) retrieved from /home/airflow/.local/lib/python3.7/site-packages/airflow/example_dags/example_task_group.py
[2022-07-02 00:31:51,770] {logging_mixin.py:115} INFO - [2022-07-02 00:31:51,770] {dag.py:2379} INFO - Sync 1 DAGs
[2022-07-02 00:31:51,905] {logging_mixin.py:115} INFO - [2022-07-02 00:31:51,905] {dag.py:2931} INFO - Setting next_dagrun for example_task_group to 2022-07-01T00:31:51.905188+00:00, run_after=2022-07-02T00:31:51.905188+00:00
[2022-07-02 00:31:51,915] {processor.py:161} INFO - Processing /home/airflow/.local/lib/python3.7/site-packages/airflow/example_dags/example_task_group.py took 0.178 seconds
[2022-07-02 00:32:22,545] {processor.py:153} INFO - Started process (PID=167) to work on /home/airflow/.local/lib/python3.7/site-packages/airflow/example_dags/example_task_group.py
[2022-07-02 00:32:22,545] {processor.py:641} INFO - Processing file /home/airflow/.local/lib/python3.7/site-packages/airflow/example_dags/example_task_group.py for tasks to queue
[2022-07-02 00:32:22,545] {logging_mixin.py:115} INFO - [2022-07-02 00:32:22,545] {dagbag.py:507} INFO - Filling up the DagBag from /home/airflow/.local/lib/python3.7/site-packages/airflow/example_dags/example_task_group.py
[2022-07-02 00:32:22,551] {processor.py:651} INFO - DAG(s) dict_keys(['example_task_group']) retrieved from /home/airflow/.local/lib/python3.7/site-packages/airflow/example_dags/example_task_group.py
[2022-07-02 00:32:22,574] {logging_mixin.py:115} INFO - [2022-07-02 00:32:22,574] {dag.py:2379} INFO - Sync 1 DAGs
[2022-07-02 00:32:22,717] {logging_mixin.py:115} INFO - [2022-07-02 00:32:22,717] {dag.py:2931} INFO - Setting next_dagrun for example_task_group to 2022-07-01T00:32:22.717432+00:00, run_after=2022-07-02T00:32:22.717432+00:00
[2022-07-02 00:32:22,724] {processor.py:161} INFO - Processing /home/airflow/.local/lib/python3.7/site-packages/airflow/example_dags/example_task_group.py took 0.181 seconds
[2022-07-02 00:32:53,046] {processor.py:153} INFO - Started process (PID=228) to work on /home/airflow/.local/lib/python3.7/site-packages/airflow/example_dags/example_task_group.py
[2022-07-02 00:32:53,047] {processor.py:641} INFO - Processing file /home/airflow/.local/lib/python3.7/site-packages/airflow/example_dags/example_task_group.py for tasks to queue
[2022-07-02 00:32:53,048] {logging_mixin.py:115} INFO - [2022-07-02 00:32:53,047] {dagbag.py:507} INFO - Filling up the DagBag from /home/airflow/.local/lib/python3.7/site-packages/airflow/example_dags/example_task_group.py
[2022-07-02 00:32:53,060] {processor.py:651} INFO - DAG(s) dict_keys(['example_task_group']) retrieved from /home/airflow/.local/lib/python3.7/site-packages/airflow/example_dags/example_task_group.py
[2022-07-02 00:32:53,101] {logging_mixin.py:115} INFO - [2022-07-02 00:32:53,100] {dag.py:2379} INFO - Sync 1 DAGs
[2022-07-02 00:32:53,325] {logging_mixin.py:115} INFO - [2022-07-02 00:32:53,325] {dag.py:2931} INFO - Setting next_dagrun for example_task_group to 2022-07-01T00:32:53.324338+00:00, run_after=2022-07-02T00:32:53.324338+00:00
[2022-07-02 00:32:53,342] {processor.py:161} INFO - Processing /home/airflow/.local/lib/python3.7/site-packages/airflow/example_dags/example_task_group.py took 0.300 seconds
[2022-07-02 00:33:24,283] {processor.py:153} INFO - Started process (PID=280) to work on /home/airflow/.local/lib/python3.7/site-packages/airflow/example_dags/example_task_group.py
[2022-07-02 00:33:24,284] {processor.py:641} INFO - Processing file /home/airflow/.local/lib/python3.7/site-packages/airflow/example_dags/example_task_group.py for tasks to queue
[2022-07-02 00:33:24,284] {logging_mixin.py:115} INFO - [2022-07-02 00:33:24,284] {dagbag.py:507} INFO - Filling up the DagBag from /home/airflow/.local/lib/python3.7/site-packages/airflow/example_dags/example_task_group.py
[2022-07-02 00:33:24,291] {processor.py:651} INFO - DAG(s) dict_keys(['example_task_group']) retrieved from /home/airflow/.local/lib/python3.7/site-packages/airflow/example_dags/example_task_group.py
[2022-07-02 00:33:24,323] {logging_mixin.py:115} INFO - [2022-07-02 00:33:24,323] {dag.py:2379} INFO - Sync 1 DAGs
[2022-07-02 00:33:24,491] {logging_mixin.py:115} INFO - [2022-07-02 00:33:24,491] {dag.py:2931} INFO - Setting next_dagrun for example_task_group to 2022-07-01T00:33:24.491112+00:00, run_after=2022-07-02T00:33:24.491112+00:00
[2022-07-02 00:33:24,502] {processor.py:161} INFO - Processing /home/airflow/.local/lib/python3.7/site-packages/airflow/example_dags/example_task_group.py took 0.222 seconds
[2022-07-02 00:33:55,144] {processor.py:153} INFO - Started process (PID=343) to work on /home/airflow/.local/lib/python3.7/site-packages/airflow/example_dags/example_task_group.py
[2022-07-02 00:33:55,145] {processor.py:641} INFO - Processing file /home/airflow/.local/lib/python3.7/site-packages/airflow/example_dags/example_task_group.py for tasks to queue
[2022-07-02 00:33:55,145] {logging_mixin.py:115} INFO - [2022-07-02 00:33:55,145] {dagbag.py:507} INFO - Filling up the DagBag from /home/airflow/.local/lib/python3.7/site-packages/airflow/example_dags/example_task_group.py
[2022-07-02 00:33:55,152] {processor.py:651} INFO - DAG(s) dict_keys(['example_task_group']) retrieved from /home/airflow/.local/lib/python3.7/site-packages/airflow/example_dags/example_task_group.py
[2022-07-02 00:33:55,179] {logging_mixin.py:115} INFO - [2022-07-02 00:33:55,179] {dag.py:2379} INFO - Sync 1 DAGs
[2022-07-02 00:33:55,311] {logging_mixin.py:115} INFO - [2022-07-02 00:33:55,311] {dag.py:2931} INFO - Setting next_dagrun for example_task_group to 2022-07-01T00:33:55.311002+00:00, run_after=2022-07-02T00:33:55.311002+00:00
[2022-07-02 00:33:55,320] {processor.py:161} INFO - Processing /home/airflow/.local/lib/python3.7/site-packages/airflow/example_dags/example_task_group.py took 0.179 seconds
[2022-07-02 00:34:25,827] {processor.py:153} INFO - Started process (PID=404) to work on /home/airflow/.local/lib/python3.7/site-packages/airflow/example_dags/example_task_group.py
[2022-07-02 00:34:25,827] {processor.py:641} INFO - Processing file /home/airflow/.local/lib/python3.7/site-packages/airflow/example_dags/example_task_group.py for tasks to queue
[2022-07-02 00:34:25,828] {logging_mixin.py:115} INFO - [2022-07-02 00:34:25,828] {dagbag.py:507} INFO - Filling up the DagBag from /home/airflow/.local/lib/python3.7/site-packages/airflow/example_dags/example_task_group.py
[2022-07-02 00:34:25,833] {processor.py:651} INFO - DAG(s) dict_keys(['example_task_group']) retrieved from /home/airflow/.local/lib/python3.7/site-packages/airflow/example_dags/example_task_group.py
[2022-07-02 00:34:25,854] {logging_mixin.py:115} INFO - [2022-07-02 00:34:25,854] {dag.py:2379} INFO - Sync 1 DAGs
[2022-07-02 00:34:25,986] {logging_mixin.py:115} INFO - [2022-07-02 00:34:25,986] {dag.py:2931} INFO - Setting next_dagrun for example_task_group to 2022-07-01T00:34:25.986399+00:00, run_after=2022-07-02T00:34:25.986399+00:00
[2022-07-02 00:34:25,999] {processor.py:161} INFO - Processing /home/airflow/.local/lib/python3.7/site-packages/airflow/example_dags/example_task_group.py took 0.175 seconds
[2022-07-02 00:34:56,694] {processor.py:153} INFO - Started process (PID=457) to work on /home/airflow/.local/lib/python3.7/site-packages/airflow/example_dags/example_task_group.py
[2022-07-02 00:34:56,695] {processor.py:641} INFO - Processing file /home/airflow/.local/lib/python3.7/site-packages/airflow/example_dags/example_task_group.py for tasks to queue
[2022-07-02 00:34:56,695] {logging_mixin.py:115} INFO - [2022-07-02 00:34:56,695] {dagbag.py:507} INFO - Filling up the DagBag from /home/airflow/.local/lib/python3.7/site-packages/airflow/example_dags/example_task_group.py
[2022-07-02 00:34:56,703] {processor.py:651} INFO - DAG(s) dict_keys(['example_task_group']) retrieved from /home/airflow/.local/lib/python3.7/site-packages/airflow/example_dags/example_task_group.py
[2022-07-02 00:34:56,733] {logging_mixin.py:115} INFO - [2022-07-02 00:34:56,733] {dag.py:2379} INFO - Sync 1 DAGs
[2022-07-02 00:34:56,896] {logging_mixin.py:115} INFO - [2022-07-02 00:34:56,895] {dag.py:2931} INFO - Setting next_dagrun for example_task_group to 2022-07-01T00:34:56.895515+00:00, run_after=2022-07-02T00:34:56.895515+00:00
[2022-07-02 00:34:56,908] {processor.py:161} INFO - Processing /home/airflow/.local/lib/python3.7/site-packages/airflow/example_dags/example_task_group.py took 0.217 seconds
[2022-07-02 00:35:26,999] {processor.py:153} INFO - Started process (PID=519) to work on /home/airflow/.local/lib/python3.7/site-packages/airflow/example_dags/example_task_group.py
[2022-07-02 00:35:26,999] {processor.py:641} INFO - Processing file /home/airflow/.local/lib/python3.7/site-packages/airflow/example_dags/example_task_group.py for tasks to queue
[2022-07-02 00:35:26,999] {logging_mixin.py:115} INFO - [2022-07-02 00:35:26,999] {dagbag.py:507} INFO - Filling up the DagBag from /home/airflow/.local/lib/python3.7/site-packages/airflow/example_dags/example_task_group.py
[2022-07-02 00:35:27,005] {processor.py:651} INFO - DAG(s) dict_keys(['example_task_group']) retrieved from /home/airflow/.local/lib/python3.7/site-packages/airflow/example_dags/example_task_group.py
[2022-07-02 00:35:27,025] {logging_mixin.py:115} INFO - [2022-07-02 00:35:27,025] {dag.py:2379} INFO - Sync 1 DAGs
[2022-07-02 00:35:27,196] {logging_mixin.py:115} INFO - [2022-07-02 00:35:27,196] {dag.py:2931} INFO - Setting next_dagrun for example_task_group to 2022-07-01T00:35:27.196052+00:00, run_after=2022-07-02T00:35:27.196052+00:00
[2022-07-02 00:35:27,211] {processor.py:161} INFO - Processing /home/airflow/.local/lib/python3.7/site-packages/airflow/example_dags/example_task_group.py took 0.214 seconds
[2022-07-02 00:35:57,274] {processor.py:153} INFO - Started process (PID=581) to work on /home/airflow/.local/lib/python3.7/site-packages/airflow/example_dags/example_task_group.py
[2022-07-02 00:35:57,275] {processor.py:641} INFO - Processing file /home/airflow/.local/lib/python3.7/site-packages/airflow/example_dags/example_task_group.py for tasks to queue
[2022-07-02 00:35:57,275] {logging_mixin.py:115} INFO - [2022-07-02 00:35:57,275] {dagbag.py:507} INFO - Filling up the DagBag from /home/airflow/.local/lib/python3.7/site-packages/airflow/example_dags/example_task_group.py
[2022-07-02 00:35:57,282] {processor.py:651} INFO - DAG(s) dict_keys(['example_task_group']) retrieved from /home/airflow/.local/lib/python3.7/site-packages/airflow/example_dags/example_task_group.py
[2022-07-02 00:35:57,323] {logging_mixin.py:115} INFO - [2022-07-02 00:35:57,323] {dag.py:2379} INFO - Sync 1 DAGs
[2022-07-02 00:35:57,483] {logging_mixin.py:115} INFO - [2022-07-02 00:35:57,483] {dag.py:2931} INFO - Setting next_dagrun for example_task_group to 2022-07-01T00:35:57.483366+00:00, run_after=2022-07-02T00:35:57.483366+00:00
[2022-07-02 00:35:57,492] {processor.py:161} INFO - Processing /home/airflow/.local/lib/python3.7/site-packages/airflow/example_dags/example_task_group.py took 0.220 seconds
[2022-07-02 00:36:27,912] {processor.py:153} INFO - Started process (PID=634) to work on /home/airflow/.local/lib/python3.7/site-packages/airflow/example_dags/example_task_group.py
[2022-07-02 00:36:27,912] {processor.py:641} INFO - Processing file /home/airflow/.local/lib/python3.7/site-packages/airflow/example_dags/example_task_group.py for tasks to queue
[2022-07-02 00:36:27,913] {logging_mixin.py:115} INFO - [2022-07-02 00:36:27,913] {dagbag.py:507} INFO - Filling up the DagBag from /home/airflow/.local/lib/python3.7/site-packages/airflow/example_dags/example_task_group.py
[2022-07-02 00:36:27,919] {processor.py:651} INFO - DAG(s) dict_keys(['example_task_group']) retrieved from /home/airflow/.local/lib/python3.7/site-packages/airflow/example_dags/example_task_group.py
[2022-07-02 00:36:27,942] {logging_mixin.py:115} INFO - [2022-07-02 00:36:27,942] {dag.py:2379} INFO - Sync 1 DAGs
[2022-07-02 00:36:28,099] {logging_mixin.py:115} INFO - [2022-07-02 00:36:28,098] {dag.py:2931} INFO - Setting next_dagrun for example_task_group to 2022-07-01T00:36:28.098663+00:00, run_after=2022-07-02T00:36:28.098663+00:00
[2022-07-02 00:36:28,111] {processor.py:161} INFO - Processing /home/airflow/.local/lib/python3.7/site-packages/airflow/example_dags/example_task_group.py took 0.201 seconds
[2022-07-02 00:36:58,615] {processor.py:153} INFO - Started process (PID=696) to work on /home/airflow/.local/lib/python3.7/site-packages/airflow/example_dags/example_task_group.py
[2022-07-02 00:36:58,616] {processor.py:641} INFO - Processing file /home/airflow/.local/lib/python3.7/site-packages/airflow/example_dags/example_task_group.py for tasks to queue
[2022-07-02 00:36:58,616] {logging_mixin.py:115} INFO - [2022-07-02 00:36:58,616] {dagbag.py:507} INFO - Filling up the DagBag from /home/airflow/.local/lib/python3.7/site-packages/airflow/example_dags/example_task_group.py
[2022-07-02 00:36:58,624] {processor.py:651} INFO - DAG(s) dict_keys(['example_task_group']) retrieved from /home/airflow/.local/lib/python3.7/site-packages/airflow/example_dags/example_task_group.py
[2022-07-02 00:36:58,648] {logging_mixin.py:115} INFO - [2022-07-02 00:36:58,648] {dag.py:2379} INFO - Sync 1 DAGs
[2022-07-02 00:36:58,786] {logging_mixin.py:115} INFO - [2022-07-02 00:36:58,786] {dag.py:2931} INFO - Setting next_dagrun for example_task_group to 2022-07-01T00:36:58.786677+00:00, run_after=2022-07-02T00:36:58.786677+00:00
[2022-07-02 00:36:58,795] {processor.py:161} INFO - Processing /home/airflow/.local/lib/python3.7/site-packages/airflow/example_dags/example_task_group.py took 0.182 seconds
