[2022-07-02 00:24:38,693] {processor.py:153} INFO - Started process (PID=78) to work on /home/airflow/.local/lib/python3.7/site-packages/airflow/example_dags/example_subdag_operator.py
[2022-07-02 00:24:38,693] {processor.py:641} INFO - Processing file /home/airflow/.local/lib/python3.7/site-packages/airflow/example_dags/example_subdag_operator.py for tasks to queue
[2022-07-02 00:24:38,694] {logging_mixin.py:115} INFO - [2022-07-02 00:24:38,694] {dagbag.py:507} INFO - Filling up the DagBag from /home/airflow/.local/lib/python3.7/site-packages/airflow/example_dags/example_subdag_operator.py
[2022-07-02 00:24:38,719] {processor.py:651} INFO - DAG(s) dict_keys(['example_subdag_operator.section-1', 'example_subdag_operator.section-2', 'example_subdag_operator']) retrieved from /home/airflow/.local/lib/python3.7/site-packages/airflow/example_dags/example_subdag_operator.py
[2022-07-02 00:24:38,940] {logging_mixin.py:115} INFO - [2022-07-02 00:24:38,940] {manager.py:508} INFO - Created Permission View: can edit on DAG:example_subdag_operator
[2022-07-02 00:24:38,949] {logging_mixin.py:115} INFO - [2022-07-02 00:24:38,948] {manager.py:508} INFO - Created Permission View: can read on DAG:example_subdag_operator
[2022-07-02 00:24:38,958] {logging_mixin.py:115} INFO - [2022-07-02 00:24:38,958] {manager.py:508} INFO - Created Permission View: can delete on DAG:example_subdag_operator
[2022-07-02 00:24:38,958] {logging_mixin.py:115} INFO - [2022-07-02 00:24:38,958] {dag.py:2379} INFO - Sync 3 DAGs
[2022-07-02 00:24:38,965] {logging_mixin.py:115} INFO - [2022-07-02 00:24:38,965] {dag.py:2398} INFO - Creating ORM DAG for example_subdag_operator.section-1
[2022-07-02 00:24:38,966] {logging_mixin.py:115} INFO - [2022-07-02 00:24:38,966] {dag.py:2398} INFO - Creating ORM DAG for example_subdag_operator
[2022-07-02 00:24:38,966] {logging_mixin.py:115} INFO - [2022-07-02 00:24:38,966] {dag.py:2398} INFO - Creating ORM DAG for example_subdag_operator.section-2
[2022-07-02 00:24:38,977] {logging_mixin.py:115} INFO - [2022-07-02 00:24:38,977] {dag.py:2931} INFO - Setting next_dagrun for example_subdag_operator to 2022-01-01T00:00:00+00:00, run_after=2022-01-01T00:00:00+00:00
[2022-07-02 00:24:38,978] {logging_mixin.py:115} INFO - [2022-07-02 00:24:38,978] {dag.py:2931} INFO - Setting next_dagrun for example_subdag_operator.section-1 to None, run_after=None
[2022-07-02 00:24:38,978] {logging_mixin.py:115} INFO - [2022-07-02 00:24:38,978] {dag.py:2931} INFO - Setting next_dagrun for example_subdag_operator.section-2 to None, run_after=None
[2022-07-02 00:24:38,990] {logging_mixin.py:115} INFO - [2022-07-02 00:24:38,990] {dag.py:2379} INFO - Sync 2 DAGs
[2022-07-02 00:24:38,994] {logging_mixin.py:115} INFO - [2022-07-02 00:24:38,994] {dag.py:2931} INFO - Setting next_dagrun for example_subdag_operator.section-1 to None, run_after=None
[2022-07-02 00:24:38,994] {logging_mixin.py:115} INFO - [2022-07-02 00:24:38,994] {dag.py:2931} INFO - Setting next_dagrun for example_subdag_operator.section-2 to None, run_after=None
[2022-07-02 00:24:39,002] {processor.py:161} INFO - Processing /home/airflow/.local/lib/python3.7/site-packages/airflow/example_dags/example_subdag_operator.py took 0.312 seconds
[2022-07-02 00:25:09,931] {processor.py:153} INFO - Started process (PID=140) to work on /home/airflow/.local/lib/python3.7/site-packages/airflow/example_dags/example_subdag_operator.py
[2022-07-02 00:25:09,932] {processor.py:641} INFO - Processing file /home/airflow/.local/lib/python3.7/site-packages/airflow/example_dags/example_subdag_operator.py for tasks to queue
[2022-07-02 00:25:09,932] {logging_mixin.py:115} INFO - [2022-07-02 00:25:09,932] {dagbag.py:507} INFO - Filling up the DagBag from /home/airflow/.local/lib/python3.7/site-packages/airflow/example_dags/example_subdag_operator.py
[2022-07-02 00:25:09,959] {processor.py:651} INFO - DAG(s) dict_keys(['example_subdag_operator.section-1', 'example_subdag_operator.section-2', 'example_subdag_operator']) retrieved from /home/airflow/.local/lib/python3.7/site-packages/airflow/example_dags/example_subdag_operator.py
[2022-07-02 00:25:09,996] {logging_mixin.py:115} INFO - [2022-07-02 00:25:09,996] {dag.py:2379} INFO - Sync 3 DAGs
[2022-07-02 00:25:10,147] {logging_mixin.py:115} INFO - [2022-07-02 00:25:10,147] {dag.py:2931} INFO - Setting next_dagrun for example_subdag_operator to 2022-01-01T00:00:00+00:00, run_after=2022-01-01T00:00:00+00:00
[2022-07-02 00:25:10,148] {logging_mixin.py:115} INFO - [2022-07-02 00:25:10,148] {dag.py:2931} INFO - Setting next_dagrun for example_subdag_operator.section-1 to None, run_after=None
[2022-07-02 00:25:10,148] {logging_mixin.py:115} INFO - [2022-07-02 00:25:10,148] {dag.py:2931} INFO - Setting next_dagrun for example_subdag_operator.section-2 to None, run_after=None
[2022-07-02 00:25:10,155] {logging_mixin.py:115} INFO - [2022-07-02 00:25:10,155] {dag.py:2379} INFO - Sync 2 DAGs
[2022-07-02 00:25:10,160] {logging_mixin.py:115} INFO - [2022-07-02 00:25:10,160] {dag.py:2931} INFO - Setting next_dagrun for example_subdag_operator.section-1 to None, run_after=None
[2022-07-02 00:25:10,160] {logging_mixin.py:115} INFO - [2022-07-02 00:25:10,160] {dag.py:2931} INFO - Setting next_dagrun for example_subdag_operator.section-2 to None, run_after=None
[2022-07-02 00:25:10,168] {processor.py:161} INFO - Processing /home/airflow/.local/lib/python3.7/site-packages/airflow/example_dags/example_subdag_operator.py took 0.240 seconds
[2022-07-02 00:25:40,284] {processor.py:153} INFO - Started process (PID=202) to work on /home/airflow/.local/lib/python3.7/site-packages/airflow/example_dags/example_subdag_operator.py
[2022-07-02 00:25:40,284] {processor.py:641} INFO - Processing file /home/airflow/.local/lib/python3.7/site-packages/airflow/example_dags/example_subdag_operator.py for tasks to queue
[2022-07-02 00:25:40,285] {logging_mixin.py:115} INFO - [2022-07-02 00:25:40,285] {dagbag.py:507} INFO - Filling up the DagBag from /home/airflow/.local/lib/python3.7/site-packages/airflow/example_dags/example_subdag_operator.py
[2022-07-02 00:25:40,308] {processor.py:651} INFO - DAG(s) dict_keys(['example_subdag_operator.section-1', 'example_subdag_operator.section-2', 'example_subdag_operator']) retrieved from /home/airflow/.local/lib/python3.7/site-packages/airflow/example_dags/example_subdag_operator.py
[2022-07-02 00:25:40,351] {logging_mixin.py:115} INFO - [2022-07-02 00:25:40,351] {dag.py:2379} INFO - Sync 3 DAGs
[2022-07-02 00:25:40,528] {logging_mixin.py:115} INFO - [2022-07-02 00:25:40,527] {dag.py:2931} INFO - Setting next_dagrun for example_subdag_operator to 2022-01-01T00:00:00+00:00, run_after=2022-01-01T00:00:00+00:00
[2022-07-02 00:25:40,528] {logging_mixin.py:115} INFO - [2022-07-02 00:25:40,528] {dag.py:2931} INFO - Setting next_dagrun for example_subdag_operator.section-1 to None, run_after=None
[2022-07-02 00:25:40,528] {logging_mixin.py:115} INFO - [2022-07-02 00:25:40,528] {dag.py:2931} INFO - Setting next_dagrun for example_subdag_operator.section-2 to None, run_after=None
[2022-07-02 00:25:40,536] {logging_mixin.py:115} INFO - [2022-07-02 00:25:40,536] {dag.py:2379} INFO - Sync 2 DAGs
[2022-07-02 00:25:40,543] {logging_mixin.py:115} INFO - [2022-07-02 00:25:40,543] {dag.py:2931} INFO - Setting next_dagrun for example_subdag_operator.section-1 to None, run_after=None
[2022-07-02 00:25:40,543] {logging_mixin.py:115} INFO - [2022-07-02 00:25:40,543] {dag.py:2931} INFO - Setting next_dagrun for example_subdag_operator.section-2 to None, run_after=None
[2022-07-02 00:25:40,552] {processor.py:161} INFO - Processing /home/airflow/.local/lib/python3.7/site-packages/airflow/example_dags/example_subdag_operator.py took 0.272 seconds
[2022-07-02 00:26:10,693] {processor.py:153} INFO - Started process (PID=254) to work on /home/airflow/.local/lib/python3.7/site-packages/airflow/example_dags/example_subdag_operator.py
[2022-07-02 00:26:10,695] {processor.py:641} INFO - Processing file /home/airflow/.local/lib/python3.7/site-packages/airflow/example_dags/example_subdag_operator.py for tasks to queue
[2022-07-02 00:26:10,695] {logging_mixin.py:115} INFO - [2022-07-02 00:26:10,695] {dagbag.py:507} INFO - Filling up the DagBag from /home/airflow/.local/lib/python3.7/site-packages/airflow/example_dags/example_subdag_operator.py
[2022-07-02 00:26:10,713] {processor.py:651} INFO - DAG(s) dict_keys(['example_subdag_operator.section-1', 'example_subdag_operator.section-2', 'example_subdag_operator']) retrieved from /home/airflow/.local/lib/python3.7/site-packages/airflow/example_dags/example_subdag_operator.py
[2022-07-02 00:26:10,739] {logging_mixin.py:115} INFO - [2022-07-02 00:26:10,739] {dag.py:2379} INFO - Sync 3 DAGs
[2022-07-02 00:26:10,853] {logging_mixin.py:115} INFO - [2022-07-02 00:26:10,853] {dag.py:2931} INFO - Setting next_dagrun for example_subdag_operator to 2022-01-01T00:00:00+00:00, run_after=2022-01-01T00:00:00+00:00
[2022-07-02 00:26:10,853] {logging_mixin.py:115} INFO - [2022-07-02 00:26:10,853] {dag.py:2931} INFO - Setting next_dagrun for example_subdag_operator.section-1 to None, run_after=None
[2022-07-02 00:26:10,853] {logging_mixin.py:115} INFO - [2022-07-02 00:26:10,853] {dag.py:2931} INFO - Setting next_dagrun for example_subdag_operator.section-2 to None, run_after=None
[2022-07-02 00:26:10,857] {logging_mixin.py:115} INFO - [2022-07-02 00:26:10,857] {dag.py:2379} INFO - Sync 2 DAGs
[2022-07-02 00:26:10,861] {logging_mixin.py:115} INFO - [2022-07-02 00:26:10,861] {dag.py:2931} INFO - Setting next_dagrun for example_subdag_operator.section-1 to None, run_after=None
[2022-07-02 00:26:10,861] {logging_mixin.py:115} INFO - [2022-07-02 00:26:10,861] {dag.py:2931} INFO - Setting next_dagrun for example_subdag_operator.section-2 to None, run_after=None
[2022-07-02 00:26:10,869] {processor.py:161} INFO - Processing /home/airflow/.local/lib/python3.7/site-packages/airflow/example_dags/example_subdag_operator.py took 0.178 seconds
[2022-07-02 00:26:40,931] {processor.py:153} INFO - Started process (PID=315) to work on /home/airflow/.local/lib/python3.7/site-packages/airflow/example_dags/example_subdag_operator.py
[2022-07-02 00:26:40,932] {processor.py:641} INFO - Processing file /home/airflow/.local/lib/python3.7/site-packages/airflow/example_dags/example_subdag_operator.py for tasks to queue
[2022-07-02 00:26:40,932] {logging_mixin.py:115} INFO - [2022-07-02 00:26:40,932] {dagbag.py:507} INFO - Filling up the DagBag from /home/airflow/.local/lib/python3.7/site-packages/airflow/example_dags/example_subdag_operator.py
[2022-07-02 00:26:40,950] {processor.py:651} INFO - DAG(s) dict_keys(['example_subdag_operator.section-1', 'example_subdag_operator.section-2', 'example_subdag_operator']) retrieved from /home/airflow/.local/lib/python3.7/site-packages/airflow/example_dags/example_subdag_operator.py
[2022-07-02 00:26:40,986] {logging_mixin.py:115} INFO - [2022-07-02 00:26:40,986] {dag.py:2379} INFO - Sync 3 DAGs
[2022-07-02 00:26:41,104] {logging_mixin.py:115} INFO - [2022-07-02 00:26:41,103] {dag.py:2931} INFO - Setting next_dagrun for example_subdag_operator to 2022-01-01T00:00:00+00:00, run_after=2022-01-01T00:00:00+00:00
[2022-07-02 00:26:41,104] {logging_mixin.py:115} INFO - [2022-07-02 00:26:41,104] {dag.py:2931} INFO - Setting next_dagrun for example_subdag_operator.section-1 to None, run_after=None
[2022-07-02 00:26:41,104] {logging_mixin.py:115} INFO - [2022-07-02 00:26:41,104] {dag.py:2931} INFO - Setting next_dagrun for example_subdag_operator.section-2 to None, run_after=None
[2022-07-02 00:26:41,108] {logging_mixin.py:115} INFO - [2022-07-02 00:26:41,108] {dag.py:2379} INFO - Sync 2 DAGs
[2022-07-02 00:26:41,112] {logging_mixin.py:115} INFO - [2022-07-02 00:26:41,112] {dag.py:2931} INFO - Setting next_dagrun for example_subdag_operator.section-1 to None, run_after=None
[2022-07-02 00:26:41,112] {logging_mixin.py:115} INFO - [2022-07-02 00:26:41,112] {dag.py:2931} INFO - Setting next_dagrun for example_subdag_operator.section-2 to None, run_after=None
[2022-07-02 00:26:41,117] {processor.py:161} INFO - Processing /home/airflow/.local/lib/python3.7/site-packages/airflow/example_dags/example_subdag_operator.py took 0.188 seconds
[2022-07-02 00:27:11,615] {processor.py:153} INFO - Started process (PID=378) to work on /home/airflow/.local/lib/python3.7/site-packages/airflow/example_dags/example_subdag_operator.py
[2022-07-02 00:27:11,616] {processor.py:641} INFO - Processing file /home/airflow/.local/lib/python3.7/site-packages/airflow/example_dags/example_subdag_operator.py for tasks to queue
[2022-07-02 00:27:11,617] {logging_mixin.py:115} INFO - [2022-07-02 00:27:11,617] {dagbag.py:507} INFO - Filling up the DagBag from /home/airflow/.local/lib/python3.7/site-packages/airflow/example_dags/example_subdag_operator.py
[2022-07-02 00:27:11,635] {processor.py:651} INFO - DAG(s) dict_keys(['example_subdag_operator.section-1', 'example_subdag_operator.section-2', 'example_subdag_operator']) retrieved from /home/airflow/.local/lib/python3.7/site-packages/airflow/example_dags/example_subdag_operator.py
[2022-07-02 00:27:11,670] {logging_mixin.py:115} INFO - [2022-07-02 00:27:11,670] {dag.py:2379} INFO - Sync 3 DAGs
[2022-07-02 00:27:11,795] {logging_mixin.py:115} INFO - [2022-07-02 00:27:11,795] {dag.py:2931} INFO - Setting next_dagrun for example_subdag_operator to 2022-01-01T00:00:00+00:00, run_after=2022-01-01T00:00:00+00:00
[2022-07-02 00:27:11,795] {logging_mixin.py:115} INFO - [2022-07-02 00:27:11,795] {dag.py:2931} INFO - Setting next_dagrun for example_subdag_operator.section-1 to None, run_after=None
[2022-07-02 00:27:11,795] {logging_mixin.py:115} INFO - [2022-07-02 00:27:11,795] {dag.py:2931} INFO - Setting next_dagrun for example_subdag_operator.section-2 to None, run_after=None
[2022-07-02 00:27:11,800] {logging_mixin.py:115} INFO - [2022-07-02 00:27:11,800] {dag.py:2379} INFO - Sync 2 DAGs
[2022-07-02 00:27:11,804] {logging_mixin.py:115} INFO - [2022-07-02 00:27:11,804] {dag.py:2931} INFO - Setting next_dagrun for example_subdag_operator.section-1 to None, run_after=None
[2022-07-02 00:27:11,804] {logging_mixin.py:115} INFO - [2022-07-02 00:27:11,804] {dag.py:2931} INFO - Setting next_dagrun for example_subdag_operator.section-2 to None, run_after=None
[2022-07-02 00:27:11,808] {processor.py:161} INFO - Processing /home/airflow/.local/lib/python3.7/site-packages/airflow/example_dags/example_subdag_operator.py took 0.196 seconds
[2022-07-02 00:27:41,874] {processor.py:153} INFO - Started process (PID=431) to work on /home/airflow/.local/lib/python3.7/site-packages/airflow/example_dags/example_subdag_operator.py
[2022-07-02 00:27:41,875] {processor.py:641} INFO - Processing file /home/airflow/.local/lib/python3.7/site-packages/airflow/example_dags/example_subdag_operator.py for tasks to queue
[2022-07-02 00:27:41,876] {logging_mixin.py:115} INFO - [2022-07-02 00:27:41,876] {dagbag.py:507} INFO - Filling up the DagBag from /home/airflow/.local/lib/python3.7/site-packages/airflow/example_dags/example_subdag_operator.py
[2022-07-02 00:27:41,895] {processor.py:651} INFO - DAG(s) dict_keys(['example_subdag_operator.section-1', 'example_subdag_operator.section-2', 'example_subdag_operator']) retrieved from /home/airflow/.local/lib/python3.7/site-packages/airflow/example_dags/example_subdag_operator.py
[2022-07-02 00:27:41,929] {logging_mixin.py:115} INFO - [2022-07-02 00:27:41,929] {dag.py:2379} INFO - Sync 3 DAGs
[2022-07-02 00:27:42,051] {logging_mixin.py:115} INFO - [2022-07-02 00:27:42,051] {dag.py:2931} INFO - Setting next_dagrun for example_subdag_operator to 2022-01-01T00:00:00+00:00, run_after=2022-01-01T00:00:00+00:00
[2022-07-02 00:27:42,051] {logging_mixin.py:115} INFO - [2022-07-02 00:27:42,051] {dag.py:2931} INFO - Setting next_dagrun for example_subdag_operator.section-1 to None, run_after=None
[2022-07-02 00:27:42,051] {logging_mixin.py:115} INFO - [2022-07-02 00:27:42,051] {dag.py:2931} INFO - Setting next_dagrun for example_subdag_operator.section-2 to None, run_after=None
[2022-07-02 00:27:42,056] {logging_mixin.py:115} INFO - [2022-07-02 00:27:42,056] {dag.py:2379} INFO - Sync 2 DAGs
[2022-07-02 00:27:42,060] {logging_mixin.py:115} INFO - [2022-07-02 00:27:42,060] {dag.py:2931} INFO - Setting next_dagrun for example_subdag_operator.section-1 to None, run_after=None
[2022-07-02 00:27:42,060] {logging_mixin.py:115} INFO - [2022-07-02 00:27:42,060] {dag.py:2931} INFO - Setting next_dagrun for example_subdag_operator.section-2 to None, run_after=None
[2022-07-02 00:27:42,065] {processor.py:161} INFO - Processing /home/airflow/.local/lib/python3.7/site-packages/airflow/example_dags/example_subdag_operator.py took 0.194 seconds
[2022-07-02 00:28:12,738] {processor.py:153} INFO - Started process (PID=493) to work on /home/airflow/.local/lib/python3.7/site-packages/airflow/example_dags/example_subdag_operator.py
[2022-07-02 00:28:12,740] {processor.py:641} INFO - Processing file /home/airflow/.local/lib/python3.7/site-packages/airflow/example_dags/example_subdag_operator.py for tasks to queue
[2022-07-02 00:28:12,740] {logging_mixin.py:115} INFO - [2022-07-02 00:28:12,740] {dagbag.py:507} INFO - Filling up the DagBag from /home/airflow/.local/lib/python3.7/site-packages/airflow/example_dags/example_subdag_operator.py
[2022-07-02 00:28:12,758] {processor.py:651} INFO - DAG(s) dict_keys(['example_subdag_operator.section-1', 'example_subdag_operator.section-2', 'example_subdag_operator']) retrieved from /home/airflow/.local/lib/python3.7/site-packages/airflow/example_dags/example_subdag_operator.py
[2022-07-02 00:28:12,786] {logging_mixin.py:115} INFO - [2022-07-02 00:28:12,786] {dag.py:2379} INFO - Sync 3 DAGs
[2022-07-02 00:28:12,921] {logging_mixin.py:115} INFO - [2022-07-02 00:28:12,921] {dag.py:2931} INFO - Setting next_dagrun for example_subdag_operator to 2022-01-01T00:00:00+00:00, run_after=2022-01-01T00:00:00+00:00
[2022-07-02 00:28:12,921] {logging_mixin.py:115} INFO - [2022-07-02 00:28:12,921] {dag.py:2931} INFO - Setting next_dagrun for example_subdag_operator.section-1 to None, run_after=None
[2022-07-02 00:28:12,921] {logging_mixin.py:115} INFO - [2022-07-02 00:28:12,921] {dag.py:2931} INFO - Setting next_dagrun for example_subdag_operator.section-2 to None, run_after=None
[2022-07-02 00:28:12,928] {logging_mixin.py:115} INFO - [2022-07-02 00:28:12,928] {dag.py:2379} INFO - Sync 2 DAGs
[2022-07-02 00:28:12,934] {logging_mixin.py:115} INFO - [2022-07-02 00:28:12,934] {dag.py:2931} INFO - Setting next_dagrun for example_subdag_operator.section-1 to None, run_after=None
[2022-07-02 00:28:12,935] {logging_mixin.py:115} INFO - [2022-07-02 00:28:12,935] {dag.py:2931} INFO - Setting next_dagrun for example_subdag_operator.section-2 to None, run_after=None
[2022-07-02 00:28:12,942] {processor.py:161} INFO - Processing /home/airflow/.local/lib/python3.7/site-packages/airflow/example_dags/example_subdag_operator.py took 0.206 seconds
[2022-07-02 00:28:43,128] {processor.py:153} INFO - Started process (PID=555) to work on /home/airflow/.local/lib/python3.7/site-packages/airflow/example_dags/example_subdag_operator.py
[2022-07-02 00:28:43,128] {processor.py:641} INFO - Processing file /home/airflow/.local/lib/python3.7/site-packages/airflow/example_dags/example_subdag_operator.py for tasks to queue
[2022-07-02 00:28:43,128] {logging_mixin.py:115} INFO - [2022-07-02 00:28:43,128] {dagbag.py:507} INFO - Filling up the DagBag from /home/airflow/.local/lib/python3.7/site-packages/airflow/example_dags/example_subdag_operator.py
[2022-07-02 00:28:43,145] {processor.py:651} INFO - DAG(s) dict_keys(['example_subdag_operator.section-1', 'example_subdag_operator.section-2', 'example_subdag_operator']) retrieved from /home/airflow/.local/lib/python3.7/site-packages/airflow/example_dags/example_subdag_operator.py
[2022-07-02 00:28:43,170] {logging_mixin.py:115} INFO - [2022-07-02 00:28:43,169] {dag.py:2379} INFO - Sync 3 DAGs
[2022-07-02 00:28:43,286] {logging_mixin.py:115} INFO - [2022-07-02 00:28:43,286] {dag.py:2931} INFO - Setting next_dagrun for example_subdag_operator to 2022-01-01T00:00:00+00:00, run_after=2022-01-01T00:00:00+00:00
[2022-07-02 00:28:43,287] {logging_mixin.py:115} INFO - [2022-07-02 00:28:43,287] {dag.py:2931} INFO - Setting next_dagrun for example_subdag_operator.section-1 to None, run_after=None
[2022-07-02 00:28:43,287] {logging_mixin.py:115} INFO - [2022-07-02 00:28:43,287] {dag.py:2931} INFO - Setting next_dagrun for example_subdag_operator.section-2 to None, run_after=None
[2022-07-02 00:28:43,292] {logging_mixin.py:115} INFO - [2022-07-02 00:28:43,292] {dag.py:2379} INFO - Sync 2 DAGs
[2022-07-02 00:28:43,296] {logging_mixin.py:115} INFO - [2022-07-02 00:28:43,296] {dag.py:2931} INFO - Setting next_dagrun for example_subdag_operator.section-1 to None, run_after=None
[2022-07-02 00:28:43,296] {logging_mixin.py:115} INFO - [2022-07-02 00:28:43,296] {dag.py:2931} INFO - Setting next_dagrun for example_subdag_operator.section-2 to None, run_after=None
[2022-07-02 00:28:43,302] {processor.py:161} INFO - Processing /home/airflow/.local/lib/python3.7/site-packages/airflow/example_dags/example_subdag_operator.py took 0.176 seconds
[2022-07-02 00:29:13,528] {processor.py:153} INFO - Started process (PID=616) to work on /home/airflow/.local/lib/python3.7/site-packages/airflow/example_dags/example_subdag_operator.py
[2022-07-02 00:29:13,528] {processor.py:641} INFO - Processing file /home/airflow/.local/lib/python3.7/site-packages/airflow/example_dags/example_subdag_operator.py for tasks to queue
[2022-07-02 00:29:13,529] {logging_mixin.py:115} INFO - [2022-07-02 00:29:13,529] {dagbag.py:507} INFO - Filling up the DagBag from /home/airflow/.local/lib/python3.7/site-packages/airflow/example_dags/example_subdag_operator.py
[2022-07-02 00:29:13,557] {processor.py:651} INFO - DAG(s) dict_keys(['example_subdag_operator.section-1', 'example_subdag_operator.section-2', 'example_subdag_operator']) retrieved from /home/airflow/.local/lib/python3.7/site-packages/airflow/example_dags/example_subdag_operator.py
[2022-07-02 00:29:13,601] {logging_mixin.py:115} INFO - [2022-07-02 00:29:13,601] {dag.py:2379} INFO - Sync 3 DAGs
[2022-07-02 00:29:13,762] {logging_mixin.py:115} INFO - [2022-07-02 00:29:13,762] {dag.py:2931} INFO - Setting next_dagrun for example_subdag_operator to 2022-01-01T00:00:00+00:00, run_after=2022-01-01T00:00:00+00:00
[2022-07-02 00:29:13,762] {logging_mixin.py:115} INFO - [2022-07-02 00:29:13,762] {dag.py:2931} INFO - Setting next_dagrun for example_subdag_operator.section-1 to None, run_after=None
[2022-07-02 00:29:13,762] {logging_mixin.py:115} INFO - [2022-07-02 00:29:13,762] {dag.py:2931} INFO - Setting next_dagrun for example_subdag_operator.section-2 to None, run_after=None
[2022-07-02 00:29:13,768] {logging_mixin.py:115} INFO - [2022-07-02 00:29:13,768] {dag.py:2379} INFO - Sync 2 DAGs
[2022-07-02 00:29:13,772] {logging_mixin.py:115} INFO - [2022-07-02 00:29:13,772] {dag.py:2931} INFO - Setting next_dagrun for example_subdag_operator.section-1 to None, run_after=None
[2022-07-02 00:29:13,773] {logging_mixin.py:115} INFO - [2022-07-02 00:29:13,772] {dag.py:2931} INFO - Setting next_dagrun for example_subdag_operator.section-2 to None, run_after=None
[2022-07-02 00:29:13,780] {processor.py:161} INFO - Processing /home/airflow/.local/lib/python3.7/site-packages/airflow/example_dags/example_subdag_operator.py took 0.255 seconds
[2022-07-02 00:29:44,045] {processor.py:153} INFO - Started process (PID=668) to work on /home/airflow/.local/lib/python3.7/site-packages/airflow/example_dags/example_subdag_operator.py
[2022-07-02 00:29:44,047] {processor.py:641} INFO - Processing file /home/airflow/.local/lib/python3.7/site-packages/airflow/example_dags/example_subdag_operator.py for tasks to queue
[2022-07-02 00:29:44,047] {logging_mixin.py:115} INFO - [2022-07-02 00:29:44,047] {dagbag.py:507} INFO - Filling up the DagBag from /home/airflow/.local/lib/python3.7/site-packages/airflow/example_dags/example_subdag_operator.py
[2022-07-02 00:29:44,070] {processor.py:651} INFO - DAG(s) dict_keys(['example_subdag_operator.section-1', 'example_subdag_operator.section-2', 'example_subdag_operator']) retrieved from /home/airflow/.local/lib/python3.7/site-packages/airflow/example_dags/example_subdag_operator.py
[2022-07-02 00:29:44,100] {logging_mixin.py:115} INFO - [2022-07-02 00:29:44,100] {dag.py:2379} INFO - Sync 3 DAGs
[2022-07-02 00:29:44,241] {logging_mixin.py:115} INFO - [2022-07-02 00:29:44,241] {dag.py:2931} INFO - Setting next_dagrun for example_subdag_operator to 2022-01-01T00:00:00+00:00, run_after=2022-01-01T00:00:00+00:00
[2022-07-02 00:29:44,242] {logging_mixin.py:115} INFO - [2022-07-02 00:29:44,242] {dag.py:2931} INFO - Setting next_dagrun for example_subdag_operator.section-1 to None, run_after=None
[2022-07-02 00:29:44,242] {logging_mixin.py:115} INFO - [2022-07-02 00:29:44,242] {dag.py:2931} INFO - Setting next_dagrun for example_subdag_operator.section-2 to None, run_after=None
[2022-07-02 00:29:44,248] {logging_mixin.py:115} INFO - [2022-07-02 00:29:44,248] {dag.py:2379} INFO - Sync 2 DAGs
[2022-07-02 00:29:44,253] {logging_mixin.py:115} INFO - [2022-07-02 00:29:44,253] {dag.py:2931} INFO - Setting next_dagrun for example_subdag_operator.section-1 to None, run_after=None
[2022-07-02 00:29:44,253] {logging_mixin.py:115} INFO - [2022-07-02 00:29:44,253] {dag.py:2931} INFO - Setting next_dagrun for example_subdag_operator.section-2 to None, run_after=None
[2022-07-02 00:29:44,258] {processor.py:161} INFO - Processing /home/airflow/.local/lib/python3.7/site-packages/airflow/example_dags/example_subdag_operator.py took 0.215 seconds
[2022-07-02 00:31:27,877] {processor.py:153} INFO - Started process (PID=83) to work on /home/airflow/.local/lib/python3.7/site-packages/airflow/example_dags/example_subdag_operator.py
[2022-07-02 00:31:27,878] {processor.py:641} INFO - Processing file /home/airflow/.local/lib/python3.7/site-packages/airflow/example_dags/example_subdag_operator.py for tasks to queue
[2022-07-02 00:31:27,879] {logging_mixin.py:115} INFO - [2022-07-02 00:31:27,878] {dagbag.py:507} INFO - Filling up the DagBag from /home/airflow/.local/lib/python3.7/site-packages/airflow/example_dags/example_subdag_operator.py
[2022-07-02 00:31:27,927] {processor.py:651} INFO - DAG(s) dict_keys(['example_subdag_operator.section-1', 'example_subdag_operator.section-2', 'example_subdag_operator']) retrieved from /home/airflow/.local/lib/python3.7/site-packages/airflow/example_dags/example_subdag_operator.py
[2022-07-02 00:31:28,200] {logging_mixin.py:115} INFO - [2022-07-02 00:31:28,200] {manager.py:508} INFO - Created Permission View: can delete on DAG:example_subdag_operator
[2022-07-02 00:31:28,211] {logging_mixin.py:115} INFO - [2022-07-02 00:31:28,211] {manager.py:508} INFO - Created Permission View: can edit on DAG:example_subdag_operator
[2022-07-02 00:31:28,222] {logging_mixin.py:115} INFO - [2022-07-02 00:31:28,222] {manager.py:508} INFO - Created Permission View: can read on DAG:example_subdag_operator
[2022-07-02 00:31:28,222] {logging_mixin.py:115} INFO - [2022-07-02 00:31:28,222] {dag.py:2379} INFO - Sync 3 DAGs
[2022-07-02 00:31:28,236] {logging_mixin.py:115} INFO - [2022-07-02 00:31:28,236] {dag.py:2398} INFO - Creating ORM DAG for example_subdag_operator.section-1
[2022-07-02 00:31:28,237] {logging_mixin.py:115} INFO - [2022-07-02 00:31:28,237] {dag.py:2398} INFO - Creating ORM DAG for example_subdag_operator.section-2
[2022-07-02 00:31:28,237] {logging_mixin.py:115} INFO - [2022-07-02 00:31:28,237] {dag.py:2398} INFO - Creating ORM DAG for example_subdag_operator
[2022-07-02 00:31:28,257] {logging_mixin.py:115} INFO - [2022-07-02 00:31:28,257] {dag.py:2931} INFO - Setting next_dagrun for example_subdag_operator to 2022-01-01T00:00:00+00:00, run_after=2022-01-01T00:00:00+00:00
[2022-07-02 00:31:28,258] {logging_mixin.py:115} INFO - [2022-07-02 00:31:28,258] {dag.py:2931} INFO - Setting next_dagrun for example_subdag_operator.section-1 to None, run_after=None
[2022-07-02 00:31:28,258] {logging_mixin.py:115} INFO - [2022-07-02 00:31:28,258] {dag.py:2931} INFO - Setting next_dagrun for example_subdag_operator.section-2 to None, run_after=None
[2022-07-02 00:31:28,275] {logging_mixin.py:115} INFO - [2022-07-02 00:31:28,275] {dag.py:2379} INFO - Sync 2 DAGs
[2022-07-02 00:31:28,283] {logging_mixin.py:115} INFO - [2022-07-02 00:31:28,283] {dag.py:2931} INFO - Setting next_dagrun for example_subdag_operator.section-1 to None, run_after=None
[2022-07-02 00:31:28,283] {logging_mixin.py:115} INFO - [2022-07-02 00:31:28,283] {dag.py:2931} INFO - Setting next_dagrun for example_subdag_operator.section-2 to None, run_after=None
[2022-07-02 00:31:28,293] {processor.py:161} INFO - Processing /home/airflow/.local/lib/python3.7/site-packages/airflow/example_dags/example_subdag_operator.py took 0.419 seconds
[2022-07-02 00:31:59,021] {processor.py:153} INFO - Started process (PID=144) to work on /home/airflow/.local/lib/python3.7/site-packages/airflow/example_dags/example_subdag_operator.py
[2022-07-02 00:31:59,021] {processor.py:641} INFO - Processing file /home/airflow/.local/lib/python3.7/site-packages/airflow/example_dags/example_subdag_operator.py for tasks to queue
[2022-07-02 00:31:59,022] {logging_mixin.py:115} INFO - [2022-07-02 00:31:59,022] {dagbag.py:507} INFO - Filling up the DagBag from /home/airflow/.local/lib/python3.7/site-packages/airflow/example_dags/example_subdag_operator.py
[2022-07-02 00:31:59,044] {processor.py:651} INFO - DAG(s) dict_keys(['example_subdag_operator.section-1', 'example_subdag_operator.section-2', 'example_subdag_operator']) retrieved from /home/airflow/.local/lib/python3.7/site-packages/airflow/example_dags/example_subdag_operator.py
[2022-07-02 00:31:59,087] {logging_mixin.py:115} INFO - [2022-07-02 00:31:59,087] {dag.py:2379} INFO - Sync 3 DAGs
[2022-07-02 00:31:59,245] {logging_mixin.py:115} INFO - [2022-07-02 00:31:59,245] {dag.py:2931} INFO - Setting next_dagrun for example_subdag_operator to 2022-01-01T00:00:00+00:00, run_after=2022-01-01T00:00:00+00:00
[2022-07-02 00:31:59,245] {logging_mixin.py:115} INFO - [2022-07-02 00:31:59,245] {dag.py:2931} INFO - Setting next_dagrun for example_subdag_operator.section-1 to None, run_after=None
[2022-07-02 00:31:59,245] {logging_mixin.py:115} INFO - [2022-07-02 00:31:59,245] {dag.py:2931} INFO - Setting next_dagrun for example_subdag_operator.section-2 to None, run_after=None
[2022-07-02 00:31:59,257] {logging_mixin.py:115} INFO - [2022-07-02 00:31:59,257] {dag.py:2379} INFO - Sync 2 DAGs
[2022-07-02 00:31:59,263] {logging_mixin.py:115} INFO - [2022-07-02 00:31:59,263] {dag.py:2931} INFO - Setting next_dagrun for example_subdag_operator.section-1 to None, run_after=None
[2022-07-02 00:31:59,264] {logging_mixin.py:115} INFO - [2022-07-02 00:31:59,264] {dag.py:2931} INFO - Setting next_dagrun for example_subdag_operator.section-2 to None, run_after=None
[2022-07-02 00:31:59,270] {processor.py:161} INFO - Processing /home/airflow/.local/lib/python3.7/site-packages/airflow/example_dags/example_subdag_operator.py took 0.252 seconds
[2022-07-02 00:32:29,423] {processor.py:153} INFO - Started process (PID=205) to work on /home/airflow/.local/lib/python3.7/site-packages/airflow/example_dags/example_subdag_operator.py
[2022-07-02 00:32:29,424] {processor.py:641} INFO - Processing file /home/airflow/.local/lib/python3.7/site-packages/airflow/example_dags/example_subdag_operator.py for tasks to queue
[2022-07-02 00:32:29,424] {logging_mixin.py:115} INFO - [2022-07-02 00:32:29,424] {dagbag.py:507} INFO - Filling up the DagBag from /home/airflow/.local/lib/python3.7/site-packages/airflow/example_dags/example_subdag_operator.py
[2022-07-02 00:32:29,449] {processor.py:651} INFO - DAG(s) dict_keys(['example_subdag_operator.section-1', 'example_subdag_operator.section-2', 'example_subdag_operator']) retrieved from /home/airflow/.local/lib/python3.7/site-packages/airflow/example_dags/example_subdag_operator.py
[2022-07-02 00:32:29,481] {logging_mixin.py:115} INFO - [2022-07-02 00:32:29,481] {dag.py:2379} INFO - Sync 3 DAGs
[2022-07-02 00:32:29,622] {logging_mixin.py:115} INFO - [2022-07-02 00:32:29,622] {dag.py:2931} INFO - Setting next_dagrun for example_subdag_operator to 2022-01-01T00:00:00+00:00, run_after=2022-01-01T00:00:00+00:00
[2022-07-02 00:32:29,622] {logging_mixin.py:115} INFO - [2022-07-02 00:32:29,622] {dag.py:2931} INFO - Setting next_dagrun for example_subdag_operator.section-1 to None, run_after=None
[2022-07-02 00:32:29,622] {logging_mixin.py:115} INFO - [2022-07-02 00:32:29,622] {dag.py:2931} INFO - Setting next_dagrun for example_subdag_operator.section-2 to None, run_after=None
[2022-07-02 00:32:29,629] {logging_mixin.py:115} INFO - [2022-07-02 00:32:29,629] {dag.py:2379} INFO - Sync 2 DAGs
[2022-07-02 00:32:29,636] {logging_mixin.py:115} INFO - [2022-07-02 00:32:29,636] {dag.py:2931} INFO - Setting next_dagrun for example_subdag_operator.section-1 to None, run_after=None
[2022-07-02 00:32:29,637] {logging_mixin.py:115} INFO - [2022-07-02 00:32:29,637] {dag.py:2931} INFO - Setting next_dagrun for example_subdag_operator.section-2 to None, run_after=None
[2022-07-02 00:32:29,643] {processor.py:161} INFO - Processing /home/airflow/.local/lib/python3.7/site-packages/airflow/example_dags/example_subdag_operator.py took 0.223 seconds
[2022-07-02 00:32:59,756] {processor.py:153} INFO - Started process (PID=257) to work on /home/airflow/.local/lib/python3.7/site-packages/airflow/example_dags/example_subdag_operator.py
[2022-07-02 00:32:59,757] {processor.py:641} INFO - Processing file /home/airflow/.local/lib/python3.7/site-packages/airflow/example_dags/example_subdag_operator.py for tasks to queue
[2022-07-02 00:32:59,757] {logging_mixin.py:115} INFO - [2022-07-02 00:32:59,757] {dagbag.py:507} INFO - Filling up the DagBag from /home/airflow/.local/lib/python3.7/site-packages/airflow/example_dags/example_subdag_operator.py
[2022-07-02 00:32:59,780] {processor.py:651} INFO - DAG(s) dict_keys(['example_subdag_operator.section-1', 'example_subdag_operator.section-2', 'example_subdag_operator']) retrieved from /home/airflow/.local/lib/python3.7/site-packages/airflow/example_dags/example_subdag_operator.py
[2022-07-02 00:32:59,811] {logging_mixin.py:115} INFO - [2022-07-02 00:32:59,810] {dag.py:2379} INFO - Sync 3 DAGs
[2022-07-02 00:32:59,929] {logging_mixin.py:115} INFO - [2022-07-02 00:32:59,929] {dag.py:2931} INFO - Setting next_dagrun for example_subdag_operator to 2022-01-01T00:00:00+00:00, run_after=2022-01-01T00:00:00+00:00
[2022-07-02 00:32:59,929] {logging_mixin.py:115} INFO - [2022-07-02 00:32:59,929] {dag.py:2931} INFO - Setting next_dagrun for example_subdag_operator.section-1 to None, run_after=None
[2022-07-02 00:32:59,929] {logging_mixin.py:115} INFO - [2022-07-02 00:32:59,929] {dag.py:2931} INFO - Setting next_dagrun for example_subdag_operator.section-2 to None, run_after=None
[2022-07-02 00:32:59,935] {logging_mixin.py:115} INFO - [2022-07-02 00:32:59,935] {dag.py:2379} INFO - Sync 2 DAGs
[2022-07-02 00:32:59,939] {logging_mixin.py:115} INFO - [2022-07-02 00:32:59,939] {dag.py:2931} INFO - Setting next_dagrun for example_subdag_operator.section-1 to None, run_after=None
[2022-07-02 00:32:59,940] {logging_mixin.py:115} INFO - [2022-07-02 00:32:59,940] {dag.py:2931} INFO - Setting next_dagrun for example_subdag_operator.section-2 to None, run_after=None
[2022-07-02 00:32:59,944] {processor.py:161} INFO - Processing /home/airflow/.local/lib/python3.7/site-packages/airflow/example_dags/example_subdag_operator.py took 0.191 seconds
[2022-07-02 00:33:30,622] {processor.py:153} INFO - Started process (PID=318) to work on /home/airflow/.local/lib/python3.7/site-packages/airflow/example_dags/example_subdag_operator.py
[2022-07-02 00:33:30,622] {processor.py:641} INFO - Processing file /home/airflow/.local/lib/python3.7/site-packages/airflow/example_dags/example_subdag_operator.py for tasks to queue
[2022-07-02 00:33:30,623] {logging_mixin.py:115} INFO - [2022-07-02 00:33:30,623] {dagbag.py:507} INFO - Filling up the DagBag from /home/airflow/.local/lib/python3.7/site-packages/airflow/example_dags/example_subdag_operator.py
[2022-07-02 00:33:30,649] {processor.py:651} INFO - DAG(s) dict_keys(['example_subdag_operator.section-1', 'example_subdag_operator.section-2', 'example_subdag_operator']) retrieved from /home/airflow/.local/lib/python3.7/site-packages/airflow/example_dags/example_subdag_operator.py
[2022-07-02 00:33:30,685] {logging_mixin.py:115} INFO - [2022-07-02 00:33:30,685] {dag.py:2379} INFO - Sync 3 DAGs
[2022-07-02 00:33:30,836] {logging_mixin.py:115} INFO - [2022-07-02 00:33:30,835] {dag.py:2931} INFO - Setting next_dagrun for example_subdag_operator to 2022-01-01T00:00:00+00:00, run_after=2022-01-01T00:00:00+00:00
[2022-07-02 00:33:30,836] {logging_mixin.py:115} INFO - [2022-07-02 00:33:30,836] {dag.py:2931} INFO - Setting next_dagrun for example_subdag_operator.section-1 to None, run_after=None
[2022-07-02 00:33:30,836] {logging_mixin.py:115} INFO - [2022-07-02 00:33:30,836] {dag.py:2931} INFO - Setting next_dagrun for example_subdag_operator.section-2 to None, run_after=None
[2022-07-02 00:33:30,841] {logging_mixin.py:115} INFO - [2022-07-02 00:33:30,841] {dag.py:2379} INFO - Sync 2 DAGs
[2022-07-02 00:33:30,846] {logging_mixin.py:115} INFO - [2022-07-02 00:33:30,846] {dag.py:2931} INFO - Setting next_dagrun for example_subdag_operator.section-1 to None, run_after=None
[2022-07-02 00:33:30,846] {logging_mixin.py:115} INFO - [2022-07-02 00:33:30,846] {dag.py:2931} INFO - Setting next_dagrun for example_subdag_operator.section-2 to None, run_after=None
[2022-07-02 00:33:30,852] {processor.py:161} INFO - Processing /home/airflow/.local/lib/python3.7/site-packages/airflow/example_dags/example_subdag_operator.py took 0.233 seconds
[2022-07-02 00:34:01,314] {processor.py:153} INFO - Started process (PID=381) to work on /home/airflow/.local/lib/python3.7/site-packages/airflow/example_dags/example_subdag_operator.py
[2022-07-02 00:34:01,315] {processor.py:641} INFO - Processing file /home/airflow/.local/lib/python3.7/site-packages/airflow/example_dags/example_subdag_operator.py for tasks to queue
[2022-07-02 00:34:01,315] {logging_mixin.py:115} INFO - [2022-07-02 00:34:01,315] {dagbag.py:507} INFO - Filling up the DagBag from /home/airflow/.local/lib/python3.7/site-packages/airflow/example_dags/example_subdag_operator.py
[2022-07-02 00:34:01,342] {processor.py:651} INFO - DAG(s) dict_keys(['example_subdag_operator.section-1', 'example_subdag_operator.section-2', 'example_subdag_operator']) retrieved from /home/airflow/.local/lib/python3.7/site-packages/airflow/example_dags/example_subdag_operator.py
[2022-07-02 00:34:01,375] {logging_mixin.py:115} INFO - [2022-07-02 00:34:01,375] {dag.py:2379} INFO - Sync 3 DAGs
[2022-07-02 00:34:01,515] {logging_mixin.py:115} INFO - [2022-07-02 00:34:01,515] {dag.py:2931} INFO - Setting next_dagrun for example_subdag_operator to 2022-01-01T00:00:00+00:00, run_after=2022-01-01T00:00:00+00:00
[2022-07-02 00:34:01,515] {logging_mixin.py:115} INFO - [2022-07-02 00:34:01,515] {dag.py:2931} INFO - Setting next_dagrun for example_subdag_operator.section-1 to None, run_after=None
[2022-07-02 00:34:01,516] {logging_mixin.py:115} INFO - [2022-07-02 00:34:01,515] {dag.py:2931} INFO - Setting next_dagrun for example_subdag_operator.section-2 to None, run_after=None
[2022-07-02 00:34:01,522] {logging_mixin.py:115} INFO - [2022-07-02 00:34:01,521] {dag.py:2379} INFO - Sync 2 DAGs
[2022-07-02 00:34:01,527] {logging_mixin.py:115} INFO - [2022-07-02 00:34:01,527] {dag.py:2931} INFO - Setting next_dagrun for example_subdag_operator.section-1 to None, run_after=None
[2022-07-02 00:34:01,527] {logging_mixin.py:115} INFO - [2022-07-02 00:34:01,527] {dag.py:2931} INFO - Setting next_dagrun for example_subdag_operator.section-2 to None, run_after=None
[2022-07-02 00:34:01,536] {processor.py:161} INFO - Processing /home/airflow/.local/lib/python3.7/site-packages/airflow/example_dags/example_subdag_operator.py took 0.225 seconds
[2022-07-02 00:34:32,047] {processor.py:153} INFO - Started process (PID=433) to work on /home/airflow/.local/lib/python3.7/site-packages/airflow/example_dags/example_subdag_operator.py
[2022-07-02 00:34:32,048] {processor.py:641} INFO - Processing file /home/airflow/.local/lib/python3.7/site-packages/airflow/example_dags/example_subdag_operator.py for tasks to queue
[2022-07-02 00:34:32,048] {logging_mixin.py:115} INFO - [2022-07-02 00:34:32,048] {dagbag.py:507} INFO - Filling up the DagBag from /home/airflow/.local/lib/python3.7/site-packages/airflow/example_dags/example_subdag_operator.py
[2022-07-02 00:34:32,068] {processor.py:651} INFO - DAG(s) dict_keys(['example_subdag_operator.section-1', 'example_subdag_operator.section-2', 'example_subdag_operator']) retrieved from /home/airflow/.local/lib/python3.7/site-packages/airflow/example_dags/example_subdag_operator.py
[2022-07-02 00:34:32,101] {logging_mixin.py:115} INFO - [2022-07-02 00:34:32,100] {dag.py:2379} INFO - Sync 3 DAGs
[2022-07-02 00:34:32,280] {logging_mixin.py:115} INFO - [2022-07-02 00:34:32,280] {dag.py:2931} INFO - Setting next_dagrun for example_subdag_operator to 2022-01-01T00:00:00+00:00, run_after=2022-01-01T00:00:00+00:00
[2022-07-02 00:34:32,280] {logging_mixin.py:115} INFO - [2022-07-02 00:34:32,280] {dag.py:2931} INFO - Setting next_dagrun for example_subdag_operator.section-1 to None, run_after=None
[2022-07-02 00:34:32,280] {logging_mixin.py:115} INFO - [2022-07-02 00:34:32,280] {dag.py:2931} INFO - Setting next_dagrun for example_subdag_operator.section-2 to None, run_after=None
[2022-07-02 00:34:32,287] {logging_mixin.py:115} INFO - [2022-07-02 00:34:32,287] {dag.py:2379} INFO - Sync 2 DAGs
[2022-07-02 00:34:32,293] {logging_mixin.py:115} INFO - [2022-07-02 00:34:32,292] {dag.py:2931} INFO - Setting next_dagrun for example_subdag_operator.section-1 to None, run_after=None
[2022-07-02 00:34:32,293] {logging_mixin.py:115} INFO - [2022-07-02 00:34:32,293] {dag.py:2931} INFO - Setting next_dagrun for example_subdag_operator.section-2 to None, run_after=None
[2022-07-02 00:34:32,300] {processor.py:161} INFO - Processing /home/airflow/.local/lib/python3.7/site-packages/airflow/example_dags/example_subdag_operator.py took 0.255 seconds
[2022-07-02 00:35:02,433] {processor.py:153} INFO - Started process (PID=495) to work on /home/airflow/.local/lib/python3.7/site-packages/airflow/example_dags/example_subdag_operator.py
[2022-07-02 00:35:02,434] {processor.py:641} INFO - Processing file /home/airflow/.local/lib/python3.7/site-packages/airflow/example_dags/example_subdag_operator.py for tasks to queue
[2022-07-02 00:35:02,434] {logging_mixin.py:115} INFO - [2022-07-02 00:35:02,434] {dagbag.py:507} INFO - Filling up the DagBag from /home/airflow/.local/lib/python3.7/site-packages/airflow/example_dags/example_subdag_operator.py
[2022-07-02 00:35:02,458] {processor.py:651} INFO - DAG(s) dict_keys(['example_subdag_operator.section-1', 'example_subdag_operator.section-2', 'example_subdag_operator']) retrieved from /home/airflow/.local/lib/python3.7/site-packages/airflow/example_dags/example_subdag_operator.py
[2022-07-02 00:35:02,497] {logging_mixin.py:115} INFO - [2022-07-02 00:35:02,497] {dag.py:2379} INFO - Sync 3 DAGs
[2022-07-02 00:35:02,634] {logging_mixin.py:115} INFO - [2022-07-02 00:35:02,634] {dag.py:2931} INFO - Setting next_dagrun for example_subdag_operator to 2022-01-01T00:00:00+00:00, run_after=2022-01-01T00:00:00+00:00
[2022-07-02 00:35:02,635] {logging_mixin.py:115} INFO - [2022-07-02 00:35:02,635] {dag.py:2931} INFO - Setting next_dagrun for example_subdag_operator.section-1 to None, run_after=None
[2022-07-02 00:35:02,635] {logging_mixin.py:115} INFO - [2022-07-02 00:35:02,635] {dag.py:2931} INFO - Setting next_dagrun for example_subdag_operator.section-2 to None, run_after=None
[2022-07-02 00:35:02,647] {logging_mixin.py:115} INFO - [2022-07-02 00:35:02,647] {dag.py:2379} INFO - Sync 2 DAGs
[2022-07-02 00:35:02,655] {logging_mixin.py:115} INFO - [2022-07-02 00:35:02,655] {dag.py:2931} INFO - Setting next_dagrun for example_subdag_operator.section-1 to None, run_after=None
[2022-07-02 00:35:02,656] {logging_mixin.py:115} INFO - [2022-07-02 00:35:02,656] {dag.py:2931} INFO - Setting next_dagrun for example_subdag_operator.section-2 to None, run_after=None
[2022-07-02 00:35:02,665] {processor.py:161} INFO - Processing /home/airflow/.local/lib/python3.7/site-packages/airflow/example_dags/example_subdag_operator.py took 0.235 seconds
[2022-07-02 00:35:32,736] {processor.py:153} INFO - Started process (PID=558) to work on /home/airflow/.local/lib/python3.7/site-packages/airflow/example_dags/example_subdag_operator.py
[2022-07-02 00:35:32,737] {processor.py:641} INFO - Processing file /home/airflow/.local/lib/python3.7/site-packages/airflow/example_dags/example_subdag_operator.py for tasks to queue
[2022-07-02 00:35:32,737] {logging_mixin.py:115} INFO - [2022-07-02 00:35:32,737] {dagbag.py:507} INFO - Filling up the DagBag from /home/airflow/.local/lib/python3.7/site-packages/airflow/example_dags/example_subdag_operator.py
[2022-07-02 00:35:32,763] {processor.py:651} INFO - DAG(s) dict_keys(['example_subdag_operator.section-1', 'example_subdag_operator.section-2', 'example_subdag_operator']) retrieved from /home/airflow/.local/lib/python3.7/site-packages/airflow/example_dags/example_subdag_operator.py
[2022-07-02 00:35:32,799] {logging_mixin.py:115} INFO - [2022-07-02 00:35:32,799] {dag.py:2379} INFO - Sync 3 DAGs
[2022-07-02 00:35:32,961] {logging_mixin.py:115} INFO - [2022-07-02 00:35:32,961] {dag.py:2931} INFO - Setting next_dagrun for example_subdag_operator to 2022-01-01T00:00:00+00:00, run_after=2022-01-01T00:00:00+00:00
[2022-07-02 00:35:32,961] {logging_mixin.py:115} INFO - [2022-07-02 00:35:32,961] {dag.py:2931} INFO - Setting next_dagrun for example_subdag_operator.section-1 to None, run_after=None
[2022-07-02 00:35:32,961] {logging_mixin.py:115} INFO - [2022-07-02 00:35:32,961] {dag.py:2931} INFO - Setting next_dagrun for example_subdag_operator.section-2 to None, run_after=None
[2022-07-02 00:35:32,968] {logging_mixin.py:115} INFO - [2022-07-02 00:35:32,967] {dag.py:2379} INFO - Sync 2 DAGs
[2022-07-02 00:35:32,972] {logging_mixin.py:115} INFO - [2022-07-02 00:35:32,972] {dag.py:2931} INFO - Setting next_dagrun for example_subdag_operator.section-1 to None, run_after=None
[2022-07-02 00:35:32,973] {logging_mixin.py:115} INFO - [2022-07-02 00:35:32,973] {dag.py:2931} INFO - Setting next_dagrun for example_subdag_operator.section-2 to None, run_after=None
[2022-07-02 00:35:32,979] {processor.py:161} INFO - Processing /home/airflow/.local/lib/python3.7/site-packages/airflow/example_dags/example_subdag_operator.py took 0.246 seconds
[2022-07-02 00:36:03,416] {processor.py:153} INFO - Started process (PID=610) to work on /home/airflow/.local/lib/python3.7/site-packages/airflow/example_dags/example_subdag_operator.py
[2022-07-02 00:36:03,417] {processor.py:641} INFO - Processing file /home/airflow/.local/lib/python3.7/site-packages/airflow/example_dags/example_subdag_operator.py for tasks to queue
[2022-07-02 00:36:03,417] {logging_mixin.py:115} INFO - [2022-07-02 00:36:03,417] {dagbag.py:507} INFO - Filling up the DagBag from /home/airflow/.local/lib/python3.7/site-packages/airflow/example_dags/example_subdag_operator.py
[2022-07-02 00:36:03,453] {processor.py:651} INFO - DAG(s) dict_keys(['example_subdag_operator.section-1', 'example_subdag_operator.section-2', 'example_subdag_operator']) retrieved from /home/airflow/.local/lib/python3.7/site-packages/airflow/example_dags/example_subdag_operator.py
[2022-07-02 00:36:03,486] {logging_mixin.py:115} INFO - [2022-07-02 00:36:03,486] {dag.py:2379} INFO - Sync 3 DAGs
[2022-07-02 00:36:03,620] {logging_mixin.py:115} INFO - [2022-07-02 00:36:03,620] {dag.py:2931} INFO - Setting next_dagrun for example_subdag_operator to 2022-01-01T00:00:00+00:00, run_after=2022-01-01T00:00:00+00:00
[2022-07-02 00:36:03,620] {logging_mixin.py:115} INFO - [2022-07-02 00:36:03,620] {dag.py:2931} INFO - Setting next_dagrun for example_subdag_operator.section-1 to None, run_after=None
[2022-07-02 00:36:03,620] {logging_mixin.py:115} INFO - [2022-07-02 00:36:03,620] {dag.py:2931} INFO - Setting next_dagrun for example_subdag_operator.section-2 to None, run_after=None
[2022-07-02 00:36:03,626] {logging_mixin.py:115} INFO - [2022-07-02 00:36:03,626] {dag.py:2379} INFO - Sync 2 DAGs
[2022-07-02 00:36:03,630] {logging_mixin.py:115} INFO - [2022-07-02 00:36:03,630] {dag.py:2931} INFO - Setting next_dagrun for example_subdag_operator.section-1 to None, run_after=None
[2022-07-02 00:36:03,630] {logging_mixin.py:115} INFO - [2022-07-02 00:36:03,630] {dag.py:2931} INFO - Setting next_dagrun for example_subdag_operator.section-2 to None, run_after=None
[2022-07-02 00:36:03,635] {processor.py:161} INFO - Processing /home/airflow/.local/lib/python3.7/site-packages/airflow/example_dags/example_subdag_operator.py took 0.223 seconds
[2022-07-02 00:36:34,151] {processor.py:153} INFO - Started process (PID=672) to work on /home/airflow/.local/lib/python3.7/site-packages/airflow/example_dags/example_subdag_operator.py
[2022-07-02 00:36:34,152] {processor.py:641} INFO - Processing file /home/airflow/.local/lib/python3.7/site-packages/airflow/example_dags/example_subdag_operator.py for tasks to queue
[2022-07-02 00:36:34,152] {logging_mixin.py:115} INFO - [2022-07-02 00:36:34,152] {dagbag.py:507} INFO - Filling up the DagBag from /home/airflow/.local/lib/python3.7/site-packages/airflow/example_dags/example_subdag_operator.py
[2022-07-02 00:36:34,170] {processor.py:651} INFO - DAG(s) dict_keys(['example_subdag_operator.section-1', 'example_subdag_operator.section-2', 'example_subdag_operator']) retrieved from /home/airflow/.local/lib/python3.7/site-packages/airflow/example_dags/example_subdag_operator.py
[2022-07-02 00:36:34,197] {logging_mixin.py:115} INFO - [2022-07-02 00:36:34,196] {dag.py:2379} INFO - Sync 3 DAGs
[2022-07-02 00:36:34,320] {logging_mixin.py:115} INFO - [2022-07-02 00:36:34,320] {dag.py:2931} INFO - Setting next_dagrun for example_subdag_operator to 2022-01-01T00:00:00+00:00, run_after=2022-01-01T00:00:00+00:00
[2022-07-02 00:36:34,320] {logging_mixin.py:115} INFO - [2022-07-02 00:36:34,320] {dag.py:2931} INFO - Setting next_dagrun for example_subdag_operator.section-1 to None, run_after=None
[2022-07-02 00:36:34,320] {logging_mixin.py:115} INFO - [2022-07-02 00:36:34,320] {dag.py:2931} INFO - Setting next_dagrun for example_subdag_operator.section-2 to None, run_after=None
[2022-07-02 00:36:34,326] {logging_mixin.py:115} INFO - [2022-07-02 00:36:34,326] {dag.py:2379} INFO - Sync 2 DAGs
[2022-07-02 00:36:34,331] {logging_mixin.py:115} INFO - [2022-07-02 00:36:34,331] {dag.py:2931} INFO - Setting next_dagrun for example_subdag_operator.section-1 to None, run_after=None
[2022-07-02 00:36:34,332] {logging_mixin.py:115} INFO - [2022-07-02 00:36:34,332] {dag.py:2931} INFO - Setting next_dagrun for example_subdag_operator.section-2 to None, run_after=None
[2022-07-02 00:36:34,337] {processor.py:161} INFO - Processing /home/airflow/.local/lib/python3.7/site-packages/airflow/example_dags/example_subdag_operator.py took 0.188 seconds
