[2022-07-02 00:24:30,334] {processor.py:153} INFO - Started process (PID=61) to work on /home/airflow/.local/lib/python3.7/site-packages/airflow/example_dags/example_task_group_decorator.py
[2022-07-02 00:24:30,334] {processor.py:641} INFO - Processing file /home/airflow/.local/lib/python3.7/site-packages/airflow/example_dags/example_task_group_decorator.py for tasks to queue
[2022-07-02 00:24:30,335] {logging_mixin.py:115} INFO - [2022-07-02 00:24:30,335] {dagbag.py:507} INFO - Filling up the DagBag from /home/airflow/.local/lib/python3.7/site-packages/airflow/example_dags/example_task_group_decorator.py
[2022-07-02 00:24:30,384] {processor.py:651} INFO - DAG(s) dict_keys(['example_task_group_decorator']) retrieved from /home/airflow/.local/lib/python3.7/site-packages/airflow/example_dags/example_task_group_decorator.py
[2022-07-02 00:24:34,693] {logging_mixin.py:115} INFO - [2022-07-02 00:24:34,693] {manager.py:508} INFO - Created Permission View: can edit on DAG:example_task_group_decorator
[2022-07-02 00:24:34,713] {logging_mixin.py:115} INFO - [2022-07-02 00:24:34,713] {manager.py:508} INFO - Created Permission View: can read on DAG:example_task_group_decorator
[2022-07-02 00:24:34,724] {logging_mixin.py:115} INFO - [2022-07-02 00:24:34,724] {manager.py:508} INFO - Created Permission View: can delete on DAG:example_task_group_decorator
[2022-07-02 00:24:34,724] {logging_mixin.py:115} INFO - [2022-07-02 00:24:34,724] {dag.py:2379} INFO - Sync 1 DAGs
[2022-07-02 00:24:34,739] {logging_mixin.py:115} INFO - [2022-07-02 00:24:34,739] {dag.py:2398} INFO - Creating ORM DAG for example_task_group_decorator
[2022-07-02 00:24:34,759] {logging_mixin.py:115} INFO - [2022-07-02 00:24:34,759] {dag.py:2931} INFO - Setting next_dagrun for example_task_group_decorator to 2022-07-01T00:24:34.759397+00:00, run_after=2022-07-02T00:24:34.759397+00:00
[2022-07-02 00:24:34,778] {processor.py:161} INFO - Processing /home/airflow/.local/lib/python3.7/site-packages/airflow/example_dags/example_task_group_decorator.py took 4.448 seconds
[2022-07-02 00:25:05,024] {processor.py:153} INFO - Started process (PID=123) to work on /home/airflow/.local/lib/python3.7/site-packages/airflow/example_dags/example_task_group_decorator.py
[2022-07-02 00:25:05,024] {processor.py:641} INFO - Processing file /home/airflow/.local/lib/python3.7/site-packages/airflow/example_dags/example_task_group_decorator.py for tasks to queue
[2022-07-02 00:25:05,024] {logging_mixin.py:115} INFO - [2022-07-02 00:25:05,024] {dagbag.py:507} INFO - Filling up the DagBag from /home/airflow/.local/lib/python3.7/site-packages/airflow/example_dags/example_task_group_decorator.py
[2022-07-02 00:25:05,044] {processor.py:651} INFO - DAG(s) dict_keys(['example_task_group_decorator']) retrieved from /home/airflow/.local/lib/python3.7/site-packages/airflow/example_dags/example_task_group_decorator.py
[2022-07-02 00:25:05,216] {logging_mixin.py:115} INFO - [2022-07-02 00:25:05,216] {dag.py:2379} INFO - Sync 1 DAGs
[2022-07-02 00:25:05,233] {logging_mixin.py:115} INFO - [2022-07-02 00:25:05,233] {dag.py:2931} INFO - Setting next_dagrun for example_task_group_decorator to 2022-07-01T00:25:05.233444+00:00, run_after=2022-07-02T00:25:05.233444+00:00
[2022-07-02 00:25:05,244] {processor.py:161} INFO - Processing /home/airflow/.local/lib/python3.7/site-packages/airflow/example_dags/example_task_group_decorator.py took 0.223 seconds
[2022-07-02 00:25:35,352] {processor.py:153} INFO - Started process (PID=175) to work on /home/airflow/.local/lib/python3.7/site-packages/airflow/example_dags/example_task_group_decorator.py
[2022-07-02 00:25:35,352] {processor.py:641} INFO - Processing file /home/airflow/.local/lib/python3.7/site-packages/airflow/example_dags/example_task_group_decorator.py for tasks to queue
[2022-07-02 00:25:35,353] {logging_mixin.py:115} INFO - [2022-07-02 00:25:35,353] {dagbag.py:507} INFO - Filling up the DagBag from /home/airflow/.local/lib/python3.7/site-packages/airflow/example_dags/example_task_group_decorator.py
[2022-07-02 00:25:35,376] {processor.py:651} INFO - DAG(s) dict_keys(['example_task_group_decorator']) retrieved from /home/airflow/.local/lib/python3.7/site-packages/airflow/example_dags/example_task_group_decorator.py
[2022-07-02 00:25:35,601] {logging_mixin.py:115} INFO - [2022-07-02 00:25:35,601] {dag.py:2379} INFO - Sync 1 DAGs
[2022-07-02 00:25:35,620] {logging_mixin.py:115} INFO - [2022-07-02 00:25:35,620] {dag.py:2931} INFO - Setting next_dagrun for example_task_group_decorator to 2022-07-01T00:25:35.620264+00:00, run_after=2022-07-02T00:25:35.620264+00:00
[2022-07-02 00:25:35,633] {processor.py:161} INFO - Processing /home/airflow/.local/lib/python3.7/site-packages/airflow/example_dags/example_task_group_decorator.py took 0.283 seconds
[2022-07-02 00:26:06,237] {processor.py:153} INFO - Started process (PID=237) to work on /home/airflow/.local/lib/python3.7/site-packages/airflow/example_dags/example_task_group_decorator.py
[2022-07-02 00:26:06,238] {processor.py:641} INFO - Processing file /home/airflow/.local/lib/python3.7/site-packages/airflow/example_dags/example_task_group_decorator.py for tasks to queue
[2022-07-02 00:26:06,238] {logging_mixin.py:115} INFO - [2022-07-02 00:26:06,238] {dagbag.py:507} INFO - Filling up the DagBag from /home/airflow/.local/lib/python3.7/site-packages/airflow/example_dags/example_task_group_decorator.py
[2022-07-02 00:26:06,263] {processor.py:651} INFO - DAG(s) dict_keys(['example_task_group_decorator']) retrieved from /home/airflow/.local/lib/python3.7/site-packages/airflow/example_dags/example_task_group_decorator.py
[2022-07-02 00:26:06,429] {logging_mixin.py:115} INFO - [2022-07-02 00:26:06,429] {dag.py:2379} INFO - Sync 1 DAGs
[2022-07-02 00:26:06,446] {logging_mixin.py:115} INFO - [2022-07-02 00:26:06,446] {dag.py:2931} INFO - Setting next_dagrun for example_task_group_decorator to 2022-07-01T00:26:06.445855+00:00, run_after=2022-07-02T00:26:06.445855+00:00
[2022-07-02 00:26:06,457] {processor.py:161} INFO - Processing /home/airflow/.local/lib/python3.7/site-packages/airflow/example_dags/example_task_group_decorator.py took 0.222 seconds
[2022-07-02 00:26:36,505] {processor.py:153} INFO - Started process (PID=298) to work on /home/airflow/.local/lib/python3.7/site-packages/airflow/example_dags/example_task_group_decorator.py
[2022-07-02 00:26:36,511] {processor.py:641} INFO - Processing file /home/airflow/.local/lib/python3.7/site-packages/airflow/example_dags/example_task_group_decorator.py for tasks to queue
[2022-07-02 00:26:36,511] {logging_mixin.py:115} INFO - [2022-07-02 00:26:36,511] {dagbag.py:507} INFO - Filling up the DagBag from /home/airflow/.local/lib/python3.7/site-packages/airflow/example_dags/example_task_group_decorator.py
[2022-07-02 00:26:36,530] {processor.py:651} INFO - DAG(s) dict_keys(['example_task_group_decorator']) retrieved from /home/airflow/.local/lib/python3.7/site-packages/airflow/example_dags/example_task_group_decorator.py
[2022-07-02 00:26:36,693] {logging_mixin.py:115} INFO - [2022-07-02 00:26:36,693] {dag.py:2379} INFO - Sync 1 DAGs
[2022-07-02 00:26:36,709] {logging_mixin.py:115} INFO - [2022-07-02 00:26:36,709] {dag.py:2931} INFO - Setting next_dagrun for example_task_group_decorator to 2022-07-01T00:26:36.708981+00:00, run_after=2022-07-02T00:26:36.708981+00:00
[2022-07-02 00:26:36,719] {processor.py:161} INFO - Processing /home/airflow/.local/lib/python3.7/site-packages/airflow/example_dags/example_task_group_decorator.py took 0.216 seconds
[2022-07-02 00:27:06,907] {processor.py:153} INFO - Started process (PID=351) to work on /home/airflow/.local/lib/python3.7/site-packages/airflow/example_dags/example_task_group_decorator.py
[2022-07-02 00:27:06,913] {processor.py:641} INFO - Processing file /home/airflow/.local/lib/python3.7/site-packages/airflow/example_dags/example_task_group_decorator.py for tasks to queue
[2022-07-02 00:27:06,914] {logging_mixin.py:115} INFO - [2022-07-02 00:27:06,914] {dagbag.py:507} INFO - Filling up the DagBag from /home/airflow/.local/lib/python3.7/site-packages/airflow/example_dags/example_task_group_decorator.py
[2022-07-02 00:27:06,939] {processor.py:651} INFO - DAG(s) dict_keys(['example_task_group_decorator']) retrieved from /home/airflow/.local/lib/python3.7/site-packages/airflow/example_dags/example_task_group_decorator.py
[2022-07-02 00:27:07,072] {logging_mixin.py:115} INFO - [2022-07-02 00:27:07,072] {dag.py:2379} INFO - Sync 1 DAGs
[2022-07-02 00:27:07,091] {logging_mixin.py:115} INFO - [2022-07-02 00:27:07,091] {dag.py:2931} INFO - Setting next_dagrun for example_task_group_decorator to 2022-07-01T00:27:07.091201+00:00, run_after=2022-07-02T00:27:07.091201+00:00
[2022-07-02 00:27:07,100] {processor.py:161} INFO - Processing /home/airflow/.local/lib/python3.7/site-packages/airflow/example_dags/example_task_group_decorator.py took 0.196 seconds
[2022-07-02 00:27:37,400] {processor.py:153} INFO - Started process (PID=414) to work on /home/airflow/.local/lib/python3.7/site-packages/airflow/example_dags/example_task_group_decorator.py
[2022-07-02 00:27:37,401] {processor.py:641} INFO - Processing file /home/airflow/.local/lib/python3.7/site-packages/airflow/example_dags/example_task_group_decorator.py for tasks to queue
[2022-07-02 00:27:37,401] {logging_mixin.py:115} INFO - [2022-07-02 00:27:37,401] {dagbag.py:507} INFO - Filling up the DagBag from /home/airflow/.local/lib/python3.7/site-packages/airflow/example_dags/example_task_group_decorator.py
[2022-07-02 00:27:37,421] {processor.py:651} INFO - DAG(s) dict_keys(['example_task_group_decorator']) retrieved from /home/airflow/.local/lib/python3.7/site-packages/airflow/example_dags/example_task_group_decorator.py
[2022-07-02 00:27:37,582] {logging_mixin.py:115} INFO - [2022-07-02 00:27:37,581] {dag.py:2379} INFO - Sync 1 DAGs
[2022-07-02 00:27:37,600] {logging_mixin.py:115} INFO - [2022-07-02 00:27:37,600] {dag.py:2931} INFO - Setting next_dagrun for example_task_group_decorator to 2022-07-01T00:27:37.600563+00:00, run_after=2022-07-02T00:27:37.600563+00:00
[2022-07-02 00:27:37,610] {processor.py:161} INFO - Processing /home/airflow/.local/lib/python3.7/site-packages/airflow/example_dags/example_task_group_decorator.py took 0.212 seconds
[2022-07-02 00:28:07,645] {processor.py:153} INFO - Started process (PID=476) to work on /home/airflow/.local/lib/python3.7/site-packages/airflow/example_dags/example_task_group_decorator.py
[2022-07-02 00:28:07,652] {processor.py:641} INFO - Processing file /home/airflow/.local/lib/python3.7/site-packages/airflow/example_dags/example_task_group_decorator.py for tasks to queue
[2022-07-02 00:28:07,652] {logging_mixin.py:115} INFO - [2022-07-02 00:28:07,652] {dagbag.py:507} INFO - Filling up the DagBag from /home/airflow/.local/lib/python3.7/site-packages/airflow/example_dags/example_task_group_decorator.py
[2022-07-02 00:28:07,674] {processor.py:651} INFO - DAG(s) dict_keys(['example_task_group_decorator']) retrieved from /home/airflow/.local/lib/python3.7/site-packages/airflow/example_dags/example_task_group_decorator.py
[2022-07-02 00:28:07,853] {logging_mixin.py:115} INFO - [2022-07-02 00:28:07,853] {dag.py:2379} INFO - Sync 1 DAGs
[2022-07-02 00:28:07,870] {logging_mixin.py:115} INFO - [2022-07-02 00:28:07,870] {dag.py:2931} INFO - Setting next_dagrun for example_task_group_decorator to 2022-07-01T00:28:07.869849+00:00, run_after=2022-07-02T00:28:07.869849+00:00
[2022-07-02 00:28:07,881] {processor.py:161} INFO - Processing /home/airflow/.local/lib/python3.7/site-packages/airflow/example_dags/example_task_group_decorator.py took 0.239 seconds
[2022-07-02 00:28:38,563] {processor.py:153} INFO - Started process (PID=528) to work on /home/airflow/.local/lib/python3.7/site-packages/airflow/example_dags/example_task_group_decorator.py
[2022-07-02 00:28:38,569] {processor.py:641} INFO - Processing file /home/airflow/.local/lib/python3.7/site-packages/airflow/example_dags/example_task_group_decorator.py for tasks to queue
[2022-07-02 00:28:38,570] {logging_mixin.py:115} INFO - [2022-07-02 00:28:38,569] {dagbag.py:507} INFO - Filling up the DagBag from /home/airflow/.local/lib/python3.7/site-packages/airflow/example_dags/example_task_group_decorator.py
[2022-07-02 00:28:38,588] {processor.py:651} INFO - DAG(s) dict_keys(['example_task_group_decorator']) retrieved from /home/airflow/.local/lib/python3.7/site-packages/airflow/example_dags/example_task_group_decorator.py
[2022-07-02 00:28:38,756] {logging_mixin.py:115} INFO - [2022-07-02 00:28:38,756] {dag.py:2379} INFO - Sync 1 DAGs
[2022-07-02 00:28:38,772] {logging_mixin.py:115} INFO - [2022-07-02 00:28:38,772] {dag.py:2931} INFO - Setting next_dagrun for example_task_group_decorator to 2022-07-01T00:28:38.772283+00:00, run_after=2022-07-02T00:28:38.772283+00:00
[2022-07-02 00:28:38,783] {processor.py:161} INFO - Processing /home/airflow/.local/lib/python3.7/site-packages/airflow/example_dags/example_task_group_decorator.py took 0.222 seconds
[2022-07-02 00:29:08,834] {processor.py:153} INFO - Started process (PID=591) to work on /home/airflow/.local/lib/python3.7/site-packages/airflow/example_dags/example_task_group_decorator.py
[2022-07-02 00:29:08,835] {processor.py:641} INFO - Processing file /home/airflow/.local/lib/python3.7/site-packages/airflow/example_dags/example_task_group_decorator.py for tasks to queue
[2022-07-02 00:29:08,835] {logging_mixin.py:115} INFO - [2022-07-02 00:29:08,835] {dagbag.py:507} INFO - Filling up the DagBag from /home/airflow/.local/lib/python3.7/site-packages/airflow/example_dags/example_task_group_decorator.py
[2022-07-02 00:29:08,872] {processor.py:651} INFO - DAG(s) dict_keys(['example_task_group_decorator']) retrieved from /home/airflow/.local/lib/python3.7/site-packages/airflow/example_dags/example_task_group_decorator.py
[2022-07-02 00:29:09,124] {logging_mixin.py:115} INFO - [2022-07-02 00:29:09,124] {dag.py:2379} INFO - Sync 1 DAGs
[2022-07-02 00:29:09,145] {logging_mixin.py:115} INFO - [2022-07-02 00:29:09,145] {dag.py:2931} INFO - Setting next_dagrun for example_task_group_decorator to 2022-07-01T00:29:09.145237+00:00, run_after=2022-07-02T00:29:09.145237+00:00
[2022-07-02 00:29:09,165] {processor.py:161} INFO - Processing /home/airflow/.local/lib/python3.7/site-packages/airflow/example_dags/example_task_group_decorator.py took 0.335 seconds
[2022-07-02 00:29:39,459] {processor.py:153} INFO - Started process (PID=651) to work on /home/airflow/.local/lib/python3.7/site-packages/airflow/example_dags/example_task_group_decorator.py
[2022-07-02 00:29:39,459] {processor.py:641} INFO - Processing file /home/airflow/.local/lib/python3.7/site-packages/airflow/example_dags/example_task_group_decorator.py for tasks to queue
[2022-07-02 00:29:39,460] {logging_mixin.py:115} INFO - [2022-07-02 00:29:39,460] {dagbag.py:507} INFO - Filling up the DagBag from /home/airflow/.local/lib/python3.7/site-packages/airflow/example_dags/example_task_group_decorator.py
[2022-07-02 00:29:39,483] {processor.py:651} INFO - DAG(s) dict_keys(['example_task_group_decorator']) retrieved from /home/airflow/.local/lib/python3.7/site-packages/airflow/example_dags/example_task_group_decorator.py
[2022-07-02 00:29:39,665] {logging_mixin.py:115} INFO - [2022-07-02 00:29:39,665] {dag.py:2379} INFO - Sync 1 DAGs
[2022-07-02 00:29:39,682] {logging_mixin.py:115} INFO - [2022-07-02 00:29:39,682] {dag.py:2931} INFO - Setting next_dagrun for example_task_group_decorator to 2022-07-01T00:29:39.681894+00:00, run_after=2022-07-02T00:29:39.681894+00:00
[2022-07-02 00:29:39,692] {processor.py:161} INFO - Processing /home/airflow/.local/lib/python3.7/site-packages/airflow/example_dags/example_task_group_decorator.py took 0.236 seconds
[2022-07-02 00:31:23,466] {processor.py:153} INFO - Started process (PID=66) to work on /home/airflow/.local/lib/python3.7/site-packages/airflow/example_dags/example_task_group_decorator.py
[2022-07-02 00:31:23,466] {processor.py:641} INFO - Processing file /home/airflow/.local/lib/python3.7/site-packages/airflow/example_dags/example_task_group_decorator.py for tasks to queue
[2022-07-02 00:31:23,467] {logging_mixin.py:115} INFO - [2022-07-02 00:31:23,467] {dagbag.py:507} INFO - Filling up the DagBag from /home/airflow/.local/lib/python3.7/site-packages/airflow/example_dags/example_task_group_decorator.py
[2022-07-02 00:31:23,496] {processor.py:651} INFO - DAG(s) dict_keys(['example_task_group_decorator']) retrieved from /home/airflow/.local/lib/python3.7/site-packages/airflow/example_dags/example_task_group_decorator.py
[2022-07-02 00:31:23,811] {logging_mixin.py:115} INFO - [2022-07-02 00:31:23,811] {manager.py:508} INFO - Created Permission View: can delete on DAG:example_task_group_decorator
[2022-07-02 00:31:23,827] {logging_mixin.py:115} INFO - [2022-07-02 00:31:23,827] {manager.py:508} INFO - Created Permission View: can edit on DAG:example_task_group_decorator
[2022-07-02 00:31:23,834] {logging_mixin.py:115} INFO - [2022-07-02 00:31:23,834] {manager.py:508} INFO - Created Permission View: can read on DAG:example_task_group_decorator
[2022-07-02 00:31:23,835] {logging_mixin.py:115} INFO - [2022-07-02 00:31:23,835] {dag.py:2379} INFO - Sync 1 DAGs
[2022-07-02 00:31:23,851] {logging_mixin.py:115} INFO - [2022-07-02 00:31:23,851] {dag.py:2398} INFO - Creating ORM DAG for example_task_group_decorator
[2022-07-02 00:31:23,874] {logging_mixin.py:115} INFO - [2022-07-02 00:31:23,874] {dag.py:2931} INFO - Setting next_dagrun for example_task_group_decorator to 2022-07-01T00:31:23.874314+00:00, run_after=2022-07-02T00:31:23.874314+00:00
[2022-07-02 00:31:23,900] {processor.py:161} INFO - Processing /home/airflow/.local/lib/python3.7/site-packages/airflow/example_dags/example_task_group_decorator.py took 0.437 seconds
[2022-07-02 00:31:54,620] {processor.py:153} INFO - Started process (PID=127) to work on /home/airflow/.local/lib/python3.7/site-packages/airflow/example_dags/example_task_group_decorator.py
[2022-07-02 00:31:54,620] {processor.py:641} INFO - Processing file /home/airflow/.local/lib/python3.7/site-packages/airflow/example_dags/example_task_group_decorator.py for tasks to queue
[2022-07-02 00:31:54,621] {logging_mixin.py:115} INFO - [2022-07-02 00:31:54,621] {dagbag.py:507} INFO - Filling up the DagBag from /home/airflow/.local/lib/python3.7/site-packages/airflow/example_dags/example_task_group_decorator.py
[2022-07-02 00:31:54,656] {processor.py:651} INFO - DAG(s) dict_keys(['example_task_group_decorator']) retrieved from /home/airflow/.local/lib/python3.7/site-packages/airflow/example_dags/example_task_group_decorator.py
[2022-07-02 00:31:54,884] {logging_mixin.py:115} INFO - [2022-07-02 00:31:54,884] {dag.py:2379} INFO - Sync 1 DAGs
[2022-07-02 00:31:54,907] {logging_mixin.py:115} INFO - [2022-07-02 00:31:54,907] {dag.py:2931} INFO - Setting next_dagrun for example_task_group_decorator to 2022-07-01T00:31:54.906843+00:00, run_after=2022-07-02T00:31:54.906843+00:00
[2022-07-02 00:31:54,927] {processor.py:161} INFO - Processing /home/airflow/.local/lib/python3.7/site-packages/airflow/example_dags/example_task_group_decorator.py took 0.311 seconds
[2022-07-02 00:32:25,796] {processor.py:153} INFO - Started process (PID=179) to work on /home/airflow/.local/lib/python3.7/site-packages/airflow/example_dags/example_task_group_decorator.py
[2022-07-02 00:32:25,796] {processor.py:641} INFO - Processing file /home/airflow/.local/lib/python3.7/site-packages/airflow/example_dags/example_task_group_decorator.py for tasks to queue
[2022-07-02 00:32:25,797] {logging_mixin.py:115} INFO - [2022-07-02 00:32:25,797] {dagbag.py:507} INFO - Filling up the DagBag from /home/airflow/.local/lib/python3.7/site-packages/airflow/example_dags/example_task_group_decorator.py
[2022-07-02 00:32:25,828] {processor.py:651} INFO - DAG(s) dict_keys(['example_task_group_decorator']) retrieved from /home/airflow/.local/lib/python3.7/site-packages/airflow/example_dags/example_task_group_decorator.py
[2022-07-02 00:32:26,025] {logging_mixin.py:115} INFO - [2022-07-02 00:32:26,024] {dag.py:2379} INFO - Sync 1 DAGs
[2022-07-02 00:32:26,053] {logging_mixin.py:115} INFO - [2022-07-02 00:32:26,053] {dag.py:2931} INFO - Setting next_dagrun for example_task_group_decorator to 2022-07-01T00:32:26.053411+00:00, run_after=2022-07-02T00:32:26.053411+00:00
[2022-07-02 00:32:26,065] {processor.py:161} INFO - Processing /home/airflow/.local/lib/python3.7/site-packages/airflow/example_dags/example_task_group_decorator.py took 0.272 seconds
[2022-07-02 00:32:56,690] {processor.py:153} INFO - Started process (PID=240) to work on /home/airflow/.local/lib/python3.7/site-packages/airflow/example_dags/example_task_group_decorator.py
[2022-07-02 00:32:56,690] {processor.py:641} INFO - Processing file /home/airflow/.local/lib/python3.7/site-packages/airflow/example_dags/example_task_group_decorator.py for tasks to queue
[2022-07-02 00:32:56,691] {logging_mixin.py:115} INFO - [2022-07-02 00:32:56,691] {dagbag.py:507} INFO - Filling up the DagBag from /home/airflow/.local/lib/python3.7/site-packages/airflow/example_dags/example_task_group_decorator.py
[2022-07-02 00:32:56,721] {processor.py:651} INFO - DAG(s) dict_keys(['example_task_group_decorator']) retrieved from /home/airflow/.local/lib/python3.7/site-packages/airflow/example_dags/example_task_group_decorator.py
[2022-07-02 00:32:56,953] {logging_mixin.py:115} INFO - [2022-07-02 00:32:56,953] {dag.py:2379} INFO - Sync 1 DAGs
[2022-07-02 00:32:56,973] {logging_mixin.py:115} INFO - [2022-07-02 00:32:56,973] {dag.py:2931} INFO - Setting next_dagrun for example_task_group_decorator to 2022-07-01T00:32:56.973597+00:00, run_after=2022-07-02T00:32:56.973597+00:00
[2022-07-02 00:32:56,989] {processor.py:161} INFO - Processing /home/airflow/.local/lib/python3.7/site-packages/airflow/example_dags/example_task_group_decorator.py took 0.302 seconds
[2022-07-02 00:33:27,609] {processor.py:153} INFO - Started process (PID=301) to work on /home/airflow/.local/lib/python3.7/site-packages/airflow/example_dags/example_task_group_decorator.py
[2022-07-02 00:33:27,609] {processor.py:641} INFO - Processing file /home/airflow/.local/lib/python3.7/site-packages/airflow/example_dags/example_task_group_decorator.py for tasks to queue
[2022-07-02 00:33:27,610] {logging_mixin.py:115} INFO - [2022-07-02 00:33:27,610] {dagbag.py:507} INFO - Filling up the DagBag from /home/airflow/.local/lib/python3.7/site-packages/airflow/example_dags/example_task_group_decorator.py
[2022-07-02 00:33:27,633] {processor.py:651} INFO - DAG(s) dict_keys(['example_task_group_decorator']) retrieved from /home/airflow/.local/lib/python3.7/site-packages/airflow/example_dags/example_task_group_decorator.py
[2022-07-02 00:33:27,835] {logging_mixin.py:115} INFO - [2022-07-02 00:33:27,835] {dag.py:2379} INFO - Sync 1 DAGs
[2022-07-02 00:33:27,854] {logging_mixin.py:115} INFO - [2022-07-02 00:33:27,854] {dag.py:2931} INFO - Setting next_dagrun for example_task_group_decorator to 2022-07-01T00:33:27.854569+00:00, run_after=2022-07-02T00:33:27.854569+00:00
[2022-07-02 00:33:27,866] {processor.py:161} INFO - Processing /home/airflow/.local/lib/python3.7/site-packages/airflow/example_dags/example_task_group_decorator.py took 0.260 seconds
[2022-07-02 00:33:58,199] {processor.py:153} INFO - Started process (PID=355) to work on /home/airflow/.local/lib/python3.7/site-packages/airflow/example_dags/example_task_group_decorator.py
[2022-07-02 00:33:58,199] {processor.py:641} INFO - Processing file /home/airflow/.local/lib/python3.7/site-packages/airflow/example_dags/example_task_group_decorator.py for tasks to queue
[2022-07-02 00:33:58,200] {logging_mixin.py:115} INFO - [2022-07-02 00:33:58,199] {dagbag.py:507} INFO - Filling up the DagBag from /home/airflow/.local/lib/python3.7/site-packages/airflow/example_dags/example_task_group_decorator.py
[2022-07-02 00:33:58,222] {processor.py:651} INFO - DAG(s) dict_keys(['example_task_group_decorator']) retrieved from /home/airflow/.local/lib/python3.7/site-packages/airflow/example_dags/example_task_group_decorator.py
[2022-07-02 00:33:58,386] {logging_mixin.py:115} INFO - [2022-07-02 00:33:58,386] {dag.py:2379} INFO - Sync 1 DAGs
[2022-07-02 00:33:58,404] {logging_mixin.py:115} INFO - [2022-07-02 00:33:58,404] {dag.py:2931} INFO - Setting next_dagrun for example_task_group_decorator to 2022-07-01T00:33:58.404109+00:00, run_after=2022-07-02T00:33:58.404109+00:00
[2022-07-02 00:33:58,415] {processor.py:161} INFO - Processing /home/airflow/.local/lib/python3.7/site-packages/airflow/example_dags/example_task_group_decorator.py took 0.219 seconds
[2022-07-02 00:34:28,871] {processor.py:153} INFO - Started process (PID=416) to work on /home/airflow/.local/lib/python3.7/site-packages/airflow/example_dags/example_task_group_decorator.py
[2022-07-02 00:34:28,872] {processor.py:641} INFO - Processing file /home/airflow/.local/lib/python3.7/site-packages/airflow/example_dags/example_task_group_decorator.py for tasks to queue
[2022-07-02 00:34:28,872] {logging_mixin.py:115} INFO - [2022-07-02 00:34:28,872] {dagbag.py:507} INFO - Filling up the DagBag from /home/airflow/.local/lib/python3.7/site-packages/airflow/example_dags/example_task_group_decorator.py
[2022-07-02 00:34:28,893] {processor.py:651} INFO - DAG(s) dict_keys(['example_task_group_decorator']) retrieved from /home/airflow/.local/lib/python3.7/site-packages/airflow/example_dags/example_task_group_decorator.py
[2022-07-02 00:34:29,076] {logging_mixin.py:115} INFO - [2022-07-02 00:34:29,076] {dag.py:2379} INFO - Sync 1 DAGs
[2022-07-02 00:34:29,095] {logging_mixin.py:115} INFO - [2022-07-02 00:34:29,095] {dag.py:2931} INFO - Setting next_dagrun for example_task_group_decorator to 2022-07-01T00:34:29.095380+00:00, run_after=2022-07-02T00:34:29.095380+00:00
[2022-07-02 00:34:29,109] {processor.py:161} INFO - Processing /home/airflow/.local/lib/python3.7/site-packages/airflow/example_dags/example_task_group_decorator.py took 0.240 seconds
[2022-07-02 00:34:59,214] {processor.py:153} INFO - Started process (PID=478) to work on /home/airflow/.local/lib/python3.7/site-packages/airflow/example_dags/example_task_group_decorator.py
[2022-07-02 00:34:59,214] {processor.py:641} INFO - Processing file /home/airflow/.local/lib/python3.7/site-packages/airflow/example_dags/example_task_group_decorator.py for tasks to queue
[2022-07-02 00:34:59,215] {logging_mixin.py:115} INFO - [2022-07-02 00:34:59,215] {dagbag.py:507} INFO - Filling up the DagBag from /home/airflow/.local/lib/python3.7/site-packages/airflow/example_dags/example_task_group_decorator.py
[2022-07-02 00:34:59,243] {processor.py:651} INFO - DAG(s) dict_keys(['example_task_group_decorator']) retrieved from /home/airflow/.local/lib/python3.7/site-packages/airflow/example_dags/example_task_group_decorator.py
[2022-07-02 00:34:59,400] {logging_mixin.py:115} INFO - [2022-07-02 00:34:59,400] {dag.py:2379} INFO - Sync 1 DAGs
[2022-07-02 00:34:59,418] {logging_mixin.py:115} INFO - [2022-07-02 00:34:59,418] {dag.py:2931} INFO - Setting next_dagrun for example_task_group_decorator to 2022-07-01T00:34:59.418138+00:00, run_after=2022-07-02T00:34:59.418138+00:00
[2022-07-02 00:34:59,429] {processor.py:161} INFO - Processing /home/airflow/.local/lib/python3.7/site-packages/airflow/example_dags/example_task_group_decorator.py took 0.218 seconds
[2022-07-02 00:35:29,543] {processor.py:153} INFO - Started process (PID=531) to work on /home/airflow/.local/lib/python3.7/site-packages/airflow/example_dags/example_task_group_decorator.py
[2022-07-02 00:35:29,543] {processor.py:641} INFO - Processing file /home/airflow/.local/lib/python3.7/site-packages/airflow/example_dags/example_task_group_decorator.py for tasks to queue
[2022-07-02 00:35:29,544] {logging_mixin.py:115} INFO - [2022-07-02 00:35:29,544] {dagbag.py:507} INFO - Filling up the DagBag from /home/airflow/.local/lib/python3.7/site-packages/airflow/example_dags/example_task_group_decorator.py
[2022-07-02 00:35:29,563] {processor.py:651} INFO - DAG(s) dict_keys(['example_task_group_decorator']) retrieved from /home/airflow/.local/lib/python3.7/site-packages/airflow/example_dags/example_task_group_decorator.py
[2022-07-02 00:35:29,713] {logging_mixin.py:115} INFO - [2022-07-02 00:35:29,713] {dag.py:2379} INFO - Sync 1 DAGs
[2022-07-02 00:35:29,729] {logging_mixin.py:115} INFO - [2022-07-02 00:35:29,729] {dag.py:2931} INFO - Setting next_dagrun for example_task_group_decorator to 2022-07-01T00:35:29.728912+00:00, run_after=2022-07-02T00:35:29.728912+00:00
[2022-07-02 00:35:29,737] {processor.py:161} INFO - Processing /home/airflow/.local/lib/python3.7/site-packages/airflow/example_dags/example_task_group_decorator.py took 0.197 seconds
[2022-07-02 00:35:59,884] {processor.py:153} INFO - Started process (PID=593) to work on /home/airflow/.local/lib/python3.7/site-packages/airflow/example_dags/example_task_group_decorator.py
[2022-07-02 00:35:59,885] {processor.py:641} INFO - Processing file /home/airflow/.local/lib/python3.7/site-packages/airflow/example_dags/example_task_group_decorator.py for tasks to queue
[2022-07-02 00:35:59,885] {logging_mixin.py:115} INFO - [2022-07-02 00:35:59,885] {dagbag.py:507} INFO - Filling up the DagBag from /home/airflow/.local/lib/python3.7/site-packages/airflow/example_dags/example_task_group_decorator.py
[2022-07-02 00:35:59,908] {processor.py:651} INFO - DAG(s) dict_keys(['example_task_group_decorator']) retrieved from /home/airflow/.local/lib/python3.7/site-packages/airflow/example_dags/example_task_group_decorator.py
[2022-07-02 00:36:00,095] {logging_mixin.py:115} INFO - [2022-07-02 00:36:00,095] {dag.py:2379} INFO - Sync 1 DAGs
[2022-07-02 00:36:00,112] {logging_mixin.py:115} INFO - [2022-07-02 00:36:00,112] {dag.py:2931} INFO - Setting next_dagrun for example_task_group_decorator to 2022-07-01T00:36:00.112295+00:00, run_after=2022-07-02T00:36:00.112295+00:00
[2022-07-02 00:36:00,124] {processor.py:161} INFO - Processing /home/airflow/.local/lib/python3.7/site-packages/airflow/example_dags/example_task_group_decorator.py took 0.243 seconds
[2022-07-02 00:36:30,301] {processor.py:153} INFO - Started process (PID=655) to work on /home/airflow/.local/lib/python3.7/site-packages/airflow/example_dags/example_task_group_decorator.py
[2022-07-02 00:36:30,302] {processor.py:641} INFO - Processing file /home/airflow/.local/lib/python3.7/site-packages/airflow/example_dags/example_task_group_decorator.py for tasks to queue
[2022-07-02 00:36:30,302] {logging_mixin.py:115} INFO - [2022-07-02 00:36:30,302] {dagbag.py:507} INFO - Filling up the DagBag from /home/airflow/.local/lib/python3.7/site-packages/airflow/example_dags/example_task_group_decorator.py
[2022-07-02 00:36:30,326] {processor.py:651} INFO - DAG(s) dict_keys(['example_task_group_decorator']) retrieved from /home/airflow/.local/lib/python3.7/site-packages/airflow/example_dags/example_task_group_decorator.py
[2022-07-02 00:36:30,497] {logging_mixin.py:115} INFO - [2022-07-02 00:36:30,497] {dag.py:2379} INFO - Sync 1 DAGs
[2022-07-02 00:36:30,512] {logging_mixin.py:115} INFO - [2022-07-02 00:36:30,512] {dag.py:2931} INFO - Setting next_dagrun for example_task_group_decorator to 2022-07-01T00:36:30.512170+00:00, run_after=2022-07-02T00:36:30.512170+00:00
[2022-07-02 00:36:30,521] {processor.py:161} INFO - Processing /home/airflow/.local/lib/python3.7/site-packages/airflow/example_dags/example_task_group_decorator.py took 0.222 seconds
