[2022-07-02 00:24:37,289] {processor.py:153} INFO - Started process (PID=69) to work on /home/airflow/.local/lib/python3.7/site-packages/airflow/example_dags/example_branch_operator_decorator.py
[2022-07-02 00:24:37,289] {processor.py:641} INFO - Processing file /home/airflow/.local/lib/python3.7/site-packages/airflow/example_dags/example_branch_operator_decorator.py for tasks to queue
[2022-07-02 00:24:37,290] {logging_mixin.py:115} INFO - [2022-07-02 00:24:37,289] {dagbag.py:507} INFO - Filling up the DagBag from /home/airflow/.local/lib/python3.7/site-packages/airflow/example_dags/example_branch_operator_decorator.py
[2022-07-02 00:24:37,311] {processor.py:651} INFO - DAG(s) dict_keys(['example_branch_python_operator_decorator']) retrieved from /home/airflow/.local/lib/python3.7/site-packages/airflow/example_dags/example_branch_operator_decorator.py
[2022-07-02 00:24:37,514] {logging_mixin.py:115} INFO - [2022-07-02 00:24:37,514] {manager.py:508} INFO - Created Permission View: can edit on DAG:example_branch_python_operator_decorator
[2022-07-02 00:24:37,524] {logging_mixin.py:115} INFO - [2022-07-02 00:24:37,524] {manager.py:508} INFO - Created Permission View: can read on DAG:example_branch_python_operator_decorator
[2022-07-02 00:24:37,530] {logging_mixin.py:115} INFO - [2022-07-02 00:24:37,530] {manager.py:508} INFO - Created Permission View: can delete on DAG:example_branch_python_operator_decorator
[2022-07-02 00:24:37,530] {logging_mixin.py:115} INFO - [2022-07-02 00:24:37,530] {dag.py:2379} INFO - Sync 1 DAGs
[2022-07-02 00:24:37,538] {logging_mixin.py:115} INFO - [2022-07-02 00:24:37,537] {dag.py:2398} INFO - Creating ORM DAG for example_branch_python_operator_decorator
[2022-07-02 00:24:37,552] {logging_mixin.py:115} INFO - [2022-07-02 00:24:37,552] {dag.py:2931} INFO - Setting next_dagrun for example_branch_python_operator_decorator to 2022-07-01T00:00:00+00:00, run_after=2022-07-02T00:00:00+00:00
[2022-07-02 00:24:37,574] {processor.py:161} INFO - Processing /home/airflow/.local/lib/python3.7/site-packages/airflow/example_dags/example_branch_operator_decorator.py took 0.289 seconds
[2022-07-02 00:25:07,954] {processor.py:153} INFO - Started process (PID=131) to work on /home/airflow/.local/lib/python3.7/site-packages/airflow/example_dags/example_branch_operator_decorator.py
[2022-07-02 00:25:07,955] {processor.py:641} INFO - Processing file /home/airflow/.local/lib/python3.7/site-packages/airflow/example_dags/example_branch_operator_decorator.py for tasks to queue
[2022-07-02 00:25:07,955] {logging_mixin.py:115} INFO - [2022-07-02 00:25:07,955] {dagbag.py:507} INFO - Filling up the DagBag from /home/airflow/.local/lib/python3.7/site-packages/airflow/example_dags/example_branch_operator_decorator.py
[2022-07-02 00:25:07,976] {processor.py:651} INFO - DAG(s) dict_keys(['example_branch_python_operator_decorator']) retrieved from /home/airflow/.local/lib/python3.7/site-packages/airflow/example_dags/example_branch_operator_decorator.py
[2022-07-02 00:25:08,012] {logging_mixin.py:115} INFO - [2022-07-02 00:25:08,012] {dag.py:2379} INFO - Sync 1 DAGs
[2022-07-02 00:25:08,187] {logging_mixin.py:115} INFO - [2022-07-02 00:25:08,187] {dag.py:2931} INFO - Setting next_dagrun for example_branch_python_operator_decorator to 2022-07-01T00:00:00+00:00, run_after=2022-07-02T00:00:00+00:00
[2022-07-02 00:25:08,206] {processor.py:161} INFO - Processing /home/airflow/.local/lib/python3.7/site-packages/airflow/example_dags/example_branch_operator_decorator.py took 0.255 seconds
[2022-07-02 00:25:38,293] {processor.py:153} INFO - Started process (PID=193) to work on /home/airflow/.local/lib/python3.7/site-packages/airflow/example_dags/example_branch_operator_decorator.py
[2022-07-02 00:25:38,293] {processor.py:641} INFO - Processing file /home/airflow/.local/lib/python3.7/site-packages/airflow/example_dags/example_branch_operator_decorator.py for tasks to queue
[2022-07-02 00:25:38,293] {logging_mixin.py:115} INFO - [2022-07-02 00:25:38,293] {dagbag.py:507} INFO - Filling up the DagBag from /home/airflow/.local/lib/python3.7/site-packages/airflow/example_dags/example_branch_operator_decorator.py
[2022-07-02 00:25:38,310] {processor.py:651} INFO - DAG(s) dict_keys(['example_branch_python_operator_decorator']) retrieved from /home/airflow/.local/lib/python3.7/site-packages/airflow/example_dags/example_branch_operator_decorator.py
[2022-07-02 00:25:38,338] {logging_mixin.py:115} INFO - [2022-07-02 00:25:38,338] {dag.py:2379} INFO - Sync 1 DAGs
[2022-07-02 00:25:38,472] {logging_mixin.py:115} INFO - [2022-07-02 00:25:38,472] {dag.py:2931} INFO - Setting next_dagrun for example_branch_python_operator_decorator to 2022-07-01T00:00:00+00:00, run_after=2022-07-02T00:00:00+00:00
[2022-07-02 00:25:38,481] {processor.py:161} INFO - Processing /home/airflow/.local/lib/python3.7/site-packages/airflow/example_dags/example_branch_operator_decorator.py took 0.191 seconds
[2022-07-02 00:26:08,906] {processor.py:153} INFO - Started process (PID=245) to work on /home/airflow/.local/lib/python3.7/site-packages/airflow/example_dags/example_branch_operator_decorator.py
[2022-07-02 00:26:08,907] {processor.py:641} INFO - Processing file /home/airflow/.local/lib/python3.7/site-packages/airflow/example_dags/example_branch_operator_decorator.py for tasks to queue
[2022-07-02 00:26:08,907] {logging_mixin.py:115} INFO - [2022-07-02 00:26:08,907] {dagbag.py:507} INFO - Filling up the DagBag from /home/airflow/.local/lib/python3.7/site-packages/airflow/example_dags/example_branch_operator_decorator.py
[2022-07-02 00:26:08,928] {processor.py:651} INFO - DAG(s) dict_keys(['example_branch_python_operator_decorator']) retrieved from /home/airflow/.local/lib/python3.7/site-packages/airflow/example_dags/example_branch_operator_decorator.py
[2022-07-02 00:26:08,953] {logging_mixin.py:115} INFO - [2022-07-02 00:26:08,953] {dag.py:2379} INFO - Sync 1 DAGs
[2022-07-02 00:26:09,074] {logging_mixin.py:115} INFO - [2022-07-02 00:26:09,074] {dag.py:2931} INFO - Setting next_dagrun for example_branch_python_operator_decorator to 2022-07-01T00:00:00+00:00, run_after=2022-07-02T00:00:00+00:00
[2022-07-02 00:26:09,084] {processor.py:161} INFO - Processing /home/airflow/.local/lib/python3.7/site-packages/airflow/example_dags/example_branch_operator_decorator.py took 0.180 seconds
[2022-07-02 00:26:39,166] {processor.py:153} INFO - Started process (PID=306) to work on /home/airflow/.local/lib/python3.7/site-packages/airflow/example_dags/example_branch_operator_decorator.py
[2022-07-02 00:26:39,167] {processor.py:641} INFO - Processing file /home/airflow/.local/lib/python3.7/site-packages/airflow/example_dags/example_branch_operator_decorator.py for tasks to queue
[2022-07-02 00:26:39,167] {logging_mixin.py:115} INFO - [2022-07-02 00:26:39,167] {dagbag.py:507} INFO - Filling up the DagBag from /home/airflow/.local/lib/python3.7/site-packages/airflow/example_dags/example_branch_operator_decorator.py
[2022-07-02 00:26:39,183] {processor.py:651} INFO - DAG(s) dict_keys(['example_branch_python_operator_decorator']) retrieved from /home/airflow/.local/lib/python3.7/site-packages/airflow/example_dags/example_branch_operator_decorator.py
[2022-07-02 00:26:39,207] {logging_mixin.py:115} INFO - [2022-07-02 00:26:39,207] {dag.py:2379} INFO - Sync 1 DAGs
[2022-07-02 00:26:39,327] {logging_mixin.py:115} INFO - [2022-07-02 00:26:39,327] {dag.py:2931} INFO - Setting next_dagrun for example_branch_python_operator_decorator to 2022-07-01T00:00:00+00:00, run_after=2022-07-02T00:00:00+00:00
[2022-07-02 00:26:39,338] {processor.py:161} INFO - Processing /home/airflow/.local/lib/python3.7/site-packages/airflow/example_dags/example_branch_operator_decorator.py took 0.174 seconds
[2022-07-02 00:27:09,679] {processor.py:153} INFO - Started process (PID=369) to work on /home/airflow/.local/lib/python3.7/site-packages/airflow/example_dags/example_branch_operator_decorator.py
[2022-07-02 00:27:09,680] {processor.py:641} INFO - Processing file /home/airflow/.local/lib/python3.7/site-packages/airflow/example_dags/example_branch_operator_decorator.py for tasks to queue
[2022-07-02 00:27:09,680] {logging_mixin.py:115} INFO - [2022-07-02 00:27:09,680] {dagbag.py:507} INFO - Filling up the DagBag from /home/airflow/.local/lib/python3.7/site-packages/airflow/example_dags/example_branch_operator_decorator.py
[2022-07-02 00:27:09,693] {processor.py:651} INFO - DAG(s) dict_keys(['example_branch_python_operator_decorator']) retrieved from /home/airflow/.local/lib/python3.7/site-packages/airflow/example_dags/example_branch_operator_decorator.py
[2022-07-02 00:27:09,721] {logging_mixin.py:115} INFO - [2022-07-02 00:27:09,721] {dag.py:2379} INFO - Sync 1 DAGs
[2022-07-02 00:27:09,866] {logging_mixin.py:115} INFO - [2022-07-02 00:27:09,866] {dag.py:2931} INFO - Setting next_dagrun for example_branch_python_operator_decorator to 2022-07-01T00:00:00+00:00, run_after=2022-07-02T00:00:00+00:00
[2022-07-02 00:27:09,874] {processor.py:161} INFO - Processing /home/airflow/.local/lib/python3.7/site-packages/airflow/example_dags/example_branch_operator_decorator.py took 0.197 seconds
[2022-07-02 00:27:40,094] {processor.py:153} INFO - Started process (PID=422) to work on /home/airflow/.local/lib/python3.7/site-packages/airflow/example_dags/example_branch_operator_decorator.py
[2022-07-02 00:27:40,095] {processor.py:641} INFO - Processing file /home/airflow/.local/lib/python3.7/site-packages/airflow/example_dags/example_branch_operator_decorator.py for tasks to queue
[2022-07-02 00:27:40,095] {logging_mixin.py:115} INFO - [2022-07-02 00:27:40,095] {dagbag.py:507} INFO - Filling up the DagBag from /home/airflow/.local/lib/python3.7/site-packages/airflow/example_dags/example_branch_operator_decorator.py
[2022-07-02 00:27:40,109] {processor.py:651} INFO - DAG(s) dict_keys(['example_branch_python_operator_decorator']) retrieved from /home/airflow/.local/lib/python3.7/site-packages/airflow/example_dags/example_branch_operator_decorator.py
[2022-07-02 00:27:40,134] {logging_mixin.py:115} INFO - [2022-07-02 00:27:40,134] {dag.py:2379} INFO - Sync 1 DAGs
[2022-07-02 00:27:40,259] {logging_mixin.py:115} INFO - [2022-07-02 00:27:40,259] {dag.py:2931} INFO - Setting next_dagrun for example_branch_python_operator_decorator to 2022-07-01T00:00:00+00:00, run_after=2022-07-02T00:00:00+00:00
[2022-07-02 00:27:40,268] {processor.py:161} INFO - Processing /home/airflow/.local/lib/python3.7/site-packages/airflow/example_dags/example_branch_operator_decorator.py took 0.176 seconds
[2022-07-02 00:28:10,638] {processor.py:153} INFO - Started process (PID=484) to work on /home/airflow/.local/lib/python3.7/site-packages/airflow/example_dags/example_branch_operator_decorator.py
[2022-07-02 00:28:10,638] {processor.py:641} INFO - Processing file /home/airflow/.local/lib/python3.7/site-packages/airflow/example_dags/example_branch_operator_decorator.py for tasks to queue
[2022-07-02 00:28:10,638] {logging_mixin.py:115} INFO - [2022-07-02 00:28:10,638] {dagbag.py:507} INFO - Filling up the DagBag from /home/airflow/.local/lib/python3.7/site-packages/airflow/example_dags/example_branch_operator_decorator.py
[2022-07-02 00:28:10,655] {processor.py:651} INFO - DAG(s) dict_keys(['example_branch_python_operator_decorator']) retrieved from /home/airflow/.local/lib/python3.7/site-packages/airflow/example_dags/example_branch_operator_decorator.py
[2022-07-02 00:28:10,682] {logging_mixin.py:115} INFO - [2022-07-02 00:28:10,682] {dag.py:2379} INFO - Sync 1 DAGs
[2022-07-02 00:28:10,811] {logging_mixin.py:115} INFO - [2022-07-02 00:28:10,811] {dag.py:2931} INFO - Setting next_dagrun for example_branch_python_operator_decorator to 2022-07-01T00:00:00+00:00, run_after=2022-07-02T00:00:00+00:00
[2022-07-02 00:28:10,821] {processor.py:161} INFO - Processing /home/airflow/.local/lib/python3.7/site-packages/airflow/example_dags/example_branch_operator_decorator.py took 0.186 seconds
[2022-07-02 00:28:41,366] {processor.py:153} INFO - Started process (PID=546) to work on /home/airflow/.local/lib/python3.7/site-packages/airflow/example_dags/example_branch_operator_decorator.py
[2022-07-02 00:28:41,366] {processor.py:641} INFO - Processing file /home/airflow/.local/lib/python3.7/site-packages/airflow/example_dags/example_branch_operator_decorator.py for tasks to queue
[2022-07-02 00:28:41,367] {logging_mixin.py:115} INFO - [2022-07-02 00:28:41,367] {dagbag.py:507} INFO - Filling up the DagBag from /home/airflow/.local/lib/python3.7/site-packages/airflow/example_dags/example_branch_operator_decorator.py
[2022-07-02 00:28:41,380] {processor.py:651} INFO - DAG(s) dict_keys(['example_branch_python_operator_decorator']) retrieved from /home/airflow/.local/lib/python3.7/site-packages/airflow/example_dags/example_branch_operator_decorator.py
[2022-07-02 00:28:41,402] {logging_mixin.py:115} INFO - [2022-07-02 00:28:41,402] {dag.py:2379} INFO - Sync 1 DAGs
[2022-07-02 00:28:41,512] {logging_mixin.py:115} INFO - [2022-07-02 00:28:41,512] {dag.py:2931} INFO - Setting next_dagrun for example_branch_python_operator_decorator to 2022-07-01T00:00:00+00:00, run_after=2022-07-02T00:00:00+00:00
[2022-07-02 00:28:41,526] {processor.py:161} INFO - Processing /home/airflow/.local/lib/python3.7/site-packages/airflow/example_dags/example_branch_operator_decorator.py took 0.162 seconds
[2022-07-02 00:29:11,742] {processor.py:153} INFO - Started process (PID=598) to work on /home/airflow/.local/lib/python3.7/site-packages/airflow/example_dags/example_branch_operator_decorator.py
[2022-07-02 00:29:11,742] {processor.py:641} INFO - Processing file /home/airflow/.local/lib/python3.7/site-packages/airflow/example_dags/example_branch_operator_decorator.py for tasks to queue
[2022-07-02 00:29:11,743] {logging_mixin.py:115} INFO - [2022-07-02 00:29:11,743] {dagbag.py:507} INFO - Filling up the DagBag from /home/airflow/.local/lib/python3.7/site-packages/airflow/example_dags/example_branch_operator_decorator.py
[2022-07-02 00:29:11,758] {processor.py:651} INFO - DAG(s) dict_keys(['example_branch_python_operator_decorator']) retrieved from /home/airflow/.local/lib/python3.7/site-packages/airflow/example_dags/example_branch_operator_decorator.py
[2022-07-02 00:29:11,783] {logging_mixin.py:115} INFO - [2022-07-02 00:29:11,783] {dag.py:2379} INFO - Sync 1 DAGs
[2022-07-02 00:29:11,907] {logging_mixin.py:115} INFO - [2022-07-02 00:29:11,907] {dag.py:2931} INFO - Setting next_dagrun for example_branch_python_operator_decorator to 2022-07-01T00:00:00+00:00, run_after=2022-07-02T00:00:00+00:00
[2022-07-02 00:29:11,916] {processor.py:161} INFO - Processing /home/airflow/.local/lib/python3.7/site-packages/airflow/example_dags/example_branch_operator_decorator.py took 0.177 seconds
[2022-07-02 00:29:42,294] {processor.py:153} INFO - Started process (PID=659) to work on /home/airflow/.local/lib/python3.7/site-packages/airflow/example_dags/example_branch_operator_decorator.py
[2022-07-02 00:29:42,294] {processor.py:641} INFO - Processing file /home/airflow/.local/lib/python3.7/site-packages/airflow/example_dags/example_branch_operator_decorator.py for tasks to queue
[2022-07-02 00:29:42,294] {logging_mixin.py:115} INFO - [2022-07-02 00:29:42,294] {dagbag.py:507} INFO - Filling up the DagBag from /home/airflow/.local/lib/python3.7/site-packages/airflow/example_dags/example_branch_operator_decorator.py
[2022-07-02 00:29:42,308] {processor.py:651} INFO - DAG(s) dict_keys(['example_branch_python_operator_decorator']) retrieved from /home/airflow/.local/lib/python3.7/site-packages/airflow/example_dags/example_branch_operator_decorator.py
[2022-07-02 00:29:42,441] {logging_mixin.py:115} INFO - [2022-07-02 00:29:42,441] {dag.py:2379} INFO - Sync 1 DAGs
[2022-07-02 00:29:42,456] {logging_mixin.py:115} INFO - [2022-07-02 00:29:42,456] {dag.py:2931} INFO - Setting next_dagrun for example_branch_python_operator_decorator to 2022-07-01T00:00:00+00:00, run_after=2022-07-02T00:00:00+00:00
[2022-07-02 00:29:42,465] {processor.py:161} INFO - Processing /home/airflow/.local/lib/python3.7/site-packages/airflow/example_dags/example_branch_operator_decorator.py took 0.174 seconds
[2022-07-02 00:31:26,141] {processor.py:153} INFO - Started process (PID=74) to work on /home/airflow/.local/lib/python3.7/site-packages/airflow/example_dags/example_branch_operator_decorator.py
[2022-07-02 00:31:26,141] {processor.py:641} INFO - Processing file /home/airflow/.local/lib/python3.7/site-packages/airflow/example_dags/example_branch_operator_decorator.py for tasks to queue
[2022-07-02 00:31:26,142] {logging_mixin.py:115} INFO - [2022-07-02 00:31:26,142] {dagbag.py:507} INFO - Filling up the DagBag from /home/airflow/.local/lib/python3.7/site-packages/airflow/example_dags/example_branch_operator_decorator.py
[2022-07-02 00:31:26,170] {processor.py:651} INFO - DAG(s) dict_keys(['example_branch_python_operator_decorator']) retrieved from /home/airflow/.local/lib/python3.7/site-packages/airflow/example_dags/example_branch_operator_decorator.py
[2022-07-02 00:31:26,553] {logging_mixin.py:115} INFO - [2022-07-02 00:31:26,553] {manager.py:508} INFO - Created Permission View: can delete on DAG:example_branch_python_operator_decorator
[2022-07-02 00:31:26,564] {logging_mixin.py:115} INFO - [2022-07-02 00:31:26,564] {manager.py:508} INFO - Created Permission View: can edit on DAG:example_branch_python_operator_decorator
[2022-07-02 00:31:26,573] {logging_mixin.py:115} INFO - [2022-07-02 00:31:26,573] {manager.py:508} INFO - Created Permission View: can read on DAG:example_branch_python_operator_decorator
[2022-07-02 00:31:26,573] {logging_mixin.py:115} INFO - [2022-07-02 00:31:26,573] {dag.py:2379} INFO - Sync 1 DAGs
[2022-07-02 00:31:26,583] {logging_mixin.py:115} INFO - [2022-07-02 00:31:26,583] {dag.py:2398} INFO - Creating ORM DAG for example_branch_python_operator_decorator
[2022-07-02 00:31:26,601] {logging_mixin.py:115} INFO - [2022-07-02 00:31:26,601] {dag.py:2931} INFO - Setting next_dagrun for example_branch_python_operator_decorator to 2022-07-01T00:00:00+00:00, run_after=2022-07-02T00:00:00+00:00
[2022-07-02 00:31:26,622] {processor.py:161} INFO - Processing /home/airflow/.local/lib/python3.7/site-packages/airflow/example_dags/example_branch_operator_decorator.py took 0.484 seconds
[2022-07-02 00:31:56,712] {processor.py:153} INFO - Started process (PID=135) to work on /home/airflow/.local/lib/python3.7/site-packages/airflow/example_dags/example_branch_operator_decorator.py
[2022-07-02 00:31:56,713] {processor.py:641} INFO - Processing file /home/airflow/.local/lib/python3.7/site-packages/airflow/example_dags/example_branch_operator_decorator.py for tasks to queue
[2022-07-02 00:31:56,713] {logging_mixin.py:115} INFO - [2022-07-02 00:31:56,713] {dagbag.py:507} INFO - Filling up the DagBag from /home/airflow/.local/lib/python3.7/site-packages/airflow/example_dags/example_branch_operator_decorator.py
[2022-07-02 00:31:56,729] {processor.py:651} INFO - DAG(s) dict_keys(['example_branch_python_operator_decorator']) retrieved from /home/airflow/.local/lib/python3.7/site-packages/airflow/example_dags/example_branch_operator_decorator.py
[2022-07-02 00:31:56,768] {logging_mixin.py:115} INFO - [2022-07-02 00:31:56,768] {dag.py:2379} INFO - Sync 1 DAGs
[2022-07-02 00:31:56,891] {logging_mixin.py:115} INFO - [2022-07-02 00:31:56,891] {dag.py:2931} INFO - Setting next_dagrun for example_branch_python_operator_decorator to 2022-07-01T00:00:00+00:00, run_after=2022-07-02T00:00:00+00:00
[2022-07-02 00:31:56,898] {processor.py:161} INFO - Processing /home/airflow/.local/lib/python3.7/site-packages/airflow/example_dags/example_branch_operator_decorator.py took 0.188 seconds
[2022-07-02 00:32:26,998] {processor.py:153} INFO - Started process (PID=187) to work on /home/airflow/.local/lib/python3.7/site-packages/airflow/example_dags/example_branch_operator_decorator.py
[2022-07-02 00:32:26,998] {processor.py:641} INFO - Processing file /home/airflow/.local/lib/python3.7/site-packages/airflow/example_dags/example_branch_operator_decorator.py for tasks to queue
[2022-07-02 00:32:26,999] {logging_mixin.py:115} INFO - [2022-07-02 00:32:26,999] {dagbag.py:507} INFO - Filling up the DagBag from /home/airflow/.local/lib/python3.7/site-packages/airflow/example_dags/example_branch_operator_decorator.py
[2022-07-02 00:32:27,024] {processor.py:651} INFO - DAG(s) dict_keys(['example_branch_python_operator_decorator']) retrieved from /home/airflow/.local/lib/python3.7/site-packages/airflow/example_dags/example_branch_operator_decorator.py
[2022-07-02 00:32:27,067] {logging_mixin.py:115} INFO - [2022-07-02 00:32:27,067] {dag.py:2379} INFO - Sync 1 DAGs
[2022-07-02 00:32:27,254] {logging_mixin.py:115} INFO - [2022-07-02 00:32:27,254] {dag.py:2931} INFO - Setting next_dagrun for example_branch_python_operator_decorator to 2022-07-01T00:00:00+00:00, run_after=2022-07-02T00:00:00+00:00
[2022-07-02 00:32:27,265] {processor.py:161} INFO - Processing /home/airflow/.local/lib/python3.7/site-packages/airflow/example_dags/example_branch_operator_decorator.py took 0.270 seconds
[2022-07-02 00:32:57,828] {processor.py:153} INFO - Started process (PID=248) to work on /home/airflow/.local/lib/python3.7/site-packages/airflow/example_dags/example_branch_operator_decorator.py
[2022-07-02 00:32:57,828] {processor.py:641} INFO - Processing file /home/airflow/.local/lib/python3.7/site-packages/airflow/example_dags/example_branch_operator_decorator.py for tasks to queue
[2022-07-02 00:32:57,829] {logging_mixin.py:115} INFO - [2022-07-02 00:32:57,828] {dagbag.py:507} INFO - Filling up the DagBag from /home/airflow/.local/lib/python3.7/site-packages/airflow/example_dags/example_branch_operator_decorator.py
[2022-07-02 00:32:57,847] {processor.py:651} INFO - DAG(s) dict_keys(['example_branch_python_operator_decorator']) retrieved from /home/airflow/.local/lib/python3.7/site-packages/airflow/example_dags/example_branch_operator_decorator.py
[2022-07-02 00:32:57,911] {logging_mixin.py:115} INFO - [2022-07-02 00:32:57,911] {dag.py:2379} INFO - Sync 1 DAGs
[2022-07-02 00:32:58,090] {logging_mixin.py:115} INFO - [2022-07-02 00:32:58,090] {dag.py:2931} INFO - Setting next_dagrun for example_branch_python_operator_decorator to 2022-07-01T00:00:00+00:00, run_after=2022-07-02T00:00:00+00:00
[2022-07-02 00:32:58,106] {processor.py:161} INFO - Processing /home/airflow/.local/lib/python3.7/site-packages/airflow/example_dags/example_branch_operator_decorator.py took 0.281 seconds
[2022-07-02 00:33:28,662] {processor.py:153} INFO - Started process (PID=309) to work on /home/airflow/.local/lib/python3.7/site-packages/airflow/example_dags/example_branch_operator_decorator.py
[2022-07-02 00:33:28,663] {processor.py:641} INFO - Processing file /home/airflow/.local/lib/python3.7/site-packages/airflow/example_dags/example_branch_operator_decorator.py for tasks to queue
[2022-07-02 00:33:28,663] {logging_mixin.py:115} INFO - [2022-07-02 00:33:28,663] {dagbag.py:507} INFO - Filling up the DagBag from /home/airflow/.local/lib/python3.7/site-packages/airflow/example_dags/example_branch_operator_decorator.py
[2022-07-02 00:33:28,686] {processor.py:651} INFO - DAG(s) dict_keys(['example_branch_python_operator_decorator']) retrieved from /home/airflow/.local/lib/python3.7/site-packages/airflow/example_dags/example_branch_operator_decorator.py
[2022-07-02 00:33:28,716] {logging_mixin.py:115} INFO - [2022-07-02 00:33:28,716] {dag.py:2379} INFO - Sync 1 DAGs
[2022-07-02 00:33:28,863] {logging_mixin.py:115} INFO - [2022-07-02 00:33:28,862] {dag.py:2931} INFO - Setting next_dagrun for example_branch_python_operator_decorator to 2022-07-01T00:00:00+00:00, run_after=2022-07-02T00:00:00+00:00
[2022-07-02 00:33:28,872] {processor.py:161} INFO - Processing /home/airflow/.local/lib/python3.7/site-packages/airflow/example_dags/example_branch_operator_decorator.py took 0.213 seconds
[2022-07-02 00:33:59,246] {processor.py:153} INFO - Started process (PID=363) to work on /home/airflow/.local/lib/python3.7/site-packages/airflow/example_dags/example_branch_operator_decorator.py
[2022-07-02 00:33:59,247] {processor.py:641} INFO - Processing file /home/airflow/.local/lib/python3.7/site-packages/airflow/example_dags/example_branch_operator_decorator.py for tasks to queue
[2022-07-02 00:33:59,247] {logging_mixin.py:115} INFO - [2022-07-02 00:33:59,247] {dagbag.py:507} INFO - Filling up the DagBag from /home/airflow/.local/lib/python3.7/site-packages/airflow/example_dags/example_branch_operator_decorator.py
[2022-07-02 00:33:59,267] {processor.py:651} INFO - DAG(s) dict_keys(['example_branch_python_operator_decorator']) retrieved from /home/airflow/.local/lib/python3.7/site-packages/airflow/example_dags/example_branch_operator_decorator.py
[2022-07-02 00:33:59,302] {logging_mixin.py:115} INFO - [2022-07-02 00:33:59,302] {dag.py:2379} INFO - Sync 1 DAGs
[2022-07-02 00:33:59,477] {logging_mixin.py:115} INFO - [2022-07-02 00:33:59,476] {dag.py:2931} INFO - Setting next_dagrun for example_branch_python_operator_decorator to 2022-07-01T00:00:00+00:00, run_after=2022-07-02T00:00:00+00:00
[2022-07-02 00:33:59,490] {processor.py:161} INFO - Processing /home/airflow/.local/lib/python3.7/site-packages/airflow/example_dags/example_branch_operator_decorator.py took 0.246 seconds
[2022-07-02 00:34:29,926] {processor.py:153} INFO - Started process (PID=424) to work on /home/airflow/.local/lib/python3.7/site-packages/airflow/example_dags/example_branch_operator_decorator.py
[2022-07-02 00:34:29,926] {processor.py:641} INFO - Processing file /home/airflow/.local/lib/python3.7/site-packages/airflow/example_dags/example_branch_operator_decorator.py for tasks to queue
[2022-07-02 00:34:29,927] {logging_mixin.py:115} INFO - [2022-07-02 00:34:29,927] {dagbag.py:507} INFO - Filling up the DagBag from /home/airflow/.local/lib/python3.7/site-packages/airflow/example_dags/example_branch_operator_decorator.py
[2022-07-02 00:34:29,950] {processor.py:651} INFO - DAG(s) dict_keys(['example_branch_python_operator_decorator']) retrieved from /home/airflow/.local/lib/python3.7/site-packages/airflow/example_dags/example_branch_operator_decorator.py
[2022-07-02 00:34:29,980] {logging_mixin.py:115} INFO - [2022-07-02 00:34:29,980] {dag.py:2379} INFO - Sync 1 DAGs
[2022-07-02 00:34:30,115] {logging_mixin.py:115} INFO - [2022-07-02 00:34:30,115] {dag.py:2931} INFO - Setting next_dagrun for example_branch_python_operator_decorator to 2022-07-01T00:00:00+00:00, run_after=2022-07-02T00:00:00+00:00
[2022-07-02 00:34:30,123] {processor.py:161} INFO - Processing /home/airflow/.local/lib/python3.7/site-packages/airflow/example_dags/example_branch_operator_decorator.py took 0.201 seconds
[2022-07-02 00:35:00,387] {processor.py:153} INFO - Started process (PID=486) to work on /home/airflow/.local/lib/python3.7/site-packages/airflow/example_dags/example_branch_operator_decorator.py
[2022-07-02 00:35:00,387] {processor.py:641} INFO - Processing file /home/airflow/.local/lib/python3.7/site-packages/airflow/example_dags/example_branch_operator_decorator.py for tasks to queue
[2022-07-02 00:35:00,387] {logging_mixin.py:115} INFO - [2022-07-02 00:35:00,387] {dagbag.py:507} INFO - Filling up the DagBag from /home/airflow/.local/lib/python3.7/site-packages/airflow/example_dags/example_branch_operator_decorator.py
[2022-07-02 00:35:00,406] {processor.py:651} INFO - DAG(s) dict_keys(['example_branch_python_operator_decorator']) retrieved from /home/airflow/.local/lib/python3.7/site-packages/airflow/example_dags/example_branch_operator_decorator.py
[2022-07-02 00:35:00,437] {logging_mixin.py:115} INFO - [2022-07-02 00:35:00,436] {dag.py:2379} INFO - Sync 1 DAGs
[2022-07-02 00:35:00,572] {logging_mixin.py:115} INFO - [2022-07-02 00:35:00,572] {dag.py:2931} INFO - Setting next_dagrun for example_branch_python_operator_decorator to 2022-07-01T00:00:00+00:00, run_after=2022-07-02T00:00:00+00:00
[2022-07-02 00:35:00,579] {processor.py:161} INFO - Processing /home/airflow/.local/lib/python3.7/site-packages/airflow/example_dags/example_branch_operator_decorator.py took 0.195 seconds
[2022-07-02 00:35:30,629] {processor.py:153} INFO - Started process (PID=539) to work on /home/airflow/.local/lib/python3.7/site-packages/airflow/example_dags/example_branch_operator_decorator.py
[2022-07-02 00:35:30,629] {processor.py:641} INFO - Processing file /home/airflow/.local/lib/python3.7/site-packages/airflow/example_dags/example_branch_operator_decorator.py for tasks to queue
[2022-07-02 00:35:30,630] {logging_mixin.py:115} INFO - [2022-07-02 00:35:30,630] {dagbag.py:507} INFO - Filling up the DagBag from /home/airflow/.local/lib/python3.7/site-packages/airflow/example_dags/example_branch_operator_decorator.py
[2022-07-02 00:35:30,645] {processor.py:651} INFO - DAG(s) dict_keys(['example_branch_python_operator_decorator']) retrieved from /home/airflow/.local/lib/python3.7/site-packages/airflow/example_dags/example_branch_operator_decorator.py
[2022-07-02 00:35:30,670] {logging_mixin.py:115} INFO - [2022-07-02 00:35:30,670] {dag.py:2379} INFO - Sync 1 DAGs
[2022-07-02 00:35:30,804] {logging_mixin.py:115} INFO - [2022-07-02 00:35:30,804] {dag.py:2931} INFO - Setting next_dagrun for example_branch_python_operator_decorator to 2022-07-01T00:00:00+00:00, run_after=2022-07-02T00:00:00+00:00
[2022-07-02 00:35:30,814] {processor.py:161} INFO - Processing /home/airflow/.local/lib/python3.7/site-packages/airflow/example_dags/example_branch_operator_decorator.py took 0.187 seconds
[2022-07-02 00:36:01,445] {processor.py:153} INFO - Started process (PID=601) to work on /home/airflow/.local/lib/python3.7/site-packages/airflow/example_dags/example_branch_operator_decorator.py
[2022-07-02 00:36:01,445] {processor.py:641} INFO - Processing file /home/airflow/.local/lib/python3.7/site-packages/airflow/example_dags/example_branch_operator_decorator.py for tasks to queue
[2022-07-02 00:36:01,446] {logging_mixin.py:115} INFO - [2022-07-02 00:36:01,446] {dagbag.py:507} INFO - Filling up the DagBag from /home/airflow/.local/lib/python3.7/site-packages/airflow/example_dags/example_branch_operator_decorator.py
[2022-07-02 00:36:01,465] {processor.py:651} INFO - DAG(s) dict_keys(['example_branch_python_operator_decorator']) retrieved from /home/airflow/.local/lib/python3.7/site-packages/airflow/example_dags/example_branch_operator_decorator.py
[2022-07-02 00:36:01,496] {logging_mixin.py:115} INFO - [2022-07-02 00:36:01,496] {dag.py:2379} INFO - Sync 1 DAGs
[2022-07-02 00:36:01,632] {logging_mixin.py:115} INFO - [2022-07-02 00:36:01,632] {dag.py:2931} INFO - Setting next_dagrun for example_branch_python_operator_decorator to 2022-07-01T00:00:00+00:00, run_after=2022-07-02T00:00:00+00:00
[2022-07-02 00:36:01,642] {processor.py:161} INFO - Processing /home/airflow/.local/lib/python3.7/site-packages/airflow/example_dags/example_branch_operator_decorator.py took 0.200 seconds
[2022-07-02 00:36:32,293] {processor.py:153} INFO - Started process (PID=663) to work on /home/airflow/.local/lib/python3.7/site-packages/airflow/example_dags/example_branch_operator_decorator.py
[2022-07-02 00:36:32,293] {processor.py:641} INFO - Processing file /home/airflow/.local/lib/python3.7/site-packages/airflow/example_dags/example_branch_operator_decorator.py for tasks to queue
[2022-07-02 00:36:32,293] {logging_mixin.py:115} INFO - [2022-07-02 00:36:32,293] {dagbag.py:507} INFO - Filling up the DagBag from /home/airflow/.local/lib/python3.7/site-packages/airflow/example_dags/example_branch_operator_decorator.py
[2022-07-02 00:36:32,306] {processor.py:651} INFO - DAG(s) dict_keys(['example_branch_python_operator_decorator']) retrieved from /home/airflow/.local/lib/python3.7/site-packages/airflow/example_dags/example_branch_operator_decorator.py
[2022-07-02 00:36:32,465] {logging_mixin.py:115} INFO - [2022-07-02 00:36:32,465] {dag.py:2379} INFO - Sync 1 DAGs
[2022-07-02 00:36:32,493] {logging_mixin.py:115} INFO - [2022-07-02 00:36:32,493] {dag.py:2931} INFO - Setting next_dagrun for example_branch_python_operator_decorator to 2022-07-01T00:00:00+00:00, run_after=2022-07-02T00:00:00+00:00
[2022-07-02 00:36:32,504] {processor.py:161} INFO - Processing /home/airflow/.local/lib/python3.7/site-packages/airflow/example_dags/example_branch_operator_decorator.py took 0.213 seconds
