[2022-07-02 00:24:26,952] {processor.py:153} INFO - Started process (PID=53) to work on /home/airflow/.local/lib/python3.7/site-packages/airflow/example_dags/example_time_delta_sensor_async.py
[2022-07-02 00:24:26,953] {processor.py:641} INFO - Processing file /home/airflow/.local/lib/python3.7/site-packages/airflow/example_dags/example_time_delta_sensor_async.py for tasks to queue
[2022-07-02 00:24:26,953] {logging_mixin.py:115} INFO - [2022-07-02 00:24:26,953] {dagbag.py:507} INFO - Filling up the DagBag from /home/airflow/.local/lib/python3.7/site-packages/airflow/example_dags/example_time_delta_sensor_async.py
[2022-07-02 00:24:26,969] {processor.py:651} INFO - DAG(s) dict_keys(['example_time_delta_sensor_async']) retrieved from /home/airflow/.local/lib/python3.7/site-packages/airflow/example_dags/example_time_delta_sensor_async.py
[2022-07-02 00:24:27,459] {logging_mixin.py:115} INFO - [2022-07-02 00:24:27,458] {manager.py:508} INFO - Created Permission View: can edit on DAG:example_time_delta_sensor_async
[2022-07-02 00:24:27,474] {logging_mixin.py:115} INFO - [2022-07-02 00:24:27,474] {manager.py:508} INFO - Created Permission View: can read on DAG:example_time_delta_sensor_async
[2022-07-02 00:24:27,484] {logging_mixin.py:115} INFO - [2022-07-02 00:24:27,484] {manager.py:508} INFO - Created Permission View: can delete on DAG:example_time_delta_sensor_async
[2022-07-02 00:24:27,484] {logging_mixin.py:115} INFO - [2022-07-02 00:24:27,484] {dag.py:2379} INFO - Sync 1 DAGs
[2022-07-02 00:24:27,494] {logging_mixin.py:115} INFO - [2022-07-02 00:24:27,494] {dag.py:2398} INFO - Creating ORM DAG for example_time_delta_sensor_async
[2022-07-02 00:24:27,509] {logging_mixin.py:115} INFO - [2022-07-02 00:24:27,509] {dag.py:2931} INFO - Setting next_dagrun for example_time_delta_sensor_async to None, run_after=None
[2022-07-02 00:24:27,542] {processor.py:161} INFO - Processing /home/airflow/.local/lib/python3.7/site-packages/airflow/example_dags/example_time_delta_sensor_async.py took 0.593 seconds
[2022-07-02 00:24:58,091] {processor.py:153} INFO - Started process (PID=106) to work on /home/airflow/.local/lib/python3.7/site-packages/airflow/example_dags/example_time_delta_sensor_async.py
[2022-07-02 00:24:58,093] {processor.py:641} INFO - Processing file /home/airflow/.local/lib/python3.7/site-packages/airflow/example_dags/example_time_delta_sensor_async.py for tasks to queue
[2022-07-02 00:24:58,093] {logging_mixin.py:115} INFO - [2022-07-02 00:24:58,093] {dagbag.py:507} INFO - Filling up the DagBag from /home/airflow/.local/lib/python3.7/site-packages/airflow/example_dags/example_time_delta_sensor_async.py
[2022-07-02 00:24:58,124] {processor.py:651} INFO - DAG(s) dict_keys(['example_time_delta_sensor_async']) retrieved from /home/airflow/.local/lib/python3.7/site-packages/airflow/example_dags/example_time_delta_sensor_async.py
[2022-07-02 00:24:58,163] {logging_mixin.py:115} INFO - [2022-07-02 00:24:58,163] {dag.py:2379} INFO - Sync 1 DAGs
[2022-07-02 00:24:58,317] {logging_mixin.py:115} INFO - [2022-07-02 00:24:58,317] {dag.py:2931} INFO - Setting next_dagrun for example_time_delta_sensor_async to None, run_after=None
[2022-07-02 00:24:58,328] {processor.py:161} INFO - Processing /home/airflow/.local/lib/python3.7/site-packages/airflow/example_dags/example_time_delta_sensor_async.py took 0.241 seconds
[2022-07-02 00:25:29,404] {processor.py:153} INFO - Started process (PID=167) to work on /home/airflow/.local/lib/python3.7/site-packages/airflow/example_dags/example_time_delta_sensor_async.py
[2022-07-02 00:25:29,406] {processor.py:641} INFO - Processing file /home/airflow/.local/lib/python3.7/site-packages/airflow/example_dags/example_time_delta_sensor_async.py for tasks to queue
[2022-07-02 00:25:29,407] {logging_mixin.py:115} INFO - [2022-07-02 00:25:29,407] {dagbag.py:507} INFO - Filling up the DagBag from /home/airflow/.local/lib/python3.7/site-packages/airflow/example_dags/example_time_delta_sensor_async.py
[2022-07-02 00:25:29,413] {processor.py:651} INFO - DAG(s) dict_keys(['example_time_delta_sensor_async']) retrieved from /home/airflow/.local/lib/python3.7/site-packages/airflow/example_dags/example_time_delta_sensor_async.py
[2022-07-02 00:25:29,457] {logging_mixin.py:115} INFO - [2022-07-02 00:25:29,457] {dag.py:2379} INFO - Sync 1 DAGs
[2022-07-02 00:25:29,647] {logging_mixin.py:115} INFO - [2022-07-02 00:25:29,647] {dag.py:2931} INFO - Setting next_dagrun for example_time_delta_sensor_async to None, run_after=None
[2022-07-02 00:25:29,658] {processor.py:161} INFO - Processing /home/airflow/.local/lib/python3.7/site-packages/airflow/example_dags/example_time_delta_sensor_async.py took 0.257 seconds
[2022-07-02 00:26:00,303] {processor.py:153} INFO - Started process (PID=227) to work on /home/airflow/.local/lib/python3.7/site-packages/airflow/example_dags/example_time_delta_sensor_async.py
[2022-07-02 00:26:00,303] {processor.py:641} INFO - Processing file /home/airflow/.local/lib/python3.7/site-packages/airflow/example_dags/example_time_delta_sensor_async.py for tasks to queue
[2022-07-02 00:26:00,304] {logging_mixin.py:115} INFO - [2022-07-02 00:26:00,304] {dagbag.py:507} INFO - Filling up the DagBag from /home/airflow/.local/lib/python3.7/site-packages/airflow/example_dags/example_time_delta_sensor_async.py
[2022-07-02 00:26:00,308] {processor.py:651} INFO - DAG(s) dict_keys(['example_time_delta_sensor_async']) retrieved from /home/airflow/.local/lib/python3.7/site-packages/airflow/example_dags/example_time_delta_sensor_async.py
[2022-07-02 00:26:00,346] {logging_mixin.py:115} INFO - [2022-07-02 00:26:00,346] {dag.py:2379} INFO - Sync 1 DAGs
[2022-07-02 00:26:00,493] {logging_mixin.py:115} INFO - [2022-07-02 00:26:00,493] {dag.py:2931} INFO - Setting next_dagrun for example_time_delta_sensor_async to None, run_after=None
[2022-07-02 00:26:00,510] {processor.py:161} INFO - Processing /home/airflow/.local/lib/python3.7/site-packages/airflow/example_dags/example_time_delta_sensor_async.py took 0.209 seconds
[2022-07-02 00:26:30,625] {processor.py:153} INFO - Started process (PID=281) to work on /home/airflow/.local/lib/python3.7/site-packages/airflow/example_dags/example_time_delta_sensor_async.py
[2022-07-02 00:26:30,625] {processor.py:641} INFO - Processing file /home/airflow/.local/lib/python3.7/site-packages/airflow/example_dags/example_time_delta_sensor_async.py for tasks to queue
[2022-07-02 00:26:30,625] {logging_mixin.py:115} INFO - [2022-07-02 00:26:30,625] {dagbag.py:507} INFO - Filling up the DagBag from /home/airflow/.local/lib/python3.7/site-packages/airflow/example_dags/example_time_delta_sensor_async.py
[2022-07-02 00:26:30,630] {processor.py:651} INFO - DAG(s) dict_keys(['example_time_delta_sensor_async']) retrieved from /home/airflow/.local/lib/python3.7/site-packages/airflow/example_dags/example_time_delta_sensor_async.py
[2022-07-02 00:26:30,665] {logging_mixin.py:115} INFO - [2022-07-02 00:26:30,665] {dag.py:2379} INFO - Sync 1 DAGs
[2022-07-02 00:26:30,789] {logging_mixin.py:115} INFO - [2022-07-02 00:26:30,789] {dag.py:2931} INFO - Setting next_dagrun for example_time_delta_sensor_async to None, run_after=None
[2022-07-02 00:26:30,797] {processor.py:161} INFO - Processing /home/airflow/.local/lib/python3.7/site-packages/airflow/example_dags/example_time_delta_sensor_async.py took 0.175 seconds
[2022-07-02 00:27:00,971] {processor.py:153} INFO - Started process (PID=343) to work on /home/airflow/.local/lib/python3.7/site-packages/airflow/example_dags/example_time_delta_sensor_async.py
[2022-07-02 00:27:00,972] {processor.py:641} INFO - Processing file /home/airflow/.local/lib/python3.7/site-packages/airflow/example_dags/example_time_delta_sensor_async.py for tasks to queue
[2022-07-02 00:27:00,972] {logging_mixin.py:115} INFO - [2022-07-02 00:27:00,972] {dagbag.py:507} INFO - Filling up the DagBag from /home/airflow/.local/lib/python3.7/site-packages/airflow/example_dags/example_time_delta_sensor_async.py
[2022-07-02 00:27:00,979] {processor.py:651} INFO - DAG(s) dict_keys(['example_time_delta_sensor_async']) retrieved from /home/airflow/.local/lib/python3.7/site-packages/airflow/example_dags/example_time_delta_sensor_async.py
[2022-07-02 00:27:01,012] {logging_mixin.py:115} INFO - [2022-07-02 00:27:01,011] {dag.py:2379} INFO - Sync 1 DAGs
[2022-07-02 00:27:01,135] {logging_mixin.py:115} INFO - [2022-07-02 00:27:01,135] {dag.py:2931} INFO - Setting next_dagrun for example_time_delta_sensor_async to None, run_after=None
[2022-07-02 00:27:01,143] {processor.py:161} INFO - Processing /home/airflow/.local/lib/python3.7/site-packages/airflow/example_dags/example_time_delta_sensor_async.py took 0.175 seconds
[2022-07-02 00:27:31,505] {processor.py:153} INFO - Started process (PID=406) to work on /home/airflow/.local/lib/python3.7/site-packages/airflow/example_dags/example_time_delta_sensor_async.py
[2022-07-02 00:27:31,505] {processor.py:641} INFO - Processing file /home/airflow/.local/lib/python3.7/site-packages/airflow/example_dags/example_time_delta_sensor_async.py for tasks to queue
[2022-07-02 00:27:31,505] {logging_mixin.py:115} INFO - [2022-07-02 00:27:31,505] {dagbag.py:507} INFO - Filling up the DagBag from /home/airflow/.local/lib/python3.7/site-packages/airflow/example_dags/example_time_delta_sensor_async.py
[2022-07-02 00:27:31,510] {processor.py:651} INFO - DAG(s) dict_keys(['example_time_delta_sensor_async']) retrieved from /home/airflow/.local/lib/python3.7/site-packages/airflow/example_dags/example_time_delta_sensor_async.py
[2022-07-02 00:27:31,559] {logging_mixin.py:115} INFO - [2022-07-02 00:27:31,559] {dag.py:2379} INFO - Sync 1 DAGs
[2022-07-02 00:27:31,728] {logging_mixin.py:115} INFO - [2022-07-02 00:27:31,728] {dag.py:2931} INFO - Setting next_dagrun for example_time_delta_sensor_async to None, run_after=None
[2022-07-02 00:27:31,745] {processor.py:161} INFO - Processing /home/airflow/.local/lib/python3.7/site-packages/airflow/example_dags/example_time_delta_sensor_async.py took 0.243 seconds
[2022-07-02 00:28:01,789] {processor.py:153} INFO - Started process (PID=459) to work on /home/airflow/.local/lib/python3.7/site-packages/airflow/example_dags/example_time_delta_sensor_async.py
[2022-07-02 00:28:01,790] {processor.py:641} INFO - Processing file /home/airflow/.local/lib/python3.7/site-packages/airflow/example_dags/example_time_delta_sensor_async.py for tasks to queue
[2022-07-02 00:28:01,790] {logging_mixin.py:115} INFO - [2022-07-02 00:28:01,790] {dagbag.py:507} INFO - Filling up the DagBag from /home/airflow/.local/lib/python3.7/site-packages/airflow/example_dags/example_time_delta_sensor_async.py
[2022-07-02 00:28:01,795] {processor.py:651} INFO - DAG(s) dict_keys(['example_time_delta_sensor_async']) retrieved from /home/airflow/.local/lib/python3.7/site-packages/airflow/example_dags/example_time_delta_sensor_async.py
[2022-07-02 00:28:01,833] {logging_mixin.py:115} INFO - [2022-07-02 00:28:01,833] {dag.py:2379} INFO - Sync 1 DAGs
[2022-07-02 00:28:01,972] {logging_mixin.py:115} INFO - [2022-07-02 00:28:01,972] {dag.py:2931} INFO - Setting next_dagrun for example_time_delta_sensor_async to None, run_after=None
[2022-07-02 00:28:01,983] {processor.py:161} INFO - Processing /home/airflow/.local/lib/python3.7/site-packages/airflow/example_dags/example_time_delta_sensor_async.py took 0.196 seconds
[2022-07-02 00:28:32,628] {processor.py:153} INFO - Started process (PID=520) to work on /home/airflow/.local/lib/python3.7/site-packages/airflow/example_dags/example_time_delta_sensor_async.py
[2022-07-02 00:28:32,628] {processor.py:641} INFO - Processing file /home/airflow/.local/lib/python3.7/site-packages/airflow/example_dags/example_time_delta_sensor_async.py for tasks to queue
[2022-07-02 00:28:32,628] {logging_mixin.py:115} INFO - [2022-07-02 00:28:32,628] {dagbag.py:507} INFO - Filling up the DagBag from /home/airflow/.local/lib/python3.7/site-packages/airflow/example_dags/example_time_delta_sensor_async.py
[2022-07-02 00:28:32,633] {processor.py:651} INFO - DAG(s) dict_keys(['example_time_delta_sensor_async']) retrieved from /home/airflow/.local/lib/python3.7/site-packages/airflow/example_dags/example_time_delta_sensor_async.py
[2022-07-02 00:28:32,664] {logging_mixin.py:115} INFO - [2022-07-02 00:28:32,664] {dag.py:2379} INFO - Sync 1 DAGs
[2022-07-02 00:28:32,790] {logging_mixin.py:115} INFO - [2022-07-02 00:28:32,790] {dag.py:2931} INFO - Setting next_dagrun for example_time_delta_sensor_async to None, run_after=None
[2022-07-02 00:28:32,803] {processor.py:161} INFO - Processing /home/airflow/.local/lib/python3.7/site-packages/airflow/example_dags/example_time_delta_sensor_async.py took 0.178 seconds
[2022-07-02 00:29:03,030] {processor.py:153} INFO - Started process (PID=582) to work on /home/airflow/.local/lib/python3.7/site-packages/airflow/example_dags/example_time_delta_sensor_async.py
[2022-07-02 00:29:03,031] {processor.py:641} INFO - Processing file /home/airflow/.local/lib/python3.7/site-packages/airflow/example_dags/example_time_delta_sensor_async.py for tasks to queue
[2022-07-02 00:29:03,031] {logging_mixin.py:115} INFO - [2022-07-02 00:29:03,031] {dagbag.py:507} INFO - Filling up the DagBag from /home/airflow/.local/lib/python3.7/site-packages/airflow/example_dags/example_time_delta_sensor_async.py
[2022-07-02 00:29:03,035] {processor.py:651} INFO - DAG(s) dict_keys(['example_time_delta_sensor_async']) retrieved from /home/airflow/.local/lib/python3.7/site-packages/airflow/example_dags/example_time_delta_sensor_async.py
[2022-07-02 00:29:03,064] {logging_mixin.py:115} INFO - [2022-07-02 00:29:03,064] {dag.py:2379} INFO - Sync 1 DAGs
[2022-07-02 00:29:03,188] {logging_mixin.py:115} INFO - [2022-07-02 00:29:03,188] {dag.py:2931} INFO - Setting next_dagrun for example_time_delta_sensor_async to None, run_after=None
[2022-07-02 00:29:03,195] {processor.py:161} INFO - Processing /home/airflow/.local/lib/python3.7/site-packages/airflow/example_dags/example_time_delta_sensor_async.py took 0.167 seconds
[2022-07-02 00:29:33,639] {processor.py:153} INFO - Started process (PID=634) to work on /home/airflow/.local/lib/python3.7/site-packages/airflow/example_dags/example_time_delta_sensor_async.py
[2022-07-02 00:29:33,640] {processor.py:641} INFO - Processing file /home/airflow/.local/lib/python3.7/site-packages/airflow/example_dags/example_time_delta_sensor_async.py for tasks to queue
[2022-07-02 00:29:33,641] {logging_mixin.py:115} INFO - [2022-07-02 00:29:33,640] {dagbag.py:507} INFO - Filling up the DagBag from /home/airflow/.local/lib/python3.7/site-packages/airflow/example_dags/example_time_delta_sensor_async.py
[2022-07-02 00:29:33,647] {processor.py:651} INFO - DAG(s) dict_keys(['example_time_delta_sensor_async']) retrieved from /home/airflow/.local/lib/python3.7/site-packages/airflow/example_dags/example_time_delta_sensor_async.py
[2022-07-02 00:29:33,693] {logging_mixin.py:115} INFO - [2022-07-02 00:29:33,693] {dag.py:2379} INFO - Sync 1 DAGs
[2022-07-02 00:29:33,914] {logging_mixin.py:115} INFO - [2022-07-02 00:29:33,914] {dag.py:2931} INFO - Setting next_dagrun for example_time_delta_sensor_async to None, run_after=None
[2022-07-02 00:29:33,927] {processor.py:161} INFO - Processing /home/airflow/.local/lib/python3.7/site-packages/airflow/example_dags/example_time_delta_sensor_async.py took 0.292 seconds
[2022-07-02 00:31:21,897] {processor.py:153} INFO - Started process (PID=58) to work on /home/airflow/.local/lib/python3.7/site-packages/airflow/example_dags/example_time_delta_sensor_async.py
[2022-07-02 00:31:21,898] {processor.py:641} INFO - Processing file /home/airflow/.local/lib/python3.7/site-packages/airflow/example_dags/example_time_delta_sensor_async.py for tasks to queue
[2022-07-02 00:31:21,898] {logging_mixin.py:115} INFO - [2022-07-02 00:31:21,898] {dagbag.py:507} INFO - Filling up the DagBag from /home/airflow/.local/lib/python3.7/site-packages/airflow/example_dags/example_time_delta_sensor_async.py
[2022-07-02 00:31:21,918] {processor.py:651} INFO - DAG(s) dict_keys(['example_time_delta_sensor_async']) retrieved from /home/airflow/.local/lib/python3.7/site-packages/airflow/example_dags/example_time_delta_sensor_async.py
[2022-07-02 00:31:22,378] {logging_mixin.py:115} INFO - [2022-07-02 00:31:22,378] {manager.py:508} INFO - Created Permission View: can delete on DAG:example_time_delta_sensor_async
[2022-07-02 00:31:22,386] {logging_mixin.py:115} INFO - [2022-07-02 00:31:22,386] {manager.py:508} INFO - Created Permission View: can edit on DAG:example_time_delta_sensor_async
[2022-07-02 00:31:22,392] {logging_mixin.py:115} INFO - [2022-07-02 00:31:22,392] {manager.py:508} INFO - Created Permission View: can read on DAG:example_time_delta_sensor_async
[2022-07-02 00:31:22,392] {logging_mixin.py:115} INFO - [2022-07-02 00:31:22,392] {dag.py:2379} INFO - Sync 1 DAGs
[2022-07-02 00:31:22,400] {logging_mixin.py:115} INFO - [2022-07-02 00:31:22,400] {dag.py:2398} INFO - Creating ORM DAG for example_time_delta_sensor_async
[2022-07-02 00:31:22,413] {logging_mixin.py:115} INFO - [2022-07-02 00:31:22,413] {dag.py:2931} INFO - Setting next_dagrun for example_time_delta_sensor_async to None, run_after=None
[2022-07-02 00:31:22,427] {processor.py:161} INFO - Processing /home/airflow/.local/lib/python3.7/site-packages/airflow/example_dags/example_time_delta_sensor_async.py took 0.533 seconds
[2022-07-02 00:31:53,391] {processor.py:153} INFO - Started process (PID=119) to work on /home/airflow/.local/lib/python3.7/site-packages/airflow/example_dags/example_time_delta_sensor_async.py
[2022-07-02 00:31:53,392] {processor.py:641} INFO - Processing file /home/airflow/.local/lib/python3.7/site-packages/airflow/example_dags/example_time_delta_sensor_async.py for tasks to queue
[2022-07-02 00:31:53,392] {logging_mixin.py:115} INFO - [2022-07-02 00:31:53,392] {dagbag.py:507} INFO - Filling up the DagBag from /home/airflow/.local/lib/python3.7/site-packages/airflow/example_dags/example_time_delta_sensor_async.py
[2022-07-02 00:31:53,396] {processor.py:651} INFO - DAG(s) dict_keys(['example_time_delta_sensor_async']) retrieved from /home/airflow/.local/lib/python3.7/site-packages/airflow/example_dags/example_time_delta_sensor_async.py
[2022-07-02 00:31:53,441] {logging_mixin.py:115} INFO - [2022-07-02 00:31:53,441] {dag.py:2379} INFO - Sync 1 DAGs
[2022-07-02 00:31:53,615] {logging_mixin.py:115} INFO - [2022-07-02 00:31:53,615] {dag.py:2931} INFO - Setting next_dagrun for example_time_delta_sensor_async to None, run_after=None
[2022-07-02 00:31:53,627] {processor.py:161} INFO - Processing /home/airflow/.local/lib/python3.7/site-packages/airflow/example_dags/example_time_delta_sensor_async.py took 0.239 seconds
[2022-07-02 00:32:23,967] {processor.py:153} INFO - Started process (PID=171) to work on /home/airflow/.local/lib/python3.7/site-packages/airflow/example_dags/example_time_delta_sensor_async.py
[2022-07-02 00:32:23,973] {processor.py:641} INFO - Processing file /home/airflow/.local/lib/python3.7/site-packages/airflow/example_dags/example_time_delta_sensor_async.py for tasks to queue
[2022-07-02 00:32:23,973] {logging_mixin.py:115} INFO - [2022-07-02 00:32:23,973] {dagbag.py:507} INFO - Filling up the DagBag from /home/airflow/.local/lib/python3.7/site-packages/airflow/example_dags/example_time_delta_sensor_async.py
[2022-07-02 00:32:23,978] {processor.py:651} INFO - DAG(s) dict_keys(['example_time_delta_sensor_async']) retrieved from /home/airflow/.local/lib/python3.7/site-packages/airflow/example_dags/example_time_delta_sensor_async.py
[2022-07-02 00:32:24,005] {logging_mixin.py:115} INFO - [2022-07-02 00:32:24,005] {dag.py:2379} INFO - Sync 1 DAGs
[2022-07-02 00:32:24,165] {logging_mixin.py:115} INFO - [2022-07-02 00:32:24,165] {dag.py:2931} INFO - Setting next_dagrun for example_time_delta_sensor_async to None, run_after=None
[2022-07-02 00:32:24,173] {processor.py:161} INFO - Processing /home/airflow/.local/lib/python3.7/site-packages/airflow/example_dags/example_time_delta_sensor_async.py took 0.209 seconds
[2022-07-02 00:32:54,721] {processor.py:153} INFO - Started process (PID=232) to work on /home/airflow/.local/lib/python3.7/site-packages/airflow/example_dags/example_time_delta_sensor_async.py
[2022-07-02 00:32:54,722] {processor.py:641} INFO - Processing file /home/airflow/.local/lib/python3.7/site-packages/airflow/example_dags/example_time_delta_sensor_async.py for tasks to queue
[2022-07-02 00:32:54,723] {logging_mixin.py:115} INFO - [2022-07-02 00:32:54,722] {dagbag.py:507} INFO - Filling up the DagBag from /home/airflow/.local/lib/python3.7/site-packages/airflow/example_dags/example_time_delta_sensor_async.py
[2022-07-02 00:32:54,729] {processor.py:651} INFO - DAG(s) dict_keys(['example_time_delta_sensor_async']) retrieved from /home/airflow/.local/lib/python3.7/site-packages/airflow/example_dags/example_time_delta_sensor_async.py
[2022-07-02 00:32:54,777] {logging_mixin.py:115} INFO - [2022-07-02 00:32:54,777] {dag.py:2379} INFO - Sync 1 DAGs
[2022-07-02 00:32:55,018] {logging_mixin.py:115} INFO - [2022-07-02 00:32:55,018] {dag.py:2931} INFO - Setting next_dagrun for example_time_delta_sensor_async to None, run_after=None
[2022-07-02 00:32:55,041] {processor.py:161} INFO - Processing /home/airflow/.local/lib/python3.7/site-packages/airflow/example_dags/example_time_delta_sensor_async.py took 0.322 seconds
[2022-07-02 00:33:25,770] {processor.py:153} INFO - Started process (PID=293) to work on /home/airflow/.local/lib/python3.7/site-packages/airflow/example_dags/example_time_delta_sensor_async.py
[2022-07-02 00:33:25,777] {processor.py:641} INFO - Processing file /home/airflow/.local/lib/python3.7/site-packages/airflow/example_dags/example_time_delta_sensor_async.py for tasks to queue
[2022-07-02 00:33:25,777] {logging_mixin.py:115} INFO - [2022-07-02 00:33:25,777] {dagbag.py:507} INFO - Filling up the DagBag from /home/airflow/.local/lib/python3.7/site-packages/airflow/example_dags/example_time_delta_sensor_async.py
[2022-07-02 00:33:25,785] {processor.py:651} INFO - DAG(s) dict_keys(['example_time_delta_sensor_async']) retrieved from /home/airflow/.local/lib/python3.7/site-packages/airflow/example_dags/example_time_delta_sensor_async.py
[2022-07-02 00:33:25,833] {logging_mixin.py:115} INFO - [2022-07-02 00:33:25,833] {dag.py:2379} INFO - Sync 1 DAGs
[2022-07-02 00:33:26,008] {logging_mixin.py:115} INFO - [2022-07-02 00:33:26,008] {dag.py:2931} INFO - Setting next_dagrun for example_time_delta_sensor_async to None, run_after=None
[2022-07-02 00:33:26,020] {processor.py:161} INFO - Processing /home/airflow/.local/lib/python3.7/site-packages/airflow/example_dags/example_time_delta_sensor_async.py took 0.254 seconds
[2022-07-02 00:33:56,590] {processor.py:153} INFO - Started process (PID=347) to work on /home/airflow/.local/lib/python3.7/site-packages/airflow/example_dags/example_time_delta_sensor_async.py
[2022-07-02 00:33:56,591] {processor.py:641} INFO - Processing file /home/airflow/.local/lib/python3.7/site-packages/airflow/example_dags/example_time_delta_sensor_async.py for tasks to queue
[2022-07-02 00:33:56,591] {logging_mixin.py:115} INFO - [2022-07-02 00:33:56,591] {dagbag.py:507} INFO - Filling up the DagBag from /home/airflow/.local/lib/python3.7/site-packages/airflow/example_dags/example_time_delta_sensor_async.py
[2022-07-02 00:33:56,596] {processor.py:651} INFO - DAG(s) dict_keys(['example_time_delta_sensor_async']) retrieved from /home/airflow/.local/lib/python3.7/site-packages/airflow/example_dags/example_time_delta_sensor_async.py
[2022-07-02 00:33:56,626] {logging_mixin.py:115} INFO - [2022-07-02 00:33:56,625] {dag.py:2379} INFO - Sync 1 DAGs
[2022-07-02 00:33:56,768] {logging_mixin.py:115} INFO - [2022-07-02 00:33:56,768] {dag.py:2931} INFO - Setting next_dagrun for example_time_delta_sensor_async to None, run_after=None
[2022-07-02 00:33:56,777] {processor.py:161} INFO - Processing /home/airflow/.local/lib/python3.7/site-packages/airflow/example_dags/example_time_delta_sensor_async.py took 0.190 seconds
[2022-07-02 00:34:27,050] {processor.py:153} INFO - Started process (PID=408) to work on /home/airflow/.local/lib/python3.7/site-packages/airflow/example_dags/example_time_delta_sensor_async.py
[2022-07-02 00:34:27,051] {processor.py:641} INFO - Processing file /home/airflow/.local/lib/python3.7/site-packages/airflow/example_dags/example_time_delta_sensor_async.py for tasks to queue
[2022-07-02 00:34:27,051] {logging_mixin.py:115} INFO - [2022-07-02 00:34:27,051] {dagbag.py:507} INFO - Filling up the DagBag from /home/airflow/.local/lib/python3.7/site-packages/airflow/example_dags/example_time_delta_sensor_async.py
[2022-07-02 00:34:27,056] {processor.py:651} INFO - DAG(s) dict_keys(['example_time_delta_sensor_async']) retrieved from /home/airflow/.local/lib/python3.7/site-packages/airflow/example_dags/example_time_delta_sensor_async.py
[2022-07-02 00:34:27,090] {logging_mixin.py:115} INFO - [2022-07-02 00:34:27,090] {dag.py:2379} INFO - Sync 1 DAGs
[2022-07-02 00:34:27,237] {logging_mixin.py:115} INFO - [2022-07-02 00:34:27,237] {dag.py:2931} INFO - Setting next_dagrun for example_time_delta_sensor_async to None, run_after=None
[2022-07-02 00:34:27,253] {processor.py:161} INFO - Processing /home/airflow/.local/lib/python3.7/site-packages/airflow/example_dags/example_time_delta_sensor_async.py took 0.206 seconds
[2022-07-02 00:34:58,173] {processor.py:153} INFO - Started process (PID=470) to work on /home/airflow/.local/lib/python3.7/site-packages/airflow/example_dags/example_time_delta_sensor_async.py
[2022-07-02 00:34:58,179] {processor.py:641} INFO - Processing file /home/airflow/.local/lib/python3.7/site-packages/airflow/example_dags/example_time_delta_sensor_async.py for tasks to queue
[2022-07-02 00:34:58,180] {logging_mixin.py:115} INFO - [2022-07-02 00:34:58,180] {dagbag.py:507} INFO - Filling up the DagBag from /home/airflow/.local/lib/python3.7/site-packages/airflow/example_dags/example_time_delta_sensor_async.py
[2022-07-02 00:34:58,184] {processor.py:651} INFO - DAG(s) dict_keys(['example_time_delta_sensor_async']) retrieved from /home/airflow/.local/lib/python3.7/site-packages/airflow/example_dags/example_time_delta_sensor_async.py
[2022-07-02 00:34:58,223] {logging_mixin.py:115} INFO - [2022-07-02 00:34:58,223] {dag.py:2379} INFO - Sync 1 DAGs
[2022-07-02 00:34:58,384] {logging_mixin.py:115} INFO - [2022-07-02 00:34:58,384] {dag.py:2931} INFO - Setting next_dagrun for example_time_delta_sensor_async to None, run_after=None
[2022-07-02 00:34:58,394] {processor.py:161} INFO - Processing /home/airflow/.local/lib/python3.7/site-packages/airflow/example_dags/example_time_delta_sensor_async.py took 0.224 seconds
[2022-07-02 00:35:28,419] {processor.py:153} INFO - Started process (PID=523) to work on /home/airflow/.local/lib/python3.7/site-packages/airflow/example_dags/example_time_delta_sensor_async.py
[2022-07-02 00:35:28,419] {processor.py:641} INFO - Processing file /home/airflow/.local/lib/python3.7/site-packages/airflow/example_dags/example_time_delta_sensor_async.py for tasks to queue
[2022-07-02 00:35:28,420] {logging_mixin.py:115} INFO - [2022-07-02 00:35:28,420] {dagbag.py:507} INFO - Filling up the DagBag from /home/airflow/.local/lib/python3.7/site-packages/airflow/example_dags/example_time_delta_sensor_async.py
[2022-07-02 00:35:28,423] {processor.py:651} INFO - DAG(s) dict_keys(['example_time_delta_sensor_async']) retrieved from /home/airflow/.local/lib/python3.7/site-packages/airflow/example_dags/example_time_delta_sensor_async.py
[2022-07-02 00:35:28,457] {logging_mixin.py:115} INFO - [2022-07-02 00:35:28,457] {dag.py:2379} INFO - Sync 1 DAGs
[2022-07-02 00:35:28,584] {logging_mixin.py:115} INFO - [2022-07-02 00:35:28,584] {dag.py:2931} INFO - Setting next_dagrun for example_time_delta_sensor_async to None, run_after=None
[2022-07-02 00:35:28,591] {processor.py:161} INFO - Processing /home/airflow/.local/lib/python3.7/site-packages/airflow/example_dags/example_time_delta_sensor_async.py took 0.175 seconds
[2022-07-02 00:35:58,721] {processor.py:153} INFO - Started process (PID=585) to work on /home/airflow/.local/lib/python3.7/site-packages/airflow/example_dags/example_time_delta_sensor_async.py
[2022-07-02 00:35:58,721] {processor.py:641} INFO - Processing file /home/airflow/.local/lib/python3.7/site-packages/airflow/example_dags/example_time_delta_sensor_async.py for tasks to queue
[2022-07-02 00:35:58,721] {logging_mixin.py:115} INFO - [2022-07-02 00:35:58,721] {dagbag.py:507} INFO - Filling up the DagBag from /home/airflow/.local/lib/python3.7/site-packages/airflow/example_dags/example_time_delta_sensor_async.py
[2022-07-02 00:35:58,725] {processor.py:651} INFO - DAG(s) dict_keys(['example_time_delta_sensor_async']) retrieved from /home/airflow/.local/lib/python3.7/site-packages/airflow/example_dags/example_time_delta_sensor_async.py
[2022-07-02 00:35:58,758] {logging_mixin.py:115} INFO - [2022-07-02 00:35:58,758] {dag.py:2379} INFO - Sync 1 DAGs
[2022-07-02 00:35:58,918] {logging_mixin.py:115} INFO - [2022-07-02 00:35:58,918] {dag.py:2931} INFO - Setting next_dagrun for example_time_delta_sensor_async to None, run_after=None
[2022-07-02 00:35:58,930] {processor.py:161} INFO - Processing /home/airflow/.local/lib/python3.7/site-packages/airflow/example_dags/example_time_delta_sensor_async.py took 0.211 seconds
[2022-07-02 00:36:29,398] {processor.py:153} INFO - Started process (PID=647) to work on /home/airflow/.local/lib/python3.7/site-packages/airflow/example_dags/example_time_delta_sensor_async.py
[2022-07-02 00:36:29,405] {processor.py:641} INFO - Processing file /home/airflow/.local/lib/python3.7/site-packages/airflow/example_dags/example_time_delta_sensor_async.py for tasks to queue
[2022-07-02 00:36:29,405] {logging_mixin.py:115} INFO - [2022-07-02 00:36:29,405] {dagbag.py:507} INFO - Filling up the DagBag from /home/airflow/.local/lib/python3.7/site-packages/airflow/example_dags/example_time_delta_sensor_async.py
[2022-07-02 00:36:29,411] {processor.py:651} INFO - DAG(s) dict_keys(['example_time_delta_sensor_async']) retrieved from /home/airflow/.local/lib/python3.7/site-packages/airflow/example_dags/example_time_delta_sensor_async.py
[2022-07-02 00:36:29,461] {logging_mixin.py:115} INFO - [2022-07-02 00:36:29,461] {dag.py:2379} INFO - Sync 1 DAGs
[2022-07-02 00:36:29,636] {logging_mixin.py:115} INFO - [2022-07-02 00:36:29,636] {dag.py:2931} INFO - Setting next_dagrun for example_time_delta_sensor_async to None, run_after=None
[2022-07-02 00:36:29,645] {processor.py:161} INFO - Processing /home/airflow/.local/lib/python3.7/site-packages/airflow/example_dags/example_time_delta_sensor_async.py took 0.249 seconds
[2022-07-02 00:37:00,025] {processor.py:153} INFO - Started process (PID=700) to work on /home/airflow/.local/lib/python3.7/site-packages/airflow/example_dags/example_time_delta_sensor_async.py
[2022-07-02 00:37:00,031] {processor.py:641} INFO - Processing file /home/airflow/.local/lib/python3.7/site-packages/airflow/example_dags/example_time_delta_sensor_async.py for tasks to queue
[2022-07-02 00:37:00,032] {logging_mixin.py:115} INFO - [2022-07-02 00:37:00,032] {dagbag.py:507} INFO - Filling up the DagBag from /home/airflow/.local/lib/python3.7/site-packages/airflow/example_dags/example_time_delta_sensor_async.py
[2022-07-02 00:37:00,040] {processor.py:651} INFO - DAG(s) dict_keys(['example_time_delta_sensor_async']) retrieved from /home/airflow/.local/lib/python3.7/site-packages/airflow/example_dags/example_time_delta_sensor_async.py
[2022-07-02 00:37:00,134] {logging_mixin.py:115} INFO - [2022-07-02 00:37:00,134] {dag.py:2379} INFO - Sync 1 DAGs
[2022-07-02 00:37:00,367] {logging_mixin.py:115} INFO - [2022-07-02 00:37:00,366] {dag.py:2931} INFO - Setting next_dagrun for example_time_delta_sensor_async to None, run_after=None
[2022-07-02 00:37:00,384] {processor.py:161} INFO - Processing /home/airflow/.local/lib/python3.7/site-packages/airflow/example_dags/example_time_delta_sensor_async.py took 0.364 seconds
