[2022-07-02 00:24:26,435] {processor.py:153} INFO - Started process (PID=52) to work on /home/airflow/.local/lib/python3.7/site-packages/airflow/example_dags/example_complex.py
[2022-07-02 00:24:26,436] {processor.py:641} INFO - Processing file /home/airflow/.local/lib/python3.7/site-packages/airflow/example_dags/example_complex.py for tasks to queue
[2022-07-02 00:24:26,437] {logging_mixin.py:115} INFO - [2022-07-02 00:24:26,437] {dagbag.py:507} INFO - Filling up the DagBag from /home/airflow/.local/lib/python3.7/site-packages/airflow/example_dags/example_complex.py
[2022-07-02 00:24:26,459] {processor.py:651} INFO - DAG(s) dict_keys(['example_complex']) retrieved from /home/airflow/.local/lib/python3.7/site-packages/airflow/example_dags/example_complex.py
[2022-07-02 00:24:26,942] {logging_mixin.py:115} INFO - [2022-07-02 00:24:26,942] {manager.py:508} INFO - Created Permission View: can edit on DAG:example_complex
[2022-07-02 00:24:26,959] {logging_mixin.py:115} INFO - [2022-07-02 00:24:26,959] {manager.py:508} INFO - Created Permission View: can read on DAG:example_complex
[2022-07-02 00:24:26,971] {logging_mixin.py:115} INFO - [2022-07-02 00:24:26,971] {manager.py:508} INFO - Created Permission View: can delete on DAG:example_complex
[2022-07-02 00:24:26,971] {logging_mixin.py:115} INFO - [2022-07-02 00:24:26,971] {dag.py:2379} INFO - Sync 1 DAGs
[2022-07-02 00:24:26,982] {logging_mixin.py:115} INFO - [2022-07-02 00:24:26,982] {dag.py:2398} INFO - Creating ORM DAG for example_complex
[2022-07-02 00:24:27,002] {logging_mixin.py:115} INFO - [2022-07-02 00:24:27,002] {dag.py:2931} INFO - Setting next_dagrun for example_complex to None, run_after=None
[2022-07-02 00:24:27,033] {processor.py:161} INFO - Processing /home/airflow/.local/lib/python3.7/site-packages/airflow/example_dags/example_complex.py took 0.602 seconds
[2022-07-02 00:24:57,750] {processor.py:153} INFO - Started process (PID=105) to work on /home/airflow/.local/lib/python3.7/site-packages/airflow/example_dags/example_complex.py
[2022-07-02 00:24:57,751] {processor.py:641} INFO - Processing file /home/airflow/.local/lib/python3.7/site-packages/airflow/example_dags/example_complex.py for tasks to queue
[2022-07-02 00:24:57,751] {logging_mixin.py:115} INFO - [2022-07-02 00:24:57,751] {dagbag.py:507} INFO - Filling up the DagBag from /home/airflow/.local/lib/python3.7/site-packages/airflow/example_dags/example_complex.py
[2022-07-02 00:24:57,768] {processor.py:651} INFO - DAG(s) dict_keys(['example_complex']) retrieved from /home/airflow/.local/lib/python3.7/site-packages/airflow/example_dags/example_complex.py
[2022-07-02 00:24:57,819] {logging_mixin.py:115} INFO - [2022-07-02 00:24:57,819] {dag.py:2379} INFO - Sync 1 DAGs
[2022-07-02 00:24:58,047] {logging_mixin.py:115} INFO - [2022-07-02 00:24:58,047] {dag.py:2931} INFO - Setting next_dagrun for example_complex to None, run_after=None
[2022-07-02 00:24:58,062] {processor.py:161} INFO - Processing /home/airflow/.local/lib/python3.7/site-packages/airflow/example_dags/example_complex.py took 0.315 seconds
[2022-07-02 00:25:29,049] {processor.py:153} INFO - Started process (PID=166) to work on /home/airflow/.local/lib/python3.7/site-packages/airflow/example_dags/example_complex.py
[2022-07-02 00:25:29,049] {processor.py:641} INFO - Processing file /home/airflow/.local/lib/python3.7/site-packages/airflow/example_dags/example_complex.py for tasks to queue
[2022-07-02 00:25:29,050] {logging_mixin.py:115} INFO - [2022-07-02 00:25:29,050] {dagbag.py:507} INFO - Filling up the DagBag from /home/airflow/.local/lib/python3.7/site-packages/airflow/example_dags/example_complex.py
[2022-07-02 00:25:29,065] {processor.py:651} INFO - DAG(s) dict_keys(['example_complex']) retrieved from /home/airflow/.local/lib/python3.7/site-packages/airflow/example_dags/example_complex.py
[2022-07-02 00:25:29,117] {logging_mixin.py:115} INFO - [2022-07-02 00:25:29,117] {dag.py:2379} INFO - Sync 1 DAGs
[2022-07-02 00:25:29,346] {logging_mixin.py:115} INFO - [2022-07-02 00:25:29,346] {dag.py:2931} INFO - Setting next_dagrun for example_complex to None, run_after=None
[2022-07-02 00:25:29,366] {processor.py:161} INFO - Processing /home/airflow/.local/lib/python3.7/site-packages/airflow/example_dags/example_complex.py took 0.320 seconds
[2022-07-02 00:26:00,067] {processor.py:153} INFO - Started process (PID=225) to work on /home/airflow/.local/lib/python3.7/site-packages/airflow/example_dags/example_complex.py
[2022-07-02 00:26:00,068] {processor.py:641} INFO - Processing file /home/airflow/.local/lib/python3.7/site-packages/airflow/example_dags/example_complex.py for tasks to queue
[2022-07-02 00:26:00,068] {logging_mixin.py:115} INFO - [2022-07-02 00:26:00,068] {dagbag.py:507} INFO - Filling up the DagBag from /home/airflow/.local/lib/python3.7/site-packages/airflow/example_dags/example_complex.py
[2022-07-02 00:26:00,079] {processor.py:651} INFO - DAG(s) dict_keys(['example_complex']) retrieved from /home/airflow/.local/lib/python3.7/site-packages/airflow/example_dags/example_complex.py
[2022-07-02 00:26:00,110] {logging_mixin.py:115} INFO - [2022-07-02 00:26:00,110] {dag.py:2379} INFO - Sync 1 DAGs
[2022-07-02 00:26:00,273] {logging_mixin.py:115} INFO - [2022-07-02 00:26:00,272] {dag.py:2931} INFO - Setting next_dagrun for example_complex to None, run_after=None
[2022-07-02 00:26:00,286] {processor.py:161} INFO - Processing /home/airflow/.local/lib/python3.7/site-packages/airflow/example_dags/example_complex.py took 0.220 seconds
[2022-07-02 00:26:30,354] {processor.py:153} INFO - Started process (PID=280) to work on /home/airflow/.local/lib/python3.7/site-packages/airflow/example_dags/example_complex.py
[2022-07-02 00:26:30,356] {processor.py:641} INFO - Processing file /home/airflow/.local/lib/python3.7/site-packages/airflow/example_dags/example_complex.py for tasks to queue
[2022-07-02 00:26:30,356] {logging_mixin.py:115} INFO - [2022-07-02 00:26:30,356] {dagbag.py:507} INFO - Filling up the DagBag from /home/airflow/.local/lib/python3.7/site-packages/airflow/example_dags/example_complex.py
[2022-07-02 00:26:30,374] {processor.py:651} INFO - DAG(s) dict_keys(['example_complex']) retrieved from /home/airflow/.local/lib/python3.7/site-packages/airflow/example_dags/example_complex.py
[2022-07-02 00:26:30,406] {logging_mixin.py:115} INFO - [2022-07-02 00:26:30,406] {dag.py:2379} INFO - Sync 1 DAGs
[2022-07-02 00:26:30,582] {logging_mixin.py:115} INFO - [2022-07-02 00:26:30,582] {dag.py:2931} INFO - Setting next_dagrun for example_complex to None, run_after=None
[2022-07-02 00:26:30,601] {processor.py:161} INFO - Processing /home/airflow/.local/lib/python3.7/site-packages/airflow/example_dags/example_complex.py took 0.250 seconds
[2022-07-02 00:27:00,713] {processor.py:153} INFO - Started process (PID=342) to work on /home/airflow/.local/lib/python3.7/site-packages/airflow/example_dags/example_complex.py
[2022-07-02 00:27:00,714] {processor.py:641} INFO - Processing file /home/airflow/.local/lib/python3.7/site-packages/airflow/example_dags/example_complex.py for tasks to queue
[2022-07-02 00:27:00,714] {logging_mixin.py:115} INFO - [2022-07-02 00:27:00,714] {dagbag.py:507} INFO - Filling up the DagBag from /home/airflow/.local/lib/python3.7/site-packages/airflow/example_dags/example_complex.py
[2022-07-02 00:27:00,730] {processor.py:651} INFO - DAG(s) dict_keys(['example_complex']) retrieved from /home/airflow/.local/lib/python3.7/site-packages/airflow/example_dags/example_complex.py
[2022-07-02 00:27:00,763] {logging_mixin.py:115} INFO - [2022-07-02 00:27:00,763] {dag.py:2379} INFO - Sync 1 DAGs
[2022-07-02 00:27:00,930] {logging_mixin.py:115} INFO - [2022-07-02 00:27:00,930] {dag.py:2931} INFO - Setting next_dagrun for example_complex to None, run_after=None
[2022-07-02 00:27:00,947] {processor.py:161} INFO - Processing /home/airflow/.local/lib/python3.7/site-packages/airflow/example_dags/example_complex.py took 0.237 seconds
[2022-07-02 00:27:31,277] {processor.py:153} INFO - Started process (PID=405) to work on /home/airflow/.local/lib/python3.7/site-packages/airflow/example_dags/example_complex.py
[2022-07-02 00:27:31,278] {processor.py:641} INFO - Processing file /home/airflow/.local/lib/python3.7/site-packages/airflow/example_dags/example_complex.py for tasks to queue
[2022-07-02 00:27:31,278] {logging_mixin.py:115} INFO - [2022-07-02 00:27:31,278] {dagbag.py:507} INFO - Filling up the DagBag from /home/airflow/.local/lib/python3.7/site-packages/airflow/example_dags/example_complex.py
[2022-07-02 00:27:31,291] {processor.py:651} INFO - DAG(s) dict_keys(['example_complex']) retrieved from /home/airflow/.local/lib/python3.7/site-packages/airflow/example_dags/example_complex.py
[2022-07-02 00:27:31,321] {logging_mixin.py:115} INFO - [2022-07-02 00:27:31,321] {dag.py:2379} INFO - Sync 1 DAGs
[2022-07-02 00:27:31,461] {logging_mixin.py:115} INFO - [2022-07-02 00:27:31,461] {dag.py:2931} INFO - Setting next_dagrun for example_complex to None, run_after=None
[2022-07-02 00:27:31,483] {processor.py:161} INFO - Processing /home/airflow/.local/lib/python3.7/site-packages/airflow/example_dags/example_complex.py took 0.209 seconds
[2022-07-02 00:28:01,528] {processor.py:153} INFO - Started process (PID=457) to work on /home/airflow/.local/lib/python3.7/site-packages/airflow/example_dags/example_complex.py
[2022-07-02 00:28:01,528] {processor.py:641} INFO - Processing file /home/airflow/.local/lib/python3.7/site-packages/airflow/example_dags/example_complex.py for tasks to queue
[2022-07-02 00:28:01,528] {logging_mixin.py:115} INFO - [2022-07-02 00:28:01,528] {dagbag.py:507} INFO - Filling up the DagBag from /home/airflow/.local/lib/python3.7/site-packages/airflow/example_dags/example_complex.py
[2022-07-02 00:28:01,540] {processor.py:651} INFO - DAG(s) dict_keys(['example_complex']) retrieved from /home/airflow/.local/lib/python3.7/site-packages/airflow/example_dags/example_complex.py
[2022-07-02 00:28:01,579] {logging_mixin.py:115} INFO - [2022-07-02 00:28:01,579] {dag.py:2379} INFO - Sync 1 DAGs
[2022-07-02 00:28:01,756] {logging_mixin.py:115} INFO - [2022-07-02 00:28:01,756] {dag.py:2931} INFO - Setting next_dagrun for example_complex to None, run_after=None
[2022-07-02 00:28:01,768] {processor.py:161} INFO - Processing /home/airflow/.local/lib/python3.7/site-packages/airflow/example_dags/example_complex.py took 0.243 seconds
[2022-07-02 00:28:32,390] {processor.py:153} INFO - Started process (PID=519) to work on /home/airflow/.local/lib/python3.7/site-packages/airflow/example_dags/example_complex.py
[2022-07-02 00:28:32,392] {processor.py:641} INFO - Processing file /home/airflow/.local/lib/python3.7/site-packages/airflow/example_dags/example_complex.py for tasks to queue
[2022-07-02 00:28:32,392] {logging_mixin.py:115} INFO - [2022-07-02 00:28:32,392] {dagbag.py:507} INFO - Filling up the DagBag from /home/airflow/.local/lib/python3.7/site-packages/airflow/example_dags/example_complex.py
[2022-07-02 00:28:32,401] {processor.py:651} INFO - DAG(s) dict_keys(['example_complex']) retrieved from /home/airflow/.local/lib/python3.7/site-packages/airflow/example_dags/example_complex.py
[2022-07-02 00:28:32,433] {logging_mixin.py:115} INFO - [2022-07-02 00:28:32,433] {dag.py:2379} INFO - Sync 1 DAGs
[2022-07-02 00:28:32,594] {logging_mixin.py:115} INFO - [2022-07-02 00:28:32,594] {dag.py:2931} INFO - Setting next_dagrun for example_complex to None, run_after=None
[2022-07-02 00:28:32,605] {processor.py:161} INFO - Processing /home/airflow/.local/lib/python3.7/site-packages/airflow/example_dags/example_complex.py took 0.217 seconds
[2022-07-02 00:29:02,805] {processor.py:153} INFO - Started process (PID=581) to work on /home/airflow/.local/lib/python3.7/site-packages/airflow/example_dags/example_complex.py
[2022-07-02 00:29:02,808] {processor.py:641} INFO - Processing file /home/airflow/.local/lib/python3.7/site-packages/airflow/example_dags/example_complex.py for tasks to queue
[2022-07-02 00:29:02,808] {logging_mixin.py:115} INFO - [2022-07-02 00:29:02,808] {dagbag.py:507} INFO - Filling up the DagBag from /home/airflow/.local/lib/python3.7/site-packages/airflow/example_dags/example_complex.py
[2022-07-02 00:29:02,818] {processor.py:651} INFO - DAG(s) dict_keys(['example_complex']) retrieved from /home/airflow/.local/lib/python3.7/site-packages/airflow/example_dags/example_complex.py
[2022-07-02 00:29:02,846] {logging_mixin.py:115} INFO - [2022-07-02 00:29:02,846] {dag.py:2379} INFO - Sync 1 DAGs
[2022-07-02 00:29:02,999] {logging_mixin.py:115} INFO - [2022-07-02 00:29:02,999] {dag.py:2931} INFO - Setting next_dagrun for example_complex to None, run_after=None
[2022-07-02 00:29:03,013] {processor.py:161} INFO - Processing /home/airflow/.local/lib/python3.7/site-packages/airflow/example_dags/example_complex.py took 0.210 seconds
[2022-07-02 00:29:33,366] {processor.py:153} INFO - Started process (PID=633) to work on /home/airflow/.local/lib/python3.7/site-packages/airflow/example_dags/example_complex.py
[2022-07-02 00:29:33,367] {processor.py:641} INFO - Processing file /home/airflow/.local/lib/python3.7/site-packages/airflow/example_dags/example_complex.py for tasks to queue
[2022-07-02 00:29:33,367] {logging_mixin.py:115} INFO - [2022-07-02 00:29:33,367] {dagbag.py:507} INFO - Filling up the DagBag from /home/airflow/.local/lib/python3.7/site-packages/airflow/example_dags/example_complex.py
[2022-07-02 00:29:33,388] {processor.py:651} INFO - DAG(s) dict_keys(['example_complex']) retrieved from /home/airflow/.local/lib/python3.7/site-packages/airflow/example_dags/example_complex.py
[2022-07-02 00:29:33,425] {logging_mixin.py:115} INFO - [2022-07-02 00:29:33,425] {dag.py:2379} INFO - Sync 1 DAGs
[2022-07-02 00:29:33,598] {logging_mixin.py:115} INFO - [2022-07-02 00:29:33,598] {dag.py:2931} INFO - Setting next_dagrun for example_complex to None, run_after=None
[2022-07-02 00:29:33,609] {processor.py:161} INFO - Processing /home/airflow/.local/lib/python3.7/site-packages/airflow/example_dags/example_complex.py took 0.246 seconds
[2022-07-02 00:31:21,446] {processor.py:153} INFO - Started process (PID=57) to work on /home/airflow/.local/lib/python3.7/site-packages/airflow/example_dags/example_complex.py
[2022-07-02 00:31:21,446] {processor.py:641} INFO - Processing file /home/airflow/.local/lib/python3.7/site-packages/airflow/example_dags/example_complex.py for tasks to queue
[2022-07-02 00:31:21,447] {logging_mixin.py:115} INFO - [2022-07-02 00:31:21,447] {dagbag.py:507} INFO - Filling up the DagBag from /home/airflow/.local/lib/python3.7/site-packages/airflow/example_dags/example_complex.py
[2022-07-02 00:31:21,467] {processor.py:651} INFO - DAG(s) dict_keys(['example_complex']) retrieved from /home/airflow/.local/lib/python3.7/site-packages/airflow/example_dags/example_complex.py
[2022-07-02 00:31:21,792] {logging_mixin.py:115} INFO - [2022-07-02 00:31:21,792] {manager.py:508} INFO - Created Permission View: can delete on DAG:example_complex
[2022-07-02 00:31:21,807] {logging_mixin.py:115} INFO - [2022-07-02 00:31:21,807] {manager.py:508} INFO - Created Permission View: can edit on DAG:example_complex
[2022-07-02 00:31:21,814] {logging_mixin.py:115} INFO - [2022-07-02 00:31:21,814] {manager.py:508} INFO - Created Permission View: can read on DAG:example_complex
[2022-07-02 00:31:21,814] {logging_mixin.py:115} INFO - [2022-07-02 00:31:21,814] {dag.py:2379} INFO - Sync 1 DAGs
[2022-07-02 00:31:21,828] {logging_mixin.py:115} INFO - [2022-07-02 00:31:21,828] {dag.py:2398} INFO - Creating ORM DAG for example_complex
[2022-07-02 00:31:21,844] {logging_mixin.py:115} INFO - [2022-07-02 00:31:21,844] {dag.py:2931} INFO - Setting next_dagrun for example_complex to None, run_after=None
[2022-07-02 00:31:21,866] {processor.py:161} INFO - Processing /home/airflow/.local/lib/python3.7/site-packages/airflow/example_dags/example_complex.py took 0.423 seconds
[2022-07-02 00:31:52,117] {processor.py:153} INFO - Started process (PID=109) to work on /home/airflow/.local/lib/python3.7/site-packages/airflow/example_dags/example_complex.py
[2022-07-02 00:31:52,117] {processor.py:641} INFO - Processing file /home/airflow/.local/lib/python3.7/site-packages/airflow/example_dags/example_complex.py for tasks to queue
[2022-07-02 00:31:52,118] {logging_mixin.py:115} INFO - [2022-07-02 00:31:52,118] {dagbag.py:507} INFO - Filling up the DagBag from /home/airflow/.local/lib/python3.7/site-packages/airflow/example_dags/example_complex.py
[2022-07-02 00:31:52,133] {processor.py:651} INFO - DAG(s) dict_keys(['example_complex']) retrieved from /home/airflow/.local/lib/python3.7/site-packages/airflow/example_dags/example_complex.py
[2022-07-02 00:31:52,168] {logging_mixin.py:115} INFO - [2022-07-02 00:31:52,168] {dag.py:2379} INFO - Sync 1 DAGs
[2022-07-02 00:31:52,352] {logging_mixin.py:115} INFO - [2022-07-02 00:31:52,352] {dag.py:2931} INFO - Setting next_dagrun for example_complex to None, run_after=None
[2022-07-02 00:31:52,365] {processor.py:161} INFO - Processing /home/airflow/.local/lib/python3.7/site-packages/airflow/example_dags/example_complex.py took 0.251 seconds
[2022-07-02 00:32:22,962] {processor.py:153} INFO - Started process (PID=170) to work on /home/airflow/.local/lib/python3.7/site-packages/airflow/example_dags/example_complex.py
[2022-07-02 00:32:22,962] {processor.py:641} INFO - Processing file /home/airflow/.local/lib/python3.7/site-packages/airflow/example_dags/example_complex.py for tasks to queue
[2022-07-02 00:32:22,963] {logging_mixin.py:115} INFO - [2022-07-02 00:32:22,962] {dagbag.py:507} INFO - Filling up the DagBag from /home/airflow/.local/lib/python3.7/site-packages/airflow/example_dags/example_complex.py
[2022-07-02 00:32:22,973] {processor.py:651} INFO - DAG(s) dict_keys(['example_complex']) retrieved from /home/airflow/.local/lib/python3.7/site-packages/airflow/example_dags/example_complex.py
[2022-07-02 00:32:22,998] {logging_mixin.py:115} INFO - [2022-07-02 00:32:22,998] {dag.py:2379} INFO - Sync 1 DAGs
[2022-07-02 00:32:23,120] {logging_mixin.py:115} INFO - [2022-07-02 00:32:23,120] {dag.py:2931} INFO - Setting next_dagrun for example_complex to None, run_after=None
[2022-07-02 00:32:23,126] {processor.py:161} INFO - Processing /home/airflow/.local/lib/python3.7/site-packages/airflow/example_dags/example_complex.py took 0.167 seconds
[2022-07-02 00:32:53,405] {processor.py:153} INFO - Started process (PID=231) to work on /home/airflow/.local/lib/python3.7/site-packages/airflow/example_dags/example_complex.py
[2022-07-02 00:32:53,405] {processor.py:641} INFO - Processing file /home/airflow/.local/lib/python3.7/site-packages/airflow/example_dags/example_complex.py for tasks to queue
[2022-07-02 00:32:53,406] {logging_mixin.py:115} INFO - [2022-07-02 00:32:53,406] {dagbag.py:507} INFO - Filling up the DagBag from /home/airflow/.local/lib/python3.7/site-packages/airflow/example_dags/example_complex.py
[2022-07-02 00:32:53,427] {processor.py:651} INFO - DAG(s) dict_keys(['example_complex']) retrieved from /home/airflow/.local/lib/python3.7/site-packages/airflow/example_dags/example_complex.py
[2022-07-02 00:32:53,479] {logging_mixin.py:115} INFO - [2022-07-02 00:32:53,479] {dag.py:2379} INFO - Sync 1 DAGs
[2022-07-02 00:32:53,675] {logging_mixin.py:115} INFO - [2022-07-02 00:32:53,674] {dag.py:2931} INFO - Setting next_dagrun for example_complex to None, run_after=None
[2022-07-02 00:32:53,691] {processor.py:161} INFO - Processing /home/airflow/.local/lib/python3.7/site-packages/airflow/example_dags/example_complex.py took 0.291 seconds
[2022-07-02 00:33:24,526] {processor.py:153} INFO - Started process (PID=283) to work on /home/airflow/.local/lib/python3.7/site-packages/airflow/example_dags/example_complex.py
[2022-07-02 00:33:24,526] {processor.py:641} INFO - Processing file /home/airflow/.local/lib/python3.7/site-packages/airflow/example_dags/example_complex.py for tasks to queue
[2022-07-02 00:33:24,527] {logging_mixin.py:115} INFO - [2022-07-02 00:33:24,527] {dagbag.py:507} INFO - Filling up the DagBag from /home/airflow/.local/lib/python3.7/site-packages/airflow/example_dags/example_complex.py
[2022-07-02 00:33:24,542] {processor.py:651} INFO - DAG(s) dict_keys(['example_complex']) retrieved from /home/airflow/.local/lib/python3.7/site-packages/airflow/example_dags/example_complex.py
[2022-07-02 00:33:24,575] {logging_mixin.py:115} INFO - [2022-07-02 00:33:24,575] {dag.py:2379} INFO - Sync 1 DAGs
[2022-07-02 00:33:24,720] {logging_mixin.py:115} INFO - [2022-07-02 00:33:24,720] {dag.py:2931} INFO - Setting next_dagrun for example_complex to None, run_after=None
[2022-07-02 00:33:24,741] {processor.py:161} INFO - Processing /home/airflow/.local/lib/python3.7/site-packages/airflow/example_dags/example_complex.py took 0.219 seconds
[2022-07-02 00:33:55,400] {processor.py:153} INFO - Started process (PID=346) to work on /home/airflow/.local/lib/python3.7/site-packages/airflow/example_dags/example_complex.py
[2022-07-02 00:33:55,401] {processor.py:641} INFO - Processing file /home/airflow/.local/lib/python3.7/site-packages/airflow/example_dags/example_complex.py for tasks to queue
[2022-07-02 00:33:55,401] {logging_mixin.py:115} INFO - [2022-07-02 00:33:55,401] {dagbag.py:507} INFO - Filling up the DagBag from /home/airflow/.local/lib/python3.7/site-packages/airflow/example_dags/example_complex.py
[2022-07-02 00:33:55,416] {processor.py:651} INFO - DAG(s) dict_keys(['example_complex']) retrieved from /home/airflow/.local/lib/python3.7/site-packages/airflow/example_dags/example_complex.py
[2022-07-02 00:33:55,446] {logging_mixin.py:115} INFO - [2022-07-02 00:33:55,445] {dag.py:2379} INFO - Sync 1 DAGs
[2022-07-02 00:33:55,577] {logging_mixin.py:115} INFO - [2022-07-02 00:33:55,577] {dag.py:2931} INFO - Setting next_dagrun for example_complex to None, run_after=None
[2022-07-02 00:33:55,587] {processor.py:161} INFO - Processing /home/airflow/.local/lib/python3.7/site-packages/airflow/example_dags/example_complex.py took 0.190 seconds
[2022-07-02 00:34:26,045] {processor.py:153} INFO - Started process (PID=407) to work on /home/airflow/.local/lib/python3.7/site-packages/airflow/example_dags/example_complex.py
[2022-07-02 00:34:26,045] {processor.py:641} INFO - Processing file /home/airflow/.local/lib/python3.7/site-packages/airflow/example_dags/example_complex.py for tasks to queue
[2022-07-02 00:34:26,046] {logging_mixin.py:115} INFO - [2022-07-02 00:34:26,046] {dagbag.py:507} INFO - Filling up the DagBag from /home/airflow/.local/lib/python3.7/site-packages/airflow/example_dags/example_complex.py
[2022-07-02 00:34:26,058] {processor.py:651} INFO - DAG(s) dict_keys(['example_complex']) retrieved from /home/airflow/.local/lib/python3.7/site-packages/airflow/example_dags/example_complex.py
[2022-07-02 00:34:26,087] {logging_mixin.py:115} INFO - [2022-07-02 00:34:26,087] {dag.py:2379} INFO - Sync 1 DAGs
[2022-07-02 00:34:26,231] {logging_mixin.py:115} INFO - [2022-07-02 00:34:26,231] {dag.py:2931} INFO - Setting next_dagrun for example_complex to None, run_after=None
[2022-07-02 00:34:26,239] {processor.py:161} INFO - Processing /home/airflow/.local/lib/python3.7/site-packages/airflow/example_dags/example_complex.py took 0.197 seconds
[2022-07-02 00:34:56,957] {processor.py:153} INFO - Started process (PID=460) to work on /home/airflow/.local/lib/python3.7/site-packages/airflow/example_dags/example_complex.py
[2022-07-02 00:34:56,957] {processor.py:641} INFO - Processing file /home/airflow/.local/lib/python3.7/site-packages/airflow/example_dags/example_complex.py for tasks to queue
[2022-07-02 00:34:56,958] {logging_mixin.py:115} INFO - [2022-07-02 00:34:56,958] {dagbag.py:507} INFO - Filling up the DagBag from /home/airflow/.local/lib/python3.7/site-packages/airflow/example_dags/example_complex.py
[2022-07-02 00:34:56,970] {processor.py:651} INFO - DAG(s) dict_keys(['example_complex']) retrieved from /home/airflow/.local/lib/python3.7/site-packages/airflow/example_dags/example_complex.py
[2022-07-02 00:34:57,002] {logging_mixin.py:115} INFO - [2022-07-02 00:34:57,002] {dag.py:2379} INFO - Sync 1 DAGs
[2022-07-02 00:34:57,140] {logging_mixin.py:115} INFO - [2022-07-02 00:34:57,140] {dag.py:2931} INFO - Setting next_dagrun for example_complex to None, run_after=None
[2022-07-02 00:34:57,149] {processor.py:161} INFO - Processing /home/airflow/.local/lib/python3.7/site-packages/airflow/example_dags/example_complex.py took 0.194 seconds
[2022-07-02 00:35:27,410] {processor.py:153} INFO - Started process (PID=522) to work on /home/airflow/.local/lib/python3.7/site-packages/airflow/example_dags/example_complex.py
[2022-07-02 00:35:27,410] {processor.py:641} INFO - Processing file /home/airflow/.local/lib/python3.7/site-packages/airflow/example_dags/example_complex.py for tasks to queue
[2022-07-02 00:35:27,411] {logging_mixin.py:115} INFO - [2022-07-02 00:35:27,410] {dagbag.py:507} INFO - Filling up the DagBag from /home/airflow/.local/lib/python3.7/site-packages/airflow/example_dags/example_complex.py
[2022-07-02 00:35:27,421] {processor.py:651} INFO - DAG(s) dict_keys(['example_complex']) retrieved from /home/airflow/.local/lib/python3.7/site-packages/airflow/example_dags/example_complex.py
[2022-07-02 00:35:27,445] {logging_mixin.py:115} INFO - [2022-07-02 00:35:27,445] {dag.py:2379} INFO - Sync 1 DAGs
[2022-07-02 00:35:27,567] {logging_mixin.py:115} INFO - [2022-07-02 00:35:27,567] {dag.py:2931} INFO - Setting next_dagrun for example_complex to None, run_after=None
[2022-07-02 00:35:27,574] {processor.py:161} INFO - Processing /home/airflow/.local/lib/python3.7/site-packages/airflow/example_dags/example_complex.py took 0.167 seconds
[2022-07-02 00:35:57,714] {processor.py:153} INFO - Started process (PID=584) to work on /home/airflow/.local/lib/python3.7/site-packages/airflow/example_dags/example_complex.py
[2022-07-02 00:35:57,715] {processor.py:641} INFO - Processing file /home/airflow/.local/lib/python3.7/site-packages/airflow/example_dags/example_complex.py for tasks to queue
[2022-07-02 00:35:57,715] {logging_mixin.py:115} INFO - [2022-07-02 00:35:57,715] {dagbag.py:507} INFO - Filling up the DagBag from /home/airflow/.local/lib/python3.7/site-packages/airflow/example_dags/example_complex.py
[2022-07-02 00:35:57,726] {processor.py:651} INFO - DAG(s) dict_keys(['example_complex']) retrieved from /home/airflow/.local/lib/python3.7/site-packages/airflow/example_dags/example_complex.py
[2022-07-02 00:35:57,750] {logging_mixin.py:115} INFO - [2022-07-02 00:35:57,750] {dag.py:2379} INFO - Sync 1 DAGs
[2022-07-02 00:35:57,860] {logging_mixin.py:115} INFO - [2022-07-02 00:35:57,860] {dag.py:2931} INFO - Setting next_dagrun for example_complex to None, run_after=None
[2022-07-02 00:35:57,867] {processor.py:161} INFO - Processing /home/airflow/.local/lib/python3.7/site-packages/airflow/example_dags/example_complex.py took 0.155 seconds
[2022-07-02 00:36:28,390] {processor.py:153} INFO - Started process (PID=637) to work on /home/airflow/.local/lib/python3.7/site-packages/airflow/example_dags/example_complex.py
[2022-07-02 00:36:28,390] {processor.py:641} INFO - Processing file /home/airflow/.local/lib/python3.7/site-packages/airflow/example_dags/example_complex.py for tasks to queue
[2022-07-02 00:36:28,391] {logging_mixin.py:115} INFO - [2022-07-02 00:36:28,390] {dagbag.py:507} INFO - Filling up the DagBag from /home/airflow/.local/lib/python3.7/site-packages/airflow/example_dags/example_complex.py
[2022-07-02 00:36:28,402] {processor.py:651} INFO - DAG(s) dict_keys(['example_complex']) retrieved from /home/airflow/.local/lib/python3.7/site-packages/airflow/example_dags/example_complex.py
[2022-07-02 00:36:28,440] {logging_mixin.py:115} INFO - [2022-07-02 00:36:28,440] {dag.py:2379} INFO - Sync 1 DAGs
[2022-07-02 00:36:28,599] {logging_mixin.py:115} INFO - [2022-07-02 00:36:28,599] {dag.py:2931} INFO - Setting next_dagrun for example_complex to None, run_after=None
[2022-07-02 00:36:28,618] {processor.py:161} INFO - Processing /home/airflow/.local/lib/python3.7/site-packages/airflow/example_dags/example_complex.py took 0.230 seconds
[2022-07-02 00:36:59,007] {processor.py:153} INFO - Started process (PID=699) to work on /home/airflow/.local/lib/python3.7/site-packages/airflow/example_dags/example_complex.py
[2022-07-02 00:36:59,008] {processor.py:641} INFO - Processing file /home/airflow/.local/lib/python3.7/site-packages/airflow/example_dags/example_complex.py for tasks to queue
[2022-07-02 00:36:59,008] {logging_mixin.py:115} INFO - [2022-07-02 00:36:59,008] {dagbag.py:507} INFO - Filling up the DagBag from /home/airflow/.local/lib/python3.7/site-packages/airflow/example_dags/example_complex.py
[2022-07-02 00:36:59,020] {processor.py:651} INFO - DAG(s) dict_keys(['example_complex']) retrieved from /home/airflow/.local/lib/python3.7/site-packages/airflow/example_dags/example_complex.py
[2022-07-02 00:36:59,053] {logging_mixin.py:115} INFO - [2022-07-02 00:36:59,053] {dag.py:2379} INFO - Sync 1 DAGs
[2022-07-02 00:36:59,205] {logging_mixin.py:115} INFO - [2022-07-02 00:36:59,205] {dag.py:2931} INFO - Setting next_dagrun for example_complex to None, run_after=None
[2022-07-02 00:36:59,216] {processor.py:161} INFO - Processing /home/airflow/.local/lib/python3.7/site-packages/airflow/example_dags/example_complex.py took 0.211 seconds
