[2022-07-02 00:24:38,354] {processor.py:153} INFO - Started process (PID=75) to work on /home/airflow/.local/lib/python3.7/site-packages/airflow/example_dags/example_python_operator.py
[2022-07-02 00:24:38,354] {processor.py:641} INFO - Processing file /home/airflow/.local/lib/python3.7/site-packages/airflow/example_dags/example_python_operator.py for tasks to queue
[2022-07-02 00:24:38,355] {logging_mixin.py:115} INFO - [2022-07-02 00:24:38,355] {dagbag.py:507} INFO - Filling up the DagBag from /home/airflow/.local/lib/python3.7/site-packages/airflow/example_dags/example_python_operator.py
[2022-07-02 00:24:38,376] {processor.py:651} INFO - DAG(s) dict_keys(['example_python_operator']) retrieved from /home/airflow/.local/lib/python3.7/site-packages/airflow/example_dags/example_python_operator.py
[2022-07-02 00:24:38,586] {logging_mixin.py:115} INFO - [2022-07-02 00:24:38,586] {manager.py:508} INFO - Created Permission View: can edit on DAG:example_python_operator
[2022-07-02 00:24:38,596] {logging_mixin.py:115} INFO - [2022-07-02 00:24:38,596] {manager.py:508} INFO - Created Permission View: can read on DAG:example_python_operator
[2022-07-02 00:24:38,604] {logging_mixin.py:115} INFO - [2022-07-02 00:24:38,604] {manager.py:508} INFO - Created Permission View: can delete on DAG:example_python_operator
[2022-07-02 00:24:38,605] {logging_mixin.py:115} INFO - [2022-07-02 00:24:38,605] {dag.py:2379} INFO - Sync 1 DAGs
[2022-07-02 00:24:38,612] {logging_mixin.py:115} INFO - [2022-07-02 00:24:38,612] {dag.py:2398} INFO - Creating ORM DAG for example_python_operator
[2022-07-02 00:24:38,623] {logging_mixin.py:115} INFO - [2022-07-02 00:24:38,623] {dag.py:2931} INFO - Setting next_dagrun for example_python_operator to None, run_after=None
[2022-07-02 00:24:38,638] {processor.py:161} INFO - Processing /home/airflow/.local/lib/python3.7/site-packages/airflow/example_dags/example_python_operator.py took 0.287 seconds
[2022-07-02 00:25:08,701] {processor.py:153} INFO - Started process (PID=137) to work on /home/airflow/.local/lib/python3.7/site-packages/airflow/example_dags/example_python_operator.py
[2022-07-02 00:25:08,701] {processor.py:641} INFO - Processing file /home/airflow/.local/lib/python3.7/site-packages/airflow/example_dags/example_python_operator.py for tasks to queue
[2022-07-02 00:25:08,702] {logging_mixin.py:115} INFO - [2022-07-02 00:25:08,702] {dagbag.py:507} INFO - Filling up the DagBag from /home/airflow/.local/lib/python3.7/site-packages/airflow/example_dags/example_python_operator.py
[2022-07-02 00:25:08,724] {processor.py:651} INFO - DAG(s) dict_keys(['example_python_operator']) retrieved from /home/airflow/.local/lib/python3.7/site-packages/airflow/example_dags/example_python_operator.py
[2022-07-02 00:25:08,753] {logging_mixin.py:115} INFO - [2022-07-02 00:25:08,753] {dag.py:2379} INFO - Sync 1 DAGs
[2022-07-02 00:25:08,889] {logging_mixin.py:115} INFO - [2022-07-02 00:25:08,889] {dag.py:2931} INFO - Setting next_dagrun for example_python_operator to None, run_after=None
[2022-07-02 00:25:08,900] {processor.py:161} INFO - Processing /home/airflow/.local/lib/python3.7/site-packages/airflow/example_dags/example_python_operator.py took 0.202 seconds
[2022-07-02 00:25:38,987] {processor.py:153} INFO - Started process (PID=199) to work on /home/airflow/.local/lib/python3.7/site-packages/airflow/example_dags/example_python_operator.py
[2022-07-02 00:25:38,989] {processor.py:641} INFO - Processing file /home/airflow/.local/lib/python3.7/site-packages/airflow/example_dags/example_python_operator.py for tasks to queue
[2022-07-02 00:25:38,989] {logging_mixin.py:115} INFO - [2022-07-02 00:25:38,989] {dagbag.py:507} INFO - Filling up the DagBag from /home/airflow/.local/lib/python3.7/site-packages/airflow/example_dags/example_python_operator.py
[2022-07-02 00:25:39,012] {processor.py:651} INFO - DAG(s) dict_keys(['example_python_operator']) retrieved from /home/airflow/.local/lib/python3.7/site-packages/airflow/example_dags/example_python_operator.py
[2022-07-02 00:25:39,047] {logging_mixin.py:115} INFO - [2022-07-02 00:25:39,047] {dag.py:2379} INFO - Sync 1 DAGs
[2022-07-02 00:25:39,240] {logging_mixin.py:115} INFO - [2022-07-02 00:25:39,240] {dag.py:2931} INFO - Setting next_dagrun for example_python_operator to None, run_after=None
[2022-07-02 00:25:39,253] {processor.py:161} INFO - Processing /home/airflow/.local/lib/python3.7/site-packages/airflow/example_dags/example_python_operator.py took 0.269 seconds
[2022-07-02 00:26:09,503] {processor.py:153} INFO - Started process (PID=251) to work on /home/airflow/.local/lib/python3.7/site-packages/airflow/example_dags/example_python_operator.py
[2022-07-02 00:26:09,504] {processor.py:641} INFO - Processing file /home/airflow/.local/lib/python3.7/site-packages/airflow/example_dags/example_python_operator.py for tasks to queue
[2022-07-02 00:26:09,504] {logging_mixin.py:115} INFO - [2022-07-02 00:26:09,504] {dagbag.py:507} INFO - Filling up the DagBag from /home/airflow/.local/lib/python3.7/site-packages/airflow/example_dags/example_python_operator.py
[2022-07-02 00:26:09,518] {processor.py:651} INFO - DAG(s) dict_keys(['example_python_operator']) retrieved from /home/airflow/.local/lib/python3.7/site-packages/airflow/example_dags/example_python_operator.py
[2022-07-02 00:26:09,540] {logging_mixin.py:115} INFO - [2022-07-02 00:26:09,540] {dag.py:2379} INFO - Sync 1 DAGs
[2022-07-02 00:26:09,659] {logging_mixin.py:115} INFO - [2022-07-02 00:26:09,659] {dag.py:2931} INFO - Setting next_dagrun for example_python_operator to None, run_after=None
[2022-07-02 00:26:09,670] {processor.py:161} INFO - Processing /home/airflow/.local/lib/python3.7/site-packages/airflow/example_dags/example_python_operator.py took 0.169 seconds
[2022-07-02 00:26:39,741] {processor.py:153} INFO - Started process (PID=312) to work on /home/airflow/.local/lib/python3.7/site-packages/airflow/example_dags/example_python_operator.py
[2022-07-02 00:26:39,742] {processor.py:641} INFO - Processing file /home/airflow/.local/lib/python3.7/site-packages/airflow/example_dags/example_python_operator.py for tasks to queue
[2022-07-02 00:26:39,742] {logging_mixin.py:115} INFO - [2022-07-02 00:26:39,742] {dagbag.py:507} INFO - Filling up the DagBag from /home/airflow/.local/lib/python3.7/site-packages/airflow/example_dags/example_python_operator.py
[2022-07-02 00:26:39,756] {processor.py:651} INFO - DAG(s) dict_keys(['example_python_operator']) retrieved from /home/airflow/.local/lib/python3.7/site-packages/airflow/example_dags/example_python_operator.py
[2022-07-02 00:26:39,777] {logging_mixin.py:115} INFO - [2022-07-02 00:26:39,777] {dag.py:2379} INFO - Sync 1 DAGs
[2022-07-02 00:26:39,897] {logging_mixin.py:115} INFO - [2022-07-02 00:26:39,897] {dag.py:2931} INFO - Setting next_dagrun for example_python_operator to None, run_after=None
[2022-07-02 00:26:39,906] {processor.py:161} INFO - Processing /home/airflow/.local/lib/python3.7/site-packages/airflow/example_dags/example_python_operator.py took 0.167 seconds
[2022-07-02 00:27:10,431] {processor.py:153} INFO - Started process (PID=375) to work on /home/airflow/.local/lib/python3.7/site-packages/airflow/example_dags/example_python_operator.py
[2022-07-02 00:27:10,431] {processor.py:641} INFO - Processing file /home/airflow/.local/lib/python3.7/site-packages/airflow/example_dags/example_python_operator.py for tasks to queue
[2022-07-02 00:27:10,431] {logging_mixin.py:115} INFO - [2022-07-02 00:27:10,431] {dagbag.py:507} INFO - Filling up the DagBag from /home/airflow/.local/lib/python3.7/site-packages/airflow/example_dags/example_python_operator.py
[2022-07-02 00:27:10,445] {processor.py:651} INFO - DAG(s) dict_keys(['example_python_operator']) retrieved from /home/airflow/.local/lib/python3.7/site-packages/airflow/example_dags/example_python_operator.py
[2022-07-02 00:27:10,465] {logging_mixin.py:115} INFO - [2022-07-02 00:27:10,465] {dag.py:2379} INFO - Sync 1 DAGs
[2022-07-02 00:27:10,581] {logging_mixin.py:115} INFO - [2022-07-02 00:27:10,580] {dag.py:2931} INFO - Setting next_dagrun for example_python_operator to None, run_after=None
[2022-07-02 00:27:10,587] {processor.py:161} INFO - Processing /home/airflow/.local/lib/python3.7/site-packages/airflow/example_dags/example_python_operator.py took 0.159 seconds
[2022-07-02 00:27:40,653] {processor.py:153} INFO - Started process (PID=428) to work on /home/airflow/.local/lib/python3.7/site-packages/airflow/example_dags/example_python_operator.py
[2022-07-02 00:27:40,654] {processor.py:641} INFO - Processing file /home/airflow/.local/lib/python3.7/site-packages/airflow/example_dags/example_python_operator.py for tasks to queue
[2022-07-02 00:27:40,654] {logging_mixin.py:115} INFO - [2022-07-02 00:27:40,654] {dagbag.py:507} INFO - Filling up the DagBag from /home/airflow/.local/lib/python3.7/site-packages/airflow/example_dags/example_python_operator.py
[2022-07-02 00:27:40,668] {processor.py:651} INFO - DAG(s) dict_keys(['example_python_operator']) retrieved from /home/airflow/.local/lib/python3.7/site-packages/airflow/example_dags/example_python_operator.py
[2022-07-02 00:27:40,693] {logging_mixin.py:115} INFO - [2022-07-02 00:27:40,693] {dag.py:2379} INFO - Sync 1 DAGs
[2022-07-02 00:27:40,817] {logging_mixin.py:115} INFO - [2022-07-02 00:27:40,817] {dag.py:2931} INFO - Setting next_dagrun for example_python_operator to None, run_after=None
[2022-07-02 00:27:40,831] {processor.py:161} INFO - Processing /home/airflow/.local/lib/python3.7/site-packages/airflow/example_dags/example_python_operator.py took 0.180 seconds
[2022-07-02 00:28:11,466] {processor.py:153} INFO - Started process (PID=490) to work on /home/airflow/.local/lib/python3.7/site-packages/airflow/example_dags/example_python_operator.py
[2022-07-02 00:28:11,466] {processor.py:641} INFO - Processing file /home/airflow/.local/lib/python3.7/site-packages/airflow/example_dags/example_python_operator.py for tasks to queue
[2022-07-02 00:28:11,467] {logging_mixin.py:115} INFO - [2022-07-02 00:28:11,467] {dagbag.py:507} INFO - Filling up the DagBag from /home/airflow/.local/lib/python3.7/site-packages/airflow/example_dags/example_python_operator.py
[2022-07-02 00:28:11,489] {processor.py:651} INFO - DAG(s) dict_keys(['example_python_operator']) retrieved from /home/airflow/.local/lib/python3.7/site-packages/airflow/example_dags/example_python_operator.py
[2022-07-02 00:28:11,523] {logging_mixin.py:115} INFO - [2022-07-02 00:28:11,523] {dag.py:2379} INFO - Sync 1 DAGs
[2022-07-02 00:28:11,701] {logging_mixin.py:115} INFO - [2022-07-02 00:28:11,701] {dag.py:2931} INFO - Setting next_dagrun for example_python_operator to None, run_after=None
[2022-07-02 00:28:11,713] {processor.py:161} INFO - Processing /home/airflow/.local/lib/python3.7/site-packages/airflow/example_dags/example_python_operator.py took 0.250 seconds
[2022-07-02 00:28:41,936] {processor.py:153} INFO - Started process (PID=552) to work on /home/airflow/.local/lib/python3.7/site-packages/airflow/example_dags/example_python_operator.py
[2022-07-02 00:28:41,937] {processor.py:641} INFO - Processing file /home/airflow/.local/lib/python3.7/site-packages/airflow/example_dags/example_python_operator.py for tasks to queue
[2022-07-02 00:28:41,937] {logging_mixin.py:115} INFO - [2022-07-02 00:28:41,937] {dagbag.py:507} INFO - Filling up the DagBag from /home/airflow/.local/lib/python3.7/site-packages/airflow/example_dags/example_python_operator.py
[2022-07-02 00:28:41,952] {processor.py:651} INFO - DAG(s) dict_keys(['example_python_operator']) retrieved from /home/airflow/.local/lib/python3.7/site-packages/airflow/example_dags/example_python_operator.py
[2022-07-02 00:28:41,976] {logging_mixin.py:115} INFO - [2022-07-02 00:28:41,975] {dag.py:2379} INFO - Sync 1 DAGs
[2022-07-02 00:28:42,094] {logging_mixin.py:115} INFO - [2022-07-02 00:28:42,094] {dag.py:2931} INFO - Setting next_dagrun for example_python_operator to None, run_after=None
[2022-07-02 00:28:42,103] {processor.py:161} INFO - Processing /home/airflow/.local/lib/python3.7/site-packages/airflow/example_dags/example_python_operator.py took 0.169 seconds
[2022-07-02 00:29:12,299] {processor.py:153} INFO - Started process (PID=604) to work on /home/airflow/.local/lib/python3.7/site-packages/airflow/example_dags/example_python_operator.py
[2022-07-02 00:29:12,299] {processor.py:641} INFO - Processing file /home/airflow/.local/lib/python3.7/site-packages/airflow/example_dags/example_python_operator.py for tasks to queue
[2022-07-02 00:29:12,300] {logging_mixin.py:115} INFO - [2022-07-02 00:29:12,300] {dagbag.py:507} INFO - Filling up the DagBag from /home/airflow/.local/lib/python3.7/site-packages/airflow/example_dags/example_python_operator.py
[2022-07-02 00:29:12,313] {processor.py:651} INFO - DAG(s) dict_keys(['example_python_operator']) retrieved from /home/airflow/.local/lib/python3.7/site-packages/airflow/example_dags/example_python_operator.py
[2022-07-02 00:29:12,336] {logging_mixin.py:115} INFO - [2022-07-02 00:29:12,336] {dag.py:2379} INFO - Sync 1 DAGs
[2022-07-02 00:29:12,482] {logging_mixin.py:115} INFO - [2022-07-02 00:29:12,482] {dag.py:2931} INFO - Setting next_dagrun for example_python_operator to None, run_after=None
[2022-07-02 00:29:12,490] {processor.py:161} INFO - Processing /home/airflow/.local/lib/python3.7/site-packages/airflow/example_dags/example_python_operator.py took 0.193 seconds
[2022-07-02 00:29:42,846] {processor.py:153} INFO - Started process (PID=665) to work on /home/airflow/.local/lib/python3.7/site-packages/airflow/example_dags/example_python_operator.py
[2022-07-02 00:29:42,847] {processor.py:641} INFO - Processing file /home/airflow/.local/lib/python3.7/site-packages/airflow/example_dags/example_python_operator.py for tasks to queue
[2022-07-02 00:29:42,847] {logging_mixin.py:115} INFO - [2022-07-02 00:29:42,847] {dagbag.py:507} INFO - Filling up the DagBag from /home/airflow/.local/lib/python3.7/site-packages/airflow/example_dags/example_python_operator.py
[2022-07-02 00:29:42,861] {processor.py:651} INFO - DAG(s) dict_keys(['example_python_operator']) retrieved from /home/airflow/.local/lib/python3.7/site-packages/airflow/example_dags/example_python_operator.py
[2022-07-02 00:29:42,992] {logging_mixin.py:115} INFO - [2022-07-02 00:29:42,991] {dag.py:2379} INFO - Sync 1 DAGs
[2022-07-02 00:29:43,004] {logging_mixin.py:115} INFO - [2022-07-02 00:29:43,004] {dag.py:2931} INFO - Setting next_dagrun for example_python_operator to None, run_after=None
[2022-07-02 00:29:43,018] {processor.py:161} INFO - Processing /home/airflow/.local/lib/python3.7/site-packages/airflow/example_dags/example_python_operator.py took 0.174 seconds
[2022-07-02 00:31:27,440] {processor.py:153} INFO - Started process (PID=80) to work on /home/airflow/.local/lib/python3.7/site-packages/airflow/example_dags/example_python_operator.py
[2022-07-02 00:31:27,441] {processor.py:641} INFO - Processing file /home/airflow/.local/lib/python3.7/site-packages/airflow/example_dags/example_python_operator.py for tasks to queue
[2022-07-02 00:31:27,442] {logging_mixin.py:115} INFO - [2022-07-02 00:31:27,442] {dagbag.py:507} INFO - Filling up the DagBag from /home/airflow/.local/lib/python3.7/site-packages/airflow/example_dags/example_python_operator.py
[2022-07-02 00:31:27,467] {processor.py:651} INFO - DAG(s) dict_keys(['example_python_operator']) retrieved from /home/airflow/.local/lib/python3.7/site-packages/airflow/example_dags/example_python_operator.py
[2022-07-02 00:31:27,725] {logging_mixin.py:115} INFO - [2022-07-02 00:31:27,725] {manager.py:508} INFO - Created Permission View: can delete on DAG:example_python_operator
[2022-07-02 00:31:27,736] {logging_mixin.py:115} INFO - [2022-07-02 00:31:27,736] {manager.py:508} INFO - Created Permission View: can edit on DAG:example_python_operator
[2022-07-02 00:31:27,744] {logging_mixin.py:115} INFO - [2022-07-02 00:31:27,744] {manager.py:508} INFO - Created Permission View: can read on DAG:example_python_operator
[2022-07-02 00:31:27,744] {logging_mixin.py:115} INFO - [2022-07-02 00:31:27,744] {dag.py:2379} INFO - Sync 1 DAGs
[2022-07-02 00:31:27,754] {logging_mixin.py:115} INFO - [2022-07-02 00:31:27,754] {dag.py:2398} INFO - Creating ORM DAG for example_python_operator
[2022-07-02 00:31:27,769] {logging_mixin.py:115} INFO - [2022-07-02 00:31:27,769] {dag.py:2931} INFO - Setting next_dagrun for example_python_operator to None, run_after=None
[2022-07-02 00:31:27,789] {processor.py:161} INFO - Processing /home/airflow/.local/lib/python3.7/site-packages/airflow/example_dags/example_python_operator.py took 0.352 seconds
[2022-07-02 00:31:58,714] {processor.py:153} INFO - Started process (PID=141) to work on /home/airflow/.local/lib/python3.7/site-packages/airflow/example_dags/example_python_operator.py
[2022-07-02 00:31:58,714] {processor.py:641} INFO - Processing file /home/airflow/.local/lib/python3.7/site-packages/airflow/example_dags/example_python_operator.py for tasks to queue
[2022-07-02 00:31:58,715] {logging_mixin.py:115} INFO - [2022-07-02 00:31:58,715] {dagbag.py:507} INFO - Filling up the DagBag from /home/airflow/.local/lib/python3.7/site-packages/airflow/example_dags/example_python_operator.py
[2022-07-02 00:31:58,728] {processor.py:651} INFO - DAG(s) dict_keys(['example_python_operator']) retrieved from /home/airflow/.local/lib/python3.7/site-packages/airflow/example_dags/example_python_operator.py
[2022-07-02 00:31:58,758] {logging_mixin.py:115} INFO - [2022-07-02 00:31:58,758] {dag.py:2379} INFO - Sync 1 DAGs
[2022-07-02 00:31:58,923] {logging_mixin.py:115} INFO - [2022-07-02 00:31:58,923] {dag.py:2931} INFO - Setting next_dagrun for example_python_operator to None, run_after=None
[2022-07-02 00:31:58,938] {processor.py:161} INFO - Processing /home/airflow/.local/lib/python3.7/site-packages/airflow/example_dags/example_python_operator.py took 0.227 seconds
[2022-07-02 00:32:29,012] {processor.py:153} INFO - Started process (PID=202) to work on /home/airflow/.local/lib/python3.7/site-packages/airflow/example_dags/example_python_operator.py
[2022-07-02 00:32:29,018] {processor.py:641} INFO - Processing file /home/airflow/.local/lib/python3.7/site-packages/airflow/example_dags/example_python_operator.py for tasks to queue
[2022-07-02 00:32:29,019] {logging_mixin.py:115} INFO - [2022-07-02 00:32:29,019] {dagbag.py:507} INFO - Filling up the DagBag from /home/airflow/.local/lib/python3.7/site-packages/airflow/example_dags/example_python_operator.py
[2022-07-02 00:32:29,032] {processor.py:651} INFO - DAG(s) dict_keys(['example_python_operator']) retrieved from /home/airflow/.local/lib/python3.7/site-packages/airflow/example_dags/example_python_operator.py
[2022-07-02 00:32:29,053] {logging_mixin.py:115} INFO - [2022-07-02 00:32:29,053] {dag.py:2379} INFO - Sync 1 DAGs
[2022-07-02 00:32:29,168] {logging_mixin.py:115} INFO - [2022-07-02 00:32:29,168] {dag.py:2931} INFO - Setting next_dagrun for example_python_operator to None, run_after=None
[2022-07-02 00:32:29,175] {processor.py:161} INFO - Processing /home/airflow/.local/lib/python3.7/site-packages/airflow/example_dags/example_python_operator.py took 0.165 seconds
[2022-07-02 00:32:59,513] {processor.py:153} INFO - Started process (PID=254) to work on /home/airflow/.local/lib/python3.7/site-packages/airflow/example_dags/example_python_operator.py
[2022-07-02 00:32:59,519] {processor.py:641} INFO - Processing file /home/airflow/.local/lib/python3.7/site-packages/airflow/example_dags/example_python_operator.py for tasks to queue
[2022-07-02 00:32:59,519] {logging_mixin.py:115} INFO - [2022-07-02 00:32:59,519] {dagbag.py:507} INFO - Filling up the DagBag from /home/airflow/.local/lib/python3.7/site-packages/airflow/example_dags/example_python_operator.py
[2022-07-02 00:32:59,532] {processor.py:651} INFO - DAG(s) dict_keys(['example_python_operator']) retrieved from /home/airflow/.local/lib/python3.7/site-packages/airflow/example_dags/example_python_operator.py
[2022-07-02 00:32:59,573] {logging_mixin.py:115} INFO - [2022-07-02 00:32:59,572] {dag.py:2379} INFO - Sync 1 DAGs
[2022-07-02 00:32:59,695] {logging_mixin.py:115} INFO - [2022-07-02 00:32:59,695] {dag.py:2931} INFO - Setting next_dagrun for example_python_operator to None, run_after=None
[2022-07-02 00:32:59,709] {processor.py:161} INFO - Processing /home/airflow/.local/lib/python3.7/site-packages/airflow/example_dags/example_python_operator.py took 0.199 seconds
[2022-07-02 00:33:30,385] {processor.py:153} INFO - Started process (PID=315) to work on /home/airflow/.local/lib/python3.7/site-packages/airflow/example_dags/example_python_operator.py
[2022-07-02 00:33:30,385] {processor.py:641} INFO - Processing file /home/airflow/.local/lib/python3.7/site-packages/airflow/example_dags/example_python_operator.py for tasks to queue
[2022-07-02 00:33:30,386] {logging_mixin.py:115} INFO - [2022-07-02 00:33:30,386] {dagbag.py:507} INFO - Filling up the DagBag from /home/airflow/.local/lib/python3.7/site-packages/airflow/example_dags/example_python_operator.py
[2022-07-02 00:33:30,398] {processor.py:651} INFO - DAG(s) dict_keys(['example_python_operator']) retrieved from /home/airflow/.local/lib/python3.7/site-packages/airflow/example_dags/example_python_operator.py
[2022-07-02 00:33:30,426] {logging_mixin.py:115} INFO - [2022-07-02 00:33:30,426] {dag.py:2379} INFO - Sync 1 DAGs
[2022-07-02 00:33:30,552] {logging_mixin.py:115} INFO - [2022-07-02 00:33:30,552] {dag.py:2931} INFO - Setting next_dagrun for example_python_operator to None, run_after=None
[2022-07-02 00:33:30,562] {processor.py:161} INFO - Processing /home/airflow/.local/lib/python3.7/site-packages/airflow/example_dags/example_python_operator.py took 0.179 seconds
[2022-07-02 00:34:01,020] {processor.py:153} INFO - Started process (PID=378) to work on /home/airflow/.local/lib/python3.7/site-packages/airflow/example_dags/example_python_operator.py
[2022-07-02 00:34:01,021] {processor.py:641} INFO - Processing file /home/airflow/.local/lib/python3.7/site-packages/airflow/example_dags/example_python_operator.py for tasks to queue
[2022-07-02 00:34:01,021] {logging_mixin.py:115} INFO - [2022-07-02 00:34:01,021] {dagbag.py:507} INFO - Filling up the DagBag from /home/airflow/.local/lib/python3.7/site-packages/airflow/example_dags/example_python_operator.py
[2022-07-02 00:34:01,039] {processor.py:651} INFO - DAG(s) dict_keys(['example_python_operator']) retrieved from /home/airflow/.local/lib/python3.7/site-packages/airflow/example_dags/example_python_operator.py
[2022-07-02 00:34:01,072] {logging_mixin.py:115} INFO - [2022-07-02 00:34:01,072] {dag.py:2379} INFO - Sync 1 DAGs
[2022-07-02 00:34:01,221] {logging_mixin.py:115} INFO - [2022-07-02 00:34:01,221] {dag.py:2931} INFO - Setting next_dagrun for example_python_operator to None, run_after=None
[2022-07-02 00:34:01,231] {processor.py:161} INFO - Processing /home/airflow/.local/lib/python3.7/site-packages/airflow/example_dags/example_python_operator.py took 0.213 seconds
[2022-07-02 00:34:31,708] {processor.py:153} INFO - Started process (PID=430) to work on /home/airflow/.local/lib/python3.7/site-packages/airflow/example_dags/example_python_operator.py
[2022-07-02 00:34:31,709] {processor.py:641} INFO - Processing file /home/airflow/.local/lib/python3.7/site-packages/airflow/example_dags/example_python_operator.py for tasks to queue
[2022-07-02 00:34:31,710] {logging_mixin.py:115} INFO - [2022-07-02 00:34:31,710] {dagbag.py:507} INFO - Filling up the DagBag from /home/airflow/.local/lib/python3.7/site-packages/airflow/example_dags/example_python_operator.py
[2022-07-02 00:34:31,728] {processor.py:651} INFO - DAG(s) dict_keys(['example_python_operator']) retrieved from /home/airflow/.local/lib/python3.7/site-packages/airflow/example_dags/example_python_operator.py
[2022-07-02 00:34:31,764] {logging_mixin.py:115} INFO - [2022-07-02 00:34:31,763] {dag.py:2379} INFO - Sync 1 DAGs
[2022-07-02 00:34:31,978] {logging_mixin.py:115} INFO - [2022-07-02 00:34:31,978] {dag.py:2931} INFO - Setting next_dagrun for example_python_operator to None, run_after=None
[2022-07-02 00:34:31,993] {processor.py:161} INFO - Processing /home/airflow/.local/lib/python3.7/site-packages/airflow/example_dags/example_python_operator.py took 0.288 seconds
[2022-07-02 00:35:02,155] {processor.py:153} INFO - Started process (PID=492) to work on /home/airflow/.local/lib/python3.7/site-packages/airflow/example_dags/example_python_operator.py
[2022-07-02 00:35:02,156] {processor.py:641} INFO - Processing file /home/airflow/.local/lib/python3.7/site-packages/airflow/example_dags/example_python_operator.py for tasks to queue
[2022-07-02 00:35:02,156] {logging_mixin.py:115} INFO - [2022-07-02 00:35:02,156] {dagbag.py:507} INFO - Filling up the DagBag from /home/airflow/.local/lib/python3.7/site-packages/airflow/example_dags/example_python_operator.py
[2022-07-02 00:35:02,173] {processor.py:651} INFO - DAG(s) dict_keys(['example_python_operator']) retrieved from /home/airflow/.local/lib/python3.7/site-packages/airflow/example_dags/example_python_operator.py
[2022-07-02 00:35:02,203] {logging_mixin.py:115} INFO - [2022-07-02 00:35:02,203] {dag.py:2379} INFO - Sync 1 DAGs
[2022-07-02 00:35:02,349] {logging_mixin.py:115} INFO - [2022-07-02 00:35:02,349] {dag.py:2931} INFO - Setting next_dagrun for example_python_operator to None, run_after=None
[2022-07-02 00:35:02,358] {processor.py:161} INFO - Processing /home/airflow/.local/lib/python3.7/site-packages/airflow/example_dags/example_python_operator.py took 0.207 seconds
[2022-07-02 00:35:32,489] {processor.py:153} INFO - Started process (PID=555) to work on /home/airflow/.local/lib/python3.7/site-packages/airflow/example_dags/example_python_operator.py
[2022-07-02 00:35:32,489] {processor.py:641} INFO - Processing file /home/airflow/.local/lib/python3.7/site-packages/airflow/example_dags/example_python_operator.py for tasks to queue
[2022-07-02 00:35:32,490] {logging_mixin.py:115} INFO - [2022-07-02 00:35:32,490] {dagbag.py:507} INFO - Filling up the DagBag from /home/airflow/.local/lib/python3.7/site-packages/airflow/example_dags/example_python_operator.py
[2022-07-02 00:35:32,507] {processor.py:651} INFO - DAG(s) dict_keys(['example_python_operator']) retrieved from /home/airflow/.local/lib/python3.7/site-packages/airflow/example_dags/example_python_operator.py
[2022-07-02 00:35:32,539] {logging_mixin.py:115} INFO - [2022-07-02 00:35:32,539] {dag.py:2379} INFO - Sync 1 DAGs
[2022-07-02 00:35:32,702] {logging_mixin.py:115} INFO - [2022-07-02 00:35:32,702] {dag.py:2931} INFO - Setting next_dagrun for example_python_operator to None, run_after=None
[2022-07-02 00:35:32,714] {processor.py:161} INFO - Processing /home/airflow/.local/lib/python3.7/site-packages/airflow/example_dags/example_python_operator.py took 0.228 seconds
[2022-07-02 00:36:03,174] {processor.py:153} INFO - Started process (PID=607) to work on /home/airflow/.local/lib/python3.7/site-packages/airflow/example_dags/example_python_operator.py
[2022-07-02 00:36:03,175] {processor.py:641} INFO - Processing file /home/airflow/.local/lib/python3.7/site-packages/airflow/example_dags/example_python_operator.py for tasks to queue
[2022-07-02 00:36:03,175] {logging_mixin.py:115} INFO - [2022-07-02 00:36:03,175] {dagbag.py:507} INFO - Filling up the DagBag from /home/airflow/.local/lib/python3.7/site-packages/airflow/example_dags/example_python_operator.py
[2022-07-02 00:36:03,188] {processor.py:651} INFO - DAG(s) dict_keys(['example_python_operator']) retrieved from /home/airflow/.local/lib/python3.7/site-packages/airflow/example_dags/example_python_operator.py
[2022-07-02 00:36:03,210] {logging_mixin.py:115} INFO - [2022-07-02 00:36:03,210] {dag.py:2379} INFO - Sync 1 DAGs
[2022-07-02 00:36:03,337] {logging_mixin.py:115} INFO - [2022-07-02 00:36:03,337] {dag.py:2931} INFO - Setting next_dagrun for example_python_operator to None, run_after=None
[2022-07-02 00:36:03,347] {processor.py:161} INFO - Processing /home/airflow/.local/lib/python3.7/site-packages/airflow/example_dags/example_python_operator.py took 0.175 seconds
[2022-07-02 00:36:33,919] {processor.py:153} INFO - Started process (PID=669) to work on /home/airflow/.local/lib/python3.7/site-packages/airflow/example_dags/example_python_operator.py
[2022-07-02 00:36:33,920] {processor.py:641} INFO - Processing file /home/airflow/.local/lib/python3.7/site-packages/airflow/example_dags/example_python_operator.py for tasks to queue
[2022-07-02 00:36:33,920] {logging_mixin.py:115} INFO - [2022-07-02 00:36:33,920] {dagbag.py:507} INFO - Filling up the DagBag from /home/airflow/.local/lib/python3.7/site-packages/airflow/example_dags/example_python_operator.py
[2022-07-02 00:36:33,934] {processor.py:651} INFO - DAG(s) dict_keys(['example_python_operator']) retrieved from /home/airflow/.local/lib/python3.7/site-packages/airflow/example_dags/example_python_operator.py
[2022-07-02 00:36:34,073] {logging_mixin.py:115} INFO - [2022-07-02 00:36:34,073] {dag.py:2379} INFO - Sync 1 DAGs
[2022-07-02 00:36:34,087] {logging_mixin.py:115} INFO - [2022-07-02 00:36:34,087] {dag.py:2931} INFO - Setting next_dagrun for example_python_operator to None, run_after=None
[2022-07-02 00:36:34,096] {processor.py:161} INFO - Processing /home/airflow/.local/lib/python3.7/site-packages/airflow/example_dags/example_python_operator.py took 0.179 seconds
