[2022-07-02 00:24:27,068] {processor.py:153} INFO - Started process (PID=54) to work on /home/airflow/.local/lib/python3.7/site-packages/airflow/example_dags/example_trigger_target_dag.py
[2022-07-02 00:24:27,068] {processor.py:641} INFO - Processing file /home/airflow/.local/lib/python3.7/site-packages/airflow/example_dags/example_trigger_target_dag.py for tasks to queue
[2022-07-02 00:24:27,069] {logging_mixin.py:115} INFO - [2022-07-02 00:24:27,069] {dagbag.py:507} INFO - Filling up the DagBag from /home/airflow/.local/lib/python3.7/site-packages/airflow/example_dags/example_trigger_target_dag.py
[2022-07-02 00:24:27,097] {processor.py:651} INFO - DAG(s) dict_keys(['example_trigger_target_dag']) retrieved from /home/airflow/.local/lib/python3.7/site-packages/airflow/example_dags/example_trigger_target_dag.py
[2022-07-02 00:24:27,495] {logging_mixin.py:115} INFO - [2022-07-02 00:24:27,495] {manager.py:508} INFO - Created Permission View: can edit on DAG:example_trigger_target_dag
[2022-07-02 00:24:27,515] {logging_mixin.py:115} INFO - [2022-07-02 00:24:27,515] {manager.py:508} INFO - Created Permission View: can read on DAG:example_trigger_target_dag
[2022-07-02 00:24:27,536] {logging_mixin.py:115} INFO - [2022-07-02 00:24:27,535] {manager.py:508} INFO - Created Permission View: can delete on DAG:example_trigger_target_dag
[2022-07-02 00:24:27,536] {logging_mixin.py:115} INFO - [2022-07-02 00:24:27,536] {dag.py:2379} INFO - Sync 1 DAGs
[2022-07-02 00:24:27,548] {logging_mixin.py:115} INFO - [2022-07-02 00:24:27,548] {dag.py:2398} INFO - Creating ORM DAG for example_trigger_target_dag
[2022-07-02 00:24:27,563] {logging_mixin.py:115} INFO - [2022-07-02 00:24:27,563] {dag.py:2931} INFO - Setting next_dagrun for example_trigger_target_dag to None, run_after=None
[2022-07-02 00:24:27,586] {processor.py:161} INFO - Processing /home/airflow/.local/lib/python3.7/site-packages/airflow/example_dags/example_trigger_target_dag.py took 0.522 seconds
[2022-07-02 00:24:58,116] {processor.py:153} INFO - Started process (PID=107) to work on /home/airflow/.local/lib/python3.7/site-packages/airflow/example_dags/example_trigger_target_dag.py
[2022-07-02 00:24:58,124] {processor.py:641} INFO - Processing file /home/airflow/.local/lib/python3.7/site-packages/airflow/example_dags/example_trigger_target_dag.py for tasks to queue
[2022-07-02 00:24:58,125] {logging_mixin.py:115} INFO - [2022-07-02 00:24:58,125] {dagbag.py:507} INFO - Filling up the DagBag from /home/airflow/.local/lib/python3.7/site-packages/airflow/example_dags/example_trigger_target_dag.py
[2022-07-02 00:24:58,143] {processor.py:651} INFO - DAG(s) dict_keys(['example_trigger_target_dag']) retrieved from /home/airflow/.local/lib/python3.7/site-packages/airflow/example_dags/example_trigger_target_dag.py
[2022-07-02 00:24:58,169] {logging_mixin.py:115} INFO - [2022-07-02 00:24:58,169] {dag.py:2379} INFO - Sync 1 DAGs
[2022-07-02 00:24:58,306] {logging_mixin.py:115} INFO - [2022-07-02 00:24:58,306] {dag.py:2931} INFO - Setting next_dagrun for example_trigger_target_dag to None, run_after=None
[2022-07-02 00:24:58,315] {processor.py:161} INFO - Processing /home/airflow/.local/lib/python3.7/site-packages/airflow/example_dags/example_trigger_target_dag.py took 0.201 seconds
[2022-07-02 00:25:29,472] {processor.py:153} INFO - Started process (PID=168) to work on /home/airflow/.local/lib/python3.7/site-packages/airflow/example_dags/example_trigger_target_dag.py
[2022-07-02 00:25:29,473] {processor.py:641} INFO - Processing file /home/airflow/.local/lib/python3.7/site-packages/airflow/example_dags/example_trigger_target_dag.py for tasks to queue
[2022-07-02 00:25:29,473] {logging_mixin.py:115} INFO - [2022-07-02 00:25:29,473] {dagbag.py:507} INFO - Filling up the DagBag from /home/airflow/.local/lib/python3.7/site-packages/airflow/example_dags/example_trigger_target_dag.py
[2022-07-02 00:25:29,490] {processor.py:651} INFO - DAG(s) dict_keys(['example_trigger_target_dag']) retrieved from /home/airflow/.local/lib/python3.7/site-packages/airflow/example_dags/example_trigger_target_dag.py
[2022-07-02 00:25:29,523] {logging_mixin.py:115} INFO - [2022-07-02 00:25:29,523] {dag.py:2379} INFO - Sync 1 DAGs
[2022-07-02 00:25:29,679] {logging_mixin.py:115} INFO - [2022-07-02 00:25:29,679] {dag.py:2931} INFO - Setting next_dagrun for example_trigger_target_dag to None, run_after=None
[2022-07-02 00:25:29,691] {processor.py:161} INFO - Processing /home/airflow/.local/lib/python3.7/site-packages/airflow/example_dags/example_trigger_target_dag.py took 0.223 seconds
[2022-07-02 00:26:00,531] {processor.py:153} INFO - Started process (PID=230) to work on /home/airflow/.local/lib/python3.7/site-packages/airflow/example_dags/example_trigger_target_dag.py
[2022-07-02 00:26:00,531] {processor.py:641} INFO - Processing file /home/airflow/.local/lib/python3.7/site-packages/airflow/example_dags/example_trigger_target_dag.py for tasks to queue
[2022-07-02 00:26:00,532] {logging_mixin.py:115} INFO - [2022-07-02 00:26:00,532] {dagbag.py:507} INFO - Filling up the DagBag from /home/airflow/.local/lib/python3.7/site-packages/airflow/example_dags/example_trigger_target_dag.py
[2022-07-02 00:26:00,545] {processor.py:651} INFO - DAG(s) dict_keys(['example_trigger_target_dag']) retrieved from /home/airflow/.local/lib/python3.7/site-packages/airflow/example_dags/example_trigger_target_dag.py
[2022-07-02 00:26:00,571] {logging_mixin.py:115} INFO - [2022-07-02 00:26:00,571] {dag.py:2379} INFO - Sync 1 DAGs
[2022-07-02 00:26:00,713] {logging_mixin.py:115} INFO - [2022-07-02 00:26:00,712] {dag.py:2931} INFO - Setting next_dagrun for example_trigger_target_dag to None, run_after=None
[2022-07-02 00:26:00,724] {processor.py:161} INFO - Processing /home/airflow/.local/lib/python3.7/site-packages/airflow/example_dags/example_trigger_target_dag.py took 0.196 seconds
[2022-07-02 00:26:30,817] {processor.py:153} INFO - Started process (PID=282) to work on /home/airflow/.local/lib/python3.7/site-packages/airflow/example_dags/example_trigger_target_dag.py
[2022-07-02 00:26:30,818] {processor.py:641} INFO - Processing file /home/airflow/.local/lib/python3.7/site-packages/airflow/example_dags/example_trigger_target_dag.py for tasks to queue
[2022-07-02 00:26:30,818] {logging_mixin.py:115} INFO - [2022-07-02 00:26:30,818] {dagbag.py:507} INFO - Filling up the DagBag from /home/airflow/.local/lib/python3.7/site-packages/airflow/example_dags/example_trigger_target_dag.py
[2022-07-02 00:26:30,832] {processor.py:651} INFO - DAG(s) dict_keys(['example_trigger_target_dag']) retrieved from /home/airflow/.local/lib/python3.7/site-packages/airflow/example_dags/example_trigger_target_dag.py
[2022-07-02 00:26:30,856] {logging_mixin.py:115} INFO - [2022-07-02 00:26:30,856] {dag.py:2379} INFO - Sync 1 DAGs
[2022-07-02 00:26:30,989] {logging_mixin.py:115} INFO - [2022-07-02 00:26:30,988] {dag.py:2931} INFO - Setting next_dagrun for example_trigger_target_dag to None, run_after=None
[2022-07-02 00:26:31,005] {processor.py:161} INFO - Processing /home/airflow/.local/lib/python3.7/site-packages/airflow/example_dags/example_trigger_target_dag.py took 0.190 seconds
[2022-07-02 00:27:01,165] {processor.py:153} INFO - Started process (PID=344) to work on /home/airflow/.local/lib/python3.7/site-packages/airflow/example_dags/example_trigger_target_dag.py
[2022-07-02 00:27:01,165] {processor.py:641} INFO - Processing file /home/airflow/.local/lib/python3.7/site-packages/airflow/example_dags/example_trigger_target_dag.py for tasks to queue
[2022-07-02 00:27:01,165] {logging_mixin.py:115} INFO - [2022-07-02 00:27:01,165] {dagbag.py:507} INFO - Filling up the DagBag from /home/airflow/.local/lib/python3.7/site-packages/airflow/example_dags/example_trigger_target_dag.py
[2022-07-02 00:27:01,180] {processor.py:651} INFO - DAG(s) dict_keys(['example_trigger_target_dag']) retrieved from /home/airflow/.local/lib/python3.7/site-packages/airflow/example_dags/example_trigger_target_dag.py
[2022-07-02 00:27:01,210] {logging_mixin.py:115} INFO - [2022-07-02 00:27:01,210] {dag.py:2379} INFO - Sync 1 DAGs
[2022-07-02 00:27:01,382] {logging_mixin.py:115} INFO - [2022-07-02 00:27:01,382] {dag.py:2931} INFO - Setting next_dagrun for example_trigger_target_dag to None, run_after=None
[2022-07-02 00:27:01,393] {processor.py:161} INFO - Processing /home/airflow/.local/lib/python3.7/site-packages/airflow/example_dags/example_trigger_target_dag.py took 0.231 seconds
[2022-07-02 00:27:31,548] {processor.py:153} INFO - Started process (PID=407) to work on /home/airflow/.local/lib/python3.7/site-packages/airflow/example_dags/example_trigger_target_dag.py
[2022-07-02 00:27:31,549] {processor.py:641} INFO - Processing file /home/airflow/.local/lib/python3.7/site-packages/airflow/example_dags/example_trigger_target_dag.py for tasks to queue
[2022-07-02 00:27:31,549] {logging_mixin.py:115} INFO - [2022-07-02 00:27:31,549] {dagbag.py:507} INFO - Filling up the DagBag from /home/airflow/.local/lib/python3.7/site-packages/airflow/example_dags/example_trigger_target_dag.py
[2022-07-02 00:27:31,565] {processor.py:651} INFO - DAG(s) dict_keys(['example_trigger_target_dag']) retrieved from /home/airflow/.local/lib/python3.7/site-packages/airflow/example_dags/example_trigger_target_dag.py
[2022-07-02 00:27:31,594] {logging_mixin.py:115} INFO - [2022-07-02 00:27:31,593] {dag.py:2379} INFO - Sync 1 DAGs
[2022-07-02 00:27:31,729] {logging_mixin.py:115} INFO - [2022-07-02 00:27:31,728] {dag.py:2931} INFO - Setting next_dagrun for example_trigger_target_dag to None, run_after=None
[2022-07-02 00:27:31,745] {processor.py:161} INFO - Processing /home/airflow/.local/lib/python3.7/site-packages/airflow/example_dags/example_trigger_target_dag.py took 0.201 seconds
[2022-07-02 00:28:01,831] {processor.py:153} INFO - Started process (PID=460) to work on /home/airflow/.local/lib/python3.7/site-packages/airflow/example_dags/example_trigger_target_dag.py
[2022-07-02 00:28:01,831] {processor.py:641} INFO - Processing file /home/airflow/.local/lib/python3.7/site-packages/airflow/example_dags/example_trigger_target_dag.py for tasks to queue
[2022-07-02 00:28:01,832] {logging_mixin.py:115} INFO - [2022-07-02 00:28:01,832] {dagbag.py:507} INFO - Filling up the DagBag from /home/airflow/.local/lib/python3.7/site-packages/airflow/example_dags/example_trigger_target_dag.py
[2022-07-02 00:28:01,846] {processor.py:651} INFO - DAG(s) dict_keys(['example_trigger_target_dag']) retrieved from /home/airflow/.local/lib/python3.7/site-packages/airflow/example_dags/example_trigger_target_dag.py
[2022-07-02 00:28:01,873] {logging_mixin.py:115} INFO - [2022-07-02 00:28:01,873] {dag.py:2379} INFO - Sync 1 DAGs
[2022-07-02 00:28:02,011] {logging_mixin.py:115} INFO - [2022-07-02 00:28:02,010] {dag.py:2931} INFO - Setting next_dagrun for example_trigger_target_dag to None, run_after=None
[2022-07-02 00:28:02,022] {processor.py:161} INFO - Processing /home/airflow/.local/lib/python3.7/site-packages/airflow/example_dags/example_trigger_target_dag.py took 0.194 seconds
[2022-07-02 00:28:32,665] {processor.py:153} INFO - Started process (PID=521) to work on /home/airflow/.local/lib/python3.7/site-packages/airflow/example_dags/example_trigger_target_dag.py
[2022-07-02 00:28:32,665] {processor.py:641} INFO - Processing file /home/airflow/.local/lib/python3.7/site-packages/airflow/example_dags/example_trigger_target_dag.py for tasks to queue
[2022-07-02 00:28:32,666] {logging_mixin.py:115} INFO - [2022-07-02 00:28:32,666] {dagbag.py:507} INFO - Filling up the DagBag from /home/airflow/.local/lib/python3.7/site-packages/airflow/example_dags/example_trigger_target_dag.py
[2022-07-02 00:28:32,678] {processor.py:651} INFO - DAG(s) dict_keys(['example_trigger_target_dag']) retrieved from /home/airflow/.local/lib/python3.7/site-packages/airflow/example_dags/example_trigger_target_dag.py
[2022-07-02 00:28:32,700] {logging_mixin.py:115} INFO - [2022-07-02 00:28:32,700] {dag.py:2379} INFO - Sync 1 DAGs
[2022-07-02 00:28:32,818] {logging_mixin.py:115} INFO - [2022-07-02 00:28:32,818] {dag.py:2931} INFO - Setting next_dagrun for example_trigger_target_dag to None, run_after=None
[2022-07-02 00:28:32,831] {processor.py:161} INFO - Processing /home/airflow/.local/lib/python3.7/site-packages/airflow/example_dags/example_trigger_target_dag.py took 0.168 seconds
[2022-07-02 00:29:03,057] {processor.py:153} INFO - Started process (PID=583) to work on /home/airflow/.local/lib/python3.7/site-packages/airflow/example_dags/example_trigger_target_dag.py
[2022-07-02 00:29:03,057] {processor.py:641} INFO - Processing file /home/airflow/.local/lib/python3.7/site-packages/airflow/example_dags/example_trigger_target_dag.py for tasks to queue
[2022-07-02 00:29:03,057] {logging_mixin.py:115} INFO - [2022-07-02 00:29:03,057] {dagbag.py:507} INFO - Filling up the DagBag from /home/airflow/.local/lib/python3.7/site-packages/airflow/example_dags/example_trigger_target_dag.py
[2022-07-02 00:29:03,069] {processor.py:651} INFO - DAG(s) dict_keys(['example_trigger_target_dag']) retrieved from /home/airflow/.local/lib/python3.7/site-packages/airflow/example_dags/example_trigger_target_dag.py
[2022-07-02 00:29:03,091] {logging_mixin.py:115} INFO - [2022-07-02 00:29:03,090] {dag.py:2379} INFO - Sync 1 DAGs
[2022-07-02 00:29:03,211] {logging_mixin.py:115} INFO - [2022-07-02 00:29:03,211] {dag.py:2931} INFO - Setting next_dagrun for example_trigger_target_dag to None, run_after=None
[2022-07-02 00:29:03,218] {processor.py:161} INFO - Processing /home/airflow/.local/lib/python3.7/site-packages/airflow/example_dags/example_trigger_target_dag.py took 0.164 seconds
[2022-07-02 00:29:33,713] {processor.py:153} INFO - Started process (PID=635) to work on /home/airflow/.local/lib/python3.7/site-packages/airflow/example_dags/example_trigger_target_dag.py
[2022-07-02 00:29:33,714] {processor.py:641} INFO - Processing file /home/airflow/.local/lib/python3.7/site-packages/airflow/example_dags/example_trigger_target_dag.py for tasks to queue
[2022-07-02 00:29:33,715] {logging_mixin.py:115} INFO - [2022-07-02 00:29:33,715] {dagbag.py:507} INFO - Filling up the DagBag from /home/airflow/.local/lib/python3.7/site-packages/airflow/example_dags/example_trigger_target_dag.py
[2022-07-02 00:29:33,738] {processor.py:651} INFO - DAG(s) dict_keys(['example_trigger_target_dag']) retrieved from /home/airflow/.local/lib/python3.7/site-packages/airflow/example_dags/example_trigger_target_dag.py
[2022-07-02 00:29:33,970] {logging_mixin.py:115} INFO - [2022-07-02 00:29:33,970] {dag.py:2379} INFO - Sync 1 DAGs
[2022-07-02 00:29:33,995] {logging_mixin.py:115} INFO - [2022-07-02 00:29:33,995] {dag.py:2931} INFO - Setting next_dagrun for example_trigger_target_dag to None, run_after=None
[2022-07-02 00:29:34,008] {processor.py:161} INFO - Processing /home/airflow/.local/lib/python3.7/site-packages/airflow/example_dags/example_trigger_target_dag.py took 0.303 seconds
[2022-07-02 00:31:21,917] {processor.py:153} INFO - Started process (PID=59) to work on /home/airflow/.local/lib/python3.7/site-packages/airflow/example_dags/example_trigger_target_dag.py
[2022-07-02 00:31:21,918] {processor.py:641} INFO - Processing file /home/airflow/.local/lib/python3.7/site-packages/airflow/example_dags/example_trigger_target_dag.py for tasks to queue
[2022-07-02 00:31:21,918] {logging_mixin.py:115} INFO - [2022-07-02 00:31:21,918] {dagbag.py:507} INFO - Filling up the DagBag from /home/airflow/.local/lib/python3.7/site-packages/airflow/example_dags/example_trigger_target_dag.py
[2022-07-02 00:31:21,964] {processor.py:651} INFO - DAG(s) dict_keys(['example_trigger_target_dag']) retrieved from /home/airflow/.local/lib/python3.7/site-packages/airflow/example_dags/example_trigger_target_dag.py
[2022-07-02 00:31:22,428] {logging_mixin.py:115} INFO - [2022-07-02 00:31:22,428] {manager.py:508} INFO - Created Permission View: can delete on DAG:example_trigger_target_dag
[2022-07-02 00:31:22,438] {logging_mixin.py:115} INFO - [2022-07-02 00:31:22,438] {manager.py:508} INFO - Created Permission View: can edit on DAG:example_trigger_target_dag
[2022-07-02 00:31:22,444] {logging_mixin.py:115} INFO - [2022-07-02 00:31:22,444] {manager.py:508} INFO - Created Permission View: can read on DAG:example_trigger_target_dag
[2022-07-02 00:31:22,444] {logging_mixin.py:115} INFO - [2022-07-02 00:31:22,444] {dag.py:2379} INFO - Sync 1 DAGs
[2022-07-02 00:31:22,452] {logging_mixin.py:115} INFO - [2022-07-02 00:31:22,452] {dag.py:2398} INFO - Creating ORM DAG for example_trigger_target_dag
[2022-07-02 00:31:22,462] {logging_mixin.py:115} INFO - [2022-07-02 00:31:22,462] {dag.py:2931} INFO - Setting next_dagrun for example_trigger_target_dag to None, run_after=None
[2022-07-02 00:31:22,476] {processor.py:161} INFO - Processing /home/airflow/.local/lib/python3.7/site-packages/airflow/example_dags/example_trigger_target_dag.py took 0.563 seconds
[2022-07-02 00:31:53,396] {processor.py:153} INFO - Started process (PID=120) to work on /home/airflow/.local/lib/python3.7/site-packages/airflow/example_dags/example_trigger_target_dag.py
[2022-07-02 00:31:53,396] {processor.py:641} INFO - Processing file /home/airflow/.local/lib/python3.7/site-packages/airflow/example_dags/example_trigger_target_dag.py for tasks to queue
[2022-07-02 00:31:53,397] {logging_mixin.py:115} INFO - [2022-07-02 00:31:53,397] {dagbag.py:507} INFO - Filling up the DagBag from /home/airflow/.local/lib/python3.7/site-packages/airflow/example_dags/example_trigger_target_dag.py
[2022-07-02 00:31:53,413] {processor.py:651} INFO - DAG(s) dict_keys(['example_trigger_target_dag']) retrieved from /home/airflow/.local/lib/python3.7/site-packages/airflow/example_dags/example_trigger_target_dag.py
[2022-07-02 00:31:53,443] {logging_mixin.py:115} INFO - [2022-07-02 00:31:53,441] {dag.py:2379} INFO - Sync 1 DAGs
[2022-07-02 00:31:53,622] {logging_mixin.py:115} INFO - [2022-07-02 00:31:53,622] {dag.py:2931} INFO - Setting next_dagrun for example_trigger_target_dag to None, run_after=None
[2022-07-02 00:31:53,633] {processor.py:161} INFO - Processing /home/airflow/.local/lib/python3.7/site-packages/airflow/example_dags/example_trigger_target_dag.py took 0.240 seconds
[2022-07-02 00:32:23,970] {processor.py:153} INFO - Started process (PID=172) to work on /home/airflow/.local/lib/python3.7/site-packages/airflow/example_dags/example_trigger_target_dag.py
[2022-07-02 00:32:23,973] {processor.py:641} INFO - Processing file /home/airflow/.local/lib/python3.7/site-packages/airflow/example_dags/example_trigger_target_dag.py for tasks to queue
[2022-07-02 00:32:23,973] {logging_mixin.py:115} INFO - [2022-07-02 00:32:23,973] {dagbag.py:507} INFO - Filling up the DagBag from /home/airflow/.local/lib/python3.7/site-packages/airflow/example_dags/example_trigger_target_dag.py
[2022-07-02 00:32:23,986] {processor.py:651} INFO - DAG(s) dict_keys(['example_trigger_target_dag']) retrieved from /home/airflow/.local/lib/python3.7/site-packages/airflow/example_dags/example_trigger_target_dag.py
[2022-07-02 00:32:24,005] {logging_mixin.py:115} INFO - [2022-07-02 00:32:24,005] {dag.py:2379} INFO - Sync 1 DAGs
[2022-07-02 00:32:24,165] {logging_mixin.py:115} INFO - [2022-07-02 00:32:24,165] {dag.py:2931} INFO - Setting next_dagrun for example_trigger_target_dag to None, run_after=None
[2022-07-02 00:32:24,173] {processor.py:161} INFO - Processing /home/airflow/.local/lib/python3.7/site-packages/airflow/example_dags/example_trigger_target_dag.py took 0.204 seconds
[2022-07-02 00:32:54,727] {processor.py:153} INFO - Started process (PID=233) to work on /home/airflow/.local/lib/python3.7/site-packages/airflow/example_dags/example_trigger_target_dag.py
[2022-07-02 00:32:54,728] {processor.py:641} INFO - Processing file /home/airflow/.local/lib/python3.7/site-packages/airflow/example_dags/example_trigger_target_dag.py for tasks to queue
[2022-07-02 00:32:54,729] {logging_mixin.py:115} INFO - [2022-07-02 00:32:54,729] {dagbag.py:507} INFO - Filling up the DagBag from /home/airflow/.local/lib/python3.7/site-packages/airflow/example_dags/example_trigger_target_dag.py
[2022-07-02 00:32:54,750] {processor.py:651} INFO - DAG(s) dict_keys(['example_trigger_target_dag']) retrieved from /home/airflow/.local/lib/python3.7/site-packages/airflow/example_dags/example_trigger_target_dag.py
[2022-07-02 00:32:54,789] {logging_mixin.py:115} INFO - [2022-07-02 00:32:54,789] {dag.py:2379} INFO - Sync 1 DAGs
[2022-07-02 00:32:55,035] {logging_mixin.py:115} INFO - [2022-07-02 00:32:55,035] {dag.py:2931} INFO - Setting next_dagrun for example_trigger_target_dag to None, run_after=None
[2022-07-02 00:32:55,055] {processor.py:161} INFO - Processing /home/airflow/.local/lib/python3.7/site-packages/airflow/example_dags/example_trigger_target_dag.py took 0.331 seconds
[2022-07-02 00:33:25,779] {processor.py:153} INFO - Started process (PID=294) to work on /home/airflow/.local/lib/python3.7/site-packages/airflow/example_dags/example_trigger_target_dag.py
[2022-07-02 00:33:25,786] {processor.py:641} INFO - Processing file /home/airflow/.local/lib/python3.7/site-packages/airflow/example_dags/example_trigger_target_dag.py for tasks to queue
[2022-07-02 00:33:25,787] {logging_mixin.py:115} INFO - [2022-07-02 00:33:25,787] {dagbag.py:507} INFO - Filling up the DagBag from /home/airflow/.local/lib/python3.7/site-packages/airflow/example_dags/example_trigger_target_dag.py
[2022-07-02 00:33:25,819] {processor.py:651} INFO - DAG(s) dict_keys(['example_trigger_target_dag']) retrieved from /home/airflow/.local/lib/python3.7/site-packages/airflow/example_dags/example_trigger_target_dag.py
[2022-07-02 00:33:25,858] {logging_mixin.py:115} INFO - [2022-07-02 00:33:25,858] {dag.py:2379} INFO - Sync 1 DAGs
[2022-07-02 00:33:26,067] {logging_mixin.py:115} INFO - [2022-07-02 00:33:26,067] {dag.py:2931} INFO - Setting next_dagrun for example_trigger_target_dag to None, run_after=None
[2022-07-02 00:33:26,090] {processor.py:161} INFO - Processing /home/airflow/.local/lib/python3.7/site-packages/airflow/example_dags/example_trigger_target_dag.py took 0.317 seconds
[2022-07-02 00:33:56,595] {processor.py:153} INFO - Started process (PID=348) to work on /home/airflow/.local/lib/python3.7/site-packages/airflow/example_dags/example_trigger_target_dag.py
[2022-07-02 00:33:56,596] {processor.py:641} INFO - Processing file /home/airflow/.local/lib/python3.7/site-packages/airflow/example_dags/example_trigger_target_dag.py for tasks to queue
[2022-07-02 00:33:56,596] {logging_mixin.py:115} INFO - [2022-07-02 00:33:56,596] {dagbag.py:507} INFO - Filling up the DagBag from /home/airflow/.local/lib/python3.7/site-packages/airflow/example_dags/example_trigger_target_dag.py
[2022-07-02 00:33:56,609] {processor.py:651} INFO - DAG(s) dict_keys(['example_trigger_target_dag']) retrieved from /home/airflow/.local/lib/python3.7/site-packages/airflow/example_dags/example_trigger_target_dag.py
[2022-07-02 00:33:56,631] {logging_mixin.py:115} INFO - [2022-07-02 00:33:56,631] {dag.py:2379} INFO - Sync 1 DAGs
[2022-07-02 00:33:56,786] {logging_mixin.py:115} INFO - [2022-07-02 00:33:56,786] {dag.py:2931} INFO - Setting next_dagrun for example_trigger_target_dag to None, run_after=None
[2022-07-02 00:33:56,797] {processor.py:161} INFO - Processing /home/airflow/.local/lib/python3.7/site-packages/airflow/example_dags/example_trigger_target_dag.py took 0.205 seconds
[2022-07-02 00:34:27,055] {processor.py:153} INFO - Started process (PID=409) to work on /home/airflow/.local/lib/python3.7/site-packages/airflow/example_dags/example_trigger_target_dag.py
[2022-07-02 00:34:27,055] {processor.py:641} INFO - Processing file /home/airflow/.local/lib/python3.7/site-packages/airflow/example_dags/example_trigger_target_dag.py for tasks to queue
[2022-07-02 00:34:27,056] {logging_mixin.py:115} INFO - [2022-07-02 00:34:27,056] {dagbag.py:507} INFO - Filling up the DagBag from /home/airflow/.local/lib/python3.7/site-packages/airflow/example_dags/example_trigger_target_dag.py
[2022-07-02 00:34:27,071] {processor.py:651} INFO - DAG(s) dict_keys(['example_trigger_target_dag']) retrieved from /home/airflow/.local/lib/python3.7/site-packages/airflow/example_dags/example_trigger_target_dag.py
[2022-07-02 00:34:27,097] {logging_mixin.py:115} INFO - [2022-07-02 00:34:27,097] {dag.py:2379} INFO - Sync 1 DAGs
[2022-07-02 00:34:27,261] {logging_mixin.py:115} INFO - [2022-07-02 00:34:27,261] {dag.py:2931} INFO - Setting next_dagrun for example_trigger_target_dag to None, run_after=None
[2022-07-02 00:34:27,272] {processor.py:161} INFO - Processing /home/airflow/.local/lib/python3.7/site-packages/airflow/example_dags/example_trigger_target_dag.py took 0.221 seconds
[2022-07-02 00:34:58,178] {processor.py:153} INFO - Started process (PID=471) to work on /home/airflow/.local/lib/python3.7/site-packages/airflow/example_dags/example_trigger_target_dag.py
[2022-07-02 00:34:58,179] {processor.py:641} INFO - Processing file /home/airflow/.local/lib/python3.7/site-packages/airflow/example_dags/example_trigger_target_dag.py for tasks to queue
[2022-07-02 00:34:58,180] {logging_mixin.py:115} INFO - [2022-07-02 00:34:58,180] {dagbag.py:507} INFO - Filling up the DagBag from /home/airflow/.local/lib/python3.7/site-packages/airflow/example_dags/example_trigger_target_dag.py
[2022-07-02 00:34:58,198] {processor.py:651} INFO - DAG(s) dict_keys(['example_trigger_target_dag']) retrieved from /home/airflow/.local/lib/python3.7/site-packages/airflow/example_dags/example_trigger_target_dag.py
[2022-07-02 00:34:58,230] {logging_mixin.py:115} INFO - [2022-07-02 00:34:58,230] {dag.py:2379} INFO - Sync 1 DAGs
[2022-07-02 00:34:58,402] {logging_mixin.py:115} INFO - [2022-07-02 00:34:58,402] {dag.py:2931} INFO - Setting next_dagrun for example_trigger_target_dag to None, run_after=None
[2022-07-02 00:34:58,416] {processor.py:161} INFO - Processing /home/airflow/.local/lib/python3.7/site-packages/airflow/example_dags/example_trigger_target_dag.py took 0.241 seconds
[2022-07-02 00:35:28,592] {processor.py:153} INFO - Started process (PID=524) to work on /home/airflow/.local/lib/python3.7/site-packages/airflow/example_dags/example_trigger_target_dag.py
[2022-07-02 00:35:28,592] {processor.py:641} INFO - Processing file /home/airflow/.local/lib/python3.7/site-packages/airflow/example_dags/example_trigger_target_dag.py for tasks to queue
[2022-07-02 00:35:28,592] {logging_mixin.py:115} INFO - [2022-07-02 00:35:28,592] {dagbag.py:507} INFO - Filling up the DagBag from /home/airflow/.local/lib/python3.7/site-packages/airflow/example_dags/example_trigger_target_dag.py
[2022-07-02 00:35:28,604] {processor.py:651} INFO - DAG(s) dict_keys(['example_trigger_target_dag']) retrieved from /home/airflow/.local/lib/python3.7/site-packages/airflow/example_dags/example_trigger_target_dag.py
[2022-07-02 00:35:28,627] {logging_mixin.py:115} INFO - [2022-07-02 00:35:28,627] {dag.py:2379} INFO - Sync 1 DAGs
[2022-07-02 00:35:28,754] {logging_mixin.py:115} INFO - [2022-07-02 00:35:28,753] {dag.py:2931} INFO - Setting next_dagrun for example_trigger_target_dag to None, run_after=None
[2022-07-02 00:35:28,765] {processor.py:161} INFO - Processing /home/airflow/.local/lib/python3.7/site-packages/airflow/example_dags/example_trigger_target_dag.py took 0.176 seconds
[2022-07-02 00:35:58,891] {processor.py:153} INFO - Started process (PID=586) to work on /home/airflow/.local/lib/python3.7/site-packages/airflow/example_dags/example_trigger_target_dag.py
[2022-07-02 00:35:58,898] {processor.py:641} INFO - Processing file /home/airflow/.local/lib/python3.7/site-packages/airflow/example_dags/example_trigger_target_dag.py for tasks to queue
[2022-07-02 00:35:58,899] {logging_mixin.py:115} INFO - [2022-07-02 00:35:58,898] {dagbag.py:507} INFO - Filling up the DagBag from /home/airflow/.local/lib/python3.7/site-packages/airflow/example_dags/example_trigger_target_dag.py
[2022-07-02 00:35:58,914] {processor.py:651} INFO - DAG(s) dict_keys(['example_trigger_target_dag']) retrieved from /home/airflow/.local/lib/python3.7/site-packages/airflow/example_dags/example_trigger_target_dag.py
[2022-07-02 00:35:58,945] {logging_mixin.py:115} INFO - [2022-07-02 00:35:58,945] {dag.py:2379} INFO - Sync 1 DAGs
[2022-07-02 00:35:59,057] {logging_mixin.py:115} INFO - [2022-07-02 00:35:59,057] {dag.py:2931} INFO - Setting next_dagrun for example_trigger_target_dag to None, run_after=None
[2022-07-02 00:35:59,063] {processor.py:161} INFO - Processing /home/airflow/.local/lib/python3.7/site-packages/airflow/example_dags/example_trigger_target_dag.py took 0.175 seconds
[2022-07-02 00:36:29,404] {processor.py:153} INFO - Started process (PID=648) to work on /home/airflow/.local/lib/python3.7/site-packages/airflow/example_dags/example_trigger_target_dag.py
[2022-07-02 00:36:29,405] {processor.py:641} INFO - Processing file /home/airflow/.local/lib/python3.7/site-packages/airflow/example_dags/example_trigger_target_dag.py for tasks to queue
[2022-07-02 00:36:29,405] {logging_mixin.py:115} INFO - [2022-07-02 00:36:29,405] {dagbag.py:507} INFO - Filling up the DagBag from /home/airflow/.local/lib/python3.7/site-packages/airflow/example_dags/example_trigger_target_dag.py
[2022-07-02 00:36:29,424] {processor.py:651} INFO - DAG(s) dict_keys(['example_trigger_target_dag']) retrieved from /home/airflow/.local/lib/python3.7/site-packages/airflow/example_dags/example_trigger_target_dag.py
[2022-07-02 00:36:29,607] {logging_mixin.py:115} INFO - [2022-07-02 00:36:29,607] {dag.py:2379} INFO - Sync 1 DAGs
[2022-07-02 00:36:29,636] {logging_mixin.py:115} INFO - [2022-07-02 00:36:29,636] {dag.py:2931} INFO - Setting next_dagrun for example_trigger_target_dag to None, run_after=None
[2022-07-02 00:36:29,649] {processor.py:161} INFO - Processing /home/airflow/.local/lib/python3.7/site-packages/airflow/example_dags/example_trigger_target_dag.py took 0.248 seconds
[2022-07-02 00:37:00,055] {processor.py:153} INFO - Started process (PID=701) to work on /home/airflow/.local/lib/python3.7/site-packages/airflow/example_dags/example_trigger_target_dag.py
[2022-07-02 00:37:00,062] {processor.py:641} INFO - Processing file /home/airflow/.local/lib/python3.7/site-packages/airflow/example_dags/example_trigger_target_dag.py for tasks to queue
[2022-07-02 00:37:00,063] {logging_mixin.py:115} INFO - [2022-07-02 00:37:00,063] {dagbag.py:507} INFO - Filling up the DagBag from /home/airflow/.local/lib/python3.7/site-packages/airflow/example_dags/example_trigger_target_dag.py
[2022-07-02 00:37:00,094] {processor.py:651} INFO - DAG(s) dict_keys(['example_trigger_target_dag']) retrieved from /home/airflow/.local/lib/python3.7/site-packages/airflow/example_dags/example_trigger_target_dag.py
[2022-07-02 00:37:00,398] {logging_mixin.py:115} INFO - [2022-07-02 00:37:00,398] {dag.py:2379} INFO - Sync 1 DAGs
[2022-07-02 00:37:00,430] {logging_mixin.py:115} INFO - [2022-07-02 00:37:00,429] {dag.py:2931} INFO - Setting next_dagrun for example_trigger_target_dag to None, run_after=None
[2022-07-02 00:37:00,478] {processor.py:161} INFO - Processing /home/airflow/.local/lib/python3.7/site-packages/airflow/example_dags/example_trigger_target_dag.py took 0.426 seconds
