[2022-07-02 00:24:37,110] {processor.py:153} INFO - Started process (PID=68) to work on /home/airflow/.local/lib/python3.7/site-packages/airflow/example_dags/example_skip_dag.py
[2022-07-02 00:24:37,111] {processor.py:641} INFO - Processing file /home/airflow/.local/lib/python3.7/site-packages/airflow/example_dags/example_skip_dag.py for tasks to queue
[2022-07-02 00:24:37,111] {logging_mixin.py:115} INFO - [2022-07-02 00:24:37,111] {dagbag.py:507} INFO - Filling up the DagBag from /home/airflow/.local/lib/python3.7/site-packages/airflow/example_dags/example_skip_dag.py
[2022-07-02 00:24:37,117] {processor.py:651} INFO - DAG(s) dict_keys(['example_skip_dag']) retrieved from /home/airflow/.local/lib/python3.7/site-packages/airflow/example_dags/example_skip_dag.py
[2022-07-02 00:24:37,376] {logging_mixin.py:115} INFO - [2022-07-02 00:24:37,376] {manager.py:508} INFO - Created Permission View: can edit on DAG:example_skip_dag
[2022-07-02 00:24:37,386] {logging_mixin.py:115} INFO - [2022-07-02 00:24:37,386] {manager.py:508} INFO - Created Permission View: can read on DAG:example_skip_dag
[2022-07-02 00:24:37,393] {logging_mixin.py:115} INFO - [2022-07-02 00:24:37,393] {manager.py:508} INFO - Created Permission View: can delete on DAG:example_skip_dag
[2022-07-02 00:24:37,393] {logging_mixin.py:115} INFO - [2022-07-02 00:24:37,393] {dag.py:2379} INFO - Sync 1 DAGs
[2022-07-02 00:24:37,402] {logging_mixin.py:115} INFO - [2022-07-02 00:24:37,402] {dag.py:2398} INFO - Creating ORM DAG for example_skip_dag
[2022-07-02 00:24:37,414] {logging_mixin.py:115} INFO - [2022-07-02 00:24:37,414] {dag.py:2931} INFO - Setting next_dagrun for example_skip_dag to 2022-07-01T00:24:37.414275+00:00, run_after=2022-07-02T00:24:37.414275+00:00
[2022-07-02 00:24:37,429] {processor.py:161} INFO - Processing /home/airflow/.local/lib/python3.7/site-packages/airflow/example_dags/example_skip_dag.py took 0.322 seconds
[2022-07-02 00:25:07,748] {processor.py:153} INFO - Started process (PID=130) to work on /home/airflow/.local/lib/python3.7/site-packages/airflow/example_dags/example_skip_dag.py
[2022-07-02 00:25:07,749] {processor.py:641} INFO - Processing file /home/airflow/.local/lib/python3.7/site-packages/airflow/example_dags/example_skip_dag.py for tasks to queue
[2022-07-02 00:25:07,750] {logging_mixin.py:115} INFO - [2022-07-02 00:25:07,749] {dagbag.py:507} INFO - Filling up the DagBag from /home/airflow/.local/lib/python3.7/site-packages/airflow/example_dags/example_skip_dag.py
[2022-07-02 00:25:07,754] {processor.py:651} INFO - DAG(s) dict_keys(['example_skip_dag']) retrieved from /home/airflow/.local/lib/python3.7/site-packages/airflow/example_dags/example_skip_dag.py
[2022-07-02 00:25:07,777] {logging_mixin.py:115} INFO - [2022-07-02 00:25:07,777] {dag.py:2379} INFO - Sync 1 DAGs
[2022-07-02 00:25:07,916] {logging_mixin.py:115} INFO - [2022-07-02 00:25:07,916] {dag.py:2931} INFO - Setting next_dagrun for example_skip_dag to 2022-07-01T00:25:07.916010+00:00, run_after=2022-07-02T00:25:07.916010+00:00
[2022-07-02 00:25:07,928] {processor.py:161} INFO - Processing /home/airflow/.local/lib/python3.7/site-packages/airflow/example_dags/example_skip_dag.py took 0.183 seconds
[2022-07-02 00:25:38,091] {processor.py:153} INFO - Started process (PID=192) to work on /home/airflow/.local/lib/python3.7/site-packages/airflow/example_dags/example_skip_dag.py
[2022-07-02 00:25:38,091] {processor.py:641} INFO - Processing file /home/airflow/.local/lib/python3.7/site-packages/airflow/example_dags/example_skip_dag.py for tasks to queue
[2022-07-02 00:25:38,092] {logging_mixin.py:115} INFO - [2022-07-02 00:25:38,092] {dagbag.py:507} INFO - Filling up the DagBag from /home/airflow/.local/lib/python3.7/site-packages/airflow/example_dags/example_skip_dag.py
[2022-07-02 00:25:38,096] {processor.py:651} INFO - DAG(s) dict_keys(['example_skip_dag']) retrieved from /home/airflow/.local/lib/python3.7/site-packages/airflow/example_dags/example_skip_dag.py
[2022-07-02 00:25:38,123] {logging_mixin.py:115} INFO - [2022-07-02 00:25:38,123] {dag.py:2379} INFO - Sync 1 DAGs
[2022-07-02 00:25:38,253] {logging_mixin.py:115} INFO - [2022-07-02 00:25:38,253] {dag.py:2931} INFO - Setting next_dagrun for example_skip_dag to 2022-07-01T00:25:38.253341+00:00, run_after=2022-07-02T00:25:38.253341+00:00
[2022-07-02 00:25:38,272] {processor.py:161} INFO - Processing /home/airflow/.local/lib/python3.7/site-packages/airflow/example_dags/example_skip_dag.py took 0.184 seconds
[2022-07-02 00:26:08,893] {processor.py:153} INFO - Started process (PID=244) to work on /home/airflow/.local/lib/python3.7/site-packages/airflow/example_dags/example_skip_dag.py
[2022-07-02 00:26:08,894] {processor.py:641} INFO - Processing file /home/airflow/.local/lib/python3.7/site-packages/airflow/example_dags/example_skip_dag.py for tasks to queue
[2022-07-02 00:26:08,894] {logging_mixin.py:115} INFO - [2022-07-02 00:26:08,894] {dagbag.py:507} INFO - Filling up the DagBag from /home/airflow/.local/lib/python3.7/site-packages/airflow/example_dags/example_skip_dag.py
[2022-07-02 00:26:08,901] {processor.py:651} INFO - DAG(s) dict_keys(['example_skip_dag']) retrieved from /home/airflow/.local/lib/python3.7/site-packages/airflow/example_dags/example_skip_dag.py
[2022-07-02 00:26:08,930] {logging_mixin.py:115} INFO - [2022-07-02 00:26:08,930] {dag.py:2379} INFO - Sync 1 DAGs
[2022-07-02 00:26:09,060] {logging_mixin.py:115} INFO - [2022-07-02 00:26:09,060] {dag.py:2931} INFO - Setting next_dagrun for example_skip_dag to 2022-07-01T00:26:09.060488+00:00, run_after=2022-07-02T00:26:09.060488+00:00
[2022-07-02 00:26:09,069] {processor.py:161} INFO - Processing /home/airflow/.local/lib/python3.7/site-packages/airflow/example_dags/example_skip_dag.py took 0.178 seconds
[2022-07-02 00:26:39,145] {processor.py:153} INFO - Started process (PID=305) to work on /home/airflow/.local/lib/python3.7/site-packages/airflow/example_dags/example_skip_dag.py
[2022-07-02 00:26:39,145] {processor.py:641} INFO - Processing file /home/airflow/.local/lib/python3.7/site-packages/airflow/example_dags/example_skip_dag.py for tasks to queue
[2022-07-02 00:26:39,146] {logging_mixin.py:115} INFO - [2022-07-02 00:26:39,146] {dagbag.py:507} INFO - Filling up the DagBag from /home/airflow/.local/lib/python3.7/site-packages/airflow/example_dags/example_skip_dag.py
[2022-07-02 00:26:39,150] {processor.py:651} INFO - DAG(s) dict_keys(['example_skip_dag']) retrieved from /home/airflow/.local/lib/python3.7/site-packages/airflow/example_dags/example_skip_dag.py
[2022-07-02 00:26:39,170] {logging_mixin.py:115} INFO - [2022-07-02 00:26:39,170] {dag.py:2379} INFO - Sync 1 DAGs
[2022-07-02 00:26:39,297] {logging_mixin.py:115} INFO - [2022-07-02 00:26:39,297] {dag.py:2931} INFO - Setting next_dagrun for example_skip_dag to 2022-07-01T00:26:39.297011+00:00, run_after=2022-07-02T00:26:39.297011+00:00
[2022-07-02 00:26:39,304] {processor.py:161} INFO - Processing /home/airflow/.local/lib/python3.7/site-packages/airflow/example_dags/example_skip_dag.py took 0.161 seconds
[2022-07-02 00:27:09,522] {processor.py:153} INFO - Started process (PID=368) to work on /home/airflow/.local/lib/python3.7/site-packages/airflow/example_dags/example_skip_dag.py
[2022-07-02 00:27:09,523] {processor.py:641} INFO - Processing file /home/airflow/.local/lib/python3.7/site-packages/airflow/example_dags/example_skip_dag.py for tasks to queue
[2022-07-02 00:27:09,523] {logging_mixin.py:115} INFO - [2022-07-02 00:27:09,523] {dagbag.py:507} INFO - Filling up the DagBag from /home/airflow/.local/lib/python3.7/site-packages/airflow/example_dags/example_skip_dag.py
[2022-07-02 00:27:09,527] {processor.py:651} INFO - DAG(s) dict_keys(['example_skip_dag']) retrieved from /home/airflow/.local/lib/python3.7/site-packages/airflow/example_dags/example_skip_dag.py
[2022-07-02 00:27:09,547] {logging_mixin.py:115} INFO - [2022-07-02 00:27:09,547] {dag.py:2379} INFO - Sync 1 DAGs
[2022-07-02 00:27:09,656] {logging_mixin.py:115} INFO - [2022-07-02 00:27:09,656] {dag.py:2931} INFO - Setting next_dagrun for example_skip_dag to 2022-07-01T00:27:09.656077+00:00, run_after=2022-07-02T00:27:09.656077+00:00
[2022-07-02 00:27:09,663] {processor.py:161} INFO - Processing /home/airflow/.local/lib/python3.7/site-packages/airflow/example_dags/example_skip_dag.py took 0.142 seconds
[2022-07-02 00:27:40,085] {processor.py:153} INFO - Started process (PID=421) to work on /home/airflow/.local/lib/python3.7/site-packages/airflow/example_dags/example_skip_dag.py
[2022-07-02 00:27:40,085] {processor.py:641} INFO - Processing file /home/airflow/.local/lib/python3.7/site-packages/airflow/example_dags/example_skip_dag.py for tasks to queue
[2022-07-02 00:27:40,085] {logging_mixin.py:115} INFO - [2022-07-02 00:27:40,085] {dagbag.py:507} INFO - Filling up the DagBag from /home/airflow/.local/lib/python3.7/site-packages/airflow/example_dags/example_skip_dag.py
[2022-07-02 00:27:40,090] {processor.py:651} INFO - DAG(s) dict_keys(['example_skip_dag']) retrieved from /home/airflow/.local/lib/python3.7/site-packages/airflow/example_dags/example_skip_dag.py
[2022-07-02 00:27:40,110] {logging_mixin.py:115} INFO - [2022-07-02 00:27:40,109] {dag.py:2379} INFO - Sync 1 DAGs
[2022-07-02 00:27:40,234] {logging_mixin.py:115} INFO - [2022-07-02 00:27:40,234] {dag.py:2931} INFO - Setting next_dagrun for example_skip_dag to 2022-07-01T00:27:40.234669+00:00, run_after=2022-07-02T00:27:40.234669+00:00
[2022-07-02 00:27:40,241] {processor.py:161} INFO - Processing /home/airflow/.local/lib/python3.7/site-packages/airflow/example_dags/example_skip_dag.py took 0.159 seconds
[2022-07-02 00:28:10,431] {processor.py:153} INFO - Started process (PID=483) to work on /home/airflow/.local/lib/python3.7/site-packages/airflow/example_dags/example_skip_dag.py
[2022-07-02 00:28:10,431] {processor.py:641} INFO - Processing file /home/airflow/.local/lib/python3.7/site-packages/airflow/example_dags/example_skip_dag.py for tasks to queue
[2022-07-02 00:28:10,431] {logging_mixin.py:115} INFO - [2022-07-02 00:28:10,431] {dagbag.py:507} INFO - Filling up the DagBag from /home/airflow/.local/lib/python3.7/site-packages/airflow/example_dags/example_skip_dag.py
[2022-07-02 00:28:10,436] {processor.py:651} INFO - DAG(s) dict_keys(['example_skip_dag']) retrieved from /home/airflow/.local/lib/python3.7/site-packages/airflow/example_dags/example_skip_dag.py
[2022-07-02 00:28:10,460] {logging_mixin.py:115} INFO - [2022-07-02 00:28:10,460] {dag.py:2379} INFO - Sync 1 DAGs
[2022-07-02 00:28:10,607] {logging_mixin.py:115} INFO - [2022-07-02 00:28:10,607] {dag.py:2931} INFO - Setting next_dagrun for example_skip_dag to 2022-07-01T00:28:10.607177+00:00, run_after=2022-07-02T00:28:10.607177+00:00
[2022-07-02 00:28:10,617] {processor.py:161} INFO - Processing /home/airflow/.local/lib/python3.7/site-packages/airflow/example_dags/example_skip_dag.py took 0.189 seconds
[2022-07-02 00:28:41,210] {processor.py:153} INFO - Started process (PID=545) to work on /home/airflow/.local/lib/python3.7/site-packages/airflow/example_dags/example_skip_dag.py
[2022-07-02 00:28:41,210] {processor.py:641} INFO - Processing file /home/airflow/.local/lib/python3.7/site-packages/airflow/example_dags/example_skip_dag.py for tasks to queue
[2022-07-02 00:28:41,211] {logging_mixin.py:115} INFO - [2022-07-02 00:28:41,211] {dagbag.py:507} INFO - Filling up the DagBag from /home/airflow/.local/lib/python3.7/site-packages/airflow/example_dags/example_skip_dag.py
[2022-07-02 00:28:41,214] {processor.py:651} INFO - DAG(s) dict_keys(['example_skip_dag']) retrieved from /home/airflow/.local/lib/python3.7/site-packages/airflow/example_dags/example_skip_dag.py
[2022-07-02 00:28:41,233] {logging_mixin.py:115} INFO - [2022-07-02 00:28:41,233] {dag.py:2379} INFO - Sync 1 DAGs
[2022-07-02 00:28:41,344] {logging_mixin.py:115} INFO - [2022-07-02 00:28:41,344] {dag.py:2931} INFO - Setting next_dagrun for example_skip_dag to 2022-07-01T00:28:41.344267+00:00, run_after=2022-07-02T00:28:41.344267+00:00
[2022-07-02 00:28:41,351] {processor.py:161} INFO - Processing /home/airflow/.local/lib/python3.7/site-packages/airflow/example_dags/example_skip_dag.py took 0.143 seconds
[2022-07-02 00:29:11,564] {processor.py:153} INFO - Started process (PID=597) to work on /home/airflow/.local/lib/python3.7/site-packages/airflow/example_dags/example_skip_dag.py
[2022-07-02 00:29:11,565] {processor.py:641} INFO - Processing file /home/airflow/.local/lib/python3.7/site-packages/airflow/example_dags/example_skip_dag.py for tasks to queue
[2022-07-02 00:29:11,565] {logging_mixin.py:115} INFO - [2022-07-02 00:29:11,565] {dagbag.py:507} INFO - Filling up the DagBag from /home/airflow/.local/lib/python3.7/site-packages/airflow/example_dags/example_skip_dag.py
[2022-07-02 00:29:11,569] {processor.py:651} INFO - DAG(s) dict_keys(['example_skip_dag']) retrieved from /home/airflow/.local/lib/python3.7/site-packages/airflow/example_dags/example_skip_dag.py
[2022-07-02 00:29:11,592] {logging_mixin.py:115} INFO - [2022-07-02 00:29:11,592] {dag.py:2379} INFO - Sync 1 DAGs
[2022-07-02 00:29:11,718] {logging_mixin.py:115} INFO - [2022-07-02 00:29:11,717] {dag.py:2931} INFO - Setting next_dagrun for example_skip_dag to 2022-07-01T00:29:11.717785+00:00, run_after=2022-07-02T00:29:11.717785+00:00
[2022-07-02 00:29:11,724] {processor.py:161} INFO - Processing /home/airflow/.local/lib/python3.7/site-packages/airflow/example_dags/example_skip_dag.py took 0.163 seconds
[2022-07-02 00:29:42,111] {processor.py:153} INFO - Started process (PID=658) to work on /home/airflow/.local/lib/python3.7/site-packages/airflow/example_dags/example_skip_dag.py
[2022-07-02 00:29:42,111] {processor.py:641} INFO - Processing file /home/airflow/.local/lib/python3.7/site-packages/airflow/example_dags/example_skip_dag.py for tasks to queue
[2022-07-02 00:29:42,112] {logging_mixin.py:115} INFO - [2022-07-02 00:29:42,112] {dagbag.py:507} INFO - Filling up the DagBag from /home/airflow/.local/lib/python3.7/site-packages/airflow/example_dags/example_skip_dag.py
[2022-07-02 00:29:42,117] {processor.py:651} INFO - DAG(s) dict_keys(['example_skip_dag']) retrieved from /home/airflow/.local/lib/python3.7/site-packages/airflow/example_dags/example_skip_dag.py
[2022-07-02 00:29:42,138] {logging_mixin.py:115} INFO - [2022-07-02 00:29:42,138] {dag.py:2379} INFO - Sync 1 DAGs
[2022-07-02 00:29:42,264] {logging_mixin.py:115} INFO - [2022-07-02 00:29:42,263] {dag.py:2931} INFO - Setting next_dagrun for example_skip_dag to 2022-07-01T00:29:42.263844+00:00, run_after=2022-07-02T00:29:42.263844+00:00
[2022-07-02 00:29:42,276] {processor.py:161} INFO - Processing /home/airflow/.local/lib/python3.7/site-packages/airflow/example_dags/example_skip_dag.py took 0.168 seconds
[2022-07-02 00:31:25,391] {processor.py:153} INFO - Started process (PID=73) to work on /home/airflow/.local/lib/python3.7/site-packages/airflow/example_dags/example_skip_dag.py
[2022-07-02 00:31:25,391] {processor.py:641} INFO - Processing file /home/airflow/.local/lib/python3.7/site-packages/airflow/example_dags/example_skip_dag.py for tasks to queue
[2022-07-02 00:31:25,392] {logging_mixin.py:115} INFO - [2022-07-02 00:31:25,392] {dagbag.py:507} INFO - Filling up the DagBag from /home/airflow/.local/lib/python3.7/site-packages/airflow/example_dags/example_skip_dag.py
[2022-07-02 00:31:25,402] {processor.py:651} INFO - DAG(s) dict_keys(['example_skip_dag']) retrieved from /home/airflow/.local/lib/python3.7/site-packages/airflow/example_dags/example_skip_dag.py
[2022-07-02 00:31:26,030] {logging_mixin.py:115} INFO - [2022-07-02 00:31:26,030] {manager.py:508} INFO - Created Permission View: can delete on DAG:example_skip_dag
[2022-07-02 00:31:26,042] {logging_mixin.py:115} INFO - [2022-07-02 00:31:26,042] {manager.py:508} INFO - Created Permission View: can edit on DAG:example_skip_dag
[2022-07-02 00:31:26,050] {logging_mixin.py:115} INFO - [2022-07-02 00:31:26,050] {manager.py:508} INFO - Created Permission View: can read on DAG:example_skip_dag
[2022-07-02 00:31:26,050] {logging_mixin.py:115} INFO - [2022-07-02 00:31:26,050] {dag.py:2379} INFO - Sync 1 DAGs
[2022-07-02 00:31:26,063] {logging_mixin.py:115} INFO - [2022-07-02 00:31:26,063] {dag.py:2398} INFO - Creating ORM DAG for example_skip_dag
[2022-07-02 00:31:26,081] {logging_mixin.py:115} INFO - [2022-07-02 00:31:26,081] {dag.py:2931} INFO - Setting next_dagrun for example_skip_dag to 2022-07-01T00:31:26.079892+00:00, run_after=2022-07-02T00:31:26.079892+00:00
[2022-07-02 00:31:26,100] {processor.py:161} INFO - Processing /home/airflow/.local/lib/python3.7/site-packages/airflow/example_dags/example_skip_dag.py took 0.716 seconds
[2022-07-02 00:31:56,528] {processor.py:153} INFO - Started process (PID=134) to work on /home/airflow/.local/lib/python3.7/site-packages/airflow/example_dags/example_skip_dag.py
[2022-07-02 00:31:56,529] {processor.py:641} INFO - Processing file /home/airflow/.local/lib/python3.7/site-packages/airflow/example_dags/example_skip_dag.py for tasks to queue
[2022-07-02 00:31:56,529] {logging_mixin.py:115} INFO - [2022-07-02 00:31:56,529] {dagbag.py:507} INFO - Filling up the DagBag from /home/airflow/.local/lib/python3.7/site-packages/airflow/example_dags/example_skip_dag.py
[2022-07-02 00:31:56,533] {processor.py:651} INFO - DAG(s) dict_keys(['example_skip_dag']) retrieved from /home/airflow/.local/lib/python3.7/site-packages/airflow/example_dags/example_skip_dag.py
[2022-07-02 00:31:56,554] {logging_mixin.py:115} INFO - [2022-07-02 00:31:56,554] {dag.py:2379} INFO - Sync 1 DAGs
[2022-07-02 00:31:56,683] {logging_mixin.py:115} INFO - [2022-07-02 00:31:56,682] {dag.py:2931} INFO - Setting next_dagrun for example_skip_dag to 2022-07-01T00:31:56.682742+00:00, run_after=2022-07-02T00:31:56.682742+00:00
[2022-07-02 00:31:56,691] {processor.py:161} INFO - Processing /home/airflow/.local/lib/python3.7/site-packages/airflow/example_dags/example_skip_dag.py took 0.165 seconds
[2022-07-02 00:32:26,980] {processor.py:153} INFO - Started process (PID=186) to work on /home/airflow/.local/lib/python3.7/site-packages/airflow/example_dags/example_skip_dag.py
[2022-07-02 00:32:26,980] {processor.py:641} INFO - Processing file /home/airflow/.local/lib/python3.7/site-packages/airflow/example_dags/example_skip_dag.py for tasks to queue
[2022-07-02 00:32:26,981] {logging_mixin.py:115} INFO - [2022-07-02 00:32:26,981] {dagbag.py:507} INFO - Filling up the DagBag from /home/airflow/.local/lib/python3.7/site-packages/airflow/example_dags/example_skip_dag.py
[2022-07-02 00:32:26,986] {processor.py:651} INFO - DAG(s) dict_keys(['example_skip_dag']) retrieved from /home/airflow/.local/lib/python3.7/site-packages/airflow/example_dags/example_skip_dag.py
[2022-07-02 00:32:27,023] {logging_mixin.py:115} INFO - [2022-07-02 00:32:27,023] {dag.py:2379} INFO - Sync 1 DAGs
[2022-07-02 00:32:27,209] {logging_mixin.py:115} INFO - [2022-07-02 00:32:27,209] {dag.py:2931} INFO - Setting next_dagrun for example_skip_dag to 2022-07-01T00:32:27.208948+00:00, run_after=2022-07-02T00:32:27.208948+00:00
[2022-07-02 00:32:27,225] {processor.py:161} INFO - Processing /home/airflow/.local/lib/python3.7/site-packages/airflow/example_dags/example_skip_dag.py took 0.250 seconds
[2022-07-02 00:32:57,712] {processor.py:153} INFO - Started process (PID=247) to work on /home/airflow/.local/lib/python3.7/site-packages/airflow/example_dags/example_skip_dag.py
[2022-07-02 00:32:57,713] {processor.py:641} INFO - Processing file /home/airflow/.local/lib/python3.7/site-packages/airflow/example_dags/example_skip_dag.py for tasks to queue
[2022-07-02 00:32:57,713] {logging_mixin.py:115} INFO - [2022-07-02 00:32:57,713] {dagbag.py:507} INFO - Filling up the DagBag from /home/airflow/.local/lib/python3.7/site-packages/airflow/example_dags/example_skip_dag.py
[2022-07-02 00:32:57,717] {processor.py:651} INFO - DAG(s) dict_keys(['example_skip_dag']) retrieved from /home/airflow/.local/lib/python3.7/site-packages/airflow/example_dags/example_skip_dag.py
[2022-07-02 00:32:57,742] {logging_mixin.py:115} INFO - [2022-07-02 00:32:57,742] {dag.py:2379} INFO - Sync 1 DAGs
[2022-07-02 00:32:57,886] {logging_mixin.py:115} INFO - [2022-07-02 00:32:57,886] {dag.py:2931} INFO - Setting next_dagrun for example_skip_dag to 2022-07-01T00:32:57.886153+00:00, run_after=2022-07-02T00:32:57.886153+00:00
[2022-07-02 00:32:57,898] {processor.py:161} INFO - Processing /home/airflow/.local/lib/python3.7/site-packages/airflow/example_dags/example_skip_dag.py took 0.190 seconds
[2022-07-02 00:33:28,473] {processor.py:153} INFO - Started process (PID=308) to work on /home/airflow/.local/lib/python3.7/site-packages/airflow/example_dags/example_skip_dag.py
[2022-07-02 00:33:28,473] {processor.py:641} INFO - Processing file /home/airflow/.local/lib/python3.7/site-packages/airflow/example_dags/example_skip_dag.py for tasks to queue
[2022-07-02 00:33:28,474] {logging_mixin.py:115} INFO - [2022-07-02 00:33:28,474] {dagbag.py:507} INFO - Filling up the DagBag from /home/airflow/.local/lib/python3.7/site-packages/airflow/example_dags/example_skip_dag.py
[2022-07-02 00:33:28,479] {processor.py:651} INFO - DAG(s) dict_keys(['example_skip_dag']) retrieved from /home/airflow/.local/lib/python3.7/site-packages/airflow/example_dags/example_skip_dag.py
[2022-07-02 00:33:28,506] {logging_mixin.py:115} INFO - [2022-07-02 00:33:28,506] {dag.py:2379} INFO - Sync 1 DAGs
[2022-07-02 00:33:28,653] {logging_mixin.py:115} INFO - [2022-07-02 00:33:28,652] {dag.py:2931} INFO - Setting next_dagrun for example_skip_dag to 2022-07-01T00:33:28.652579+00:00, run_after=2022-07-02T00:33:28.652579+00:00
[2022-07-02 00:33:28,665] {processor.py:161} INFO - Processing /home/airflow/.local/lib/python3.7/site-packages/airflow/example_dags/example_skip_dag.py took 0.195 seconds
[2022-07-02 00:33:59,203] {processor.py:153} INFO - Started process (PID=362) to work on /home/airflow/.local/lib/python3.7/site-packages/airflow/example_dags/example_skip_dag.py
[2022-07-02 00:33:59,204] {processor.py:641} INFO - Processing file /home/airflow/.local/lib/python3.7/site-packages/airflow/example_dags/example_skip_dag.py for tasks to queue
[2022-07-02 00:33:59,204] {logging_mixin.py:115} INFO - [2022-07-02 00:33:59,204] {dagbag.py:507} INFO - Filling up the DagBag from /home/airflow/.local/lib/python3.7/site-packages/airflow/example_dags/example_skip_dag.py
[2022-07-02 00:33:59,209] {processor.py:651} INFO - DAG(s) dict_keys(['example_skip_dag']) retrieved from /home/airflow/.local/lib/python3.7/site-packages/airflow/example_dags/example_skip_dag.py
[2022-07-02 00:33:59,236] {logging_mixin.py:115} INFO - [2022-07-02 00:33:59,236] {dag.py:2379} INFO - Sync 1 DAGs
[2022-07-02 00:33:59,404] {logging_mixin.py:115} INFO - [2022-07-02 00:33:59,404] {dag.py:2931} INFO - Setting next_dagrun for example_skip_dag to 2022-07-01T00:33:59.403888+00:00, run_after=2022-07-02T00:33:59.403888+00:00
[2022-07-02 00:33:59,416] {processor.py:161} INFO - Processing /home/airflow/.local/lib/python3.7/site-packages/airflow/example_dags/example_skip_dag.py took 0.215 seconds
[2022-07-02 00:34:29,867] {processor.py:153} INFO - Started process (PID=423) to work on /home/airflow/.local/lib/python3.7/site-packages/airflow/example_dags/example_skip_dag.py
[2022-07-02 00:34:29,868] {processor.py:641} INFO - Processing file /home/airflow/.local/lib/python3.7/site-packages/airflow/example_dags/example_skip_dag.py for tasks to queue
[2022-07-02 00:34:29,868] {logging_mixin.py:115} INFO - [2022-07-02 00:34:29,868] {dagbag.py:507} INFO - Filling up the DagBag from /home/airflow/.local/lib/python3.7/site-packages/airflow/example_dags/example_skip_dag.py
[2022-07-02 00:34:29,873] {processor.py:651} INFO - DAG(s) dict_keys(['example_skip_dag']) retrieved from /home/airflow/.local/lib/python3.7/site-packages/airflow/example_dags/example_skip_dag.py
[2022-07-02 00:34:29,896] {logging_mixin.py:115} INFO - [2022-07-02 00:34:29,896] {dag.py:2379} INFO - Sync 1 DAGs
[2022-07-02 00:34:30,051] {logging_mixin.py:115} INFO - [2022-07-02 00:34:30,050] {dag.py:2931} INFO - Setting next_dagrun for example_skip_dag to 2022-07-01T00:34:30.050561+00:00, run_after=2022-07-02T00:34:30.050561+00:00
[2022-07-02 00:34:30,062] {processor.py:161} INFO - Processing /home/airflow/.local/lib/python3.7/site-packages/airflow/example_dags/example_skip_dag.py took 0.197 seconds
[2022-07-02 00:35:00,177] {processor.py:153} INFO - Started process (PID=485) to work on /home/airflow/.local/lib/python3.7/site-packages/airflow/example_dags/example_skip_dag.py
[2022-07-02 00:35:00,177] {processor.py:641} INFO - Processing file /home/airflow/.local/lib/python3.7/site-packages/airflow/example_dags/example_skip_dag.py for tasks to queue
[2022-07-02 00:35:00,178] {logging_mixin.py:115} INFO - [2022-07-02 00:35:00,178] {dagbag.py:507} INFO - Filling up the DagBag from /home/airflow/.local/lib/python3.7/site-packages/airflow/example_dags/example_skip_dag.py
[2022-07-02 00:35:00,185] {processor.py:651} INFO - DAG(s) dict_keys(['example_skip_dag']) retrieved from /home/airflow/.local/lib/python3.7/site-packages/airflow/example_dags/example_skip_dag.py
[2022-07-02 00:35:00,225] {logging_mixin.py:115} INFO - [2022-07-02 00:35:00,224] {dag.py:2379} INFO - Sync 1 DAGs
[2022-07-02 00:35:00,397] {logging_mixin.py:115} INFO - [2022-07-02 00:35:00,397] {dag.py:2931} INFO - Setting next_dagrun for example_skip_dag to 2022-07-01T00:35:00.397222+00:00, run_after=2022-07-02T00:35:00.397222+00:00
[2022-07-02 00:35:00,410] {processor.py:161} INFO - Processing /home/airflow/.local/lib/python3.7/site-packages/airflow/example_dags/example_skip_dag.py took 0.237 seconds
[2022-07-02 00:35:30,438] {processor.py:153} INFO - Started process (PID=538) to work on /home/airflow/.local/lib/python3.7/site-packages/airflow/example_dags/example_skip_dag.py
[2022-07-02 00:35:30,439] {processor.py:641} INFO - Processing file /home/airflow/.local/lib/python3.7/site-packages/airflow/example_dags/example_skip_dag.py for tasks to queue
[2022-07-02 00:35:30,439] {logging_mixin.py:115} INFO - [2022-07-02 00:35:30,439] {dagbag.py:507} INFO - Filling up the DagBag from /home/airflow/.local/lib/python3.7/site-packages/airflow/example_dags/example_skip_dag.py
[2022-07-02 00:35:30,443] {processor.py:651} INFO - DAG(s) dict_keys(['example_skip_dag']) retrieved from /home/airflow/.local/lib/python3.7/site-packages/airflow/example_dags/example_skip_dag.py
[2022-07-02 00:35:30,462] {logging_mixin.py:115} INFO - [2022-07-02 00:35:30,462] {dag.py:2379} INFO - Sync 1 DAGs
[2022-07-02 00:35:30,604] {logging_mixin.py:115} INFO - [2022-07-02 00:35:30,604] {dag.py:2931} INFO - Setting next_dagrun for example_skip_dag to 2022-07-01T00:35:30.604043+00:00, run_after=2022-07-02T00:35:30.604043+00:00
[2022-07-02 00:35:30,611] {processor.py:161} INFO - Processing /home/airflow/.local/lib/python3.7/site-packages/airflow/example_dags/example_skip_dag.py took 0.175 seconds
[2022-07-02 00:36:01,158] {processor.py:153} INFO - Started process (PID=600) to work on /home/airflow/.local/lib/python3.7/site-packages/airflow/example_dags/example_skip_dag.py
[2022-07-02 00:36:01,159] {processor.py:641} INFO - Processing file /home/airflow/.local/lib/python3.7/site-packages/airflow/example_dags/example_skip_dag.py for tasks to queue
[2022-07-02 00:36:01,159] {logging_mixin.py:115} INFO - [2022-07-02 00:36:01,159] {dagbag.py:507} INFO - Filling up the DagBag from /home/airflow/.local/lib/python3.7/site-packages/airflow/example_dags/example_skip_dag.py
[2022-07-02 00:36:01,166] {processor.py:651} INFO - DAG(s) dict_keys(['example_skip_dag']) retrieved from /home/airflow/.local/lib/python3.7/site-packages/airflow/example_dags/example_skip_dag.py
[2022-07-02 00:36:01,213] {logging_mixin.py:115} INFO - [2022-07-02 00:36:01,213] {dag.py:2379} INFO - Sync 1 DAGs
[2022-07-02 00:36:01,399] {logging_mixin.py:115} INFO - [2022-07-02 00:36:01,399] {dag.py:2931} INFO - Setting next_dagrun for example_skip_dag to 2022-07-01T00:36:01.399181+00:00, run_after=2022-07-02T00:36:01.399181+00:00
[2022-07-02 00:36:01,416] {processor.py:161} INFO - Processing /home/airflow/.local/lib/python3.7/site-packages/airflow/example_dags/example_skip_dag.py took 0.261 seconds
[2022-07-02 00:36:32,121] {processor.py:153} INFO - Started process (PID=662) to work on /home/airflow/.local/lib/python3.7/site-packages/airflow/example_dags/example_skip_dag.py
[2022-07-02 00:36:32,121] {processor.py:641} INFO - Processing file /home/airflow/.local/lib/python3.7/site-packages/airflow/example_dags/example_skip_dag.py for tasks to queue
[2022-07-02 00:36:32,121] {logging_mixin.py:115} INFO - [2022-07-02 00:36:32,121] {dagbag.py:507} INFO - Filling up the DagBag from /home/airflow/.local/lib/python3.7/site-packages/airflow/example_dags/example_skip_dag.py
[2022-07-02 00:36:32,125] {processor.py:651} INFO - DAG(s) dict_keys(['example_skip_dag']) retrieved from /home/airflow/.local/lib/python3.7/site-packages/airflow/example_dags/example_skip_dag.py
[2022-07-02 00:36:32,148] {logging_mixin.py:115} INFO - [2022-07-02 00:36:32,148] {dag.py:2379} INFO - Sync 1 DAGs
[2022-07-02 00:36:32,293] {logging_mixin.py:115} INFO - [2022-07-02 00:36:32,293] {dag.py:2931} INFO - Setting next_dagrun for example_skip_dag to 2022-07-01T00:36:32.293455+00:00, run_after=2022-07-02T00:36:32.293455+00:00
[2022-07-02 00:36:32,300] {processor.py:161} INFO - Processing /home/airflow/.local/lib/python3.7/site-packages/airflow/example_dags/example_skip_dag.py took 0.181 seconds
