[2022-07-02 00:24:26,146] {processor.py:153} INFO - Started process (PID=51) to work on /home/airflow/.local/lib/python3.7/site-packages/airflow/example_dags/example_dag_decorator.py
[2022-07-02 00:24:26,147] {processor.py:641} INFO - Processing file /home/airflow/.local/lib/python3.7/site-packages/airflow/example_dags/example_dag_decorator.py for tasks to queue
[2022-07-02 00:24:26,147] {logging_mixin.py:115} INFO - [2022-07-02 00:24:26,147] {dagbag.py:507} INFO - Filling up the DagBag from /home/airflow/.local/lib/python3.7/site-packages/airflow/example_dags/example_dag_decorator.py
[2022-07-02 00:24:26,215] {processor.py:651} INFO - DAG(s) dict_keys(['example_dag_decorator']) retrieved from /home/airflow/.local/lib/python3.7/site-packages/airflow/example_dags/example_dag_decorator.py
[2022-07-02 00:24:26,712] {logging_mixin.py:115} INFO - [2022-07-02 00:24:26,695] {manager.py:508} INFO - Created Permission View: can edit on DAG:example_dag_decorator
[2022-07-02 00:24:26,747] {logging_mixin.py:115} INFO - [2022-07-02 00:24:26,747] {manager.py:508} INFO - Created Permission View: can read on DAG:example_dag_decorator
[2022-07-02 00:24:26,761] {logging_mixin.py:115} INFO - [2022-07-02 00:24:26,761] {manager.py:508} INFO - Created Permission View: can delete on DAG:example_dag_decorator
[2022-07-02 00:24:26,761] {logging_mixin.py:115} INFO - [2022-07-02 00:24:26,761] {dag.py:2379} INFO - Sync 1 DAGs
[2022-07-02 00:24:26,786] {logging_mixin.py:115} INFO - [2022-07-02 00:24:26,784] {dag.py:2398} INFO - Creating ORM DAG for example_dag_decorator
[2022-07-02 00:24:26,804] {logging_mixin.py:115} INFO - [2022-07-02 00:24:26,803] {dag.py:2931} INFO - Setting next_dagrun for example_dag_decorator to None, run_after=None
[2022-07-02 00:24:26,835] {processor.py:161} INFO - Processing /home/airflow/.local/lib/python3.7/site-packages/airflow/example_dags/example_dag_decorator.py took 0.694 seconds
[2022-07-02 00:24:57,741] {processor.py:153} INFO - Started process (PID=104) to work on /home/airflow/.local/lib/python3.7/site-packages/airflow/example_dags/example_dag_decorator.py
[2022-07-02 00:24:57,741] {processor.py:641} INFO - Processing file /home/airflow/.local/lib/python3.7/site-packages/airflow/example_dags/example_dag_decorator.py for tasks to queue
[2022-07-02 00:24:57,742] {logging_mixin.py:115} INFO - [2022-07-02 00:24:57,742] {dagbag.py:507} INFO - Filling up the DagBag from /home/airflow/.local/lib/python3.7/site-packages/airflow/example_dags/example_dag_decorator.py
[2022-07-02 00:24:57,772] {processor.py:651} INFO - DAG(s) dict_keys(['example_dag_decorator']) retrieved from /home/airflow/.local/lib/python3.7/site-packages/airflow/example_dags/example_dag_decorator.py
[2022-07-02 00:24:58,047] {logging_mixin.py:115} INFO - [2022-07-02 00:24:58,047] {dag.py:2379} INFO - Sync 1 DAGs
[2022-07-02 00:24:58,074] {logging_mixin.py:115} INFO - [2022-07-02 00:24:58,074] {dag.py:2931} INFO - Setting next_dagrun for example_dag_decorator to None, run_after=None
[2022-07-02 00:24:58,090] {processor.py:161} INFO - Processing /home/airflow/.local/lib/python3.7/site-packages/airflow/example_dags/example_dag_decorator.py took 0.352 seconds
[2022-07-02 00:25:29,043] {processor.py:153} INFO - Started process (PID=165) to work on /home/airflow/.local/lib/python3.7/site-packages/airflow/example_dags/example_dag_decorator.py
[2022-07-02 00:25:29,043] {processor.py:641} INFO - Processing file /home/airflow/.local/lib/python3.7/site-packages/airflow/example_dags/example_dag_decorator.py for tasks to queue
[2022-07-02 00:25:29,044] {logging_mixin.py:115} INFO - [2022-07-02 00:25:29,044] {dagbag.py:507} INFO - Filling up the DagBag from /home/airflow/.local/lib/python3.7/site-packages/airflow/example_dags/example_dag_decorator.py
[2022-07-02 00:25:29,078] {processor.py:651} INFO - DAG(s) dict_keys(['example_dag_decorator']) retrieved from /home/airflow/.local/lib/python3.7/site-packages/airflow/example_dags/example_dag_decorator.py
[2022-07-02 00:25:29,394] {logging_mixin.py:115} INFO - [2022-07-02 00:25:29,394] {dag.py:2379} INFO - Sync 1 DAGs
[2022-07-02 00:25:29,427] {logging_mixin.py:115} INFO - [2022-07-02 00:25:29,427] {dag.py:2931} INFO - Setting next_dagrun for example_dag_decorator to None, run_after=None
[2022-07-02 00:25:29,443] {processor.py:161} INFO - Processing /home/airflow/.local/lib/python3.7/site-packages/airflow/example_dags/example_dag_decorator.py took 0.403 seconds
[2022-07-02 00:26:00,062] {processor.py:153} INFO - Started process (PID=220) to work on /home/airflow/.local/lib/python3.7/site-packages/airflow/example_dags/example_dag_decorator.py
[2022-07-02 00:26:00,064] {processor.py:641} INFO - Processing file /home/airflow/.local/lib/python3.7/site-packages/airflow/example_dags/example_dag_decorator.py for tasks to queue
[2022-07-02 00:26:00,065] {logging_mixin.py:115} INFO - [2022-07-02 00:26:00,065] {dagbag.py:507} INFO - Filling up the DagBag from /home/airflow/.local/lib/python3.7/site-packages/airflow/example_dags/example_dag_decorator.py
[2022-07-02 00:26:00,086] {processor.py:651} INFO - DAG(s) dict_keys(['example_dag_decorator']) retrieved from /home/airflow/.local/lib/python3.7/site-packages/airflow/example_dags/example_dag_decorator.py
[2022-07-02 00:26:00,249] {logging_mixin.py:115} INFO - [2022-07-02 00:26:00,249] {dag.py:2379} INFO - Sync 1 DAGs
[2022-07-02 00:26:00,266] {logging_mixin.py:115} INFO - [2022-07-02 00:26:00,266] {dag.py:2931} INFO - Setting next_dagrun for example_dag_decorator to None, run_after=None
[2022-07-02 00:26:00,280] {processor.py:161} INFO - Processing /home/airflow/.local/lib/python3.7/site-packages/airflow/example_dags/example_dag_decorator.py took 0.220 seconds
[2022-07-02 00:26:30,349] {processor.py:153} INFO - Started process (PID=279) to work on /home/airflow/.local/lib/python3.7/site-packages/airflow/example_dags/example_dag_decorator.py
[2022-07-02 00:26:30,356] {processor.py:641} INFO - Processing file /home/airflow/.local/lib/python3.7/site-packages/airflow/example_dags/example_dag_decorator.py for tasks to queue
[2022-07-02 00:26:30,356] {logging_mixin.py:115} INFO - [2022-07-02 00:26:30,356] {dagbag.py:507} INFO - Filling up the DagBag from /home/airflow/.local/lib/python3.7/site-packages/airflow/example_dags/example_dag_decorator.py
[2022-07-02 00:26:30,386] {processor.py:651} INFO - DAG(s) dict_keys(['example_dag_decorator']) retrieved from /home/airflow/.local/lib/python3.7/site-packages/airflow/example_dags/example_dag_decorator.py
[2022-07-02 00:26:30,608] {logging_mixin.py:115} INFO - [2022-07-02 00:26:30,608] {dag.py:2379} INFO - Sync 1 DAGs
[2022-07-02 00:26:30,626] {logging_mixin.py:115} INFO - [2022-07-02 00:26:30,626] {dag.py:2931} INFO - Setting next_dagrun for example_dag_decorator to None, run_after=None
[2022-07-02 00:26:30,638] {processor.py:161} INFO - Processing /home/airflow/.local/lib/python3.7/site-packages/airflow/example_dags/example_dag_decorator.py took 0.292 seconds
[2022-07-02 00:27:00,706] {processor.py:153} INFO - Started process (PID=341) to work on /home/airflow/.local/lib/python3.7/site-packages/airflow/example_dags/example_dag_decorator.py
[2022-07-02 00:27:00,707] {processor.py:641} INFO - Processing file /home/airflow/.local/lib/python3.7/site-packages/airflow/example_dags/example_dag_decorator.py for tasks to queue
[2022-07-02 00:27:00,708] {logging_mixin.py:115} INFO - [2022-07-02 00:27:00,708] {dagbag.py:507} INFO - Filling up the DagBag from /home/airflow/.local/lib/python3.7/site-packages/airflow/example_dags/example_dag_decorator.py
[2022-07-02 00:27:00,736] {processor.py:651} INFO - DAG(s) dict_keys(['example_dag_decorator']) retrieved from /home/airflow/.local/lib/python3.7/site-packages/airflow/example_dags/example_dag_decorator.py
[2022-07-02 00:27:00,899] {logging_mixin.py:115} INFO - [2022-07-02 00:27:00,898] {dag.py:2379} INFO - Sync 1 DAGs
[2022-07-02 00:27:00,928] {logging_mixin.py:115} INFO - [2022-07-02 00:27:00,928] {dag.py:2931} INFO - Setting next_dagrun for example_dag_decorator to None, run_after=None
[2022-07-02 00:27:00,946] {processor.py:161} INFO - Processing /home/airflow/.local/lib/python3.7/site-packages/airflow/example_dags/example_dag_decorator.py took 0.242 seconds
[2022-07-02 00:27:31,272] {processor.py:153} INFO - Started process (PID=404) to work on /home/airflow/.local/lib/python3.7/site-packages/airflow/example_dags/example_dag_decorator.py
[2022-07-02 00:27:31,278] {processor.py:641} INFO - Processing file /home/airflow/.local/lib/python3.7/site-packages/airflow/example_dags/example_dag_decorator.py for tasks to queue
[2022-07-02 00:27:31,278] {logging_mixin.py:115} INFO - [2022-07-02 00:27:31,278] {dagbag.py:507} INFO - Filling up the DagBag from /home/airflow/.local/lib/python3.7/site-packages/airflow/example_dags/example_dag_decorator.py
[2022-07-02 00:27:31,304] {processor.py:651} INFO - DAG(s) dict_keys(['example_dag_decorator']) retrieved from /home/airflow/.local/lib/python3.7/site-packages/airflow/example_dags/example_dag_decorator.py
[2022-07-02 00:27:31,490] {logging_mixin.py:115} INFO - [2022-07-02 00:27:31,490] {dag.py:2379} INFO - Sync 1 DAGs
[2022-07-02 00:27:31,511] {logging_mixin.py:115} INFO - [2022-07-02 00:27:31,511] {dag.py:2931} INFO - Setting next_dagrun for example_dag_decorator to None, run_after=None
[2022-07-02 00:27:31,524] {processor.py:161} INFO - Processing /home/airflow/.local/lib/python3.7/site-packages/airflow/example_dags/example_dag_decorator.py took 0.255 seconds
[2022-07-02 00:28:01,562] {processor.py:153} INFO - Started process (PID=458) to work on /home/airflow/.local/lib/python3.7/site-packages/airflow/example_dags/example_dag_decorator.py
[2022-07-02 00:28:01,563] {processor.py:641} INFO - Processing file /home/airflow/.local/lib/python3.7/site-packages/airflow/example_dags/example_dag_decorator.py for tasks to queue
[2022-07-02 00:28:01,563] {logging_mixin.py:115} INFO - [2022-07-02 00:28:01,563] {dagbag.py:507} INFO - Filling up the DagBag from /home/airflow/.local/lib/python3.7/site-packages/airflow/example_dags/example_dag_decorator.py
[2022-07-02 00:28:01,588] {processor.py:651} INFO - DAG(s) dict_keys(['example_dag_decorator']) retrieved from /home/airflow/.local/lib/python3.7/site-packages/airflow/example_dags/example_dag_decorator.py
[2022-07-02 00:28:01,775] {logging_mixin.py:115} INFO - [2022-07-02 00:28:01,775] {dag.py:2379} INFO - Sync 1 DAGs
[2022-07-02 00:28:01,795] {logging_mixin.py:115} INFO - [2022-07-02 00:28:01,795] {dag.py:2931} INFO - Setting next_dagrun for example_dag_decorator to None, run_after=None
[2022-07-02 00:28:01,808] {processor.py:161} INFO - Processing /home/airflow/.local/lib/python3.7/site-packages/airflow/example_dags/example_dag_decorator.py took 0.248 seconds
[2022-07-02 00:28:32,386] {processor.py:153} INFO - Started process (PID=518) to work on /home/airflow/.local/lib/python3.7/site-packages/airflow/example_dags/example_dag_decorator.py
[2022-07-02 00:28:32,392] {processor.py:641} INFO - Processing file /home/airflow/.local/lib/python3.7/site-packages/airflow/example_dags/example_dag_decorator.py for tasks to queue
[2022-07-02 00:28:32,392] {logging_mixin.py:115} INFO - [2022-07-02 00:28:32,392] {dagbag.py:507} INFO - Filling up the DagBag from /home/airflow/.local/lib/python3.7/site-packages/airflow/example_dags/example_dag_decorator.py
[2022-07-02 00:28:32,412] {processor.py:651} INFO - DAG(s) dict_keys(['example_dag_decorator']) retrieved from /home/airflow/.local/lib/python3.7/site-packages/airflow/example_dags/example_dag_decorator.py
[2022-07-02 00:28:32,620] {logging_mixin.py:115} INFO - [2022-07-02 00:28:32,620] {dag.py:2379} INFO - Sync 1 DAGs
[2022-07-02 00:28:32,637] {logging_mixin.py:115} INFO - [2022-07-02 00:28:32,637] {dag.py:2931} INFO - Setting next_dagrun for example_dag_decorator to None, run_after=None
[2022-07-02 00:28:32,647] {processor.py:161} INFO - Processing /home/airflow/.local/lib/python3.7/site-packages/airflow/example_dags/example_dag_decorator.py took 0.264 seconds
[2022-07-02 00:29:02,802] {processor.py:153} INFO - Started process (PID=580) to work on /home/airflow/.local/lib/python3.7/site-packages/airflow/example_dags/example_dag_decorator.py
[2022-07-02 00:29:02,808] {processor.py:641} INFO - Processing file /home/airflow/.local/lib/python3.7/site-packages/airflow/example_dags/example_dag_decorator.py for tasks to queue
[2022-07-02 00:29:02,808] {logging_mixin.py:115} INFO - [2022-07-02 00:29:02,808] {dagbag.py:507} INFO - Filling up the DagBag from /home/airflow/.local/lib/python3.7/site-packages/airflow/example_dags/example_dag_decorator.py
[2022-07-02 00:29:02,828] {processor.py:651} INFO - DAG(s) dict_keys(['example_dag_decorator']) retrieved from /home/airflow/.local/lib/python3.7/site-packages/airflow/example_dags/example_dag_decorator.py
[2022-07-02 00:29:03,008] {logging_mixin.py:115} INFO - [2022-07-02 00:29:03,008] {dag.py:2379} INFO - Sync 1 DAGs
[2022-07-02 00:29:03,026] {logging_mixin.py:115} INFO - [2022-07-02 00:29:03,026] {dag.py:2931} INFO - Setting next_dagrun for example_dag_decorator to None, run_after=None
[2022-07-02 00:29:03,036] {processor.py:161} INFO - Processing /home/airflow/.local/lib/python3.7/site-packages/airflow/example_dags/example_dag_decorator.py took 0.237 seconds
[2022-07-02 00:29:33,360] {processor.py:153} INFO - Started process (PID=632) to work on /home/airflow/.local/lib/python3.7/site-packages/airflow/example_dags/example_dag_decorator.py
[2022-07-02 00:29:33,366] {processor.py:641} INFO - Processing file /home/airflow/.local/lib/python3.7/site-packages/airflow/example_dags/example_dag_decorator.py for tasks to queue
[2022-07-02 00:29:33,366] {logging_mixin.py:115} INFO - [2022-07-02 00:29:33,366] {dagbag.py:507} INFO - Filling up the DagBag from /home/airflow/.local/lib/python3.7/site-packages/airflow/example_dags/example_dag_decorator.py
[2022-07-02 00:29:33,405] {processor.py:651} INFO - DAG(s) dict_keys(['example_dag_decorator']) retrieved from /home/airflow/.local/lib/python3.7/site-packages/airflow/example_dags/example_dag_decorator.py
[2022-07-02 00:29:33,632] {logging_mixin.py:115} INFO - [2022-07-02 00:29:33,631] {dag.py:2379} INFO - Sync 1 DAGs
[2022-07-02 00:29:33,658] {logging_mixin.py:115} INFO - [2022-07-02 00:29:33,658] {dag.py:2931} INFO - Setting next_dagrun for example_dag_decorator to None, run_after=None
[2022-07-02 00:29:33,677] {processor.py:161} INFO - Processing /home/airflow/.local/lib/python3.7/site-packages/airflow/example_dags/example_dag_decorator.py took 0.320 seconds
[2022-07-02 00:31:21,434] {processor.py:153} INFO - Started process (PID=56) to work on /home/airflow/.local/lib/python3.7/site-packages/airflow/example_dags/example_dag_decorator.py
[2022-07-02 00:31:21,435] {processor.py:641} INFO - Processing file /home/airflow/.local/lib/python3.7/site-packages/airflow/example_dags/example_dag_decorator.py for tasks to queue
[2022-07-02 00:31:21,435] {logging_mixin.py:115} INFO - [2022-07-02 00:31:21,435] {dagbag.py:507} INFO - Filling up the DagBag from /home/airflow/.local/lib/python3.7/site-packages/airflow/example_dags/example_dag_decorator.py
[2022-07-02 00:31:21,483] {processor.py:651} INFO - DAG(s) dict_keys(['example_dag_decorator']) retrieved from /home/airflow/.local/lib/python3.7/site-packages/airflow/example_dags/example_dag_decorator.py
[2022-07-02 00:31:21,814] {logging_mixin.py:115} INFO - [2022-07-02 00:31:21,814] {manager.py:508} INFO - Created Permission View: can delete on DAG:example_dag_decorator
[2022-07-02 00:31:21,832] {logging_mixin.py:115} INFO - [2022-07-02 00:31:21,832] {manager.py:508} INFO - Created Permission View: can edit on DAG:example_dag_decorator
[2022-07-02 00:31:21,840] {logging_mixin.py:115} INFO - [2022-07-02 00:31:21,840] {manager.py:508} INFO - Created Permission View: can read on DAG:example_dag_decorator
[2022-07-02 00:31:21,840] {logging_mixin.py:115} INFO - [2022-07-02 00:31:21,840] {dag.py:2379} INFO - Sync 1 DAGs
[2022-07-02 00:31:21,851] {logging_mixin.py:115} INFO - [2022-07-02 00:31:21,851] {dag.py:2398} INFO - Creating ORM DAG for example_dag_decorator
[2022-07-02 00:31:21,870] {logging_mixin.py:115} INFO - [2022-07-02 00:31:21,870] {dag.py:2931} INFO - Setting next_dagrun for example_dag_decorator to None, run_after=None
[2022-07-02 00:31:21,887] {processor.py:161} INFO - Processing /home/airflow/.local/lib/python3.7/site-packages/airflow/example_dags/example_dag_decorator.py took 0.456 seconds
[2022-07-02 00:31:52,111] {processor.py:153} INFO - Started process (PID=108) to work on /home/airflow/.local/lib/python3.7/site-packages/airflow/example_dags/example_dag_decorator.py
[2022-07-02 00:31:52,111] {processor.py:641} INFO - Processing file /home/airflow/.local/lib/python3.7/site-packages/airflow/example_dags/example_dag_decorator.py for tasks to queue
[2022-07-02 00:31:52,112] {logging_mixin.py:115} INFO - [2022-07-02 00:31:52,112] {dagbag.py:507} INFO - Filling up the DagBag from /home/airflow/.local/lib/python3.7/site-packages/airflow/example_dags/example_dag_decorator.py
[2022-07-02 00:31:52,141] {processor.py:651} INFO - DAG(s) dict_keys(['example_dag_decorator']) retrieved from /home/airflow/.local/lib/python3.7/site-packages/airflow/example_dags/example_dag_decorator.py
[2022-07-02 00:31:52,345] {logging_mixin.py:115} INFO - [2022-07-02 00:31:52,345] {dag.py:2379} INFO - Sync 1 DAGs
[2022-07-02 00:31:52,364] {logging_mixin.py:115} INFO - [2022-07-02 00:31:52,364] {dag.py:2931} INFO - Setting next_dagrun for example_dag_decorator to None, run_after=None
[2022-07-02 00:31:52,379] {processor.py:161} INFO - Processing /home/airflow/.local/lib/python3.7/site-packages/airflow/example_dags/example_dag_decorator.py took 0.270 seconds
[2022-07-02 00:32:22,740] {processor.py:153} INFO - Started process (PID=169) to work on /home/airflow/.local/lib/python3.7/site-packages/airflow/example_dags/example_dag_decorator.py
[2022-07-02 00:32:22,741] {processor.py:641} INFO - Processing file /home/airflow/.local/lib/python3.7/site-packages/airflow/example_dags/example_dag_decorator.py for tasks to queue
[2022-07-02 00:32:22,741] {logging_mixin.py:115} INFO - [2022-07-02 00:32:22,741] {dagbag.py:507} INFO - Filling up the DagBag from /home/airflow/.local/lib/python3.7/site-packages/airflow/example_dags/example_dag_decorator.py
[2022-07-02 00:32:22,762] {processor.py:651} INFO - DAG(s) dict_keys(['example_dag_decorator']) retrieved from /home/airflow/.local/lib/python3.7/site-packages/airflow/example_dags/example_dag_decorator.py
[2022-07-02 00:32:22,919] {logging_mixin.py:115} INFO - [2022-07-02 00:32:22,919] {dag.py:2379} INFO - Sync 1 DAGs
[2022-07-02 00:32:22,935] {logging_mixin.py:115} INFO - [2022-07-02 00:32:22,935] {dag.py:2931} INFO - Setting next_dagrun for example_dag_decorator to None, run_after=None
[2022-07-02 00:32:22,945] {processor.py:161} INFO - Processing /home/airflow/.local/lib/python3.7/site-packages/airflow/example_dags/example_dag_decorator.py took 0.207 seconds
[2022-07-02 00:32:53,375] {processor.py:153} INFO - Started process (PID=230) to work on /home/airflow/.local/lib/python3.7/site-packages/airflow/example_dags/example_dag_decorator.py
[2022-07-02 00:32:53,376] {processor.py:641} INFO - Processing file /home/airflow/.local/lib/python3.7/site-packages/airflow/example_dags/example_dag_decorator.py for tasks to queue
[2022-07-02 00:32:53,376] {logging_mixin.py:115} INFO - [2022-07-02 00:32:53,376] {dagbag.py:507} INFO - Filling up the DagBag from /home/airflow/.local/lib/python3.7/site-packages/airflow/example_dags/example_dag_decorator.py
[2022-07-02 00:32:53,417] {processor.py:651} INFO - DAG(s) dict_keys(['example_dag_decorator']) retrieved from /home/airflow/.local/lib/python3.7/site-packages/airflow/example_dags/example_dag_decorator.py
[2022-07-02 00:32:53,675] {logging_mixin.py:115} INFO - [2022-07-02 00:32:53,674] {dag.py:2379} INFO - Sync 1 DAGs
[2022-07-02 00:32:53,708] {logging_mixin.py:115} INFO - [2022-07-02 00:32:53,708] {dag.py:2931} INFO - Setting next_dagrun for example_dag_decorator to None, run_after=None
[2022-07-02 00:32:53,725] {processor.py:161} INFO - Processing /home/airflow/.local/lib/python3.7/site-packages/airflow/example_dags/example_dag_decorator.py took 0.355 seconds
[2022-07-02 00:33:24,510] {processor.py:153} INFO - Started process (PID=282) to work on /home/airflow/.local/lib/python3.7/site-packages/airflow/example_dags/example_dag_decorator.py
[2022-07-02 00:33:24,510] {processor.py:641} INFO - Processing file /home/airflow/.local/lib/python3.7/site-packages/airflow/example_dags/example_dag_decorator.py for tasks to queue
[2022-07-02 00:33:24,511] {logging_mixin.py:115} INFO - [2022-07-02 00:33:24,511] {dagbag.py:507} INFO - Filling up the DagBag from /home/airflow/.local/lib/python3.7/site-packages/airflow/example_dags/example_dag_decorator.py
[2022-07-02 00:33:24,544] {processor.py:651} INFO - DAG(s) dict_keys(['example_dag_decorator']) retrieved from /home/airflow/.local/lib/python3.7/site-packages/airflow/example_dags/example_dag_decorator.py
[2022-07-02 00:33:24,736] {logging_mixin.py:115} INFO - [2022-07-02 00:33:24,735] {dag.py:2379} INFO - Sync 1 DAGs
[2022-07-02 00:33:24,758] {logging_mixin.py:115} INFO - [2022-07-02 00:33:24,758] {dag.py:2931} INFO - Setting next_dagrun for example_dag_decorator to None, run_after=None
[2022-07-02 00:33:24,773] {processor.py:161} INFO - Processing /home/airflow/.local/lib/python3.7/site-packages/airflow/example_dags/example_dag_decorator.py took 0.267 seconds
[2022-07-02 00:33:55,339] {processor.py:153} INFO - Started process (PID=345) to work on /home/airflow/.local/lib/python3.7/site-packages/airflow/example_dags/example_dag_decorator.py
[2022-07-02 00:33:55,339] {processor.py:641} INFO - Processing file /home/airflow/.local/lib/python3.7/site-packages/airflow/example_dags/example_dag_decorator.py for tasks to queue
[2022-07-02 00:33:55,340] {logging_mixin.py:115} INFO - [2022-07-02 00:33:55,340] {dagbag.py:507} INFO - Filling up the DagBag from /home/airflow/.local/lib/python3.7/site-packages/airflow/example_dags/example_dag_decorator.py
[2022-07-02 00:33:55,360] {processor.py:651} INFO - DAG(s) dict_keys(['example_dag_decorator']) retrieved from /home/airflow/.local/lib/python3.7/site-packages/airflow/example_dags/example_dag_decorator.py
[2022-07-02 00:33:55,539] {logging_mixin.py:115} INFO - [2022-07-02 00:33:55,539] {dag.py:2379} INFO - Sync 1 DAGs
[2022-07-02 00:33:55,557] {logging_mixin.py:115} INFO - [2022-07-02 00:33:55,556] {dag.py:2931} INFO - Setting next_dagrun for example_dag_decorator to None, run_after=None
[2022-07-02 00:33:55,568] {processor.py:161} INFO - Processing /home/airflow/.local/lib/python3.7/site-packages/airflow/example_dags/example_dag_decorator.py took 0.231 seconds
[2022-07-02 00:34:26,015] {processor.py:153} INFO - Started process (PID=406) to work on /home/airflow/.local/lib/python3.7/site-packages/airflow/example_dags/example_dag_decorator.py
[2022-07-02 00:34:26,015] {processor.py:641} INFO - Processing file /home/airflow/.local/lib/python3.7/site-packages/airflow/example_dags/example_dag_decorator.py for tasks to queue
[2022-07-02 00:34:26,015] {logging_mixin.py:115} INFO - [2022-07-02 00:34:26,015] {dagbag.py:507} INFO - Filling up the DagBag from /home/airflow/.local/lib/python3.7/site-packages/airflow/example_dags/example_dag_decorator.py
[2022-07-02 00:34:26,039] {processor.py:651} INFO - DAG(s) dict_keys(['example_dag_decorator']) retrieved from /home/airflow/.local/lib/python3.7/site-packages/airflow/example_dags/example_dag_decorator.py
[2022-07-02 00:34:26,207] {logging_mixin.py:115} INFO - [2022-07-02 00:34:26,207] {dag.py:2379} INFO - Sync 1 DAGs
[2022-07-02 00:34:26,223] {logging_mixin.py:115} INFO - [2022-07-02 00:34:26,223] {dag.py:2931} INFO - Setting next_dagrun for example_dag_decorator to None, run_after=None
[2022-07-02 00:34:26,239] {processor.py:161} INFO - Processing /home/airflow/.local/lib/python3.7/site-packages/airflow/example_dags/example_dag_decorator.py took 0.226 seconds
[2022-07-02 00:34:56,928] {processor.py:153} INFO - Started process (PID=459) to work on /home/airflow/.local/lib/python3.7/site-packages/airflow/example_dags/example_dag_decorator.py
[2022-07-02 00:34:56,929] {processor.py:641} INFO - Processing file /home/airflow/.local/lib/python3.7/site-packages/airflow/example_dags/example_dag_decorator.py for tasks to queue
[2022-07-02 00:34:56,929] {logging_mixin.py:115} INFO - [2022-07-02 00:34:56,929] {dagbag.py:507} INFO - Filling up the DagBag from /home/airflow/.local/lib/python3.7/site-packages/airflow/example_dags/example_dag_decorator.py
[2022-07-02 00:34:56,956] {processor.py:651} INFO - DAG(s) dict_keys(['example_dag_decorator']) retrieved from /home/airflow/.local/lib/python3.7/site-packages/airflow/example_dags/example_dag_decorator.py
[2022-07-02 00:34:57,136] {logging_mixin.py:115} INFO - [2022-07-02 00:34:57,136] {dag.py:2379} INFO - Sync 1 DAGs
[2022-07-02 00:34:57,154] {logging_mixin.py:115} INFO - [2022-07-02 00:34:57,154] {dag.py:2931} INFO - Setting next_dagrun for example_dag_decorator to None, run_after=None
[2022-07-02 00:34:57,165] {processor.py:161} INFO - Processing /home/airflow/.local/lib/python3.7/site-packages/airflow/example_dags/example_dag_decorator.py took 0.240 seconds
[2022-07-02 00:35:27,227] {processor.py:153} INFO - Started process (PID=521) to work on /home/airflow/.local/lib/python3.7/site-packages/airflow/example_dags/example_dag_decorator.py
[2022-07-02 00:35:27,228] {processor.py:641} INFO - Processing file /home/airflow/.local/lib/python3.7/site-packages/airflow/example_dags/example_dag_decorator.py for tasks to queue
[2022-07-02 00:35:27,228] {logging_mixin.py:115} INFO - [2022-07-02 00:35:27,228] {dagbag.py:507} INFO - Filling up the DagBag from /home/airflow/.local/lib/python3.7/site-packages/airflow/example_dags/example_dag_decorator.py
[2022-07-02 00:35:27,248] {processor.py:651} INFO - DAG(s) dict_keys(['example_dag_decorator']) retrieved from /home/airflow/.local/lib/python3.7/site-packages/airflow/example_dags/example_dag_decorator.py
[2022-07-02 00:35:27,364] {logging_mixin.py:115} INFO - [2022-07-02 00:35:27,363] {dag.py:2379} INFO - Sync 1 DAGs
[2022-07-02 00:35:27,379] {logging_mixin.py:115} INFO - [2022-07-02 00:35:27,379] {dag.py:2931} INFO - Setting next_dagrun for example_dag_decorator to None, run_after=None
[2022-07-02 00:35:27,392] {processor.py:161} INFO - Processing /home/airflow/.local/lib/python3.7/site-packages/airflow/example_dags/example_dag_decorator.py took 0.167 seconds
[2022-07-02 00:35:57,510] {processor.py:153} INFO - Started process (PID=583) to work on /home/airflow/.local/lib/python3.7/site-packages/airflow/example_dags/example_dag_decorator.py
[2022-07-02 00:35:57,511] {processor.py:641} INFO - Processing file /home/airflow/.local/lib/python3.7/site-packages/airflow/example_dags/example_dag_decorator.py for tasks to queue
[2022-07-02 00:35:57,511] {logging_mixin.py:115} INFO - [2022-07-02 00:35:57,511] {dagbag.py:507} INFO - Filling up the DagBag from /home/airflow/.local/lib/python3.7/site-packages/airflow/example_dags/example_dag_decorator.py
[2022-07-02 00:35:57,531] {processor.py:651} INFO - DAG(s) dict_keys(['example_dag_decorator']) retrieved from /home/airflow/.local/lib/python3.7/site-packages/airflow/example_dags/example_dag_decorator.py
[2022-07-02 00:35:57,670] {logging_mixin.py:115} INFO - [2022-07-02 00:35:57,670] {dag.py:2379} INFO - Sync 1 DAGs
[2022-07-02 00:35:57,687] {logging_mixin.py:115} INFO - [2022-07-02 00:35:57,687] {dag.py:2931} INFO - Setting next_dagrun for example_dag_decorator to None, run_after=None
[2022-07-02 00:35:57,698] {processor.py:161} INFO - Processing /home/airflow/.local/lib/python3.7/site-packages/airflow/example_dags/example_dag_decorator.py took 0.190 seconds
[2022-07-02 00:36:28,130] {processor.py:153} INFO - Started process (PID=636) to work on /home/airflow/.local/lib/python3.7/site-packages/airflow/example_dags/example_dag_decorator.py
[2022-07-02 00:36:28,130] {processor.py:641} INFO - Processing file /home/airflow/.local/lib/python3.7/site-packages/airflow/example_dags/example_dag_decorator.py for tasks to queue
[2022-07-02 00:36:28,131] {logging_mixin.py:115} INFO - [2022-07-02 00:36:28,130] {dagbag.py:507} INFO - Filling up the DagBag from /home/airflow/.local/lib/python3.7/site-packages/airflow/example_dags/example_dag_decorator.py
[2022-07-02 00:36:28,155] {processor.py:651} INFO - DAG(s) dict_keys(['example_dag_decorator']) retrieved from /home/airflow/.local/lib/python3.7/site-packages/airflow/example_dags/example_dag_decorator.py
[2022-07-02 00:36:28,341] {logging_mixin.py:115} INFO - [2022-07-02 00:36:28,341] {dag.py:2379} INFO - Sync 1 DAGs
[2022-07-02 00:36:28,355] {logging_mixin.py:115} INFO - [2022-07-02 00:36:28,355] {dag.py:2931} INFO - Setting next_dagrun for example_dag_decorator to None, run_after=None
[2022-07-02 00:36:28,370] {processor.py:161} INFO - Processing /home/airflow/.local/lib/python3.7/site-packages/airflow/example_dags/example_dag_decorator.py took 0.243 seconds
[2022-07-02 00:36:58,812] {processor.py:153} INFO - Started process (PID=698) to work on /home/airflow/.local/lib/python3.7/site-packages/airflow/example_dags/example_dag_decorator.py
[2022-07-02 00:36:58,813] {processor.py:641} INFO - Processing file /home/airflow/.local/lib/python3.7/site-packages/airflow/example_dags/example_dag_decorator.py for tasks to queue
[2022-07-02 00:36:58,813] {logging_mixin.py:115} INFO - [2022-07-02 00:36:58,813] {dagbag.py:507} INFO - Filling up the DagBag from /home/airflow/.local/lib/python3.7/site-packages/airflow/example_dags/example_dag_decorator.py
[2022-07-02 00:36:58,833] {processor.py:651} INFO - DAG(s) dict_keys(['example_dag_decorator']) retrieved from /home/airflow/.local/lib/python3.7/site-packages/airflow/example_dags/example_dag_decorator.py
[2022-07-02 00:36:58,963] {logging_mixin.py:115} INFO - [2022-07-02 00:36:58,962] {dag.py:2379} INFO - Sync 1 DAGs
[2022-07-02 00:36:58,981] {logging_mixin.py:115} INFO - [2022-07-02 00:36:58,981] {dag.py:2931} INFO - Setting next_dagrun for example_dag_decorator to None, run_after=None
[2022-07-02 00:36:58,990] {processor.py:161} INFO - Processing /home/airflow/.local/lib/python3.7/site-packages/airflow/example_dags/example_dag_decorator.py took 0.180 seconds
