[2022-07-02 00:24:36,122] {processor.py:153} INFO - Started process (PID=66) to work on /home/airflow/.local/lib/python3.7/site-packages/airflow/example_dags/example_local_kubernetes_executor.py
[2022-07-02 00:24:36,122] {processor.py:641} INFO - Processing file /home/airflow/.local/lib/python3.7/site-packages/airflow/example_dags/example_local_kubernetes_executor.py for tasks to queue
[2022-07-02 00:24:36,122] {logging_mixin.py:115} INFO - [2022-07-02 00:24:36,122] {dagbag.py:507} INFO - Filling up the DagBag from /home/airflow/.local/lib/python3.7/site-packages/airflow/example_dags/example_local_kubernetes_executor.py
[2022-07-02 00:24:36,140] {processor.py:651} INFO - DAG(s) dict_keys(['example_local_kubernetes_executor']) retrieved from /home/airflow/.local/lib/python3.7/site-packages/airflow/example_dags/example_local_kubernetes_executor.py
[2022-07-02 00:24:37,029] {logging_mixin.py:115} INFO - [2022-07-02 00:24:37,029] {manager.py:508} INFO - Created Permission View: can edit on DAG:example_local_kubernetes_executor
[2022-07-02 00:24:37,041] {logging_mixin.py:115} INFO - [2022-07-02 00:24:37,041] {manager.py:508} INFO - Created Permission View: can read on DAG:example_local_kubernetes_executor
[2022-07-02 00:24:37,050] {logging_mixin.py:115} INFO - [2022-07-02 00:24:37,050] {manager.py:508} INFO - Created Permission View: can delete on DAG:example_local_kubernetes_executor
[2022-07-02 00:24:37,050] {logging_mixin.py:115} INFO - [2022-07-02 00:24:37,050] {dag.py:2379} INFO - Sync 1 DAGs
[2022-07-02 00:24:37,059] {logging_mixin.py:115} INFO - [2022-07-02 00:24:37,059] {dag.py:2398} INFO - Creating ORM DAG for example_local_kubernetes_executor
[2022-07-02 00:24:37,072] {logging_mixin.py:115} INFO - [2022-07-02 00:24:37,072] {dag.py:2931} INFO - Setting next_dagrun for example_local_kubernetes_executor to None, run_after=None
[2022-07-02 00:24:37,088] {processor.py:161} INFO - Processing /home/airflow/.local/lib/python3.7/site-packages/airflow/example_dags/example_local_kubernetes_executor.py took 0.969 seconds
[2022-07-02 00:25:07,473] {processor.py:153} INFO - Started process (PID=128) to work on /home/airflow/.local/lib/python3.7/site-packages/airflow/example_dags/example_local_kubernetes_executor.py
[2022-07-02 00:25:07,474] {processor.py:641} INFO - Processing file /home/airflow/.local/lib/python3.7/site-packages/airflow/example_dags/example_local_kubernetes_executor.py for tasks to queue
[2022-07-02 00:25:07,474] {logging_mixin.py:115} INFO - [2022-07-02 00:25:07,474] {dagbag.py:507} INFO - Filling up the DagBag from /home/airflow/.local/lib/python3.7/site-packages/airflow/example_dags/example_local_kubernetes_executor.py
[2022-07-02 00:25:07,491] {processor.py:651} INFO - DAG(s) dict_keys(['example_local_kubernetes_executor']) retrieved from /home/airflow/.local/lib/python3.7/site-packages/airflow/example_dags/example_local_kubernetes_executor.py
[2022-07-02 00:25:07,519] {logging_mixin.py:115} INFO - [2022-07-02 00:25:07,519] {dag.py:2379} INFO - Sync 1 DAGs
[2022-07-02 00:25:07,715] {logging_mixin.py:115} INFO - [2022-07-02 00:25:07,715] {dag.py:2931} INFO - Setting next_dagrun for example_local_kubernetes_executor to None, run_after=None
[2022-07-02 00:25:07,728] {processor.py:161} INFO - Processing /home/airflow/.local/lib/python3.7/site-packages/airflow/example_dags/example_local_kubernetes_executor.py took 0.257 seconds
[2022-07-02 00:25:37,867] {processor.py:153} INFO - Started process (PID=190) to work on /home/airflow/.local/lib/python3.7/site-packages/airflow/example_dags/example_local_kubernetes_executor.py
[2022-07-02 00:25:37,868] {processor.py:641} INFO - Processing file /home/airflow/.local/lib/python3.7/site-packages/airflow/example_dags/example_local_kubernetes_executor.py for tasks to queue
[2022-07-02 00:25:37,868] {logging_mixin.py:115} INFO - [2022-07-02 00:25:37,868] {dagbag.py:507} INFO - Filling up the DagBag from /home/airflow/.local/lib/python3.7/site-packages/airflow/example_dags/example_local_kubernetes_executor.py
[2022-07-02 00:25:37,885] {processor.py:651} INFO - DAG(s) dict_keys(['example_local_kubernetes_executor']) retrieved from /home/airflow/.local/lib/python3.7/site-packages/airflow/example_dags/example_local_kubernetes_executor.py
[2022-07-02 00:25:37,914] {logging_mixin.py:115} INFO - [2022-07-02 00:25:37,914] {dag.py:2379} INFO - Sync 1 DAGs
[2022-07-02 00:25:38,083] {logging_mixin.py:115} INFO - [2022-07-02 00:25:38,083] {dag.py:2931} INFO - Setting next_dagrun for example_local_kubernetes_executor to None, run_after=None
[2022-07-02 00:25:38,094] {processor.py:161} INFO - Processing /home/airflow/.local/lib/python3.7/site-packages/airflow/example_dags/example_local_kubernetes_executor.py took 0.229 seconds
[2022-07-02 00:26:08,669] {processor.py:153} INFO - Started process (PID=242) to work on /home/airflow/.local/lib/python3.7/site-packages/airflow/example_dags/example_local_kubernetes_executor.py
[2022-07-02 00:26:08,675] {processor.py:641} INFO - Processing file /home/airflow/.local/lib/python3.7/site-packages/airflow/example_dags/example_local_kubernetes_executor.py for tasks to queue
[2022-07-02 00:26:08,676] {logging_mixin.py:115} INFO - [2022-07-02 00:26:08,676] {dagbag.py:507} INFO - Filling up the DagBag from /home/airflow/.local/lib/python3.7/site-packages/airflow/example_dags/example_local_kubernetes_executor.py
[2022-07-02 00:26:08,696] {processor.py:651} INFO - DAG(s) dict_keys(['example_local_kubernetes_executor']) retrieved from /home/airflow/.local/lib/python3.7/site-packages/airflow/example_dags/example_local_kubernetes_executor.py
[2022-07-02 00:26:08,719] {logging_mixin.py:115} INFO - [2022-07-02 00:26:08,719] {dag.py:2379} INFO - Sync 1 DAGs
[2022-07-02 00:26:08,871] {logging_mixin.py:115} INFO - [2022-07-02 00:26:08,871] {dag.py:2931} INFO - Setting next_dagrun for example_local_kubernetes_executor to None, run_after=None
[2022-07-02 00:26:08,884] {processor.py:161} INFO - Processing /home/airflow/.local/lib/python3.7/site-packages/airflow/example_dags/example_local_kubernetes_executor.py took 0.218 seconds
[2022-07-02 00:26:38,968] {processor.py:153} INFO - Started process (PID=303) to work on /home/airflow/.local/lib/python3.7/site-packages/airflow/example_dags/example_local_kubernetes_executor.py
[2022-07-02 00:26:38,969] {processor.py:641} INFO - Processing file /home/airflow/.local/lib/python3.7/site-packages/airflow/example_dags/example_local_kubernetes_executor.py for tasks to queue
[2022-07-02 00:26:38,969] {logging_mixin.py:115} INFO - [2022-07-02 00:26:38,969] {dagbag.py:507} INFO - Filling up the DagBag from /home/airflow/.local/lib/python3.7/site-packages/airflow/example_dags/example_local_kubernetes_executor.py
[2022-07-02 00:26:38,981] {processor.py:651} INFO - DAG(s) dict_keys(['example_local_kubernetes_executor']) retrieved from /home/airflow/.local/lib/python3.7/site-packages/airflow/example_dags/example_local_kubernetes_executor.py
[2022-07-02 00:26:38,998] {logging_mixin.py:115} INFO - [2022-07-02 00:26:38,998] {dag.py:2379} INFO - Sync 1 DAGs
[2022-07-02 00:26:39,116] {logging_mixin.py:115} INFO - [2022-07-02 00:26:39,116] {dag.py:2931} INFO - Setting next_dagrun for example_local_kubernetes_executor to None, run_after=None
[2022-07-02 00:26:39,128] {processor.py:161} INFO - Processing /home/airflow/.local/lib/python3.7/site-packages/airflow/example_dags/example_local_kubernetes_executor.py took 0.162 seconds
[2022-07-02 00:27:09,334] {processor.py:153} INFO - Started process (PID=366) to work on /home/airflow/.local/lib/python3.7/site-packages/airflow/example_dags/example_local_kubernetes_executor.py
[2022-07-02 00:27:09,341] {processor.py:641} INFO - Processing file /home/airflow/.local/lib/python3.7/site-packages/airflow/example_dags/example_local_kubernetes_executor.py for tasks to queue
[2022-07-02 00:27:09,342] {logging_mixin.py:115} INFO - [2022-07-02 00:27:09,341] {dagbag.py:507} INFO - Filling up the DagBag from /home/airflow/.local/lib/python3.7/site-packages/airflow/example_dags/example_local_kubernetes_executor.py
[2022-07-02 00:27:09,355] {processor.py:651} INFO - DAG(s) dict_keys(['example_local_kubernetes_executor']) retrieved from /home/airflow/.local/lib/python3.7/site-packages/airflow/example_dags/example_local_kubernetes_executor.py
[2022-07-02 00:27:09,376] {logging_mixin.py:115} INFO - [2022-07-02 00:27:09,376] {dag.py:2379} INFO - Sync 1 DAGs
[2022-07-02 00:27:09,501] {logging_mixin.py:115} INFO - [2022-07-02 00:27:09,501] {dag.py:2931} INFO - Setting next_dagrun for example_local_kubernetes_executor to None, run_after=None
[2022-07-02 00:27:09,508] {processor.py:161} INFO - Processing /home/airflow/.local/lib/python3.7/site-packages/airflow/example_dags/example_local_kubernetes_executor.py took 0.177 seconds
[2022-07-02 00:27:39,896] {processor.py:153} INFO - Started process (PID=419) to work on /home/airflow/.local/lib/python3.7/site-packages/airflow/example_dags/example_local_kubernetes_executor.py
[2022-07-02 00:27:39,903] {processor.py:641} INFO - Processing file /home/airflow/.local/lib/python3.7/site-packages/airflow/example_dags/example_local_kubernetes_executor.py for tasks to queue
[2022-07-02 00:27:39,903] {logging_mixin.py:115} INFO - [2022-07-02 00:27:39,903] {dagbag.py:507} INFO - Filling up the DagBag from /home/airflow/.local/lib/python3.7/site-packages/airflow/example_dags/example_local_kubernetes_executor.py
[2022-07-02 00:27:39,917] {processor.py:651} INFO - DAG(s) dict_keys(['example_local_kubernetes_executor']) retrieved from /home/airflow/.local/lib/python3.7/site-packages/airflow/example_dags/example_local_kubernetes_executor.py
[2022-07-02 00:27:39,937] {logging_mixin.py:115} INFO - [2022-07-02 00:27:39,937] {dag.py:2379} INFO - Sync 1 DAGs
[2022-07-02 00:27:40,058] {logging_mixin.py:115} INFO - [2022-07-02 00:27:40,058] {dag.py:2931} INFO - Setting next_dagrun for example_local_kubernetes_executor to None, run_after=None
[2022-07-02 00:27:40,066] {processor.py:161} INFO - Processing /home/airflow/.local/lib/python3.7/site-packages/airflow/example_dags/example_local_kubernetes_executor.py took 0.172 seconds
[2022-07-02 00:28:10,214] {processor.py:153} INFO - Started process (PID=481) to work on /home/airflow/.local/lib/python3.7/site-packages/airflow/example_dags/example_local_kubernetes_executor.py
[2022-07-02 00:28:10,220] {processor.py:641} INFO - Processing file /home/airflow/.local/lib/python3.7/site-packages/airflow/example_dags/example_local_kubernetes_executor.py for tasks to queue
[2022-07-02 00:28:10,221] {logging_mixin.py:115} INFO - [2022-07-02 00:28:10,221] {dagbag.py:507} INFO - Filling up the DagBag from /home/airflow/.local/lib/python3.7/site-packages/airflow/example_dags/example_local_kubernetes_executor.py
[2022-07-02 00:28:10,237] {processor.py:651} INFO - DAG(s) dict_keys(['example_local_kubernetes_executor']) retrieved from /home/airflow/.local/lib/python3.7/site-packages/airflow/example_dags/example_local_kubernetes_executor.py
[2022-07-02 00:28:10,261] {logging_mixin.py:115} INFO - [2022-07-02 00:28:10,261] {dag.py:2379} INFO - Sync 1 DAGs
[2022-07-02 00:28:10,395] {logging_mixin.py:115} INFO - [2022-07-02 00:28:10,395] {dag.py:2931} INFO - Setting next_dagrun for example_local_kubernetes_executor to None, run_after=None
[2022-07-02 00:28:10,412] {processor.py:161} INFO - Processing /home/airflow/.local/lib/python3.7/site-packages/airflow/example_dags/example_local_kubernetes_executor.py took 0.200 seconds
[2022-07-02 00:28:41,031] {processor.py:153} INFO - Started process (PID=543) to work on /home/airflow/.local/lib/python3.7/site-packages/airflow/example_dags/example_local_kubernetes_executor.py
[2022-07-02 00:28:41,032] {processor.py:641} INFO - Processing file /home/airflow/.local/lib/python3.7/site-packages/airflow/example_dags/example_local_kubernetes_executor.py for tasks to queue
[2022-07-02 00:28:41,032] {logging_mixin.py:115} INFO - [2022-07-02 00:28:41,032] {dagbag.py:507} INFO - Filling up the DagBag from /home/airflow/.local/lib/python3.7/site-packages/airflow/example_dags/example_local_kubernetes_executor.py
[2022-07-02 00:28:41,044] {processor.py:651} INFO - DAG(s) dict_keys(['example_local_kubernetes_executor']) retrieved from /home/airflow/.local/lib/python3.7/site-packages/airflow/example_dags/example_local_kubernetes_executor.py
[2022-07-02 00:28:41,063] {logging_mixin.py:115} INFO - [2022-07-02 00:28:41,063] {dag.py:2379} INFO - Sync 1 DAGs
[2022-07-02 00:28:41,180] {logging_mixin.py:115} INFO - [2022-07-02 00:28:41,180] {dag.py:2931} INFO - Setting next_dagrun for example_local_kubernetes_executor to None, run_after=None
[2022-07-02 00:28:41,193] {processor.py:161} INFO - Processing /home/airflow/.local/lib/python3.7/site-packages/airflow/example_dags/example_local_kubernetes_executor.py took 0.164 seconds
[2022-07-02 00:29:11,329] {processor.py:153} INFO - Started process (PID=595) to work on /home/airflow/.local/lib/python3.7/site-packages/airflow/example_dags/example_local_kubernetes_executor.py
[2022-07-02 00:29:11,330] {processor.py:641} INFO - Processing file /home/airflow/.local/lib/python3.7/site-packages/airflow/example_dags/example_local_kubernetes_executor.py for tasks to queue
[2022-07-02 00:29:11,330] {logging_mixin.py:115} INFO - [2022-07-02 00:29:11,330] {dagbag.py:507} INFO - Filling up the DagBag from /home/airflow/.local/lib/python3.7/site-packages/airflow/example_dags/example_local_kubernetes_executor.py
[2022-07-02 00:29:11,344] {processor.py:651} INFO - DAG(s) dict_keys(['example_local_kubernetes_executor']) retrieved from /home/airflow/.local/lib/python3.7/site-packages/airflow/example_dags/example_local_kubernetes_executor.py
[2022-07-02 00:29:11,368] {logging_mixin.py:115} INFO - [2022-07-02 00:29:11,368] {dag.py:2379} INFO - Sync 1 DAGs
[2022-07-02 00:29:11,528] {logging_mixin.py:115} INFO - [2022-07-02 00:29:11,528] {dag.py:2931} INFO - Setting next_dagrun for example_local_kubernetes_executor to None, run_after=None
[2022-07-02 00:29:11,544] {processor.py:161} INFO - Processing /home/airflow/.local/lib/python3.7/site-packages/airflow/example_dags/example_local_kubernetes_executor.py took 0.218 seconds
[2022-07-02 00:29:41,903] {processor.py:153} INFO - Started process (PID=656) to work on /home/airflow/.local/lib/python3.7/site-packages/airflow/example_dags/example_local_kubernetes_executor.py
[2022-07-02 00:29:41,909] {processor.py:641} INFO - Processing file /home/airflow/.local/lib/python3.7/site-packages/airflow/example_dags/example_local_kubernetes_executor.py for tasks to queue
[2022-07-02 00:29:41,909] {logging_mixin.py:115} INFO - [2022-07-02 00:29:41,909] {dagbag.py:507} INFO - Filling up the DagBag from /home/airflow/.local/lib/python3.7/site-packages/airflow/example_dags/example_local_kubernetes_executor.py
[2022-07-02 00:29:41,921] {processor.py:651} INFO - DAG(s) dict_keys(['example_local_kubernetes_executor']) retrieved from /home/airflow/.local/lib/python3.7/site-packages/airflow/example_dags/example_local_kubernetes_executor.py
[2022-07-02 00:29:41,947] {logging_mixin.py:115} INFO - [2022-07-02 00:29:41,947] {dag.py:2379} INFO - Sync 1 DAGs
[2022-07-02 00:29:42,078] {logging_mixin.py:115} INFO - [2022-07-02 00:29:42,078] {dag.py:2931} INFO - Setting next_dagrun for example_local_kubernetes_executor to None, run_after=None
[2022-07-02 00:29:42,091] {processor.py:161} INFO - Processing /home/airflow/.local/lib/python3.7/site-packages/airflow/example_dags/example_local_kubernetes_executor.py took 0.190 seconds
[2022-07-02 00:31:24,800] {processor.py:153} INFO - Started process (PID=71) to work on /home/airflow/.local/lib/python3.7/site-packages/airflow/example_dags/example_local_kubernetes_executor.py
[2022-07-02 00:31:24,801] {processor.py:641} INFO - Processing file /home/airflow/.local/lib/python3.7/site-packages/airflow/example_dags/example_local_kubernetes_executor.py for tasks to queue
[2022-07-02 00:31:24,802] {logging_mixin.py:115} INFO - [2022-07-02 00:31:24,802] {dagbag.py:507} INFO - Filling up the DagBag from /home/airflow/.local/lib/python3.7/site-packages/airflow/example_dags/example_local_kubernetes_executor.py
[2022-07-02 00:31:24,831] {processor.py:651} INFO - DAG(s) dict_keys(['example_local_kubernetes_executor']) retrieved from /home/airflow/.local/lib/python3.7/site-packages/airflow/example_dags/example_local_kubernetes_executor.py
[2022-07-02 00:31:25,233] {logging_mixin.py:115} INFO - [2022-07-02 00:31:25,233] {manager.py:508} INFO - Created Permission View: can delete on DAG:example_local_kubernetes_executor
[2022-07-02 00:31:25,247] {logging_mixin.py:115} INFO - [2022-07-02 00:31:25,247] {manager.py:508} INFO - Created Permission View: can edit on DAG:example_local_kubernetes_executor
[2022-07-02 00:31:25,259] {logging_mixin.py:115} INFO - [2022-07-02 00:31:25,259] {manager.py:508} INFO - Created Permission View: can read on DAG:example_local_kubernetes_executor
[2022-07-02 00:31:25,259] {logging_mixin.py:115} INFO - [2022-07-02 00:31:25,259] {dag.py:2379} INFO - Sync 1 DAGs
[2022-07-02 00:31:25,269] {logging_mixin.py:115} INFO - [2022-07-02 00:31:25,269] {dag.py:2398} INFO - Creating ORM DAG for example_local_kubernetes_executor
[2022-07-02 00:31:25,301] {logging_mixin.py:115} INFO - [2022-07-02 00:31:25,301] {dag.py:2931} INFO - Setting next_dagrun for example_local_kubernetes_executor to None, run_after=None
[2022-07-02 00:31:25,343] {processor.py:161} INFO - Processing /home/airflow/.local/lib/python3.7/site-packages/airflow/example_dags/example_local_kubernetes_executor.py took 0.546 seconds
[2022-07-02 00:31:55,409] {processor.py:153} INFO - Started process (PID=132) to work on /home/airflow/.local/lib/python3.7/site-packages/airflow/example_dags/example_local_kubernetes_executor.py
[2022-07-02 00:31:55,410] {processor.py:641} INFO - Processing file /home/airflow/.local/lib/python3.7/site-packages/airflow/example_dags/example_local_kubernetes_executor.py for tasks to queue
[2022-07-02 00:31:55,410] {logging_mixin.py:115} INFO - [2022-07-02 00:31:55,410] {dagbag.py:507} INFO - Filling up the DagBag from /home/airflow/.local/lib/python3.7/site-packages/airflow/example_dags/example_local_kubernetes_executor.py
[2022-07-02 00:31:55,425] {processor.py:651} INFO - DAG(s) dict_keys(['example_local_kubernetes_executor']) retrieved from /home/airflow/.local/lib/python3.7/site-packages/airflow/example_dags/example_local_kubernetes_executor.py
[2022-07-02 00:31:55,448] {logging_mixin.py:115} INFO - [2022-07-02 00:31:55,448] {dag.py:2379} INFO - Sync 1 DAGs
[2022-07-02 00:31:55,575] {logging_mixin.py:115} INFO - [2022-07-02 00:31:55,575] {dag.py:2931} INFO - Setting next_dagrun for example_local_kubernetes_executor to None, run_after=None
[2022-07-02 00:31:55,583] {processor.py:161} INFO - Processing /home/airflow/.local/lib/python3.7/site-packages/airflow/example_dags/example_local_kubernetes_executor.py took 0.177 seconds
[2022-07-02 00:32:26,665] {processor.py:153} INFO - Started process (PID=184) to work on /home/airflow/.local/lib/python3.7/site-packages/airflow/example_dags/example_local_kubernetes_executor.py
[2022-07-02 00:32:26,665] {processor.py:641} INFO - Processing file /home/airflow/.local/lib/python3.7/site-packages/airflow/example_dags/example_local_kubernetes_executor.py for tasks to queue
[2022-07-02 00:32:26,666] {logging_mixin.py:115} INFO - [2022-07-02 00:32:26,666] {dagbag.py:507} INFO - Filling up the DagBag from /home/airflow/.local/lib/python3.7/site-packages/airflow/example_dags/example_local_kubernetes_executor.py
[2022-07-02 00:32:26,686] {processor.py:651} INFO - DAG(s) dict_keys(['example_local_kubernetes_executor']) retrieved from /home/airflow/.local/lib/python3.7/site-packages/airflow/example_dags/example_local_kubernetes_executor.py
[2022-07-02 00:32:26,727] {logging_mixin.py:115} INFO - [2022-07-02 00:32:26,727] {dag.py:2379} INFO - Sync 1 DAGs
[2022-07-02 00:32:26,928] {logging_mixin.py:115} INFO - [2022-07-02 00:32:26,928] {dag.py:2931} INFO - Setting next_dagrun for example_local_kubernetes_executor to None, run_after=None
[2022-07-02 00:32:26,950] {processor.py:161} INFO - Processing /home/airflow/.local/lib/python3.7/site-packages/airflow/example_dags/example_local_kubernetes_executor.py took 0.288 seconds
[2022-07-02 00:32:57,473] {processor.py:153} INFO - Started process (PID=245) to work on /home/airflow/.local/lib/python3.7/site-packages/airflow/example_dags/example_local_kubernetes_executor.py
[2022-07-02 00:32:57,474] {processor.py:641} INFO - Processing file /home/airflow/.local/lib/python3.7/site-packages/airflow/example_dags/example_local_kubernetes_executor.py for tasks to queue
[2022-07-02 00:32:57,474] {logging_mixin.py:115} INFO - [2022-07-02 00:32:57,474] {dagbag.py:507} INFO - Filling up the DagBag from /home/airflow/.local/lib/python3.7/site-packages/airflow/example_dags/example_local_kubernetes_executor.py
[2022-07-02 00:32:57,491] {processor.py:651} INFO - DAG(s) dict_keys(['example_local_kubernetes_executor']) retrieved from /home/airflow/.local/lib/python3.7/site-packages/airflow/example_dags/example_local_kubernetes_executor.py
[2022-07-02 00:32:57,516] {logging_mixin.py:115} INFO - [2022-07-02 00:32:57,516] {dag.py:2379} INFO - Sync 1 DAGs
[2022-07-02 00:32:57,673] {logging_mixin.py:115} INFO - [2022-07-02 00:32:57,673] {dag.py:2931} INFO - Setting next_dagrun for example_local_kubernetes_executor to None, run_after=None
[2022-07-02 00:32:57,685] {processor.py:161} INFO - Processing /home/airflow/.local/lib/python3.7/site-packages/airflow/example_dags/example_local_kubernetes_executor.py took 0.215 seconds
[2022-07-02 00:33:28,256] {processor.py:153} INFO - Started process (PID=306) to work on /home/airflow/.local/lib/python3.7/site-packages/airflow/example_dags/example_local_kubernetes_executor.py
[2022-07-02 00:33:28,256] {processor.py:641} INFO - Processing file /home/airflow/.local/lib/python3.7/site-packages/airflow/example_dags/example_local_kubernetes_executor.py for tasks to queue
[2022-07-02 00:33:28,257] {logging_mixin.py:115} INFO - [2022-07-02 00:33:28,257] {dagbag.py:507} INFO - Filling up the DagBag from /home/airflow/.local/lib/python3.7/site-packages/airflow/example_dags/example_local_kubernetes_executor.py
[2022-07-02 00:33:28,272] {processor.py:651} INFO - DAG(s) dict_keys(['example_local_kubernetes_executor']) retrieved from /home/airflow/.local/lib/python3.7/site-packages/airflow/example_dags/example_local_kubernetes_executor.py
[2022-07-02 00:33:28,300] {logging_mixin.py:115} INFO - [2022-07-02 00:33:28,300] {dag.py:2379} INFO - Sync 1 DAGs
[2022-07-02 00:33:28,439] {logging_mixin.py:115} INFO - [2022-07-02 00:33:28,439] {dag.py:2931} INFO - Setting next_dagrun for example_local_kubernetes_executor to None, run_after=None
[2022-07-02 00:33:28,451] {processor.py:161} INFO - Processing /home/airflow/.local/lib/python3.7/site-packages/airflow/example_dags/example_local_kubernetes_executor.py took 0.197 seconds
[2022-07-02 00:33:58,969] {processor.py:153} INFO - Started process (PID=360) to work on /home/airflow/.local/lib/python3.7/site-packages/airflow/example_dags/example_local_kubernetes_executor.py
[2022-07-02 00:33:58,969] {processor.py:641} INFO - Processing file /home/airflow/.local/lib/python3.7/site-packages/airflow/example_dags/example_local_kubernetes_executor.py for tasks to queue
[2022-07-02 00:33:58,970] {logging_mixin.py:115} INFO - [2022-07-02 00:33:58,970] {dagbag.py:507} INFO - Filling up the DagBag from /home/airflow/.local/lib/python3.7/site-packages/airflow/example_dags/example_local_kubernetes_executor.py
[2022-07-02 00:33:58,987] {processor.py:651} INFO - DAG(s) dict_keys(['example_local_kubernetes_executor']) retrieved from /home/airflow/.local/lib/python3.7/site-packages/airflow/example_dags/example_local_kubernetes_executor.py
[2022-07-02 00:33:59,014] {logging_mixin.py:115} INFO - [2022-07-02 00:33:59,013] {dag.py:2379} INFO - Sync 1 DAGs
[2022-07-02 00:33:59,171] {logging_mixin.py:115} INFO - [2022-07-02 00:33:59,171] {dag.py:2931} INFO - Setting next_dagrun for example_local_kubernetes_executor to None, run_after=None
[2022-07-02 00:33:59,182] {processor.py:161} INFO - Processing /home/airflow/.local/lib/python3.7/site-packages/airflow/example_dags/example_local_kubernetes_executor.py took 0.216 seconds
[2022-07-02 00:34:29,651] {processor.py:153} INFO - Started process (PID=421) to work on /home/airflow/.local/lib/python3.7/site-packages/airflow/example_dags/example_local_kubernetes_executor.py
[2022-07-02 00:34:29,652] {processor.py:641} INFO - Processing file /home/airflow/.local/lib/python3.7/site-packages/airflow/example_dags/example_local_kubernetes_executor.py for tasks to queue
[2022-07-02 00:34:29,652] {logging_mixin.py:115} INFO - [2022-07-02 00:34:29,652] {dagbag.py:507} INFO - Filling up the DagBag from /home/airflow/.local/lib/python3.7/site-packages/airflow/example_dags/example_local_kubernetes_executor.py
[2022-07-02 00:34:29,670] {processor.py:651} INFO - DAG(s) dict_keys(['example_local_kubernetes_executor']) retrieved from /home/airflow/.local/lib/python3.7/site-packages/airflow/example_dags/example_local_kubernetes_executor.py
[2022-07-02 00:34:29,697] {logging_mixin.py:115} INFO - [2022-07-02 00:34:29,697] {dag.py:2379} INFO - Sync 1 DAGs
[2022-07-02 00:34:29,837] {logging_mixin.py:115} INFO - [2022-07-02 00:34:29,837] {dag.py:2931} INFO - Setting next_dagrun for example_local_kubernetes_executor to None, run_after=None
[2022-07-02 00:34:29,847] {processor.py:161} INFO - Processing /home/airflow/.local/lib/python3.7/site-packages/airflow/example_dags/example_local_kubernetes_executor.py took 0.198 seconds
[2022-07-02 00:34:59,912] {processor.py:153} INFO - Started process (PID=483) to work on /home/airflow/.local/lib/python3.7/site-packages/airflow/example_dags/example_local_kubernetes_executor.py
[2022-07-02 00:34:59,912] {processor.py:641} INFO - Processing file /home/airflow/.local/lib/python3.7/site-packages/airflow/example_dags/example_local_kubernetes_executor.py for tasks to queue
[2022-07-02 00:34:59,913] {logging_mixin.py:115} INFO - [2022-07-02 00:34:59,913] {dagbag.py:507} INFO - Filling up the DagBag from /home/airflow/.local/lib/python3.7/site-packages/airflow/example_dags/example_local_kubernetes_executor.py
[2022-07-02 00:34:59,929] {processor.py:651} INFO - DAG(s) dict_keys(['example_local_kubernetes_executor']) retrieved from /home/airflow/.local/lib/python3.7/site-packages/airflow/example_dags/example_local_kubernetes_executor.py
[2022-07-02 00:34:59,952] {logging_mixin.py:115} INFO - [2022-07-02 00:34:59,952] {dag.py:2379} INFO - Sync 1 DAGs
[2022-07-02 00:35:00,097] {logging_mixin.py:115} INFO - [2022-07-02 00:35:00,097] {dag.py:2931} INFO - Setting next_dagrun for example_local_kubernetes_executor to None, run_after=None
[2022-07-02 00:35:00,108] {processor.py:161} INFO - Processing /home/airflow/.local/lib/python3.7/site-packages/airflow/example_dags/example_local_kubernetes_executor.py took 0.199 seconds
[2022-07-02 00:35:30,188] {processor.py:153} INFO - Started process (PID=536) to work on /home/airflow/.local/lib/python3.7/site-packages/airflow/example_dags/example_local_kubernetes_executor.py
[2022-07-02 00:35:30,188] {processor.py:641} INFO - Processing file /home/airflow/.local/lib/python3.7/site-packages/airflow/example_dags/example_local_kubernetes_executor.py for tasks to queue
[2022-07-02 00:35:30,189] {logging_mixin.py:115} INFO - [2022-07-02 00:35:30,189] {dagbag.py:507} INFO - Filling up the DagBag from /home/airflow/.local/lib/python3.7/site-packages/airflow/example_dags/example_local_kubernetes_executor.py
[2022-07-02 00:35:30,204] {processor.py:651} INFO - DAG(s) dict_keys(['example_local_kubernetes_executor']) retrieved from /home/airflow/.local/lib/python3.7/site-packages/airflow/example_dags/example_local_kubernetes_executor.py
[2022-07-02 00:35:30,225] {logging_mixin.py:115} INFO - [2022-07-02 00:35:30,225] {dag.py:2379} INFO - Sync 1 DAGs
[2022-07-02 00:35:30,355] {logging_mixin.py:115} INFO - [2022-07-02 00:35:30,355] {dag.py:2931} INFO - Setting next_dagrun for example_local_kubernetes_executor to None, run_after=None
[2022-07-02 00:35:30,361] {processor.py:161} INFO - Processing /home/airflow/.local/lib/python3.7/site-packages/airflow/example_dags/example_local_kubernetes_executor.py took 0.176 seconds
[2022-07-02 00:36:00,834] {processor.py:153} INFO - Started process (PID=598) to work on /home/airflow/.local/lib/python3.7/site-packages/airflow/example_dags/example_local_kubernetes_executor.py
[2022-07-02 00:36:00,834] {processor.py:641} INFO - Processing file /home/airflow/.local/lib/python3.7/site-packages/airflow/example_dags/example_local_kubernetes_executor.py for tasks to queue
[2022-07-02 00:36:00,835] {logging_mixin.py:115} INFO - [2022-07-02 00:36:00,835] {dagbag.py:507} INFO - Filling up the DagBag from /home/airflow/.local/lib/python3.7/site-packages/airflow/example_dags/example_local_kubernetes_executor.py
[2022-07-02 00:36:00,855] {processor.py:651} INFO - DAG(s) dict_keys(['example_local_kubernetes_executor']) retrieved from /home/airflow/.local/lib/python3.7/site-packages/airflow/example_dags/example_local_kubernetes_executor.py
[2022-07-02 00:36:00,900] {logging_mixin.py:115} INFO - [2022-07-02 00:36:00,899] {dag.py:2379} INFO - Sync 1 DAGs
[2022-07-02 00:36:01,064] {logging_mixin.py:115} INFO - [2022-07-02 00:36:01,064] {dag.py:2931} INFO - Setting next_dagrun for example_local_kubernetes_executor to None, run_after=None
[2022-07-02 00:36:01,075] {processor.py:161} INFO - Processing /home/airflow/.local/lib/python3.7/site-packages/airflow/example_dags/example_local_kubernetes_executor.py took 0.244 seconds
[2022-07-02 00:36:31,950] {processor.py:153} INFO - Started process (PID=660) to work on /home/airflow/.local/lib/python3.7/site-packages/airflow/example_dags/example_local_kubernetes_executor.py
[2022-07-02 00:36:31,951] {processor.py:641} INFO - Processing file /home/airflow/.local/lib/python3.7/site-packages/airflow/example_dags/example_local_kubernetes_executor.py for tasks to queue
[2022-07-02 00:36:31,951] {logging_mixin.py:115} INFO - [2022-07-02 00:36:31,951] {dagbag.py:507} INFO - Filling up the DagBag from /home/airflow/.local/lib/python3.7/site-packages/airflow/example_dags/example_local_kubernetes_executor.py
[2022-07-02 00:36:31,964] {processor.py:651} INFO - DAG(s) dict_keys(['example_local_kubernetes_executor']) retrieved from /home/airflow/.local/lib/python3.7/site-packages/airflow/example_dags/example_local_kubernetes_executor.py
[2022-07-02 00:36:32,079] {logging_mixin.py:115} INFO - [2022-07-02 00:36:32,079] {dag.py:2379} INFO - Sync 1 DAGs
[2022-07-02 00:36:32,092] {logging_mixin.py:115} INFO - [2022-07-02 00:36:32,092] {dag.py:2931} INFO - Setting next_dagrun for example_local_kubernetes_executor to None, run_after=None
[2022-07-02 00:36:32,098] {processor.py:161} INFO - Processing /home/airflow/.local/lib/python3.7/site-packages/airflow/example_dags/example_local_kubernetes_executor.py took 0.150 seconds
