[2022-07-02 00:24:30,416] {processor.py:153} INFO - Started process (PID=62) to work on /home/airflow/.local/lib/python3.7/site-packages/airflow/example_dags/example_nested_branch_dag.py
[2022-07-02 00:24:30,417] {processor.py:641} INFO - Processing file /home/airflow/.local/lib/python3.7/site-packages/airflow/example_dags/example_nested_branch_dag.py for tasks to queue
[2022-07-02 00:24:30,417] {logging_mixin.py:115} INFO - [2022-07-02 00:24:30,417] {dagbag.py:507} INFO - Filling up the DagBag from /home/airflow/.local/lib/python3.7/site-packages/airflow/example_dags/example_nested_branch_dag.py
[2022-07-02 00:24:30,431] {processor.py:651} INFO - DAG(s) dict_keys(['example_nested_branch_dag']) retrieved from /home/airflow/.local/lib/python3.7/site-packages/airflow/example_dags/example_nested_branch_dag.py
[2022-07-02 00:24:34,681] {logging_mixin.py:115} INFO - [2022-07-02 00:24:34,681] {manager.py:508} INFO - Created Permission View: can edit on DAG:example_nested_branch_dag
[2022-07-02 00:24:34,709] {logging_mixin.py:115} INFO - [2022-07-02 00:24:34,709] {manager.py:508} INFO - Created Permission View: can read on DAG:example_nested_branch_dag
[2022-07-02 00:24:34,722] {logging_mixin.py:115} INFO - [2022-07-02 00:24:34,722] {manager.py:508} INFO - Created Permission View: can delete on DAG:example_nested_branch_dag
[2022-07-02 00:24:34,722] {logging_mixin.py:115} INFO - [2022-07-02 00:24:34,722] {dag.py:2379} INFO - Sync 1 DAGs
[2022-07-02 00:24:34,747] {logging_mixin.py:115} INFO - [2022-07-02 00:24:34,746] {dag.py:2398} INFO - Creating ORM DAG for example_nested_branch_dag
[2022-07-02 00:24:34,777] {logging_mixin.py:115} INFO - [2022-07-02 00:24:34,777] {dag.py:2931} INFO - Setting next_dagrun for example_nested_branch_dag to 2022-07-01T00:00:00+00:00, run_after=2022-07-02T00:00:00+00:00
[2022-07-02 00:24:34,814] {processor.py:161} INFO - Processing /home/airflow/.local/lib/python3.7/site-packages/airflow/example_dags/example_nested_branch_dag.py took 4.401 seconds
[2022-07-02 00:25:05,028] {processor.py:153} INFO - Started process (PID=124) to work on /home/airflow/.local/lib/python3.7/site-packages/airflow/example_dags/example_nested_branch_dag.py
[2022-07-02 00:25:05,029] {processor.py:641} INFO - Processing file /home/airflow/.local/lib/python3.7/site-packages/airflow/example_dags/example_nested_branch_dag.py for tasks to queue
[2022-07-02 00:25:05,029] {logging_mixin.py:115} INFO - [2022-07-02 00:25:05,029] {dagbag.py:507} INFO - Filling up the DagBag from /home/airflow/.local/lib/python3.7/site-packages/airflow/example_dags/example_nested_branch_dag.py
[2022-07-02 00:25:05,036] {processor.py:651} INFO - DAG(s) dict_keys(['example_nested_branch_dag']) retrieved from /home/airflow/.local/lib/python3.7/site-packages/airflow/example_dags/example_nested_branch_dag.py
[2022-07-02 00:25:05,056] {logging_mixin.py:115} INFO - [2022-07-02 00:25:05,056] {dag.py:2379} INFO - Sync 1 DAGs
[2022-07-02 00:25:05,190] {logging_mixin.py:115} INFO - [2022-07-02 00:25:05,190] {dag.py:2931} INFO - Setting next_dagrun for example_nested_branch_dag to 2022-07-01T00:00:00+00:00, run_after=2022-07-02T00:00:00+00:00
[2022-07-02 00:25:05,200] {processor.py:161} INFO - Processing /home/airflow/.local/lib/python3.7/site-packages/airflow/example_dags/example_nested_branch_dag.py took 0.173 seconds
[2022-07-02 00:25:35,357] {processor.py:153} INFO - Started process (PID=176) to work on /home/airflow/.local/lib/python3.7/site-packages/airflow/example_dags/example_nested_branch_dag.py
[2022-07-02 00:25:35,357] {processor.py:641} INFO - Processing file /home/airflow/.local/lib/python3.7/site-packages/airflow/example_dags/example_nested_branch_dag.py for tasks to queue
[2022-07-02 00:25:35,358] {logging_mixin.py:115} INFO - [2022-07-02 00:25:35,358] {dagbag.py:507} INFO - Filling up the DagBag from /home/airflow/.local/lib/python3.7/site-packages/airflow/example_dags/example_nested_branch_dag.py
[2022-07-02 00:25:35,365] {processor.py:651} INFO - DAG(s) dict_keys(['example_nested_branch_dag']) retrieved from /home/airflow/.local/lib/python3.7/site-packages/airflow/example_dags/example_nested_branch_dag.py
[2022-07-02 00:25:35,390] {logging_mixin.py:115} INFO - [2022-07-02 00:25:35,390] {dag.py:2379} INFO - Sync 1 DAGs
[2022-07-02 00:25:35,525] {logging_mixin.py:115} INFO - [2022-07-02 00:25:35,524] {dag.py:2931} INFO - Setting next_dagrun for example_nested_branch_dag to 2022-07-01T00:00:00+00:00, run_after=2022-07-02T00:00:00+00:00
[2022-07-02 00:25:35,535] {processor.py:161} INFO - Processing /home/airflow/.local/lib/python3.7/site-packages/airflow/example_dags/example_nested_branch_dag.py took 0.180 seconds
[2022-07-02 00:26:06,243] {processor.py:153} INFO - Started process (PID=238) to work on /home/airflow/.local/lib/python3.7/site-packages/airflow/example_dags/example_nested_branch_dag.py
[2022-07-02 00:26:06,243] {processor.py:641} INFO - Processing file /home/airflow/.local/lib/python3.7/site-packages/airflow/example_dags/example_nested_branch_dag.py for tasks to queue
[2022-07-02 00:26:06,244] {logging_mixin.py:115} INFO - [2022-07-02 00:26:06,244] {dagbag.py:507} INFO - Filling up the DagBag from /home/airflow/.local/lib/python3.7/site-packages/airflow/example_dags/example_nested_branch_dag.py
[2022-07-02 00:26:06,255] {processor.py:651} INFO - DAG(s) dict_keys(['example_nested_branch_dag']) retrieved from /home/airflow/.local/lib/python3.7/site-packages/airflow/example_dags/example_nested_branch_dag.py
[2022-07-02 00:26:06,279] {logging_mixin.py:115} INFO - [2022-07-02 00:26:06,279] {dag.py:2379} INFO - Sync 1 DAGs
[2022-07-02 00:26:06,401] {logging_mixin.py:115} INFO - [2022-07-02 00:26:06,400] {dag.py:2931} INFO - Setting next_dagrun for example_nested_branch_dag to 2022-07-01T00:00:00+00:00, run_after=2022-07-02T00:00:00+00:00
[2022-07-02 00:26:06,415] {processor.py:161} INFO - Processing /home/airflow/.local/lib/python3.7/site-packages/airflow/example_dags/example_nested_branch_dag.py took 0.175 seconds
[2022-07-02 00:26:36,509] {processor.py:153} INFO - Started process (PID=299) to work on /home/airflow/.local/lib/python3.7/site-packages/airflow/example_dags/example_nested_branch_dag.py
[2022-07-02 00:26:36,511] {processor.py:641} INFO - Processing file /home/airflow/.local/lib/python3.7/site-packages/airflow/example_dags/example_nested_branch_dag.py for tasks to queue
[2022-07-02 00:26:36,511] {logging_mixin.py:115} INFO - [2022-07-02 00:26:36,511] {dagbag.py:507} INFO - Filling up the DagBag from /home/airflow/.local/lib/python3.7/site-packages/airflow/example_dags/example_nested_branch_dag.py
[2022-07-02 00:26:36,518] {processor.py:651} INFO - DAG(s) dict_keys(['example_nested_branch_dag']) retrieved from /home/airflow/.local/lib/python3.7/site-packages/airflow/example_dags/example_nested_branch_dag.py
[2022-07-02 00:26:36,537] {logging_mixin.py:115} INFO - [2022-07-02 00:26:36,536] {dag.py:2379} INFO - Sync 1 DAGs
[2022-07-02 00:26:36,661] {logging_mixin.py:115} INFO - [2022-07-02 00:26:36,661] {dag.py:2931} INFO - Setting next_dagrun for example_nested_branch_dag to 2022-07-01T00:00:00+00:00, run_after=2022-07-02T00:00:00+00:00
[2022-07-02 00:26:36,669] {processor.py:161} INFO - Processing /home/airflow/.local/lib/python3.7/site-packages/airflow/example_dags/example_nested_branch_dag.py took 0.162 seconds
[2022-07-02 00:27:06,911] {processor.py:153} INFO - Started process (PID=352) to work on /home/airflow/.local/lib/python3.7/site-packages/airflow/example_dags/example_nested_branch_dag.py
[2022-07-02 00:27:06,913] {processor.py:641} INFO - Processing file /home/airflow/.local/lib/python3.7/site-packages/airflow/example_dags/example_nested_branch_dag.py for tasks to queue
[2022-07-02 00:27:06,914] {logging_mixin.py:115} INFO - [2022-07-02 00:27:06,914] {dagbag.py:507} INFO - Filling up the DagBag from /home/airflow/.local/lib/python3.7/site-packages/airflow/example_dags/example_nested_branch_dag.py
[2022-07-02 00:27:06,922] {processor.py:651} INFO - DAG(s) dict_keys(['example_nested_branch_dag']) retrieved from /home/airflow/.local/lib/python3.7/site-packages/airflow/example_dags/example_nested_branch_dag.py
[2022-07-02 00:27:06,946] {logging_mixin.py:115} INFO - [2022-07-02 00:27:06,946] {dag.py:2379} INFO - Sync 1 DAGs
[2022-07-02 00:27:07,076] {logging_mixin.py:115} INFO - [2022-07-02 00:27:07,076] {dag.py:2931} INFO - Setting next_dagrun for example_nested_branch_dag to 2022-07-01T00:00:00+00:00, run_after=2022-07-02T00:00:00+00:00
[2022-07-02 00:27:07,084] {processor.py:161} INFO - Processing /home/airflow/.local/lib/python3.7/site-packages/airflow/example_dags/example_nested_branch_dag.py took 0.175 seconds
[2022-07-02 00:27:37,406] {processor.py:153} INFO - Started process (PID=415) to work on /home/airflow/.local/lib/python3.7/site-packages/airflow/example_dags/example_nested_branch_dag.py
[2022-07-02 00:27:37,406] {processor.py:641} INFO - Processing file /home/airflow/.local/lib/python3.7/site-packages/airflow/example_dags/example_nested_branch_dag.py for tasks to queue
[2022-07-02 00:27:37,406] {logging_mixin.py:115} INFO - [2022-07-02 00:27:37,406] {dagbag.py:507} INFO - Filling up the DagBag from /home/airflow/.local/lib/python3.7/site-packages/airflow/example_dags/example_nested_branch_dag.py
[2022-07-02 00:27:37,413] {processor.py:651} INFO - DAG(s) dict_keys(['example_nested_branch_dag']) retrieved from /home/airflow/.local/lib/python3.7/site-packages/airflow/example_dags/example_nested_branch_dag.py
[2022-07-02 00:27:37,434] {logging_mixin.py:115} INFO - [2022-07-02 00:27:37,434] {dag.py:2379} INFO - Sync 1 DAGs
[2022-07-02 00:27:37,555] {logging_mixin.py:115} INFO - [2022-07-02 00:27:37,555] {dag.py:2931} INFO - Setting next_dagrun for example_nested_branch_dag to 2022-07-01T00:00:00+00:00, run_after=2022-07-02T00:00:00+00:00
[2022-07-02 00:27:37,569] {processor.py:161} INFO - Processing /home/airflow/.local/lib/python3.7/site-packages/airflow/example_dags/example_nested_branch_dag.py took 0.165 seconds
[2022-07-02 00:28:07,649] {processor.py:153} INFO - Started process (PID=477) to work on /home/airflow/.local/lib/python3.7/site-packages/airflow/example_dags/example_nested_branch_dag.py
[2022-07-02 00:28:07,652] {processor.py:641} INFO - Processing file /home/airflow/.local/lib/python3.7/site-packages/airflow/example_dags/example_nested_branch_dag.py for tasks to queue
[2022-07-02 00:28:07,652] {logging_mixin.py:115} INFO - [2022-07-02 00:28:07,652] {dagbag.py:507} INFO - Filling up the DagBag from /home/airflow/.local/lib/python3.7/site-packages/airflow/example_dags/example_nested_branch_dag.py
[2022-07-02 00:28:07,658] {processor.py:651} INFO - DAG(s) dict_keys(['example_nested_branch_dag']) retrieved from /home/airflow/.local/lib/python3.7/site-packages/airflow/example_dags/example_nested_branch_dag.py
[2022-07-02 00:28:07,678] {logging_mixin.py:115} INFO - [2022-07-02 00:28:07,678] {dag.py:2379} INFO - Sync 1 DAGs
[2022-07-02 00:28:07,804] {logging_mixin.py:115} INFO - [2022-07-02 00:28:07,804] {dag.py:2931} INFO - Setting next_dagrun for example_nested_branch_dag to 2022-07-01T00:00:00+00:00, run_after=2022-07-02T00:00:00+00:00
[2022-07-02 00:28:07,811] {processor.py:161} INFO - Processing /home/airflow/.local/lib/python3.7/site-packages/airflow/example_dags/example_nested_branch_dag.py took 0.164 seconds
[2022-07-02 00:28:38,567] {processor.py:153} INFO - Started process (PID=529) to work on /home/airflow/.local/lib/python3.7/site-packages/airflow/example_dags/example_nested_branch_dag.py
[2022-07-02 00:28:38,569] {processor.py:641} INFO - Processing file /home/airflow/.local/lib/python3.7/site-packages/airflow/example_dags/example_nested_branch_dag.py for tasks to queue
[2022-07-02 00:28:38,570] {logging_mixin.py:115} INFO - [2022-07-02 00:28:38,569] {dagbag.py:507} INFO - Filling up the DagBag from /home/airflow/.local/lib/python3.7/site-packages/airflow/example_dags/example_nested_branch_dag.py
[2022-07-02 00:28:38,576] {processor.py:651} INFO - DAG(s) dict_keys(['example_nested_branch_dag']) retrieved from /home/airflow/.local/lib/python3.7/site-packages/airflow/example_dags/example_nested_branch_dag.py
[2022-07-02 00:28:38,598] {logging_mixin.py:115} INFO - [2022-07-02 00:28:38,598] {dag.py:2379} INFO - Sync 1 DAGs
[2022-07-02 00:28:38,726] {logging_mixin.py:115} INFO - [2022-07-02 00:28:38,725] {dag.py:2931} INFO - Setting next_dagrun for example_nested_branch_dag to 2022-07-01T00:00:00+00:00, run_after=2022-07-02T00:00:00+00:00
[2022-07-02 00:28:38,739] {processor.py:161} INFO - Processing /home/airflow/.local/lib/python3.7/site-packages/airflow/example_dags/example_nested_branch_dag.py took 0.174 seconds
[2022-07-02 00:29:08,802] {processor.py:153} INFO - Started process (PID=590) to work on /home/airflow/.local/lib/python3.7/site-packages/airflow/example_dags/example_nested_branch_dag.py
[2022-07-02 00:29:08,809] {processor.py:641} INFO - Processing file /home/airflow/.local/lib/python3.7/site-packages/airflow/example_dags/example_nested_branch_dag.py for tasks to queue
[2022-07-02 00:29:08,809] {logging_mixin.py:115} INFO - [2022-07-02 00:29:08,809] {dagbag.py:507} INFO - Filling up the DagBag from /home/airflow/.local/lib/python3.7/site-packages/airflow/example_dags/example_nested_branch_dag.py
[2022-07-02 00:29:08,817] {processor.py:651} INFO - DAG(s) dict_keys(['example_nested_branch_dag']) retrieved from /home/airflow/.local/lib/python3.7/site-packages/airflow/example_dags/example_nested_branch_dag.py
[2022-07-02 00:29:08,843] {logging_mixin.py:115} INFO - [2022-07-02 00:29:08,843] {dag.py:2379} INFO - Sync 1 DAGs
[2022-07-02 00:29:08,992] {logging_mixin.py:115} INFO - [2022-07-02 00:29:08,992] {dag.py:2931} INFO - Setting next_dagrun for example_nested_branch_dag to 2022-07-01T00:00:00+00:00, run_after=2022-07-02T00:00:00+00:00
[2022-07-02 00:29:09,006] {processor.py:161} INFO - Processing /home/airflow/.local/lib/python3.7/site-packages/airflow/example_dags/example_nested_branch_dag.py took 0.206 seconds
[2022-07-02 00:29:39,465] {processor.py:153} INFO - Started process (PID=652) to work on /home/airflow/.local/lib/python3.7/site-packages/airflow/example_dags/example_nested_branch_dag.py
[2022-07-02 00:29:39,465] {processor.py:641} INFO - Processing file /home/airflow/.local/lib/python3.7/site-packages/airflow/example_dags/example_nested_branch_dag.py for tasks to queue
[2022-07-02 00:29:39,465] {logging_mixin.py:115} INFO - [2022-07-02 00:29:39,465] {dagbag.py:507} INFO - Filling up the DagBag from /home/airflow/.local/lib/python3.7/site-packages/airflow/example_dags/example_nested_branch_dag.py
[2022-07-02 00:29:39,473] {processor.py:651} INFO - DAG(s) dict_keys(['example_nested_branch_dag']) retrieved from /home/airflow/.local/lib/python3.7/site-packages/airflow/example_dags/example_nested_branch_dag.py
[2022-07-02 00:29:39,501] {logging_mixin.py:115} INFO - [2022-07-02 00:29:39,501] {dag.py:2379} INFO - Sync 1 DAGs
[2022-07-02 00:29:39,641] {logging_mixin.py:115} INFO - [2022-07-02 00:29:39,641] {dag.py:2931} INFO - Setting next_dagrun for example_nested_branch_dag to 2022-07-01T00:00:00+00:00, run_after=2022-07-02T00:00:00+00:00
[2022-07-02 00:29:39,649] {processor.py:161} INFO - Processing /home/airflow/.local/lib/python3.7/site-packages/airflow/example_dags/example_nested_branch_dag.py took 0.186 seconds
[2022-07-02 00:31:23,497] {processor.py:153} INFO - Started process (PID=67) to work on /home/airflow/.local/lib/python3.7/site-packages/airflow/example_dags/example_nested_branch_dag.py
[2022-07-02 00:31:23,497] {processor.py:641} INFO - Processing file /home/airflow/.local/lib/python3.7/site-packages/airflow/example_dags/example_nested_branch_dag.py for tasks to queue
[2022-07-02 00:31:23,498] {logging_mixin.py:115} INFO - [2022-07-02 00:31:23,498] {dagbag.py:507} INFO - Filling up the DagBag from /home/airflow/.local/lib/python3.7/site-packages/airflow/example_dags/example_nested_branch_dag.py
[2022-07-02 00:31:23,507] {processor.py:651} INFO - DAG(s) dict_keys(['example_nested_branch_dag']) retrieved from /home/airflow/.local/lib/python3.7/site-packages/airflow/example_dags/example_nested_branch_dag.py
[2022-07-02 00:31:23,783] {logging_mixin.py:115} INFO - [2022-07-02 00:31:23,783] {manager.py:508} INFO - Created Permission View: can delete on DAG:example_nested_branch_dag
[2022-07-02 00:31:23,809] {logging_mixin.py:115} INFO - [2022-07-02 00:31:23,809] {manager.py:508} INFO - Created Permission View: can edit on DAG:example_nested_branch_dag
[2022-07-02 00:31:23,820] {logging_mixin.py:115} INFO - [2022-07-02 00:31:23,819] {manager.py:508} INFO - Created Permission View: can read on DAG:example_nested_branch_dag
[2022-07-02 00:31:23,820] {logging_mixin.py:115} INFO - [2022-07-02 00:31:23,820] {dag.py:2379} INFO - Sync 1 DAGs
[2022-07-02 00:31:23,845] {logging_mixin.py:115} INFO - [2022-07-02 00:31:23,845] {dag.py:2398} INFO - Creating ORM DAG for example_nested_branch_dag
[2022-07-02 00:31:23,876] {logging_mixin.py:115} INFO - [2022-07-02 00:31:23,876] {dag.py:2931} INFO - Setting next_dagrun for example_nested_branch_dag to 2022-07-01T00:00:00+00:00, run_after=2022-07-02T00:00:00+00:00
[2022-07-02 00:31:23,900] {processor.py:161} INFO - Processing /home/airflow/.local/lib/python3.7/site-packages/airflow/example_dags/example_nested_branch_dag.py took 0.405 seconds
[2022-07-02 00:31:54,881] {processor.py:153} INFO - Started process (PID=128) to work on /home/airflow/.local/lib/python3.7/site-packages/airflow/example_dags/example_nested_branch_dag.py
[2022-07-02 00:31:54,882] {processor.py:641} INFO - Processing file /home/airflow/.local/lib/python3.7/site-packages/airflow/example_dags/example_nested_branch_dag.py for tasks to queue
[2022-07-02 00:31:54,882] {logging_mixin.py:115} INFO - [2022-07-02 00:31:54,882] {dagbag.py:507} INFO - Filling up the DagBag from /home/airflow/.local/lib/python3.7/site-packages/airflow/example_dags/example_nested_branch_dag.py
[2022-07-02 00:31:54,893] {processor.py:651} INFO - DAG(s) dict_keys(['example_nested_branch_dag']) retrieved from /home/airflow/.local/lib/python3.7/site-packages/airflow/example_dags/example_nested_branch_dag.py
[2022-07-02 00:31:54,924] {logging_mixin.py:115} INFO - [2022-07-02 00:31:54,924] {dag.py:2379} INFO - Sync 1 DAGs
[2022-07-02 00:31:55,103] {logging_mixin.py:115} INFO - [2022-07-02 00:31:55,102] {dag.py:2931} INFO - Setting next_dagrun for example_nested_branch_dag to 2022-07-01T00:00:00+00:00, run_after=2022-07-02T00:00:00+00:00
[2022-07-02 00:31:55,113] {processor.py:161} INFO - Processing /home/airflow/.local/lib/python3.7/site-packages/airflow/example_dags/example_nested_branch_dag.py took 0.234 seconds
[2022-07-02 00:32:26,079] {processor.py:153} INFO - Started process (PID=180) to work on /home/airflow/.local/lib/python3.7/site-packages/airflow/example_dags/example_nested_branch_dag.py
[2022-07-02 00:32:26,080] {processor.py:641} INFO - Processing file /home/airflow/.local/lib/python3.7/site-packages/airflow/example_dags/example_nested_branch_dag.py for tasks to queue
[2022-07-02 00:32:26,080] {logging_mixin.py:115} INFO - [2022-07-02 00:32:26,080] {dagbag.py:507} INFO - Filling up the DagBag from /home/airflow/.local/lib/python3.7/site-packages/airflow/example_dags/example_nested_branch_dag.py
[2022-07-02 00:32:26,091] {processor.py:651} INFO - DAG(s) dict_keys(['example_nested_branch_dag']) retrieved from /home/airflow/.local/lib/python3.7/site-packages/airflow/example_dags/example_nested_branch_dag.py
[2022-07-02 00:32:26,122] {logging_mixin.py:115} INFO - [2022-07-02 00:32:26,122] {dag.py:2379} INFO - Sync 1 DAGs
[2022-07-02 00:32:26,299] {logging_mixin.py:115} INFO - [2022-07-02 00:32:26,298] {dag.py:2931} INFO - Setting next_dagrun for example_nested_branch_dag to 2022-07-01T00:00:00+00:00, run_after=2022-07-02T00:00:00+00:00
[2022-07-02 00:32:26,310] {processor.py:161} INFO - Processing /home/airflow/.local/lib/python3.7/site-packages/airflow/example_dags/example_nested_branch_dag.py took 0.234 seconds
[2022-07-02 00:32:56,942] {processor.py:153} INFO - Started process (PID=241) to work on /home/airflow/.local/lib/python3.7/site-packages/airflow/example_dags/example_nested_branch_dag.py
[2022-07-02 00:32:56,942] {processor.py:641} INFO - Processing file /home/airflow/.local/lib/python3.7/site-packages/airflow/example_dags/example_nested_branch_dag.py for tasks to queue
[2022-07-02 00:32:56,942] {logging_mixin.py:115} INFO - [2022-07-02 00:32:56,942] {dagbag.py:507} INFO - Filling up the DagBag from /home/airflow/.local/lib/python3.7/site-packages/airflow/example_dags/example_nested_branch_dag.py
[2022-07-02 00:32:56,952] {processor.py:651} INFO - DAG(s) dict_keys(['example_nested_branch_dag']) retrieved from /home/airflow/.local/lib/python3.7/site-packages/airflow/example_dags/example_nested_branch_dag.py
[2022-07-02 00:32:56,976] {logging_mixin.py:115} INFO - [2022-07-02 00:32:56,976] {dag.py:2379} INFO - Sync 1 DAGs
[2022-07-02 00:32:57,145] {logging_mixin.py:115} INFO - [2022-07-02 00:32:57,144] {dag.py:2931} INFO - Setting next_dagrun for example_nested_branch_dag to 2022-07-01T00:00:00+00:00, run_after=2022-07-02T00:00:00+00:00
[2022-07-02 00:32:57,154] {processor.py:161} INFO - Processing /home/airflow/.local/lib/python3.7/site-packages/airflow/example_dags/example_nested_branch_dag.py took 0.215 seconds
[2022-07-02 00:33:27,808] {processor.py:153} INFO - Started process (PID=302) to work on /home/airflow/.local/lib/python3.7/site-packages/airflow/example_dags/example_nested_branch_dag.py
[2022-07-02 00:33:27,809] {processor.py:641} INFO - Processing file /home/airflow/.local/lib/python3.7/site-packages/airflow/example_dags/example_nested_branch_dag.py for tasks to queue
[2022-07-02 00:33:27,809] {logging_mixin.py:115} INFO - [2022-07-02 00:33:27,809] {dagbag.py:507} INFO - Filling up the DagBag from /home/airflow/.local/lib/python3.7/site-packages/airflow/example_dags/example_nested_branch_dag.py
[2022-07-02 00:33:27,819] {processor.py:651} INFO - DAG(s) dict_keys(['example_nested_branch_dag']) retrieved from /home/airflow/.local/lib/python3.7/site-packages/airflow/example_dags/example_nested_branch_dag.py
[2022-07-02 00:33:27,847] {logging_mixin.py:115} INFO - [2022-07-02 00:33:27,847] {dag.py:2379} INFO - Sync 1 DAGs
[2022-07-02 00:33:27,978] {logging_mixin.py:115} INFO - [2022-07-02 00:33:27,978] {dag.py:2931} INFO - Setting next_dagrun for example_nested_branch_dag to 2022-07-01T00:00:00+00:00, run_after=2022-07-02T00:00:00+00:00
[2022-07-02 00:33:27,987] {processor.py:161} INFO - Processing /home/airflow/.local/lib/python3.7/site-packages/airflow/example_dags/example_nested_branch_dag.py took 0.181 seconds
[2022-07-02 00:33:58,391] {processor.py:153} INFO - Started process (PID=356) to work on /home/airflow/.local/lib/python3.7/site-packages/airflow/example_dags/example_nested_branch_dag.py
[2022-07-02 00:33:58,392] {processor.py:641} INFO - Processing file /home/airflow/.local/lib/python3.7/site-packages/airflow/example_dags/example_nested_branch_dag.py for tasks to queue
[2022-07-02 00:33:58,392] {logging_mixin.py:115} INFO - [2022-07-02 00:33:58,392] {dagbag.py:507} INFO - Filling up the DagBag from /home/airflow/.local/lib/python3.7/site-packages/airflow/example_dags/example_nested_branch_dag.py
[2022-07-02 00:33:58,401] {processor.py:651} INFO - DAG(s) dict_keys(['example_nested_branch_dag']) retrieved from /home/airflow/.local/lib/python3.7/site-packages/airflow/example_dags/example_nested_branch_dag.py
[2022-07-02 00:33:58,424] {logging_mixin.py:115} INFO - [2022-07-02 00:33:58,424] {dag.py:2379} INFO - Sync 1 DAGs
[2022-07-02 00:33:58,594] {logging_mixin.py:115} INFO - [2022-07-02 00:33:58,594] {dag.py:2931} INFO - Setting next_dagrun for example_nested_branch_dag to 2022-07-01T00:00:00+00:00, run_after=2022-07-02T00:00:00+00:00
[2022-07-02 00:33:58,605] {processor.py:161} INFO - Processing /home/airflow/.local/lib/python3.7/site-packages/airflow/example_dags/example_nested_branch_dag.py took 0.216 seconds
[2022-07-02 00:34:29,130] {processor.py:153} INFO - Started process (PID=417) to work on /home/airflow/.local/lib/python3.7/site-packages/airflow/example_dags/example_nested_branch_dag.py
[2022-07-02 00:34:29,131] {processor.py:641} INFO - Processing file /home/airflow/.local/lib/python3.7/site-packages/airflow/example_dags/example_nested_branch_dag.py for tasks to queue
[2022-07-02 00:34:29,131] {logging_mixin.py:115} INFO - [2022-07-02 00:34:29,131] {dagbag.py:507} INFO - Filling up the DagBag from /home/airflow/.local/lib/python3.7/site-packages/airflow/example_dags/example_nested_branch_dag.py
[2022-07-02 00:34:29,139] {processor.py:651} INFO - DAG(s) dict_keys(['example_nested_branch_dag']) retrieved from /home/airflow/.local/lib/python3.7/site-packages/airflow/example_dags/example_nested_branch_dag.py
[2022-07-02 00:34:29,165] {logging_mixin.py:115} INFO - [2022-07-02 00:34:29,165] {dag.py:2379} INFO - Sync 1 DAGs
[2022-07-02 00:34:29,333] {logging_mixin.py:115} INFO - [2022-07-02 00:34:29,333] {dag.py:2931} INFO - Setting next_dagrun for example_nested_branch_dag to 2022-07-01T00:00:00+00:00, run_after=2022-07-02T00:00:00+00:00
[2022-07-02 00:34:29,342] {processor.py:161} INFO - Processing /home/airflow/.local/lib/python3.7/site-packages/airflow/example_dags/example_nested_branch_dag.py took 0.214 seconds
[2022-07-02 00:34:59,447] {processor.py:153} INFO - Started process (PID=479) to work on /home/airflow/.local/lib/python3.7/site-packages/airflow/example_dags/example_nested_branch_dag.py
[2022-07-02 00:34:59,448] {processor.py:641} INFO - Processing file /home/airflow/.local/lib/python3.7/site-packages/airflow/example_dags/example_nested_branch_dag.py for tasks to queue
[2022-07-02 00:34:59,448] {logging_mixin.py:115} INFO - [2022-07-02 00:34:59,448] {dagbag.py:507} INFO - Filling up the DagBag from /home/airflow/.local/lib/python3.7/site-packages/airflow/example_dags/example_nested_branch_dag.py
[2022-07-02 00:34:59,456] {processor.py:651} INFO - DAG(s) dict_keys(['example_nested_branch_dag']) retrieved from /home/airflow/.local/lib/python3.7/site-packages/airflow/example_dags/example_nested_branch_dag.py
[2022-07-02 00:34:59,478] {logging_mixin.py:115} INFO - [2022-07-02 00:34:59,478] {dag.py:2379} INFO - Sync 1 DAGs
[2022-07-02 00:34:59,606] {logging_mixin.py:115} INFO - [2022-07-02 00:34:59,606] {dag.py:2931} INFO - Setting next_dagrun for example_nested_branch_dag to 2022-07-01T00:00:00+00:00, run_after=2022-07-02T00:00:00+00:00
[2022-07-02 00:34:59,615] {processor.py:161} INFO - Processing /home/airflow/.local/lib/python3.7/site-packages/airflow/example_dags/example_nested_branch_dag.py took 0.170 seconds
[2022-07-02 00:35:29,753] {processor.py:153} INFO - Started process (PID=532) to work on /home/airflow/.local/lib/python3.7/site-packages/airflow/example_dags/example_nested_branch_dag.py
[2022-07-02 00:35:29,753] {processor.py:641} INFO - Processing file /home/airflow/.local/lib/python3.7/site-packages/airflow/example_dags/example_nested_branch_dag.py for tasks to queue
[2022-07-02 00:35:29,754] {logging_mixin.py:115} INFO - [2022-07-02 00:35:29,754] {dagbag.py:507} INFO - Filling up the DagBag from /home/airflow/.local/lib/python3.7/site-packages/airflow/example_dags/example_nested_branch_dag.py
[2022-07-02 00:35:29,761] {processor.py:651} INFO - DAG(s) dict_keys(['example_nested_branch_dag']) retrieved from /home/airflow/.local/lib/python3.7/site-packages/airflow/example_dags/example_nested_branch_dag.py
[2022-07-02 00:35:29,789] {logging_mixin.py:115} INFO - [2022-07-02 00:35:29,788] {dag.py:2379} INFO - Sync 1 DAGs
[2022-07-02 00:35:29,921] {logging_mixin.py:115} INFO - [2022-07-02 00:35:29,921] {dag.py:2931} INFO - Setting next_dagrun for example_nested_branch_dag to 2022-07-01T00:00:00+00:00, run_after=2022-07-02T00:00:00+00:00
[2022-07-02 00:35:29,929] {processor.py:161} INFO - Processing /home/airflow/.local/lib/python3.7/site-packages/airflow/example_dags/example_nested_branch_dag.py took 0.178 seconds
[2022-07-02 00:36:00,159] {processor.py:153} INFO - Started process (PID=594) to work on /home/airflow/.local/lib/python3.7/site-packages/airflow/example_dags/example_nested_branch_dag.py
[2022-07-02 00:36:00,160] {processor.py:641} INFO - Processing file /home/airflow/.local/lib/python3.7/site-packages/airflow/example_dags/example_nested_branch_dag.py for tasks to queue
[2022-07-02 00:36:00,160] {logging_mixin.py:115} INFO - [2022-07-02 00:36:00,160] {dagbag.py:507} INFO - Filling up the DagBag from /home/airflow/.local/lib/python3.7/site-packages/airflow/example_dags/example_nested_branch_dag.py
[2022-07-02 00:36:00,167] {processor.py:651} INFO - DAG(s) dict_keys(['example_nested_branch_dag']) retrieved from /home/airflow/.local/lib/python3.7/site-packages/airflow/example_dags/example_nested_branch_dag.py
[2022-07-02 00:36:00,192] {logging_mixin.py:115} INFO - [2022-07-02 00:36:00,192] {dag.py:2379} INFO - Sync 1 DAGs
[2022-07-02 00:36:00,428] {logging_mixin.py:115} INFO - [2022-07-02 00:36:00,428] {dag.py:2931} INFO - Setting next_dagrun for example_nested_branch_dag to 2022-07-01T00:00:00+00:00, run_after=2022-07-02T00:00:00+00:00
[2022-07-02 00:36:00,454] {processor.py:161} INFO - Processing /home/airflow/.local/lib/python3.7/site-packages/airflow/example_dags/example_nested_branch_dag.py took 0.297 seconds
[2022-07-02 00:36:30,537] {processor.py:153} INFO - Started process (PID=656) to work on /home/airflow/.local/lib/python3.7/site-packages/airflow/example_dags/example_nested_branch_dag.py
[2022-07-02 00:36:30,537] {processor.py:641} INFO - Processing file /home/airflow/.local/lib/python3.7/site-packages/airflow/example_dags/example_nested_branch_dag.py for tasks to queue
[2022-07-02 00:36:30,537] {logging_mixin.py:115} INFO - [2022-07-02 00:36:30,537] {dagbag.py:507} INFO - Filling up the DagBag from /home/airflow/.local/lib/python3.7/site-packages/airflow/example_dags/example_nested_branch_dag.py
[2022-07-02 00:36:30,544] {processor.py:651} INFO - DAG(s) dict_keys(['example_nested_branch_dag']) retrieved from /home/airflow/.local/lib/python3.7/site-packages/airflow/example_dags/example_nested_branch_dag.py
[2022-07-02 00:36:30,567] {logging_mixin.py:115} INFO - [2022-07-02 00:36:30,567] {dag.py:2379} INFO - Sync 1 DAGs
[2022-07-02 00:36:30,695] {logging_mixin.py:115} INFO - [2022-07-02 00:36:30,695] {dag.py:2931} INFO - Setting next_dagrun for example_nested_branch_dag to 2022-07-01T00:00:00+00:00, run_after=2022-07-02T00:00:00+00:00
[2022-07-02 00:36:30,703] {processor.py:161} INFO - Processing /home/airflow/.local/lib/python3.7/site-packages/airflow/example_dags/example_nested_branch_dag.py took 0.169 seconds
