[2022-07-02 00:24:38,379] {processor.py:153} INFO - Started process (PID=76) to work on /home/airflow/.local/lib/python3.7/site-packages/airflow/example_dags/tutorial_taskflow_api_etl.py
[2022-07-02 00:24:38,380] {processor.py:641} INFO - Processing file /home/airflow/.local/lib/python3.7/site-packages/airflow/example_dags/tutorial_taskflow_api_etl.py for tasks to queue
[2022-07-02 00:24:38,380] {logging_mixin.py:115} INFO - [2022-07-02 00:24:38,380] {dagbag.py:507} INFO - Filling up the DagBag from /home/airflow/.local/lib/python3.7/site-packages/airflow/example_dags/tutorial_taskflow_api_etl.py
[2022-07-02 00:24:38,401] {processor.py:651} INFO - DAG(s) dict_keys(['tutorial_taskflow_api_etl']) retrieved from /home/airflow/.local/lib/python3.7/site-packages/airflow/example_dags/tutorial_taskflow_api_etl.py
[2022-07-02 00:24:38,615] {logging_mixin.py:115} INFO - [2022-07-02 00:24:38,615] {manager.py:508} INFO - Created Permission View: can edit on DAG:tutorial_taskflow_api_etl
[2022-07-02 00:24:38,625] {logging_mixin.py:115} INFO - [2022-07-02 00:24:38,625] {manager.py:508} INFO - Created Permission View: can read on DAG:tutorial_taskflow_api_etl
[2022-07-02 00:24:38,633] {logging_mixin.py:115} INFO - [2022-07-02 00:24:38,633] {manager.py:508} INFO - Created Permission View: can delete on DAG:tutorial_taskflow_api_etl
[2022-07-02 00:24:38,633] {logging_mixin.py:115} INFO - [2022-07-02 00:24:38,633] {dag.py:2379} INFO - Sync 1 DAGs
[2022-07-02 00:24:38,642] {logging_mixin.py:115} INFO - [2022-07-02 00:24:38,641] {dag.py:2398} INFO - Creating ORM DAG for tutorial_taskflow_api_etl
[2022-07-02 00:24:38,654] {logging_mixin.py:115} INFO - [2022-07-02 00:24:38,653] {dag.py:2931} INFO - Setting next_dagrun for tutorial_taskflow_api_etl to None, run_after=None
[2022-07-02 00:24:38,671] {processor.py:161} INFO - Processing /home/airflow/.local/lib/python3.7/site-packages/airflow/example_dags/tutorial_taskflow_api_etl.py took 0.295 seconds
[2022-07-02 00:25:08,708] {processor.py:153} INFO - Started process (PID=138) to work on /home/airflow/.local/lib/python3.7/site-packages/airflow/example_dags/tutorial_taskflow_api_etl.py
[2022-07-02 00:25:08,709] {processor.py:641} INFO - Processing file /home/airflow/.local/lib/python3.7/site-packages/airflow/example_dags/tutorial_taskflow_api_etl.py for tasks to queue
[2022-07-02 00:25:08,710] {logging_mixin.py:115} INFO - [2022-07-02 00:25:08,710] {dagbag.py:507} INFO - Filling up the DagBag from /home/airflow/.local/lib/python3.7/site-packages/airflow/example_dags/tutorial_taskflow_api_etl.py
[2022-07-02 00:25:08,729] {processor.py:651} INFO - DAG(s) dict_keys(['tutorial_taskflow_api_etl']) retrieved from /home/airflow/.local/lib/python3.7/site-packages/airflow/example_dags/tutorial_taskflow_api_etl.py
[2022-07-02 00:25:08,905] {logging_mixin.py:115} INFO - [2022-07-02 00:25:08,905] {dag.py:2379} INFO - Sync 1 DAGs
[2022-07-02 00:25:08,923] {logging_mixin.py:115} INFO - [2022-07-02 00:25:08,923] {dag.py:2931} INFO - Setting next_dagrun for tutorial_taskflow_api_etl to None, run_after=None
[2022-07-02 00:25:08,935] {processor.py:161} INFO - Processing /home/airflow/.local/lib/python3.7/site-packages/airflow/example_dags/tutorial_taskflow_api_etl.py took 0.231 seconds
[2022-07-02 00:25:39,020] {processor.py:153} INFO - Started process (PID=200) to work on /home/airflow/.local/lib/python3.7/site-packages/airflow/example_dags/tutorial_taskflow_api_etl.py
[2022-07-02 00:25:39,021] {processor.py:641} INFO - Processing file /home/airflow/.local/lib/python3.7/site-packages/airflow/example_dags/tutorial_taskflow_api_etl.py for tasks to queue
[2022-07-02 00:25:39,021] {logging_mixin.py:115} INFO - [2022-07-02 00:25:39,021] {dagbag.py:507} INFO - Filling up the DagBag from /home/airflow/.local/lib/python3.7/site-packages/airflow/example_dags/tutorial_taskflow_api_etl.py
[2022-07-02 00:25:39,043] {processor.py:651} INFO - DAG(s) dict_keys(['tutorial_taskflow_api_etl']) retrieved from /home/airflow/.local/lib/python3.7/site-packages/airflow/example_dags/tutorial_taskflow_api_etl.py
[2022-07-02 00:25:39,279] {logging_mixin.py:115} INFO - [2022-07-02 00:25:39,279] {dag.py:2379} INFO - Sync 1 DAGs
[2022-07-02 00:25:39,306] {logging_mixin.py:115} INFO - [2022-07-02 00:25:39,305] {dag.py:2931} INFO - Setting next_dagrun for tutorial_taskflow_api_etl to None, run_after=None
[2022-07-02 00:25:39,320] {processor.py:161} INFO - Processing /home/airflow/.local/lib/python3.7/site-packages/airflow/example_dags/tutorial_taskflow_api_etl.py took 0.302 seconds
[2022-07-02 00:26:09,677] {processor.py:153} INFO - Started process (PID=252) to work on /home/airflow/.local/lib/python3.7/site-packages/airflow/example_dags/tutorial_taskflow_api_etl.py
[2022-07-02 00:26:09,678] {processor.py:641} INFO - Processing file /home/airflow/.local/lib/python3.7/site-packages/airflow/example_dags/tutorial_taskflow_api_etl.py for tasks to queue
[2022-07-02 00:26:09,678] {logging_mixin.py:115} INFO - [2022-07-02 00:26:09,678] {dagbag.py:507} INFO - Filling up the DagBag from /home/airflow/.local/lib/python3.7/site-packages/airflow/example_dags/tutorial_taskflow_api_etl.py
[2022-07-02 00:26:09,691] {processor.py:651} INFO - DAG(s) dict_keys(['tutorial_taskflow_api_etl']) retrieved from /home/airflow/.local/lib/python3.7/site-packages/airflow/example_dags/tutorial_taskflow_api_etl.py
[2022-07-02 00:26:09,835] {logging_mixin.py:115} INFO - [2022-07-02 00:26:09,835] {dag.py:2379} INFO - Sync 1 DAGs
[2022-07-02 00:26:09,850] {logging_mixin.py:115} INFO - [2022-07-02 00:26:09,850] {dag.py:2931} INFO - Setting next_dagrun for tutorial_taskflow_api_etl to None, run_after=None
[2022-07-02 00:26:09,868] {processor.py:161} INFO - Processing /home/airflow/.local/lib/python3.7/site-packages/airflow/example_dags/tutorial_taskflow_api_etl.py took 0.193 seconds
[2022-07-02 00:26:39,916] {processor.py:153} INFO - Started process (PID=313) to work on /home/airflow/.local/lib/python3.7/site-packages/airflow/example_dags/tutorial_taskflow_api_etl.py
[2022-07-02 00:26:39,917] {processor.py:641} INFO - Processing file /home/airflow/.local/lib/python3.7/site-packages/airflow/example_dags/tutorial_taskflow_api_etl.py for tasks to queue
[2022-07-02 00:26:39,917] {logging_mixin.py:115} INFO - [2022-07-02 00:26:39,917] {dagbag.py:507} INFO - Filling up the DagBag from /home/airflow/.local/lib/python3.7/site-packages/airflow/example_dags/tutorial_taskflow_api_etl.py
[2022-07-02 00:26:39,929] {processor.py:651} INFO - DAG(s) dict_keys(['tutorial_taskflow_api_etl']) retrieved from /home/airflow/.local/lib/python3.7/site-packages/airflow/example_dags/tutorial_taskflow_api_etl.py
[2022-07-02 00:26:40,069] {logging_mixin.py:115} INFO - [2022-07-02 00:26:40,069] {dag.py:2379} INFO - Sync 1 DAGs
[2022-07-02 00:26:40,083] {logging_mixin.py:115} INFO - [2022-07-02 00:26:40,083] {dag.py:2931} INFO - Setting next_dagrun for tutorial_taskflow_api_etl to None, run_after=None
[2022-07-02 00:26:40,091] {processor.py:161} INFO - Processing /home/airflow/.local/lib/python3.7/site-packages/airflow/example_dags/tutorial_taskflow_api_etl.py took 0.178 seconds
[2022-07-02 00:27:10,604] {processor.py:153} INFO - Started process (PID=376) to work on /home/airflow/.local/lib/python3.7/site-packages/airflow/example_dags/tutorial_taskflow_api_etl.py
[2022-07-02 00:27:10,604] {processor.py:641} INFO - Processing file /home/airflow/.local/lib/python3.7/site-packages/airflow/example_dags/tutorial_taskflow_api_etl.py for tasks to queue
[2022-07-02 00:27:10,605] {logging_mixin.py:115} INFO - [2022-07-02 00:27:10,605] {dagbag.py:507} INFO - Filling up the DagBag from /home/airflow/.local/lib/python3.7/site-packages/airflow/example_dags/tutorial_taskflow_api_etl.py
[2022-07-02 00:27:10,616] {processor.py:651} INFO - DAG(s) dict_keys(['tutorial_taskflow_api_etl']) retrieved from /home/airflow/.local/lib/python3.7/site-packages/airflow/example_dags/tutorial_taskflow_api_etl.py
[2022-07-02 00:27:10,754] {logging_mixin.py:115} INFO - [2022-07-02 00:27:10,753] {dag.py:2379} INFO - Sync 1 DAGs
[2022-07-02 00:27:10,768] {logging_mixin.py:115} INFO - [2022-07-02 00:27:10,768] {dag.py:2931} INFO - Setting next_dagrun for tutorial_taskflow_api_etl to None, run_after=None
[2022-07-02 00:27:10,783] {processor.py:161} INFO - Processing /home/airflow/.local/lib/python3.7/site-packages/airflow/example_dags/tutorial_taskflow_api_etl.py took 0.181 seconds
[2022-07-02 00:27:40,850] {processor.py:153} INFO - Started process (PID=429) to work on /home/airflow/.local/lib/python3.7/site-packages/airflow/example_dags/tutorial_taskflow_api_etl.py
[2022-07-02 00:27:40,850] {processor.py:641} INFO - Processing file /home/airflow/.local/lib/python3.7/site-packages/airflow/example_dags/tutorial_taskflow_api_etl.py for tasks to queue
[2022-07-02 00:27:40,850] {logging_mixin.py:115} INFO - [2022-07-02 00:27:40,850] {dagbag.py:507} INFO - Filling up the DagBag from /home/airflow/.local/lib/python3.7/site-packages/airflow/example_dags/tutorial_taskflow_api_etl.py
[2022-07-02 00:27:40,865] {processor.py:651} INFO - DAG(s) dict_keys(['tutorial_taskflow_api_etl']) retrieved from /home/airflow/.local/lib/python3.7/site-packages/airflow/example_dags/tutorial_taskflow_api_etl.py
[2022-07-02 00:27:41,006] {logging_mixin.py:115} INFO - [2022-07-02 00:27:41,005] {dag.py:2379} INFO - Sync 1 DAGs
[2022-07-02 00:27:41,019] {logging_mixin.py:115} INFO - [2022-07-02 00:27:41,019] {dag.py:2931} INFO - Setting next_dagrun for tutorial_taskflow_api_etl to None, run_after=None
[2022-07-02 00:27:41,033] {processor.py:161} INFO - Processing /home/airflow/.local/lib/python3.7/site-packages/airflow/example_dags/tutorial_taskflow_api_etl.py took 0.186 seconds
[2022-07-02 00:28:11,716] {processor.py:153} INFO - Started process (PID=491) to work on /home/airflow/.local/lib/python3.7/site-packages/airflow/example_dags/tutorial_taskflow_api_etl.py
[2022-07-02 00:28:11,717] {processor.py:641} INFO - Processing file /home/airflow/.local/lib/python3.7/site-packages/airflow/example_dags/tutorial_taskflow_api_etl.py for tasks to queue
[2022-07-02 00:28:11,717] {logging_mixin.py:115} INFO - [2022-07-02 00:28:11,717] {dagbag.py:507} INFO - Filling up the DagBag from /home/airflow/.local/lib/python3.7/site-packages/airflow/example_dags/tutorial_taskflow_api_etl.py
[2022-07-02 00:28:11,732] {processor.py:651} INFO - DAG(s) dict_keys(['tutorial_taskflow_api_etl']) retrieved from /home/airflow/.local/lib/python3.7/site-packages/airflow/example_dags/tutorial_taskflow_api_etl.py
[2022-07-02 00:28:11,876] {logging_mixin.py:115} INFO - [2022-07-02 00:28:11,876] {dag.py:2379} INFO - Sync 1 DAGs
[2022-07-02 00:28:11,890] {logging_mixin.py:115} INFO - [2022-07-02 00:28:11,890] {dag.py:2931} INFO - Setting next_dagrun for tutorial_taskflow_api_etl to None, run_after=None
[2022-07-02 00:28:11,899] {processor.py:161} INFO - Processing /home/airflow/.local/lib/python3.7/site-packages/airflow/example_dags/tutorial_taskflow_api_etl.py took 0.185 seconds
[2022-07-02 00:28:42,104] {processor.py:153} INFO - Started process (PID=553) to work on /home/airflow/.local/lib/python3.7/site-packages/airflow/example_dags/tutorial_taskflow_api_etl.py
[2022-07-02 00:28:42,104] {processor.py:641} INFO - Processing file /home/airflow/.local/lib/python3.7/site-packages/airflow/example_dags/tutorial_taskflow_api_etl.py for tasks to queue
[2022-07-02 00:28:42,104] {logging_mixin.py:115} INFO - [2022-07-02 00:28:42,104] {dagbag.py:507} INFO - Filling up the DagBag from /home/airflow/.local/lib/python3.7/site-packages/airflow/example_dags/tutorial_taskflow_api_etl.py
[2022-07-02 00:28:42,118] {processor.py:651} INFO - DAG(s) dict_keys(['tutorial_taskflow_api_etl']) retrieved from /home/airflow/.local/lib/python3.7/site-packages/airflow/example_dags/tutorial_taskflow_api_etl.py
[2022-07-02 00:28:42,141] {logging_mixin.py:115} INFO - [2022-07-02 00:28:42,141] {dag.py:2379} INFO - Sync 1 DAGs
[2022-07-02 00:28:42,252] {logging_mixin.py:115} INFO - [2022-07-02 00:28:42,252] {dag.py:2931} INFO - Setting next_dagrun for tutorial_taskflow_api_etl to None, run_after=None
[2022-07-02 00:28:42,264] {processor.py:161} INFO - Processing /home/airflow/.local/lib/python3.7/site-packages/airflow/example_dags/tutorial_taskflow_api_etl.py took 0.163 seconds
[2022-07-02 00:29:12,510] {processor.py:153} INFO - Started process (PID=605) to work on /home/airflow/.local/lib/python3.7/site-packages/airflow/example_dags/tutorial_taskflow_api_etl.py
[2022-07-02 00:29:12,511] {processor.py:641} INFO - Processing file /home/airflow/.local/lib/python3.7/site-packages/airflow/example_dags/tutorial_taskflow_api_etl.py for tasks to queue
[2022-07-02 00:29:12,511] {logging_mixin.py:115} INFO - [2022-07-02 00:29:12,511] {dagbag.py:507} INFO - Filling up the DagBag from /home/airflow/.local/lib/python3.7/site-packages/airflow/example_dags/tutorial_taskflow_api_etl.py
[2022-07-02 00:29:12,524] {processor.py:651} INFO - DAG(s) dict_keys(['tutorial_taskflow_api_etl']) retrieved from /home/airflow/.local/lib/python3.7/site-packages/airflow/example_dags/tutorial_taskflow_api_etl.py
[2022-07-02 00:29:12,694] {logging_mixin.py:115} INFO - [2022-07-02 00:29:12,694] {dag.py:2379} INFO - Sync 1 DAGs
[2022-07-02 00:29:12,712] {logging_mixin.py:115} INFO - [2022-07-02 00:29:12,712] {dag.py:2931} INFO - Setting next_dagrun for tutorial_taskflow_api_etl to None, run_after=None
[2022-07-02 00:29:12,721] {processor.py:161} INFO - Processing /home/airflow/.local/lib/python3.7/site-packages/airflow/example_dags/tutorial_taskflow_api_etl.py took 0.213 seconds
[2022-07-02 00:29:42,858] {processor.py:153} INFO - Started process (PID=666) to work on /home/airflow/.local/lib/python3.7/site-packages/airflow/example_dags/tutorial_taskflow_api_etl.py
[2022-07-02 00:29:42,859] {processor.py:641} INFO - Processing file /home/airflow/.local/lib/python3.7/site-packages/airflow/example_dags/tutorial_taskflow_api_etl.py for tasks to queue
[2022-07-02 00:29:42,859] {logging_mixin.py:115} INFO - [2022-07-02 00:29:42,859] {dagbag.py:507} INFO - Filling up the DagBag from /home/airflow/.local/lib/python3.7/site-packages/airflow/example_dags/tutorial_taskflow_api_etl.py
[2022-07-02 00:29:42,872] {processor.py:651} INFO - DAG(s) dict_keys(['tutorial_taskflow_api_etl']) retrieved from /home/airflow/.local/lib/python3.7/site-packages/airflow/example_dags/tutorial_taskflow_api_etl.py
[2022-07-02 00:29:43,031] {logging_mixin.py:115} INFO - [2022-07-02 00:29:43,031] {dag.py:2379} INFO - Sync 1 DAGs
[2022-07-02 00:29:43,045] {logging_mixin.py:115} INFO - [2022-07-02 00:29:43,045] {dag.py:2931} INFO - Setting next_dagrun for tutorial_taskflow_api_etl to None, run_after=None
[2022-07-02 00:29:43,054] {processor.py:161} INFO - Processing /home/airflow/.local/lib/python3.7/site-packages/airflow/example_dags/tutorial_taskflow_api_etl.py took 0.198 seconds
[2022-07-02 00:31:27,451] {processor.py:153} INFO - Started process (PID=81) to work on /home/airflow/.local/lib/python3.7/site-packages/airflow/example_dags/tutorial_taskflow_api_etl.py
[2022-07-02 00:31:27,452] {processor.py:641} INFO - Processing file /home/airflow/.local/lib/python3.7/site-packages/airflow/example_dags/tutorial_taskflow_api_etl.py for tasks to queue
[2022-07-02 00:31:27,453] {logging_mixin.py:115} INFO - [2022-07-02 00:31:27,453] {dagbag.py:507} INFO - Filling up the DagBag from /home/airflow/.local/lib/python3.7/site-packages/airflow/example_dags/tutorial_taskflow_api_etl.py
[2022-07-02 00:31:27,480] {processor.py:651} INFO - DAG(s) dict_keys(['tutorial_taskflow_api_etl']) retrieved from /home/airflow/.local/lib/python3.7/site-packages/airflow/example_dags/tutorial_taskflow_api_etl.py
[2022-07-02 00:31:27,767] {logging_mixin.py:115} INFO - [2022-07-02 00:31:27,767] {manager.py:508} INFO - Created Permission View: can delete on DAG:tutorial_taskflow_api_etl
[2022-07-02 00:31:27,784] {logging_mixin.py:115} INFO - [2022-07-02 00:31:27,784] {manager.py:508} INFO - Created Permission View: can edit on DAG:tutorial_taskflow_api_etl
[2022-07-02 00:31:27,792] {logging_mixin.py:115} INFO - [2022-07-02 00:31:27,792] {manager.py:508} INFO - Created Permission View: can read on DAG:tutorial_taskflow_api_etl
[2022-07-02 00:31:27,792] {logging_mixin.py:115} INFO - [2022-07-02 00:31:27,792] {dag.py:2379} INFO - Sync 1 DAGs
[2022-07-02 00:31:27,802] {logging_mixin.py:115} INFO - [2022-07-02 00:31:27,802] {dag.py:2398} INFO - Creating ORM DAG for tutorial_taskflow_api_etl
[2022-07-02 00:31:27,822] {logging_mixin.py:115} INFO - [2022-07-02 00:31:27,822] {dag.py:2931} INFO - Setting next_dagrun for tutorial_taskflow_api_etl to None, run_after=None
[2022-07-02 00:31:27,843] {processor.py:161} INFO - Processing /home/airflow/.local/lib/python3.7/site-packages/airflow/example_dags/tutorial_taskflow_api_etl.py took 0.396 seconds
[2022-07-02 00:31:58,718] {processor.py:153} INFO - Started process (PID=142) to work on /home/airflow/.local/lib/python3.7/site-packages/airflow/example_dags/tutorial_taskflow_api_etl.py
[2022-07-02 00:31:58,718] {processor.py:641} INFO - Processing file /home/airflow/.local/lib/python3.7/site-packages/airflow/example_dags/tutorial_taskflow_api_etl.py for tasks to queue
[2022-07-02 00:31:58,718] {logging_mixin.py:115} INFO - [2022-07-02 00:31:58,718] {dagbag.py:507} INFO - Filling up the DagBag from /home/airflow/.local/lib/python3.7/site-packages/airflow/example_dags/tutorial_taskflow_api_etl.py
[2022-07-02 00:31:58,731] {processor.py:651} INFO - DAG(s) dict_keys(['tutorial_taskflow_api_etl']) retrieved from /home/airflow/.local/lib/python3.7/site-packages/airflow/example_dags/tutorial_taskflow_api_etl.py
[2022-07-02 00:31:58,949] {logging_mixin.py:115} INFO - [2022-07-02 00:31:58,949] {dag.py:2379} INFO - Sync 1 DAGs
[2022-07-02 00:31:58,976] {logging_mixin.py:115} INFO - [2022-07-02 00:31:58,976] {dag.py:2931} INFO - Setting next_dagrun for tutorial_taskflow_api_etl to None, run_after=None
[2022-07-02 00:31:58,992] {processor.py:161} INFO - Processing /home/airflow/.local/lib/python3.7/site-packages/airflow/example_dags/tutorial_taskflow_api_etl.py took 0.276 seconds
[2022-07-02 00:32:29,193] {processor.py:153} INFO - Started process (PID=203) to work on /home/airflow/.local/lib/python3.7/site-packages/airflow/example_dags/tutorial_taskflow_api_etl.py
[2022-07-02 00:32:29,193] {processor.py:641} INFO - Processing file /home/airflow/.local/lib/python3.7/site-packages/airflow/example_dags/tutorial_taskflow_api_etl.py for tasks to queue
[2022-07-02 00:32:29,194] {logging_mixin.py:115} INFO - [2022-07-02 00:32:29,194] {dagbag.py:507} INFO - Filling up the DagBag from /home/airflow/.local/lib/python3.7/site-packages/airflow/example_dags/tutorial_taskflow_api_etl.py
[2022-07-02 00:32:29,207] {processor.py:651} INFO - DAG(s) dict_keys(['tutorial_taskflow_api_etl']) retrieved from /home/airflow/.local/lib/python3.7/site-packages/airflow/example_dags/tutorial_taskflow_api_etl.py
[2022-07-02 00:32:29,366] {logging_mixin.py:115} INFO - [2022-07-02 00:32:29,366] {dag.py:2379} INFO - Sync 1 DAGs
[2022-07-02 00:32:29,385] {logging_mixin.py:115} INFO - [2022-07-02 00:32:29,385] {dag.py:2931} INFO - Setting next_dagrun for tutorial_taskflow_api_etl to None, run_after=None
[2022-07-02 00:32:29,399] {processor.py:161} INFO - Processing /home/airflow/.local/lib/python3.7/site-packages/airflow/example_dags/tutorial_taskflow_api_etl.py took 0.208 seconds
[2022-07-02 00:32:59,516] {processor.py:153} INFO - Started process (PID=255) to work on /home/airflow/.local/lib/python3.7/site-packages/airflow/example_dags/tutorial_taskflow_api_etl.py
[2022-07-02 00:32:59,519] {processor.py:641} INFO - Processing file /home/airflow/.local/lib/python3.7/site-packages/airflow/example_dags/tutorial_taskflow_api_etl.py for tasks to queue
[2022-07-02 00:32:59,519] {logging_mixin.py:115} INFO - [2022-07-02 00:32:59,519] {dagbag.py:507} INFO - Filling up the DagBag from /home/airflow/.local/lib/python3.7/site-packages/airflow/example_dags/tutorial_taskflow_api_etl.py
[2022-07-02 00:32:59,531] {processor.py:651} INFO - DAG(s) dict_keys(['tutorial_taskflow_api_etl']) retrieved from /home/airflow/.local/lib/python3.7/site-packages/airflow/example_dags/tutorial_taskflow_api_etl.py
[2022-07-02 00:32:59,709] {logging_mixin.py:115} INFO - [2022-07-02 00:32:59,709] {dag.py:2379} INFO - Sync 1 DAGs
[2022-07-02 00:32:59,727] {logging_mixin.py:115} INFO - [2022-07-02 00:32:59,726] {dag.py:2931} INFO - Setting next_dagrun for tutorial_taskflow_api_etl to None, run_after=None
[2022-07-02 00:32:59,737] {processor.py:161} INFO - Processing /home/airflow/.local/lib/python3.7/site-packages/airflow/example_dags/tutorial_taskflow_api_etl.py took 0.224 seconds
[2022-07-02 00:33:30,388] {processor.py:153} INFO - Started process (PID=316) to work on /home/airflow/.local/lib/python3.7/site-packages/airflow/example_dags/tutorial_taskflow_api_etl.py
[2022-07-02 00:33:30,389] {processor.py:641} INFO - Processing file /home/airflow/.local/lib/python3.7/site-packages/airflow/example_dags/tutorial_taskflow_api_etl.py for tasks to queue
[2022-07-02 00:33:30,389] {logging_mixin.py:115} INFO - [2022-07-02 00:33:30,389] {dagbag.py:507} INFO - Filling up the DagBag from /home/airflow/.local/lib/python3.7/site-packages/airflow/example_dags/tutorial_taskflow_api_etl.py
[2022-07-02 00:33:30,401] {processor.py:651} INFO - DAG(s) dict_keys(['tutorial_taskflow_api_etl']) retrieved from /home/airflow/.local/lib/python3.7/site-packages/airflow/example_dags/tutorial_taskflow_api_etl.py
[2022-07-02 00:33:30,569] {logging_mixin.py:115} INFO - [2022-07-02 00:33:30,569] {dag.py:2379} INFO - Sync 1 DAGs
[2022-07-02 00:33:30,590] {logging_mixin.py:115} INFO - [2022-07-02 00:33:30,589] {dag.py:2931} INFO - Setting next_dagrun for tutorial_taskflow_api_etl to None, run_after=None
[2022-07-02 00:33:30,603] {processor.py:161} INFO - Processing /home/airflow/.local/lib/python3.7/site-packages/airflow/example_dags/tutorial_taskflow_api_etl.py took 0.216 seconds
[2022-07-02 00:34:01,027] {processor.py:153} INFO - Started process (PID=379) to work on /home/airflow/.local/lib/python3.7/site-packages/airflow/example_dags/tutorial_taskflow_api_etl.py
[2022-07-02 00:34:01,027] {processor.py:641} INFO - Processing file /home/airflow/.local/lib/python3.7/site-packages/airflow/example_dags/tutorial_taskflow_api_etl.py for tasks to queue
[2022-07-02 00:34:01,028] {logging_mixin.py:115} INFO - [2022-07-02 00:34:01,028] {dagbag.py:507} INFO - Filling up the DagBag from /home/airflow/.local/lib/python3.7/site-packages/airflow/example_dags/tutorial_taskflow_api_etl.py
[2022-07-02 00:34:01,053] {processor.py:651} INFO - DAG(s) dict_keys(['tutorial_taskflow_api_etl']) retrieved from /home/airflow/.local/lib/python3.7/site-packages/airflow/example_dags/tutorial_taskflow_api_etl.py
[2022-07-02 00:34:01,260] {logging_mixin.py:115} INFO - [2022-07-02 00:34:01,260] {dag.py:2379} INFO - Sync 1 DAGs
[2022-07-02 00:34:01,281] {logging_mixin.py:115} INFO - [2022-07-02 00:34:01,281] {dag.py:2931} INFO - Setting next_dagrun for tutorial_taskflow_api_etl to None, run_after=None
[2022-07-02 00:34:01,292] {processor.py:161} INFO - Processing /home/airflow/.local/lib/python3.7/site-packages/airflow/example_dags/tutorial_taskflow_api_etl.py took 0.268 seconds
[2022-07-02 00:34:31,715] {processor.py:153} INFO - Started process (PID=431) to work on /home/airflow/.local/lib/python3.7/site-packages/airflow/example_dags/tutorial_taskflow_api_etl.py
[2022-07-02 00:34:31,715] {processor.py:641} INFO - Processing file /home/airflow/.local/lib/python3.7/site-packages/airflow/example_dags/tutorial_taskflow_api_etl.py for tasks to queue
[2022-07-02 00:34:31,716] {logging_mixin.py:115} INFO - [2022-07-02 00:34:31,716] {dagbag.py:507} INFO - Filling up the DagBag from /home/airflow/.local/lib/python3.7/site-packages/airflow/example_dags/tutorial_taskflow_api_etl.py
[2022-07-02 00:34:31,735] {processor.py:651} INFO - DAG(s) dict_keys(['tutorial_taskflow_api_etl']) retrieved from /home/airflow/.local/lib/python3.7/site-packages/airflow/example_dags/tutorial_taskflow_api_etl.py
[2022-07-02 00:34:31,994] {logging_mixin.py:115} INFO - [2022-07-02 00:34:31,993] {dag.py:2379} INFO - Sync 1 DAGs
[2022-07-02 00:34:32,015] {logging_mixin.py:115} INFO - [2022-07-02 00:34:32,015] {dag.py:2931} INFO - Setting next_dagrun for tutorial_taskflow_api_etl to None, run_after=None
[2022-07-02 00:34:32,026] {processor.py:161} INFO - Processing /home/airflow/.local/lib/python3.7/site-packages/airflow/example_dags/tutorial_taskflow_api_etl.py took 0.316 seconds
[2022-07-02 00:35:02,160] {processor.py:153} INFO - Started process (PID=493) to work on /home/airflow/.local/lib/python3.7/site-packages/airflow/example_dags/tutorial_taskflow_api_etl.py
[2022-07-02 00:35:02,161] {processor.py:641} INFO - Processing file /home/airflow/.local/lib/python3.7/site-packages/airflow/example_dags/tutorial_taskflow_api_etl.py for tasks to queue
[2022-07-02 00:35:02,161] {logging_mixin.py:115} INFO - [2022-07-02 00:35:02,161] {dagbag.py:507} INFO - Filling up the DagBag from /home/airflow/.local/lib/python3.7/site-packages/airflow/example_dags/tutorial_taskflow_api_etl.py
[2022-07-02 00:35:02,182] {processor.py:651} INFO - DAG(s) dict_keys(['tutorial_taskflow_api_etl']) retrieved from /home/airflow/.local/lib/python3.7/site-packages/airflow/example_dags/tutorial_taskflow_api_etl.py
[2022-07-02 00:35:02,375] {logging_mixin.py:115} INFO - [2022-07-02 00:35:02,375] {dag.py:2379} INFO - Sync 1 DAGs
[2022-07-02 00:35:02,399] {logging_mixin.py:115} INFO - [2022-07-02 00:35:02,399] {dag.py:2931} INFO - Setting next_dagrun for tutorial_taskflow_api_etl to None, run_after=None
[2022-07-02 00:35:02,412] {processor.py:161} INFO - Processing /home/airflow/.local/lib/python3.7/site-packages/airflow/example_dags/tutorial_taskflow_api_etl.py took 0.256 seconds
[2022-07-02 00:35:32,492] {processor.py:153} INFO - Started process (PID=556) to work on /home/airflow/.local/lib/python3.7/site-packages/airflow/example_dags/tutorial_taskflow_api_etl.py
[2022-07-02 00:35:32,493] {processor.py:641} INFO - Processing file /home/airflow/.local/lib/python3.7/site-packages/airflow/example_dags/tutorial_taskflow_api_etl.py for tasks to queue
[2022-07-02 00:35:32,493] {logging_mixin.py:115} INFO - [2022-07-02 00:35:32,493] {dagbag.py:507} INFO - Filling up the DagBag from /home/airflow/.local/lib/python3.7/site-packages/airflow/example_dags/tutorial_taskflow_api_etl.py
[2022-07-02 00:35:32,507] {processor.py:651} INFO - DAG(s) dict_keys(['tutorial_taskflow_api_etl']) retrieved from /home/airflow/.local/lib/python3.7/site-packages/airflow/example_dags/tutorial_taskflow_api_etl.py
[2022-07-02 00:35:32,680] {logging_mixin.py:115} INFO - [2022-07-02 00:35:32,680] {dag.py:2379} INFO - Sync 1 DAGs
[2022-07-02 00:35:32,696] {logging_mixin.py:115} INFO - [2022-07-02 00:35:32,696] {dag.py:2931} INFO - Setting next_dagrun for tutorial_taskflow_api_etl to None, run_after=None
[2022-07-02 00:35:32,706] {processor.py:161} INFO - Processing /home/airflow/.local/lib/python3.7/site-packages/airflow/example_dags/tutorial_taskflow_api_etl.py took 0.216 seconds
[2022-07-02 00:36:03,178] {processor.py:153} INFO - Started process (PID=608) to work on /home/airflow/.local/lib/python3.7/site-packages/airflow/example_dags/tutorial_taskflow_api_etl.py
[2022-07-02 00:36:03,178] {processor.py:641} INFO - Processing file /home/airflow/.local/lib/python3.7/site-packages/airflow/example_dags/tutorial_taskflow_api_etl.py for tasks to queue
[2022-07-02 00:36:03,179] {logging_mixin.py:115} INFO - [2022-07-02 00:36:03,179] {dagbag.py:507} INFO - Filling up the DagBag from /home/airflow/.local/lib/python3.7/site-packages/airflow/example_dags/tutorial_taskflow_api_etl.py
[2022-07-02 00:36:03,190] {processor.py:651} INFO - DAG(s) dict_keys(['tutorial_taskflow_api_etl']) retrieved from /home/airflow/.local/lib/python3.7/site-packages/airflow/example_dags/tutorial_taskflow_api_etl.py
[2022-07-02 00:36:03,353] {logging_mixin.py:115} INFO - [2022-07-02 00:36:03,353] {dag.py:2379} INFO - Sync 1 DAGs
[2022-07-02 00:36:03,372] {logging_mixin.py:115} INFO - [2022-07-02 00:36:03,372] {dag.py:2931} INFO - Setting next_dagrun for tutorial_taskflow_api_etl to None, run_after=None
[2022-07-02 00:36:03,385] {processor.py:161} INFO - Processing /home/airflow/.local/lib/python3.7/site-packages/airflow/example_dags/tutorial_taskflow_api_etl.py took 0.209 seconds
[2022-07-02 00:36:33,923] {processor.py:153} INFO - Started process (PID=670) to work on /home/airflow/.local/lib/python3.7/site-packages/airflow/example_dags/tutorial_taskflow_api_etl.py
[2022-07-02 00:36:33,924] {processor.py:641} INFO - Processing file /home/airflow/.local/lib/python3.7/site-packages/airflow/example_dags/tutorial_taskflow_api_etl.py for tasks to queue
[2022-07-02 00:36:33,924] {logging_mixin.py:115} INFO - [2022-07-02 00:36:33,924] {dagbag.py:507} INFO - Filling up the DagBag from /home/airflow/.local/lib/python3.7/site-packages/airflow/example_dags/tutorial_taskflow_api_etl.py
[2022-07-02 00:36:33,938] {processor.py:651} INFO - DAG(s) dict_keys(['tutorial_taskflow_api_etl']) retrieved from /home/airflow/.local/lib/python3.7/site-packages/airflow/example_dags/tutorial_taskflow_api_etl.py
[2022-07-02 00:36:34,106] {logging_mixin.py:115} INFO - [2022-07-02 00:36:34,106] {dag.py:2379} INFO - Sync 1 DAGs
[2022-07-02 00:36:34,124] {logging_mixin.py:115} INFO - [2022-07-02 00:36:34,124] {dag.py:2931} INFO - Setting next_dagrun for tutorial_taskflow_api_etl to None, run_after=None
[2022-07-02 00:36:34,134] {processor.py:161} INFO - Processing /home/airflow/.local/lib/python3.7/site-packages/airflow/example_dags/tutorial_taskflow_api_etl.py took 0.213 seconds
